[2024-06-21T04:19:41.717+0000] {local_task_job_runner.py:120} INFO - ::group::Pre task execution logs
[2024-06-21T04:19:41.740+0000] {taskinstance.py:2076} INFO - Dependencies all met for dep_context=non-requeueable deps ti=<TaskInstance: gic_main_dag.extract manual__2024-06-21T04:19:08+00:00 [queued]>
[2024-06-21T04:19:41.747+0000] {taskinstance.py:2076} INFO - Dependencies all met for dep_context=requeueable deps ti=<TaskInstance: gic_main_dag.extract manual__2024-06-21T04:19:08+00:00 [queued]>
[2024-06-21T04:19:41.749+0000] {taskinstance.py:2306} INFO - Starting attempt 1 of 2
[2024-06-21T04:19:41.764+0000] {taskinstance.py:2330} INFO - Executing <Task(PythonOperator): extract> on 2024-06-21 04:19:08+00:00
[2024-06-21T04:19:41.775+0000] {warnings.py:112} WARNING - /home/***/.local/lib/python3.12/site-packages/***/task/task_runner/standard_task_runner.py:61: DeprecationWarning: This process (pid=2428) is multi-threaded, use of fork() may lead to deadlocks in the child.
  pid = os.fork()

[2024-06-21T04:19:41.777+0000] {standard_task_runner.py:63} INFO - Started process 2430 to run task
[2024-06-21T04:19:41.777+0000] {standard_task_runner.py:90} INFO - Running: ['***', 'tasks', 'run', 'gic_main_dag', 'extract', 'manual__2024-06-21T04:19:08+00:00', '--job-id', '241', '--raw', '--subdir', 'DAGS_FOLDER/main_dag.py', '--cfg-path', '/tmp/tmph2nd_xwa']
[2024-06-21T04:19:41.778+0000] {standard_task_runner.py:91} INFO - Job 241: Subtask extract
[2024-06-21T04:19:41.848+0000] {task_command.py:426} INFO - Running <TaskInstance: gic_main_dag.extract manual__2024-06-21T04:19:08+00:00 [running]> on host 39e4faefdcb7
[2024-06-21T04:19:41.997+0000] {taskinstance.py:2648} INFO - Exporting env vars: AIRFLOW_CTX_DAG_EMAIL='***@example.com' AIRFLOW_CTX_DAG_OWNER='***' AIRFLOW_CTX_DAG_ID='gic_main_dag' AIRFLOW_CTX_TASK_ID='extract' AIRFLOW_CTX_EXECUTION_DATE='2024-06-21T04:19:08+00:00' AIRFLOW_CTX_TRY_NUMBER='1' AIRFLOW_CTX_DAG_RUN_ID='manual__2024-06-21T04:19:08+00:00'
[2024-06-21T04:19:41.999+0000] {taskinstance.py:430} INFO - ::endgroup::
[2024-06-21T04:19:42.062+0000] {python.py:237} INFO - Done. Returned value was:                                 filename  ...              hash_uid
0     Applebead.28-02-2023 breakdown.csv  ...   8363018748096921824
1     Applebead.30-04-2023 breakdown.csv  ...    778551391926858032
2     Applebead.30-06-2023 breakdown.csv  ...   6794176884163095058
3     Applebead.30-09-2022 breakdown.csv  ...  11347815050209344023
4     Applebead.30-11-2022 breakdown.csv  ...  14605245493828364291
..                                   ...  ...                   ...
125  Virtous.08-31-2023 - securities.csv  ...  13739796628488468316
126  Virtous.09-30-2022 - securities.csv  ...  16717642000525526957
127  Virtous.10-31-2022 - securities.csv  ...   1990322731901914742
128  Virtous.11-30-2022 - securities.csv  ...   3873085572472593307
129  Virtous.12-31-2022 - securities.csv  ...  11291542779353045022

[130 rows x 7 columns]
[2024-06-21T04:19:42.094+0000] {taskinstance.py:441} INFO - ::group::Post task execution logs
[2024-06-21T04:19:42.194+0000] {taskinstance.py:1206} INFO - Marking task as SUCCESS. dag_id=gic_main_dag, task_id=extract, run_id=manual__2024-06-21T04:19:08+00:00, execution_date=20240621T041908, start_date=20240621T041941, end_date=20240621T041942
[2024-06-21T04:19:42.232+0000] {local_task_job_runner.py:240} INFO - Task exited with return code 0
[2024-06-21T04:19:42.260+0000] {taskinstance.py:3503} INFO - 1 downstream tasks scheduled from follow-on schedule check
[2024-06-21T04:19:42.262+0000] {local_task_job_runner.py:222} INFO - ::endgroup::
