[2024-06-21T06:21:26.963+0000] {local_task_job_runner.py:120} INFO - ::group::Pre task execution logs
[2024-06-21T06:21:27.018+0000] {taskinstance.py:2076} INFO - Dependencies all met for dep_context=non-requeueable deps ti=<TaskInstance: gic_main_dag.initialise_external_data_table manual__2024-06-21T06:21:07+00:00 [queued]>
[2024-06-21T06:21:27.031+0000] {taskinstance.py:2076} INFO - Dependencies all met for dep_context=requeueable deps ti=<TaskInstance: gic_main_dag.initialise_external_data_table manual__2024-06-21T06:21:07+00:00 [queued]>
[2024-06-21T06:21:27.033+0000] {taskinstance.py:2306} INFO - Starting attempt 1 of 2
[2024-06-21T06:21:27.053+0000] {taskinstance.py:2330} INFO - Executing <Task(SQLExecuteQueryOperator): initialise_external_data_table> on 2024-06-21 06:21:07+00:00
[2024-06-21T06:21:27.069+0000] {warnings.py:112} WARNING - /home/***/.local/lib/python3.12/site-packages/***/task/task_runner/standard_task_runner.py:61: DeprecationWarning: This process (pid=3906) is multi-threaded, use of fork() may lead to deadlocks in the child.
  pid = os.fork()

[2024-06-21T06:21:27.071+0000] {standard_task_runner.py:63} INFO - Started process 3908 to run task
[2024-06-21T06:21:27.071+0000] {standard_task_runner.py:90} INFO - Running: ['***', 'tasks', 'run', 'gic_main_dag', 'initialise_external_data_table', 'manual__2024-06-21T06:21:07+00:00', '--job-id', '245', '--raw', '--subdir', 'DAGS_FOLDER/main_dag.py', '--cfg-path', '/tmp/tmp7jylhb5q']
[2024-06-21T06:21:27.072+0000] {standard_task_runner.py:91} INFO - Job 245: Subtask initialise_external_data_table
[2024-06-21T06:21:27.123+0000] {task_command.py:426} INFO - Running <TaskInstance: gic_main_dag.initialise_external_data_table manual__2024-06-21T06:21:07+00:00 [running]> on host 39e4faefdcb7
[2024-06-21T06:21:27.221+0000] {taskinstance.py:2648} INFO - Exporting env vars: AIRFLOW_CTX_DAG_EMAIL='***@example.com' AIRFLOW_CTX_DAG_OWNER='***' AIRFLOW_CTX_DAG_ID='gic_main_dag' AIRFLOW_CTX_TASK_ID='initialise_external_data_table' AIRFLOW_CTX_EXECUTION_DATE='2024-06-21T06:21:07+00:00' AIRFLOW_CTX_TRY_NUMBER='1' AIRFLOW_CTX_DAG_RUN_ID='manual__2024-06-21T06:21:07+00:00'
[2024-06-21T06:21:27.222+0000] {taskinstance.py:430} INFO - ::endgroup::
[2024-06-21T06:21:27.223+0000] {sql.py:276} INFO - Executing: BEGIN TRANSACTION;

-- external table ddl --
DROP TABLE IF EXISTS "raw_external_fund"; --for purposes of this assessment only
CREATE TABLE IF NOT EXISTS "raw_external_fund" (
	"financial_type"	TEXT,
	"symbol"	TEXT,
	"security_name"	TEXT,
	"sedol"	TEXT,
	"price"	REAL,
    "quantity"	REAL,
	"realised_pl"	REAL,
    "market_value"	REAL,
	"fund_name"	TEXT,
	"date"	TEXT,
	"hash_uid"	TEXT,
    "isin" TEXT
);

-- ref table create by changing date format --
-- bond_reference table--
DROP TABLE IF EXISTS "ref_bond_reference";--for purposes of this assessment only
CREATE TABLE IF NOT EXISTS "ref_bond_reference" (
	"security_name"	TEXT,
	"isin"	TEXT,
	"sedol"	TEXT,
	"country"	TEXT,
	"coupon"	REAL,
    "maturity_date"	TEXT,
	"coupon_frequency"	TEXT,
	"sector"	TEXT,
	"currency"	TEXT
);
INSERT INTO "ref_bond_reference" (
select 
	b."SECURITY NAME" security_name,
	b."ISIN" isin,
	b."SEDOL" sedol,
	b."COUNTRY" country,
	b."COUPON" coupon,
	TO_CHAR(TO_DATE(b."MATURITY DATE", 'DD/MM/YYYY'), 'YYYY-MM-DD') maturity_date,
	b."COUPON FREQUENCY" coupon_frequency,
	b."SECTOR" sector,
	b."CURRENCY" currency
from bond_reference b
);

-- bond_price table--
DROP TABLE IF EXISTS "ref_bond_prices";--for purposes of this assessment only
CREATE TABLE IF NOT EXISTS "ref_bond_prices"(
	"datetime" TEXT,
	"isin" TEXT,
	"price" REAL
);
INSERT INTO "ref_bond_prices"(
select 
	b."DATETIME" datetime,
	b."ISIN" isin,
	b."PRICE" price
from bond_prices b
);

-- equity_reference --
DROP TABLE IF EXISTS "ref_equity_reference";--for purposes of this assessment only
CREATE TABLE IF NOT EXISTS "ref_equity_reference" (
	"symbol" TEXT,
	"country" TEXT,
	"security_name" TEXT,
	"sector" TEXT,
	"industry" TEXT,
	"currency" TEXT
);
INSERT INTO "ref_equity_reference"(
select 
	e."SYMBOL" symbol,
	e."COUNTRY" country,
	e."SECURITY NAME" security_name,
	e."SECTOR" sector,
	e."INDUSTRY" industry,
	e."CURRENCY" currency
from equity_reference e
);

-- equity_prices --
DROP TABLE IF EXISTS "ref_equity_prices";--for purposes of this assessment only
CREATE TABLE IF NOT EXISTS "ref_equity_prices"(
	"datetime" TEXT,
	"symbol" TEXT,
	"price" REAL
);

INSERT INTO "ref_equity_prices"(
select 
	TO_CHAR(TO_DATE(e."DATETIME", 'MM/DD/YYYY'), 'YYYY-MM-DD') datetime,
	e."SYMBOL" symbol,
	e."PRICE" price 
from equity_prices e
);

--Q3: view creation for price reconciliation--
DROP VIEW price_reconciliation;--for purposes of this assessment only
CREATE VIEW price_reconciliation as (
	select 	f.date month_end_date, 
		f.fund_name fund_name, 
		'Equities' as security_type,
		f.security_name instrument,
		f.price fund_price, 
		e.price ref_price,
		f.price - e.price diff_fund_price,
		(f.price - e.price)*100/e.price perc_diff_fund_price
	from raw_external_fund f
	inner join ref_equity_prices e on e.datetime = f.date and f.symbol = e.symbol
	where f.financial_type='Equities'
	
	union all 
		
	select 	f.date  month_end_date,
		f.fund_name, 
		'Bonds' as security_type,
		f.security_name instrument,
		f.price, 
		b.price ,
		f.price - b.price diff_fund_price,
		(f.price - b.price)*100/b.price perc_diff_fund_price
	from raw_external_fund f
	inner join ref_bond_prices b on b.datetime = f.date and b.isin=f.isin
	where f.financial_type='Government Bonds'
);

--Q4: 
--view to get cummulative sum
DROP VIEW cummulative_pl;--for purposes of this assessment only
CREATE VIEW cummulative_pl as(
with main_table as (
	select date, fund_name, sum(realised_pl) sum_pl 
	from raw_external_fund 
	where financial_type='Equities'
	group by 1,2
), 
	date_ranked_table as(
	select date, 
	fund_name,
	sum_pl,
	rank() over ( partition by fund_name order by date) as date_rank
	from main_table
)
select
t1.date, 
t1.fund_name,
sum(t2.sum_pl) as cumm_sum
from date_ranked_table t1
join date_ranked_table t2 on t1.date_rank >= t2.date_rank and t1.fund_name=t2.fund_name
group by 1,2
order by 2,1
);

--view to get best performing fund per month
DROP VIEW best_performer;--for purposes of this assessment only
CREATE VIEW best_performer as (
with sum_pl as (
	select date, fund_name, sum(realised_pl) sum_pl 
	from raw_external_fund 
	where financial_type='Equities'
	group by 1,2
),
	ranked_perf as (
	select *, rank() over (partition by date order by sum_pl desc) as ranking
	from sum_pl
	)
	select * from ranked_perf where ranking=1
);

--view to get best performer report based on highest p/l
DROP VIEW best_performer_report;--for purposes of this assessment only
CREATE VIEW best_performer_report as(
	select b.*, c.cumm_sum
	from best_performer b
	left join cummulative_pl c on b.date = c.date and b.fund_name = c.fund_name
	order by 1,2
	
);


COMMIT;
[2024-06-21T06:21:27.233+0000] {base.py:84} INFO - Using connection ID 'cursor' for task execution.
[2024-06-21T06:21:27.241+0000] {base.py:84} INFO - Using connection ID 'cursor' for task execution.
[2024-06-21T06:21:27.275+0000] {sql.py:487} INFO - Running statement: BEGIN TRANSACTION;

-- external table ddl --
DROP TABLE IF EXISTS "raw_external_fund"; --for purposes of this assessment only
CREATE TABLE IF NOT EXISTS "raw_external_fund" (
	"financial_type"	TEXT,
	"symbol"	TEXT,
	"security_name"	TEXT,
	"sedol"	TEXT,
	"price"	REAL,
    "quantity"	REAL,
	"realised_pl"	REAL,
    "market_value"	REAL,
	"fund_name"	TEXT,
	"date"	TEXT,
	"hash_uid"	TEXT,
    "isin" TEXT
);

-- ref table create by changing date format --
-- bond_reference table--
DROP TABLE IF EXISTS "ref_bond_reference";--for purposes of this assessment only
CREATE TABLE IF NOT EXISTS "ref_bond_reference" (
	"security_name"	TEXT,
	"isin"	TEXT,
	"sedol"	TEXT,
	"country"	TEXT,
	"coupon"	REAL,
    "maturity_date"	TEXT,
	"coupon_frequency"	TEXT,
	"sector"	TEXT,
	"currency"	TEXT
);
INSERT INTO "ref_bond_reference" (
select 
	b."SECURITY NAME" security_name,
	b."ISIN" isin,
	b."SEDOL" sedol,
	b."COUNTRY" country,
	b."COUPON" coupon,
	TO_CHAR(TO_DATE(b."MATURITY DATE", 'DD/MM/YYYY'), 'YYYY-MM-DD') maturity_date,
	b."COUPON FREQUENCY" coupon_frequency,
	b."SECTOR" sector,
	b."CURRENCY" currency
from bond_reference b
);

-- bond_price table--
DROP TABLE IF EXISTS "ref_bond_prices";--for purposes of this assessment only
CREATE TABLE IF NOT EXISTS "ref_bond_prices"(
	"datetime" TEXT,
	"isin" TEXT,
	"price" REAL
);
INSERT INTO "ref_bond_prices"(
select 
	b."DATETIME" datetime,
	b."ISIN" isin,
	b."PRICE" price
from bond_prices b
);

-- equity_reference --
DROP TABLE IF EXISTS "ref_equity_reference";--for purposes of this assessment only
CREATE TABLE IF NOT EXISTS "ref_equity_reference" (
	"symbol" TEXT,
	"country" TEXT,
	"security_name" TEXT,
	"sector" TEXT,
	"industry" TEXT,
	"currency" TEXT
);
INSERT INTO "ref_equity_reference"(
select 
	e."SYMBOL" symbol,
	e."COUNTRY" country,
	e."SECURITY NAME" security_name,
	e."SECTOR" sector,
	e."INDUSTRY" industry,
	e."CURRENCY" currency
from equity_reference e
);

-- equity_prices --
DROP TABLE IF EXISTS "ref_equity_prices";--for purposes of this assessment only
CREATE TABLE IF NOT EXISTS "ref_equity_prices"(
	"datetime" TEXT,
	"symbol" TEXT,
	"price" REAL
);

INSERT INTO "ref_equity_prices"(
select 
	TO_CHAR(TO_DATE(e."DATETIME", 'MM/DD/YYYY'), 'YYYY-MM-DD') datetime,
	e."SYMBOL" symbol,
	e."PRICE" price 
from equity_prices e
);

--Q3: view creation for price reconciliation--
DROP VIEW price_reconciliation;--for purposes of this assessment only
CREATE VIEW price_reconciliation as (
	select 	f.date month_end_date, 
		f.fund_name fund_name, 
		'Equities' as security_type,
		f.security_name instrument,
		f.price fund_price, 
		e.price ref_price,
		f.price - e.price diff_fund_price,
		(f.price - e.price)*100/e.price perc_diff_fund_price
	from raw_external_fund f
	inner join ref_equity_prices e on e.datetime = f.date and f.symbol = e.symbol
	where f.financial_type='Equities'
	
	union all 
		
	select 	f.date  month_end_date,
		f.fund_name, 
		'Bonds' as security_type,
		f.security_name instrument,
		f.price, 
		b.price ,
		f.price - b.price diff_fund_price,
		(f.price - b.price)*100/b.price perc_diff_fund_price
	from raw_external_fund f
	inner join ref_bond_prices b on b.datetime = f.date and b.isin=f.isin
	where f.financial_type='Government Bonds'
);

--Q4: 
--view to get cummulative sum
DROP VIEW cummulative_pl;--for purposes of this assessment only
CREATE VIEW cummulative_pl as(
with main_table as (
	select date, fund_name, sum(realised_pl) sum_pl 
	from raw_external_fund 
	where financial_type='Equities'
	group by 1,2
), 
	date_ranked_table as(
	select date, 
	fund_name,
	sum_pl,
	rank() over ( partition by fund_name order by date) as date_rank
	from main_table
)
select
t1.date, 
t1.fund_name,
sum(t2.sum_pl) as cumm_sum
from date_ranked_table t1
join date_ranked_table t2 on t1.date_rank >= t2.date_rank and t1.fund_name=t2.fund_name
group by 1,2
order by 2,1
);

--view to get best performing fund per month
DROP VIEW best_performer;--for purposes of this assessment only
CREATE VIEW best_performer as (
with sum_pl as (
	select date, fund_name, sum(realised_pl) sum_pl 
	from raw_external_fund 
	where financial_type='Equities'
	group by 1,2
),
	ranked_perf as (
	select *, rank() over (partition by date order by sum_pl desc) as ranking
	from sum_pl
	)
	select * from ranked_perf where ranking=1
);

--view to get best performer report based on highest p/l
DROP VIEW best_performer_report;--for purposes of this assessment only
CREATE VIEW best_performer_report as(
	select b.*, c.cumm_sum
	from best_performer b
	left join cummulative_pl c on b.date = c.date and b.fund_name = c.fund_name
	order by 1,2
	
);


COMMIT;, parameters: None
[2024-06-21T06:21:27.284+0000] {taskinstance.py:441} INFO - ::group::Post task execution logs
[2024-06-21T06:21:27.286+0000] {taskinstance.py:2905} ERROR - Task failed with exception
Traceback (most recent call last):
  File "/home/airflow/.local/lib/python3.12/site-packages/airflow/models/taskinstance.py", line 465, in _execute_task
    result = _execute_callable(context=context, **execute_callable_kwargs)
             ^^^^^^^^^^^^^^^^^^^^^^^^^^^^^^^^^^^^^^^^^^^^^^^^^^^^^^^^^^^^^
  File "/home/airflow/.local/lib/python3.12/site-packages/airflow/models/taskinstance.py", line 432, in _execute_callable
    return execute_callable(context=context, **execute_callable_kwargs)
           ^^^^^^^^^^^^^^^^^^^^^^^^^^^^^^^^^^^^^^^^^^^^^^^^^^^^^^^^^^^^
  File "/home/airflow/.local/lib/python3.12/site-packages/airflow/models/baseoperator.py", line 401, in wrapper
    return func(self, *args, **kwargs)
           ^^^^^^^^^^^^^^^^^^^^^^^^^^^
  File "/home/airflow/.local/lib/python3.12/site-packages/airflow/providers/common/sql/operators/sql.py", line 282, in execute
    output = hook.run(
             ^^^^^^^^^
  File "/home/airflow/.local/lib/python3.12/site-packages/airflow/providers/common/sql/hooks/sql.py", line 435, in run
    self._run_command(cur, sql_statement, parameters)
  File "/home/airflow/.local/lib/python3.12/site-packages/airflow/providers/common/sql/hooks/sql.py", line 492, in _run_command
    cur.execute(sql_statement)
psycopg2.errors.DependentObjectsStillExist: cannot drop table raw_external_fund because other objects depend on it
DETAIL:  view price_reconciliation depends on table raw_external_fund
view cummulative_pl depends on table raw_external_fund
view best_performer depends on table raw_external_fund
view best_performer_report depends on view best_performer
HINT:  Use DROP ... CASCADE to drop the dependent objects too.

[2024-06-21T06:21:27.301+0000] {taskinstance.py:1206} INFO - Marking task as UP_FOR_RETRY. dag_id=gic_main_dag, task_id=initialise_external_data_table, run_id=manual__2024-06-21T06:21:07+00:00, execution_date=20240621T062107, start_date=20240621T062127, end_date=20240621T062127
[2024-06-21T06:21:27.322+0000] {standard_task_runner.py:110} ERROR - Failed to execute job 245 for task initialise_external_data_table (cannot drop table raw_external_fund because other objects depend on it
DETAIL:  view price_reconciliation depends on table raw_external_fund
view cummulative_pl depends on table raw_external_fund
view best_performer depends on table raw_external_fund
view best_performer_report depends on view best_performer
HINT:  Use DROP ... CASCADE to drop the dependent objects too.
; 3908)
[2024-06-21T06:21:27.366+0000] {local_task_job_runner.py:240} INFO - Task exited with return code 1
[2024-06-21T06:21:27.389+0000] {taskinstance.py:3503} INFO - 0 downstream tasks scheduled from follow-on schedule check
[2024-06-21T06:21:27.392+0000] {local_task_job_runner.py:222} INFO - ::endgroup::
