[2024-06-21T02:03:19.043+0000] {local_task_job_runner.py:120} INFO - ::group::Pre task execution logs
[2024-06-21T02:03:19.079+0000] {taskinstance.py:2076} INFO - Dependencies all met for dep_context=non-requeueable deps ti=<TaskInstance: gic_main_dag.initialise_external_data_table scheduled__2024-05-01T00:00:00+00:00 [queued]>
[2024-06-21T02:03:19.097+0000] {taskinstance.py:2076} INFO - Dependencies all met for dep_context=requeueable deps ti=<TaskInstance: gic_main_dag.initialise_external_data_table scheduled__2024-05-01T00:00:00+00:00 [queued]>
[2024-06-21T02:03:19.098+0000] {taskinstance.py:2306} INFO - Starting attempt 1 of 2
[2024-06-21T02:03:19.124+0000] {taskinstance.py:2330} INFO - Executing <Task(SQLExecuteQueryOperator): initialise_external_data_table> on 2024-05-01 00:00:00+00:00
[2024-06-21T02:03:19.140+0000] {warnings.py:112} WARNING - /home/***/.local/lib/python3.12/site-packages/***/task/task_runner/standard_task_runner.py:61: DeprecationWarning: This process (pid=626) is multi-threaded, use of fork() may lead to deadlocks in the child.
  pid = os.fork()

[2024-06-21T02:03:19.142+0000] {standard_task_runner.py:63} INFO - Started process 629 to run task
[2024-06-21T02:03:19.142+0000] {standard_task_runner.py:90} INFO - Running: ['***', 'tasks', 'run', 'gic_main_dag', 'initialise_external_data_table', 'scheduled__2024-05-01T00:00:00+00:00', '--job-id', '198', '--raw', '--subdir', 'DAGS_FOLDER/main_dag.py', '--cfg-path', '/tmp/tmpraevmkxi']
[2024-06-21T02:03:19.144+0000] {standard_task_runner.py:91} INFO - Job 198: Subtask initialise_external_data_table
[2024-06-21T02:03:19.211+0000] {task_command.py:426} INFO - Running <TaskInstance: gic_main_dag.initialise_external_data_table scheduled__2024-05-01T00:00:00+00:00 [running]> on host 39e4faefdcb7
[2024-06-21T02:03:19.353+0000] {taskinstance.py:2648} INFO - Exporting env vars: AIRFLOW_CTX_DAG_EMAIL='***@example.com' AIRFLOW_CTX_DAG_OWNER='***' AIRFLOW_CTX_DAG_ID='gic_main_dag' AIRFLOW_CTX_TASK_ID='initialise_external_data_table' AIRFLOW_CTX_EXECUTION_DATE='2024-05-01T00:00:00+00:00' AIRFLOW_CTX_TRY_NUMBER='1' AIRFLOW_CTX_DAG_RUN_ID='scheduled__2024-05-01T00:00:00+00:00'
[2024-06-21T02:03:19.356+0000] {taskinstance.py:430} INFO - ::endgroup::
[2024-06-21T02:03:19.359+0000] {sql.py:276} INFO - Executing: BEGIN TRANSACTION;

-- external table ddl --
CREATE TABLE IF NOT EXISTS "raw_external_fund" (
	"financial_type"	TEXT,
	"symbol"	TEXT,
	"security_name"	TEXT,
	"sedol"	TEXT,
	"price"	REAL,
    "quantity"	REAL,
	"realised_pl"	REAL,
    "market_value"	TEXT,
	"fund_name"	TEXT,
	"date"	TEXT,
	"hash_uid"	TEXT,
    "isin" TEXT
);

-- ref table create by changing date format --
-- bond_reference table--
CREATE TABLE IF NOT EXISTS "ref_bond_reference" (
	"security_name"	TEXT,
	"isin"	TEXT,
	"sedol"	TEXT,
	"country"	TEXT,
	"coupon"	REAL,
    "maturity_date"	TEXT,
	"coupon_frequency"	TEXT,
	"sector"	TEXT,
	"currency"	TEXT
);
INSERT INTO "ref_bond_reference" (
select 
	b."SECURITY NAME" security_name,
	b."ISIN" isin,
	b."SEDOL" sedol,
	b."COUNTRY" country,
	b."COUPON" coupon,
	TO_CHAR(TO_DATE(b."MATURITY DATE", 'DD/MM/YYYY'), 'YYYY-MM-DD') maturity_date,
	b."COUPON FREQUENCY" coupon_frequency,
	b."SECTOR" sector,
	b."CURRENCY" currency
from bond_reference b
);

-- bond_price table--
CREATE TABLE IF NOT EXISTS "ref_bond_prices"(
	"datetime" TEXT,
	"isin" TEXT,
	"price" REAL
);
INSERT INTO "ref_bond_prices"(
select 
	b."DATETIME" datetime,
	b."ISIN" isin,
	b."PRICE" price
from bond_prices b
);

-- equity_reference --
CREATE TABLE IF NOT EXISTS "ref_equity_reference" (
	"symbol" TEXT,
	"country" TEXT,
	"security_name" TEXT,
	"sector" TEXT,
	"industry" TEXT,
	"currency" TEXT
);
INSERT INTO "ref_equity_reference"(
select 
	e."SYMBOL" symbol,
	e."COUNTRY" country,
	e."SECURITY NAME" security_name,
	e."SECTOR" sector,
	e."INDUSTRY" industry,
	e."CURRENCY" currency
from equity_reference e
);

-- equity_prices --
CREATE TABLE IF NOT EXISTS "ref_equity_prices"(
	"datetime" TEXT,
	"symbol" TEXT,
	"price" REAL
);

INSERT INTO "ref_equity_prices"(
select 
	TO_CHAR(TO_DATE(e."DATETIME", 'MM/DD/YYYY'), 'YYYY-MM-DD') datetime,
	e."SYMBOL" symbol,
	e."PRICE" price 
from equity_prices e
);




COMMIT;
[2024-06-21T02:03:19.384+0000] {base.py:84} INFO - Using connection ID 'cursor' for task execution.
[2024-06-21T02:03:19.429+0000] {base.py:84} INFO - Using connection ID 'cursor' for task execution.
[2024-06-21T02:03:19.546+0000] {sql.py:487} INFO - Running statement: BEGIN TRANSACTION;

-- external table ddl --
CREATE TABLE IF NOT EXISTS "raw_external_fund" (
	"financial_type"	TEXT,
	"symbol"	TEXT,
	"security_name"	TEXT,
	"sedol"	TEXT,
	"price"	REAL,
    "quantity"	REAL,
	"realised_pl"	REAL,
    "market_value"	TEXT,
	"fund_name"	TEXT,
	"date"	TEXT,
	"hash_uid"	TEXT,
    "isin" TEXT
);

-- ref table create by changing date format --
-- bond_reference table--
CREATE TABLE IF NOT EXISTS "ref_bond_reference" (
	"security_name"	TEXT,
	"isin"	TEXT,
	"sedol"	TEXT,
	"country"	TEXT,
	"coupon"	REAL,
    "maturity_date"	TEXT,
	"coupon_frequency"	TEXT,
	"sector"	TEXT,
	"currency"	TEXT
);
INSERT INTO "ref_bond_reference" (
select 
	b."SECURITY NAME" security_name,
	b."ISIN" isin,
	b."SEDOL" sedol,
	b."COUNTRY" country,
	b."COUPON" coupon,
	TO_CHAR(TO_DATE(b."MATURITY DATE", 'DD/MM/YYYY'), 'YYYY-MM-DD') maturity_date,
	b."COUPON FREQUENCY" coupon_frequency,
	b."SECTOR" sector,
	b."CURRENCY" currency
from bond_reference b
);

-- bond_price table--
CREATE TABLE IF NOT EXISTS "ref_bond_prices"(
	"datetime" TEXT,
	"isin" TEXT,
	"price" REAL
);
INSERT INTO "ref_bond_prices"(
select 
	b."DATETIME" datetime,
	b."ISIN" isin,
	b."PRICE" price
from bond_prices b
);

-- equity_reference --
CREATE TABLE IF NOT EXISTS "ref_equity_reference" (
	"symbol" TEXT,
	"country" TEXT,
	"security_name" TEXT,
	"sector" TEXT,
	"industry" TEXT,
	"currency" TEXT
);
INSERT INTO "ref_equity_reference"(
select 
	e."SYMBOL" symbol,
	e."COUNTRY" country,
	e."SECURITY NAME" security_name,
	e."SECTOR" sector,
	e."INDUSTRY" industry,
	e."CURRENCY" currency
from equity_reference e
);

-- equity_prices --
CREATE TABLE IF NOT EXISTS "ref_equity_prices"(
	"datetime" TEXT,
	"symbol" TEXT,
	"price" REAL
);

INSERT INTO "ref_equity_prices"(
select 
	TO_CHAR(TO_DATE(e."DATETIME", 'MM/DD/YYYY'), 'YYYY-MM-DD') datetime,
	e."SYMBOL" symbol,
	e."PRICE" price 
from equity_prices e
);




COMMIT;, parameters: None
[2024-06-21T02:03:19.884+0000] {taskinstance.py:441} INFO - ::group::Post task execution logs
[2024-06-21T02:03:19.886+0000] {taskinstance.py:2905} ERROR - Task failed with exception
Traceback (most recent call last):
  File "/home/airflow/.local/lib/python3.12/site-packages/airflow/models/taskinstance.py", line 465, in _execute_task
    result = _execute_callable(context=context, **execute_callable_kwargs)
             ^^^^^^^^^^^^^^^^^^^^^^^^^^^^^^^^^^^^^^^^^^^^^^^^^^^^^^^^^^^^^
  File "/home/airflow/.local/lib/python3.12/site-packages/airflow/models/taskinstance.py", line 432, in _execute_callable
    return execute_callable(context=context, **execute_callable_kwargs)
           ^^^^^^^^^^^^^^^^^^^^^^^^^^^^^^^^^^^^^^^^^^^^^^^^^^^^^^^^^^^^
  File "/home/airflow/.local/lib/python3.12/site-packages/airflow/models/baseoperator.py", line 401, in wrapper
    return func(self, *args, **kwargs)
           ^^^^^^^^^^^^^^^^^^^^^^^^^^^
  File "/home/airflow/.local/lib/python3.12/site-packages/airflow/providers/common/sql/operators/sql.py", line 282, in execute
    output = hook.run(
             ^^^^^^^^^
  File "/home/airflow/.local/lib/python3.12/site-packages/airflow/providers/common/sql/hooks/sql.py", line 435, in run
    self._run_command(cur, sql_statement, parameters)
  File "/home/airflow/.local/lib/python3.12/site-packages/airflow/providers/common/sql/hooks/sql.py", line 492, in _run_command
    cur.execute(sql_statement)
psycopg2.errors.UniqueViolation: duplicate key value violates unique constraint "pg_type_typname_nsp_index"
DETAIL:  Key (typname, typnamespace)=(raw_external_fund, 2200) already exists.

[2024-06-21T02:03:19.902+0000] {taskinstance.py:1206} INFO - Marking task as UP_FOR_RETRY. dag_id=gic_main_dag, task_id=initialise_external_data_table, run_id=scheduled__2024-05-01T00:00:00+00:00, execution_date=20240501T000000, start_date=20240621T020319, end_date=20240621T020319
[2024-06-21T02:03:19.930+0000] {standard_task_runner.py:110} ERROR - Failed to execute job 198 for task initialise_external_data_table (duplicate key value violates unique constraint "pg_type_typname_nsp_index"
DETAIL:  Key (typname, typnamespace)=(raw_external_fund, 2200) already exists.
; 629)
[2024-06-21T02:03:19.963+0000] {local_task_job_runner.py:240} INFO - Task exited with return code 1
[2024-06-21T02:03:19.989+0000] {taskinstance.py:3503} INFO - 0 downstream tasks scheduled from follow-on schedule check
[2024-06-21T02:03:19.991+0000] {local_task_job_runner.py:222} INFO - ::endgroup::
