[2024-06-21T03:13:54.632+0000] {local_task_job_runner.py:120} INFO - ::group::Pre task execution logs
[2024-06-21T03:13:54.655+0000] {taskinstance.py:2076} INFO - Dependencies all met for dep_context=non-requeueable deps ti=<TaskInstance: gic_main_dag.load manual__2024-06-21T03:13:21+00:00 [queued]>
[2024-06-21T03:13:54.664+0000] {taskinstance.py:2076} INFO - Dependencies all met for dep_context=requeueable deps ti=<TaskInstance: gic_main_dag.load manual__2024-06-21T03:13:21+00:00 [queued]>
[2024-06-21T03:13:54.665+0000] {taskinstance.py:2306} INFO - Starting attempt 1 of 2
[2024-06-21T03:13:54.677+0000] {taskinstance.py:2330} INFO - Executing <Task(PythonOperator): load> on 2024-06-21 03:13:21+00:00
[2024-06-21T03:13:54.687+0000] {warnings.py:112} WARNING - /home/***/.local/lib/python3.12/site-packages/***/task/task_runner/standard_task_runner.py:61: DeprecationWarning: This process (pid=1527) is multi-threaded, use of fork() may lead to deadlocks in the child.
  pid = os.fork()

[2024-06-21T03:13:54.689+0000] {standard_task_runner.py:63} INFO - Started process 1529 to run task
[2024-06-21T03:13:54.689+0000] {standard_task_runner.py:90} INFO - Running: ['***', 'tasks', 'run', 'gic_main_dag', 'load', 'manual__2024-06-21T03:13:21+00:00', '--job-id', '215', '--raw', '--subdir', 'DAGS_FOLDER/main_dag.py', '--cfg-path', '/tmp/tmp3tntnsxm']
[2024-06-21T03:13:54.690+0000] {standard_task_runner.py:91} INFO - Job 215: Subtask load
[2024-06-21T03:13:54.750+0000] {task_command.py:426} INFO - Running <TaskInstance: gic_main_dag.load manual__2024-06-21T03:13:21+00:00 [running]> on host 39e4faefdcb7
[2024-06-21T03:13:54.864+0000] {taskinstance.py:2648} INFO - Exporting env vars: AIRFLOW_CTX_DAG_EMAIL='***@example.com' AIRFLOW_CTX_DAG_OWNER='***' AIRFLOW_CTX_DAG_ID='gic_main_dag' AIRFLOW_CTX_TASK_ID='load' AIRFLOW_CTX_EXECUTION_DATE='2024-06-21T03:13:21+00:00' AIRFLOW_CTX_TRY_NUMBER='1' AIRFLOW_CTX_DAG_RUN_ID='manual__2024-06-21T03:13:21+00:00'
[2024-06-21T03:13:54.866+0000] {taskinstance.py:430} INFO - ::endgroup::
[2024-06-21T03:13:54.908+0000] {logging_mixin.py:188} INFO - financial_type,symbol,security_name,sedol,price,quantity,realised_pl,market_value,fund_name,date,hash_uid,isin
[2024-06-21T03:13:54.973+0000] {logging_mixin.py:188} INFO - Connection successful.
[2024-06-21T03:13:54.979+0000] {logging_mixin.py:188} INFO - Error: syntax error at or near "HEADERS"
LINE 1: ...ate,hash_uid,isin) FROM STDIN WITH DELIMITER ',' CSV HEADERS
                                                                ^
[2024-06-21T03:13:54.980+0000] {main_dag.py:140} ERROR - syntax error at or near "HEADERS"
LINE 1: ...ate,hash_uid,isin) FROM STDIN WITH DELIMITER ',' CSV HEADERS
                                                                ^

[2024-06-21T03:13:54.981+0000] {python.py:237} INFO - Done. Returned value was: 1
[2024-06-21T03:13:54.981+0000] {taskinstance.py:441} INFO - ::group::Post task execution logs
[2024-06-21T03:13:55.002+0000] {taskinstance.py:1206} INFO - Marking task as SUCCESS. dag_id=gic_main_dag, task_id=load, run_id=manual__2024-06-21T03:13:21+00:00, execution_date=20240621T031321, start_date=20240621T031354, end_date=20240621T031355
[2024-06-21T03:13:55.024+0000] {local_task_job_runner.py:240} INFO - Task exited with return code 0
[2024-06-21T03:13:55.040+0000] {taskinstance.py:3503} INFO - 0 downstream tasks scheduled from follow-on schedule check
[2024-06-21T03:13:55.043+0000] {local_task_job_runner.py:222} INFO - ::endgroup::
