[2024-06-21T06:34:14.362+0000] {local_task_job_runner.py:120} INFO - ::group::Pre task execution logs
[2024-06-21T06:34:14.384+0000] {taskinstance.py:2076} INFO - Dependencies all met for dep_context=non-requeueable deps ti=<TaskInstance: gic_main_dag.load manual__2024-06-21T06:33:41+00:00 [queued]>
[2024-06-21T06:34:14.393+0000] {taskinstance.py:2076} INFO - Dependencies all met for dep_context=requeueable deps ti=<TaskInstance: gic_main_dag.load manual__2024-06-21T06:33:41+00:00 [queued]>
[2024-06-21T06:34:14.395+0000] {taskinstance.py:2306} INFO - Starting attempt 1 of 2
[2024-06-21T06:34:14.413+0000] {taskinstance.py:2330} INFO - Executing <Task(PythonOperator): load> on 2024-06-21 06:33:41+00:00
[2024-06-21T06:34:14.425+0000] {warnings.py:112} WARNING - /home/***/.local/lib/python3.12/site-packages/***/task/task_runner/standard_task_runner.py:61: DeprecationWarning: This process (pid=4113) is multi-threaded, use of fork() may lead to deadlocks in the child.
  pid = os.fork()

[2024-06-21T06:34:14.427+0000] {standard_task_runner.py:63} INFO - Started process 4115 to run task
[2024-06-21T06:34:14.427+0000] {standard_task_runner.py:90} INFO - Running: ['***', 'tasks', 'run', 'gic_main_dag', 'load', 'manual__2024-06-21T06:33:41+00:00', '--job-id', '257', '--raw', '--subdir', 'DAGS_FOLDER/main_dag.py', '--cfg-path', '/tmp/tmpa34bidmx']
[2024-06-21T06:34:14.428+0000] {standard_task_runner.py:91} INFO - Job 257: Subtask load
[2024-06-21T06:34:14.491+0000] {task_command.py:426} INFO - Running <TaskInstance: gic_main_dag.load manual__2024-06-21T06:33:41+00:00 [running]> on host 39e4faefdcb7
[2024-06-21T06:34:14.604+0000] {taskinstance.py:2648} INFO - Exporting env vars: AIRFLOW_CTX_DAG_EMAIL='***@example.com' AIRFLOW_CTX_DAG_OWNER='***' AIRFLOW_CTX_DAG_ID='gic_main_dag' AIRFLOW_CTX_TASK_ID='load' AIRFLOW_CTX_EXECUTION_DATE='2024-06-21T06:33:41+00:00' AIRFLOW_CTX_TRY_NUMBER='1' AIRFLOW_CTX_DAG_RUN_ID='manual__2024-06-21T06:33:41+00:00'
[2024-06-21T06:34:14.605+0000] {taskinstance.py:430} INFO - ::endgroup::
[2024-06-21T06:34:14.640+0000] {logging_mixin.py:188} INFO - financial_type,symbol,security_name,sedol,price,quantity,realised_pl,market_value,fund_name,date,hash_uid,isin
[2024-06-21T06:34:14.699+0000] {logging_mixin.py:188} INFO - Connection successful.
[2024-06-21T06:34:14.770+0000] {logging_mixin.py:188} INFO - Copy successful into raw_external_fund.
[2024-06-21T06:34:14.771+0000] {python.py:237} INFO - Done. Returned value was: None
[2024-06-21T06:34:14.772+0000] {taskinstance.py:441} INFO - ::group::Post task execution logs
[2024-06-21T06:34:14.781+0000] {taskinstance.py:1206} INFO - Marking task as SUCCESS. dag_id=gic_main_dag, task_id=load, run_id=manual__2024-06-21T06:33:41+00:00, execution_date=20240621T063341, start_date=20240621T063414, end_date=20240621T063414
[2024-06-21T06:34:14.802+0000] {local_task_job_runner.py:240} INFO - Task exited with return code 0
[2024-06-21T06:34:14.818+0000] {taskinstance.py:3503} INFO - 0 downstream tasks scheduled from follow-on schedule check
[2024-06-21T06:34:14.820+0000] {local_task_job_runner.py:222} INFO - ::endgroup::
