[2024-06-21T04:15:04.094+0000] {local_task_job_runner.py:120} INFO - ::group::Pre task execution logs
[2024-06-21T04:15:04.127+0000] {taskinstance.py:2076} INFO - Dependencies all met for dep_context=non-requeueable deps ti=<TaskInstance: gic_main_dag.extract manual__2024-06-21T04:14:27+00:00 [queued]>
[2024-06-21T04:15:04.138+0000] {taskinstance.py:2076} INFO - Dependencies all met for dep_context=requeueable deps ti=<TaskInstance: gic_main_dag.extract manual__2024-06-21T04:14:27+00:00 [queued]>
[2024-06-21T04:15:04.139+0000] {taskinstance.py:2306} INFO - Starting attempt 1 of 2
[2024-06-21T04:15:04.157+0000] {taskinstance.py:2330} INFO - Executing <Task(PythonOperator): extract> on 2024-06-21 04:14:27+00:00
[2024-06-21T04:15:04.170+0000] {warnings.py:112} WARNING - /home/***/.local/lib/python3.12/site-packages/***/task/task_runner/standard_task_runner.py:61: DeprecationWarning: This process (pid=2352) is multi-threaded, use of fork() may lead to deadlocks in the child.
  pid = os.fork()

[2024-06-21T04:15:04.173+0000] {standard_task_runner.py:63} INFO - Started process 2354 to run task
[2024-06-21T04:15:04.173+0000] {standard_task_runner.py:90} INFO - Running: ['***', 'tasks', 'run', 'gic_main_dag', 'extract', 'manual__2024-06-21T04:14:27+00:00', '--job-id', '236', '--raw', '--subdir', 'DAGS_FOLDER/main_dag.py', '--cfg-path', '/tmp/tmprafs047h']
[2024-06-21T04:15:04.178+0000] {standard_task_runner.py:91} INFO - Job 236: Subtask extract
[2024-06-21T04:15:04.243+0000] {task_command.py:426} INFO - Running <TaskInstance: gic_main_dag.extract manual__2024-06-21T04:14:27+00:00 [running]> on host 39e4faefdcb7
[2024-06-21T04:15:04.340+0000] {taskinstance.py:2648} INFO - Exporting env vars: AIRFLOW_CTX_DAG_EMAIL='***@example.com' AIRFLOW_CTX_DAG_OWNER='***' AIRFLOW_CTX_DAG_ID='gic_main_dag' AIRFLOW_CTX_TASK_ID='extract' AIRFLOW_CTX_EXECUTION_DATE='2024-06-21T04:14:27+00:00' AIRFLOW_CTX_TRY_NUMBER='1' AIRFLOW_CTX_DAG_RUN_ID='manual__2024-06-21T04:14:27+00:00'
[2024-06-21T04:15:04.342+0000] {taskinstance.py:430} INFO - ::endgroup::
[2024-06-21T04:15:04.397+0000] {python.py:237} INFO - Done. Returned value was:                                 filename  ...              hash_uid
0     Applebead.28-02-2023 breakdown.csv  ...  15939208978497785884
1     Applebead.30-04-2023 breakdown.csv  ...   9530909441616926292
2     Applebead.30-06-2023 breakdown.csv  ...   2400880281160165118
3     Applebead.30-09-2022 breakdown.csv  ...   1174716557752967803
4     Applebead.30-11-2022 breakdown.csv  ...  13840433040224888879
..                                   ...  ...                   ...
125  Virtous.08-31-2023 - securities.csv  ...  11210456247256062304
126  Virtous.09-30-2022 - securities.csv  ...   5974228610568041257
127  Virtous.10-31-2022 - securities.csv  ...   1721855945697975746
128  Virtous.11-30-2022 - securities.csv  ...   1115182677577308903
129  Virtous.12-31-2022 - securities.csv  ...    625196072192624250

[130 rows x 7 columns]
[2024-06-21T04:15:04.425+0000] {taskinstance.py:441} INFO - ::group::Post task execution logs
[2024-06-21T04:15:04.514+0000] {taskinstance.py:1206} INFO - Marking task as SUCCESS. dag_id=gic_main_dag, task_id=extract, run_id=manual__2024-06-21T04:14:27+00:00, execution_date=20240621T041427, start_date=20240621T041504, end_date=20240621T041504
[2024-06-21T04:15:04.593+0000] {local_task_job_runner.py:240} INFO - Task exited with return code 0
[2024-06-21T04:15:04.628+0000] {taskinstance.py:3503} INFO - 1 downstream tasks scheduled from follow-on schedule check
[2024-06-21T04:15:04.630+0000] {local_task_job_runner.py:222} INFO - ::endgroup::
