[2024-06-21T03:16:16.252+0000] {local_task_job_runner.py:120} INFO - ::group::Pre task execution logs
[2024-06-21T03:16:16.275+0000] {taskinstance.py:2076} INFO - Dependencies all met for dep_context=non-requeueable deps ti=<TaskInstance: gic_main_dag.extract manual__2024-06-21T03:15:58+00:00 [queued]>
[2024-06-21T03:16:16.283+0000] {taskinstance.py:2076} INFO - Dependencies all met for dep_context=requeueable deps ti=<TaskInstance: gic_main_dag.extract manual__2024-06-21T03:15:58+00:00 [queued]>
[2024-06-21T03:16:16.284+0000] {taskinstance.py:2306} INFO - Starting attempt 1 of 2
[2024-06-21T03:16:16.299+0000] {taskinstance.py:2330} INFO - Executing <Task(PythonOperator): extract> on 2024-06-21 03:15:58+00:00
[2024-06-21T03:16:16.309+0000] {warnings.py:112} WARNING - /home/***/.local/lib/python3.12/site-packages/***/task/task_runner/standard_task_runner.py:61: DeprecationWarning: This process (pid=1564) is multi-threaded, use of fork() may lead to deadlocks in the child.
  pid = os.fork()

[2024-06-21T03:16:16.310+0000] {standard_task_runner.py:63} INFO - Started process 1566 to run task
[2024-06-21T03:16:16.311+0000] {standard_task_runner.py:90} INFO - Running: ['***', 'tasks', 'run', 'gic_main_dag', 'extract', 'manual__2024-06-21T03:15:58+00:00', '--job-id', '218', '--raw', '--subdir', 'DAGS_FOLDER/main_dag.py', '--cfg-path', '/tmp/tmppi5ysik8']
[2024-06-21T03:16:16.312+0000] {standard_task_runner.py:91} INFO - Job 218: Subtask extract
[2024-06-21T03:16:16.377+0000] {task_command.py:426} INFO - Running <TaskInstance: gic_main_dag.extract manual__2024-06-21T03:15:58+00:00 [running]> on host 39e4faefdcb7
[2024-06-21T03:16:16.473+0000] {taskinstance.py:2648} INFO - Exporting env vars: AIRFLOW_CTX_DAG_EMAIL='***@example.com' AIRFLOW_CTX_DAG_OWNER='***' AIRFLOW_CTX_DAG_ID='gic_main_dag' AIRFLOW_CTX_TASK_ID='extract' AIRFLOW_CTX_EXECUTION_DATE='2024-06-21T03:15:58+00:00' AIRFLOW_CTX_TRY_NUMBER='1' AIRFLOW_CTX_DAG_RUN_ID='manual__2024-06-21T03:15:58+00:00'
[2024-06-21T03:16:16.476+0000] {taskinstance.py:430} INFO - ::endgroup::
[2024-06-21T03:16:16.582+0000] {python.py:237} INFO - Done. Returned value was:                                 filename  ...              hash_uid
0     Applebead.28-02-2023 breakdown.csv  ...   2296552199165151605
1     Applebead.30-04-2023 breakdown.csv  ...  16882453005871613333
2     Applebead.30-06-2023 breakdown.csv  ...   1251244310984978307
3     Applebead.30-09-2022 breakdown.csv  ...    164395292425450166
4     Applebead.30-11-2022 breakdown.csv  ...  16438012249587876906
..                                   ...  ...                   ...
125  Virtous.08-31-2023 - securities.csv  ...   2506647494463041801
126  Virtous.09-30-2022 - securities.csv  ...  12618674469599300936
127  Virtous.10-31-2022 - securities.csv  ...   6843244312087031831
128  Virtous.11-30-2022 - securities.csv  ...  10913526255522762482
129  Virtous.12-31-2022 - securities.csv  ...   7414476854777395263

[130 rows x 7 columns]
[2024-06-21T03:16:16.613+0000] {taskinstance.py:441} INFO - ::group::Post task execution logs
[2024-06-21T03:16:16.752+0000] {taskinstance.py:1206} INFO - Marking task as SUCCESS. dag_id=gic_main_dag, task_id=extract, run_id=manual__2024-06-21T03:15:58+00:00, execution_date=20240621T031558, start_date=20240621T031616, end_date=20240621T031616
[2024-06-21T03:16:16.848+0000] {local_task_job_runner.py:240} INFO - Task exited with return code 0
[2024-06-21T03:16:16.886+0000] {taskinstance.py:3503} INFO - 1 downstream tasks scheduled from follow-on schedule check
[2024-06-21T03:16:16.891+0000] {local_task_job_runner.py:222} INFO - ::endgroup::
