[2024-06-21T03:34:23.257+0000] {local_task_job_runner.py:120} INFO - ::group::Pre task execution logs
[2024-06-21T03:34:23.291+0000] {taskinstance.py:2076} INFO - Dependencies all met for dep_context=non-requeueable deps ti=<TaskInstance: gic_main_dag.extract manual__2024-06-21T03:33:56+00:00 [queued]>
[2024-06-21T03:34:23.303+0000] {taskinstance.py:2076} INFO - Dependencies all met for dep_context=requeueable deps ti=<TaskInstance: gic_main_dag.extract manual__2024-06-21T03:33:56+00:00 [queued]>
[2024-06-21T03:34:23.304+0000] {taskinstance.py:2306} INFO - Starting attempt 1 of 2
[2024-06-21T03:34:23.322+0000] {taskinstance.py:2330} INFO - Executing <Task(PythonOperator): extract> on 2024-06-21 03:33:56+00:00
[2024-06-21T03:34:23.338+0000] {warnings.py:112} WARNING - /home/***/.local/lib/python3.12/site-packages/***/task/task_runner/standard_task_runner.py:61: DeprecationWarning: This process (pid=1819) is multi-threaded, use of fork() may lead to deadlocks in the child.
  pid = os.fork()

[2024-06-21T03:34:23.340+0000] {standard_task_runner.py:63} INFO - Started process 1821 to run task
[2024-06-21T03:34:23.341+0000] {standard_task_runner.py:90} INFO - Running: ['***', 'tasks', 'run', 'gic_main_dag', 'extract', 'manual__2024-06-21T03:33:56+00:00', '--job-id', '223', '--raw', '--subdir', 'DAGS_FOLDER/main_dag.py', '--cfg-path', '/tmp/tmpv_505at5']
[2024-06-21T03:34:23.344+0000] {standard_task_runner.py:91} INFO - Job 223: Subtask extract
[2024-06-21T03:34:23.414+0000] {task_command.py:426} INFO - Running <TaskInstance: gic_main_dag.extract manual__2024-06-21T03:33:56+00:00 [running]> on host 39e4faefdcb7
[2024-06-21T03:34:23.523+0000] {taskinstance.py:2648} INFO - Exporting env vars: AIRFLOW_CTX_DAG_EMAIL='***@example.com' AIRFLOW_CTX_DAG_OWNER='***' AIRFLOW_CTX_DAG_ID='gic_main_dag' AIRFLOW_CTX_TASK_ID='extract' AIRFLOW_CTX_EXECUTION_DATE='2024-06-21T03:33:56+00:00' AIRFLOW_CTX_TRY_NUMBER='1' AIRFLOW_CTX_DAG_RUN_ID='manual__2024-06-21T03:33:56+00:00'
[2024-06-21T03:34:23.524+0000] {taskinstance.py:430} INFO - ::endgroup::
[2024-06-21T03:34:23.635+0000] {python.py:237} INFO - Done. Returned value was:                                 filename  ...              hash_uid
0     Applebead.28-02-2023 breakdown.csv  ...  13359102778533615814
1     Applebead.30-04-2023 breakdown.csv  ...  12052663148320861758
2     Applebead.30-06-2023 breakdown.csv  ...  15429998510479750644
3     Applebead.30-09-2022 breakdown.csv  ...   9245691509251928965
4     Applebead.30-11-2022 breakdown.csv  ...  15497108904753723833
..                                   ...  ...                   ...
125  Virtous.08-31-2023 - securities.csv  ...  17914005499549035850
126  Virtous.09-30-2022 - securities.csv  ...  17230393807892051679
127  Virtous.10-31-2022 - securities.csv  ...   1807989936811885144
128  Virtous.11-30-2022 - securities.csv  ...   2556643443020394529
129  Virtous.12-31-2022 - securities.csv  ...  10365537146697889744

[130 rows x 7 columns]
[2024-06-21T03:34:23.685+0000] {taskinstance.py:441} INFO - ::group::Post task execution logs
[2024-06-21T03:34:23.939+0000] {taskinstance.py:1206} INFO - Marking task as SUCCESS. dag_id=gic_main_dag, task_id=extract, run_id=manual__2024-06-21T03:33:56+00:00, execution_date=20240621T033356, start_date=20240621T033423, end_date=20240621T033423
[2024-06-21T03:34:23.999+0000] {local_task_job_runner.py:240} INFO - Task exited with return code 0
[2024-06-21T03:34:24.034+0000] {taskinstance.py:3503} INFO - 1 downstream tasks scheduled from follow-on schedule check
[2024-06-21T03:34:24.038+0000] {local_task_job_runner.py:222} INFO - ::endgroup::
