[2024-06-18T15:21:32.383+0000] {processor.py:161} INFO - Started process (PID=55) to work on /home/airflow/.local/lib/python3.12/site-packages/airflow/example_dags/example_xcomargs.py
[2024-06-18T15:21:32.385+0000] {processor.py:830} INFO - Processing file /home/airflow/.local/lib/python3.12/site-packages/airflow/example_dags/example_xcomargs.py for tasks to queue
[2024-06-18T15:21:32.387+0000] {logging_mixin.py:188} INFO - [2024-06-18T15:21:32.387+0000] {dagbag.py:545} INFO - Filling up the DagBag from /home/airflow/.local/lib/python3.12/site-packages/airflow/example_dags/example_xcomargs.py
[2024-06-18T15:21:32.419+0000] {processor.py:840} INFO - DAG(s) 'example_xcom_args', 'example_xcom_args_with_operators' retrieved from /home/airflow/.local/lib/python3.12/site-packages/airflow/example_dags/example_xcomargs.py
[2024-06-18T15:21:32.896+0000] {logging_mixin.py:188} INFO - [2024-06-18T15:21:32.895+0000] {dag.py:3096} INFO - Sync 2 DAGs
[2024-06-18T15:21:32.916+0000] {logging_mixin.py:188} INFO - [2024-06-18T15:21:32.915+0000] {dag.py:3954} INFO - Setting next_dagrun for example_xcom_args to None, run_after=None
[2024-06-18T15:21:32.920+0000] {logging_mixin.py:188} INFO - [2024-06-18T15:21:32.920+0000] {dag.py:3954} INFO - Setting next_dagrun for example_xcom_args_with_operators to None, run_after=None
[2024-06-18T15:21:32.967+0000] {processor.py:183} INFO - Processing /home/airflow/.local/lib/python3.12/site-packages/airflow/example_dags/example_xcomargs.py took 0.592 seconds
[2024-06-18T15:22:03.027+0000] {processor.py:161} INFO - Started process (PID=113) to work on /home/airflow/.local/lib/python3.12/site-packages/airflow/example_dags/example_xcomargs.py
[2024-06-18T15:22:03.029+0000] {processor.py:830} INFO - Processing file /home/airflow/.local/lib/python3.12/site-packages/airflow/example_dags/example_xcomargs.py for tasks to queue
[2024-06-18T15:22:03.031+0000] {logging_mixin.py:188} INFO - [2024-06-18T15:22:03.030+0000] {dagbag.py:545} INFO - Filling up the DagBag from /home/airflow/.local/lib/python3.12/site-packages/airflow/example_dags/example_xcomargs.py
[2024-06-18T15:22:03.039+0000] {processor.py:840} INFO - DAG(s) 'example_xcom_args_with_operators', 'example_xcom_args' retrieved from /home/airflow/.local/lib/python3.12/site-packages/airflow/example_dags/example_xcomargs.py
[2024-06-18T15:22:03.062+0000] {logging_mixin.py:188} INFO - [2024-06-18T15:22:03.062+0000] {dag.py:3096} INFO - Sync 2 DAGs
[2024-06-18T15:22:03.074+0000] {logging_mixin.py:188} INFO - [2024-06-18T15:22:03.074+0000] {dag.py:3954} INFO - Setting next_dagrun for example_xcom_args to None, run_after=None
[2024-06-18T15:22:03.078+0000] {logging_mixin.py:188} INFO - [2024-06-18T15:22:03.077+0000] {dag.py:3954} INFO - Setting next_dagrun for example_xcom_args_with_operators to None, run_after=None
[2024-06-18T15:22:03.094+0000] {processor.py:183} INFO - Processing /home/airflow/.local/lib/python3.12/site-packages/airflow/example_dags/example_xcomargs.py took 0.072 seconds
[2024-06-18T15:22:33.161+0000] {processor.py:161} INFO - Started process (PID=171) to work on /home/airflow/.local/lib/python3.12/site-packages/airflow/example_dags/example_xcomargs.py
[2024-06-18T15:22:33.163+0000] {processor.py:830} INFO - Processing file /home/airflow/.local/lib/python3.12/site-packages/airflow/example_dags/example_xcomargs.py for tasks to queue
[2024-06-18T15:22:33.165+0000] {logging_mixin.py:188} INFO - [2024-06-18T15:22:33.164+0000] {dagbag.py:545} INFO - Filling up the DagBag from /home/airflow/.local/lib/python3.12/site-packages/airflow/example_dags/example_xcomargs.py
[2024-06-18T15:22:33.172+0000] {processor.py:840} INFO - DAG(s) 'example_xcom_args_with_operators', 'example_xcom_args' retrieved from /home/airflow/.local/lib/python3.12/site-packages/airflow/example_dags/example_xcomargs.py
[2024-06-18T15:22:33.197+0000] {logging_mixin.py:188} INFO - [2024-06-18T15:22:33.196+0000] {dag.py:3096} INFO - Sync 2 DAGs
[2024-06-18T15:22:33.209+0000] {logging_mixin.py:188} INFO - [2024-06-18T15:22:33.209+0000] {dag.py:3954} INFO - Setting next_dagrun for example_xcom_args to None, run_after=None
[2024-06-18T15:22:33.215+0000] {logging_mixin.py:188} INFO - [2024-06-18T15:22:33.215+0000] {dag.py:3954} INFO - Setting next_dagrun for example_xcom_args_with_operators to None, run_after=None
[2024-06-18T15:22:33.240+0000] {processor.py:183} INFO - Processing /home/airflow/.local/lib/python3.12/site-packages/airflow/example_dags/example_xcomargs.py took 0.085 seconds
[2024-06-18T15:23:03.381+0000] {processor.py:161} INFO - Started process (PID=229) to work on /home/airflow/.local/lib/python3.12/site-packages/airflow/example_dags/example_xcomargs.py
[2024-06-18T15:23:03.382+0000] {processor.py:830} INFO - Processing file /home/airflow/.local/lib/python3.12/site-packages/airflow/example_dags/example_xcomargs.py for tasks to queue
[2024-06-18T15:23:03.384+0000] {logging_mixin.py:188} INFO - [2024-06-18T15:23:03.384+0000] {dagbag.py:545} INFO - Filling up the DagBag from /home/airflow/.local/lib/python3.12/site-packages/airflow/example_dags/example_xcomargs.py
[2024-06-18T15:23:03.393+0000] {processor.py:840} INFO - DAG(s) 'example_xcom_args_with_operators', 'example_xcom_args' retrieved from /home/airflow/.local/lib/python3.12/site-packages/airflow/example_dags/example_xcomargs.py
[2024-06-18T15:23:03.427+0000] {logging_mixin.py:188} INFO - [2024-06-18T15:23:03.427+0000] {dag.py:3096} INFO - Sync 2 DAGs
[2024-06-18T15:23:03.450+0000] {logging_mixin.py:188} INFO - [2024-06-18T15:23:03.450+0000] {dag.py:3954} INFO - Setting next_dagrun for example_xcom_args to None, run_after=None
[2024-06-18T15:23:03.456+0000] {logging_mixin.py:188} INFO - [2024-06-18T15:23:03.455+0000] {dag.py:3954} INFO - Setting next_dagrun for example_xcom_args_with_operators to None, run_after=None
[2024-06-18T15:23:03.477+0000] {processor.py:183} INFO - Processing /home/airflow/.local/lib/python3.12/site-packages/airflow/example_dags/example_xcomargs.py took 0.101 seconds
[2024-06-18T15:23:33.812+0000] {processor.py:161} INFO - Started process (PID=287) to work on /home/airflow/.local/lib/python3.12/site-packages/airflow/example_dags/example_xcomargs.py
[2024-06-18T15:23:33.813+0000] {processor.py:830} INFO - Processing file /home/airflow/.local/lib/python3.12/site-packages/airflow/example_dags/example_xcomargs.py for tasks to queue
[2024-06-18T15:23:33.815+0000] {logging_mixin.py:188} INFO - [2024-06-18T15:23:33.814+0000] {dagbag.py:545} INFO - Filling up the DagBag from /home/airflow/.local/lib/python3.12/site-packages/airflow/example_dags/example_xcomargs.py
[2024-06-18T15:23:33.822+0000] {processor.py:840} INFO - DAG(s) 'example_xcom_args', 'example_xcom_args_with_operators' retrieved from /home/airflow/.local/lib/python3.12/site-packages/airflow/example_dags/example_xcomargs.py
[2024-06-18T15:23:33.843+0000] {logging_mixin.py:188} INFO - [2024-06-18T15:23:33.842+0000] {dag.py:3096} INFO - Sync 2 DAGs
[2024-06-18T15:23:33.854+0000] {logging_mixin.py:188} INFO - [2024-06-18T15:23:33.854+0000] {dag.py:3954} INFO - Setting next_dagrun for example_xcom_args to None, run_after=None
[2024-06-18T15:23:33.858+0000] {logging_mixin.py:188} INFO - [2024-06-18T15:23:33.858+0000] {dag.py:3954} INFO - Setting next_dagrun for example_xcom_args_with_operators to None, run_after=None
[2024-06-18T15:23:33.878+0000] {processor.py:183} INFO - Processing /home/airflow/.local/lib/python3.12/site-packages/airflow/example_dags/example_xcomargs.py took 0.071 seconds
[2024-06-18T15:24:03.940+0000] {processor.py:161} INFO - Started process (PID=345) to work on /home/airflow/.local/lib/python3.12/site-packages/airflow/example_dags/example_xcomargs.py
[2024-06-18T15:24:03.941+0000] {processor.py:830} INFO - Processing file /home/airflow/.local/lib/python3.12/site-packages/airflow/example_dags/example_xcomargs.py for tasks to queue
[2024-06-18T15:24:03.943+0000] {logging_mixin.py:188} INFO - [2024-06-18T15:24:03.942+0000] {dagbag.py:545} INFO - Filling up the DagBag from /home/airflow/.local/lib/python3.12/site-packages/airflow/example_dags/example_xcomargs.py
[2024-06-18T15:24:03.951+0000] {processor.py:840} INFO - DAG(s) 'example_xcom_args_with_operators', 'example_xcom_args' retrieved from /home/airflow/.local/lib/python3.12/site-packages/airflow/example_dags/example_xcomargs.py
[2024-06-18T15:24:03.975+0000] {logging_mixin.py:188} INFO - [2024-06-18T15:24:03.975+0000] {dag.py:3096} INFO - Sync 2 DAGs
[2024-06-18T15:24:03.988+0000] {logging_mixin.py:188} INFO - [2024-06-18T15:24:03.987+0000] {dag.py:3954} INFO - Setting next_dagrun for example_xcom_args to None, run_after=None
[2024-06-18T15:24:03.993+0000] {logging_mixin.py:188} INFO - [2024-06-18T15:24:03.992+0000] {dag.py:3954} INFO - Setting next_dagrun for example_xcom_args_with_operators to None, run_after=None
[2024-06-18T15:24:04.011+0000] {processor.py:183} INFO - Processing /home/airflow/.local/lib/python3.12/site-packages/airflow/example_dags/example_xcomargs.py took 0.076 seconds
[2024-06-18T15:24:34.720+0000] {processor.py:161} INFO - Started process (PID=403) to work on /home/airflow/.local/lib/python3.12/site-packages/airflow/example_dags/example_xcomargs.py
[2024-06-18T15:24:34.721+0000] {processor.py:830} INFO - Processing file /home/airflow/.local/lib/python3.12/site-packages/airflow/example_dags/example_xcomargs.py for tasks to queue
[2024-06-18T15:24:34.723+0000] {logging_mixin.py:188} INFO - [2024-06-18T15:24:34.722+0000] {dagbag.py:545} INFO - Filling up the DagBag from /home/airflow/.local/lib/python3.12/site-packages/airflow/example_dags/example_xcomargs.py
[2024-06-18T15:24:34.730+0000] {processor.py:840} INFO - DAG(s) 'example_xcom_args_with_operators', 'example_xcom_args' retrieved from /home/airflow/.local/lib/python3.12/site-packages/airflow/example_dags/example_xcomargs.py
[2024-06-18T15:24:34.754+0000] {logging_mixin.py:188} INFO - [2024-06-18T15:24:34.753+0000] {dag.py:3096} INFO - Sync 2 DAGs
[2024-06-18T15:24:34.766+0000] {logging_mixin.py:188} INFO - [2024-06-18T15:24:34.766+0000] {dag.py:3954} INFO - Setting next_dagrun for example_xcom_args to None, run_after=None
[2024-06-18T15:24:34.770+0000] {logging_mixin.py:188} INFO - [2024-06-18T15:24:34.770+0000] {dag.py:3954} INFO - Setting next_dagrun for example_xcom_args_with_operators to None, run_after=None
[2024-06-18T15:24:34.790+0000] {processor.py:183} INFO - Processing /home/airflow/.local/lib/python3.12/site-packages/airflow/example_dags/example_xcomargs.py took 0.075 seconds
[2024-06-18T15:25:05.348+0000] {processor.py:161} INFO - Started process (PID=461) to work on /home/airflow/.local/lib/python3.12/site-packages/airflow/example_dags/example_xcomargs.py
[2024-06-18T15:25:05.349+0000] {processor.py:830} INFO - Processing file /home/airflow/.local/lib/python3.12/site-packages/airflow/example_dags/example_xcomargs.py for tasks to queue
[2024-06-18T15:25:05.351+0000] {logging_mixin.py:188} INFO - [2024-06-18T15:25:05.351+0000] {dagbag.py:545} INFO - Filling up the DagBag from /home/airflow/.local/lib/python3.12/site-packages/airflow/example_dags/example_xcomargs.py
[2024-06-18T15:25:05.358+0000] {processor.py:840} INFO - DAG(s) 'example_xcom_args_with_operators', 'example_xcom_args' retrieved from /home/airflow/.local/lib/python3.12/site-packages/airflow/example_dags/example_xcomargs.py
[2024-06-18T15:25:05.380+0000] {logging_mixin.py:188} INFO - [2024-06-18T15:25:05.380+0000] {dag.py:3096} INFO - Sync 2 DAGs
[2024-06-18T15:25:05.392+0000] {logging_mixin.py:188} INFO - [2024-06-18T15:25:05.392+0000] {dag.py:3954} INFO - Setting next_dagrun for example_xcom_args to None, run_after=None
[2024-06-18T15:25:05.396+0000] {logging_mixin.py:188} INFO - [2024-06-18T15:25:05.396+0000] {dag.py:3954} INFO - Setting next_dagrun for example_xcom_args_with_operators to None, run_after=None
[2024-06-18T15:25:05.417+0000] {processor.py:183} INFO - Processing /home/airflow/.local/lib/python3.12/site-packages/airflow/example_dags/example_xcomargs.py took 0.074 seconds
[2024-06-18T15:25:35.631+0000] {processor.py:161} INFO - Started process (PID=519) to work on /home/airflow/.local/lib/python3.12/site-packages/airflow/example_dags/example_xcomargs.py
[2024-06-18T15:25:35.632+0000] {processor.py:830} INFO - Processing file /home/airflow/.local/lib/python3.12/site-packages/airflow/example_dags/example_xcomargs.py for tasks to queue
[2024-06-18T15:25:35.634+0000] {logging_mixin.py:188} INFO - [2024-06-18T15:25:35.633+0000] {dagbag.py:545} INFO - Filling up the DagBag from /home/airflow/.local/lib/python3.12/site-packages/airflow/example_dags/example_xcomargs.py
[2024-06-18T15:25:35.641+0000] {processor.py:840} INFO - DAG(s) 'example_xcom_args_with_operators', 'example_xcom_args' retrieved from /home/airflow/.local/lib/python3.12/site-packages/airflow/example_dags/example_xcomargs.py
[2024-06-18T15:25:35.661+0000] {logging_mixin.py:188} INFO - [2024-06-18T15:25:35.661+0000] {dag.py:3096} INFO - Sync 2 DAGs
[2024-06-18T15:25:35.673+0000] {logging_mixin.py:188} INFO - [2024-06-18T15:25:35.673+0000] {dag.py:3954} INFO - Setting next_dagrun for example_xcom_args to None, run_after=None
[2024-06-18T15:25:35.678+0000] {logging_mixin.py:188} INFO - [2024-06-18T15:25:35.677+0000] {dag.py:3954} INFO - Setting next_dagrun for example_xcom_args_with_operators to None, run_after=None
[2024-06-18T15:25:35.697+0000] {processor.py:183} INFO - Processing /home/airflow/.local/lib/python3.12/site-packages/airflow/example_dags/example_xcomargs.py took 0.071 seconds
[2024-06-18T15:26:05.897+0000] {processor.py:161} INFO - Started process (PID=577) to work on /home/airflow/.local/lib/python3.12/site-packages/airflow/example_dags/example_xcomargs.py
[2024-06-18T15:26:05.898+0000] {processor.py:830} INFO - Processing file /home/airflow/.local/lib/python3.12/site-packages/airflow/example_dags/example_xcomargs.py for tasks to queue
[2024-06-18T15:26:05.899+0000] {logging_mixin.py:188} INFO - [2024-06-18T15:26:05.899+0000] {dagbag.py:545} INFO - Filling up the DagBag from /home/airflow/.local/lib/python3.12/site-packages/airflow/example_dags/example_xcomargs.py
[2024-06-18T15:26:05.906+0000] {processor.py:840} INFO - DAG(s) 'example_xcom_args_with_operators', 'example_xcom_args' retrieved from /home/airflow/.local/lib/python3.12/site-packages/airflow/example_dags/example_xcomargs.py
[2024-06-18T15:26:05.929+0000] {logging_mixin.py:188} INFO - [2024-06-18T15:26:05.929+0000] {dag.py:3096} INFO - Sync 2 DAGs
[2024-06-18T15:26:05.941+0000] {logging_mixin.py:188} INFO - [2024-06-18T15:26:05.941+0000] {dag.py:3954} INFO - Setting next_dagrun for example_xcom_args to None, run_after=None
[2024-06-18T15:26:05.945+0000] {logging_mixin.py:188} INFO - [2024-06-18T15:26:05.945+0000] {dag.py:3954} INFO - Setting next_dagrun for example_xcom_args_with_operators to None, run_after=None
[2024-06-18T15:26:05.965+0000] {processor.py:183} INFO - Processing /home/airflow/.local/lib/python3.12/site-packages/airflow/example_dags/example_xcomargs.py took 0.074 seconds
[2024-06-18T15:26:36.282+0000] {processor.py:161} INFO - Started process (PID=635) to work on /home/airflow/.local/lib/python3.12/site-packages/airflow/example_dags/example_xcomargs.py
[2024-06-18T15:26:36.283+0000] {processor.py:830} INFO - Processing file /home/airflow/.local/lib/python3.12/site-packages/airflow/example_dags/example_xcomargs.py for tasks to queue
[2024-06-18T15:26:36.285+0000] {logging_mixin.py:188} INFO - [2024-06-18T15:26:36.284+0000] {dagbag.py:545} INFO - Filling up the DagBag from /home/airflow/.local/lib/python3.12/site-packages/airflow/example_dags/example_xcomargs.py
[2024-06-18T15:26:36.293+0000] {processor.py:840} INFO - DAG(s) 'example_xcom_args_with_operators', 'example_xcom_args' retrieved from /home/airflow/.local/lib/python3.12/site-packages/airflow/example_dags/example_xcomargs.py
[2024-06-18T15:26:36.318+0000] {logging_mixin.py:188} INFO - [2024-06-18T15:26:36.318+0000] {dag.py:3096} INFO - Sync 2 DAGs
[2024-06-18T15:26:36.334+0000] {logging_mixin.py:188} INFO - [2024-06-18T15:26:36.334+0000] {dag.py:3954} INFO - Setting next_dagrun for example_xcom_args to None, run_after=None
[2024-06-18T15:26:36.338+0000] {logging_mixin.py:188} INFO - [2024-06-18T15:26:36.338+0000] {dag.py:3954} INFO - Setting next_dagrun for example_xcom_args_with_operators to None, run_after=None
[2024-06-18T15:26:36.356+0000] {processor.py:183} INFO - Processing /home/airflow/.local/lib/python3.12/site-packages/airflow/example_dags/example_xcomargs.py took 0.080 seconds
[2024-06-18T15:27:06.719+0000] {processor.py:161} INFO - Started process (PID=693) to work on /home/airflow/.local/lib/python3.12/site-packages/airflow/example_dags/example_xcomargs.py
[2024-06-18T15:27:06.720+0000] {processor.py:830} INFO - Processing file /home/airflow/.local/lib/python3.12/site-packages/airflow/example_dags/example_xcomargs.py for tasks to queue
[2024-06-18T15:27:06.722+0000] {logging_mixin.py:188} INFO - [2024-06-18T15:27:06.721+0000] {dagbag.py:545} INFO - Filling up the DagBag from /home/airflow/.local/lib/python3.12/site-packages/airflow/example_dags/example_xcomargs.py
[2024-06-18T15:27:06.729+0000] {processor.py:840} INFO - DAG(s) 'example_xcom_args', 'example_xcom_args_with_operators' retrieved from /home/airflow/.local/lib/python3.12/site-packages/airflow/example_dags/example_xcomargs.py
[2024-06-18T15:27:06.752+0000] {logging_mixin.py:188} INFO - [2024-06-18T15:27:06.752+0000] {dag.py:3096} INFO - Sync 2 DAGs
[2024-06-18T15:27:06.764+0000] {logging_mixin.py:188} INFO - [2024-06-18T15:27:06.764+0000] {dag.py:3954} INFO - Setting next_dagrun for example_xcom_args to None, run_after=None
[2024-06-18T15:27:06.768+0000] {logging_mixin.py:188} INFO - [2024-06-18T15:27:06.768+0000] {dag.py:3954} INFO - Setting next_dagrun for example_xcom_args_with_operators to None, run_after=None
[2024-06-18T15:27:06.788+0000] {processor.py:183} INFO - Processing /home/airflow/.local/lib/python3.12/site-packages/airflow/example_dags/example_xcomargs.py took 0.074 seconds
[2024-06-18T15:27:37.110+0000] {processor.py:161} INFO - Started process (PID=751) to work on /home/airflow/.local/lib/python3.12/site-packages/airflow/example_dags/example_xcomargs.py
[2024-06-18T15:27:37.111+0000] {processor.py:830} INFO - Processing file /home/airflow/.local/lib/python3.12/site-packages/airflow/example_dags/example_xcomargs.py for tasks to queue
[2024-06-18T15:27:37.113+0000] {logging_mixin.py:188} INFO - [2024-06-18T15:27:37.112+0000] {dagbag.py:545} INFO - Filling up the DagBag from /home/airflow/.local/lib/python3.12/site-packages/airflow/example_dags/example_xcomargs.py
[2024-06-18T15:27:37.120+0000] {processor.py:840} INFO - DAG(s) 'example_xcom_args_with_operators', 'example_xcom_args' retrieved from /home/airflow/.local/lib/python3.12/site-packages/airflow/example_dags/example_xcomargs.py
[2024-06-18T15:27:37.140+0000] {logging_mixin.py:188} INFO - [2024-06-18T15:27:37.140+0000] {dag.py:3096} INFO - Sync 2 DAGs
[2024-06-18T15:27:37.152+0000] {logging_mixin.py:188} INFO - [2024-06-18T15:27:37.152+0000] {dag.py:3954} INFO - Setting next_dagrun for example_xcom_args to None, run_after=None
[2024-06-18T15:27:37.156+0000] {logging_mixin.py:188} INFO - [2024-06-18T15:27:37.156+0000] {dag.py:3954} INFO - Setting next_dagrun for example_xcom_args_with_operators to None, run_after=None
[2024-06-18T15:27:37.174+0000] {processor.py:183} INFO - Processing /home/airflow/.local/lib/python3.12/site-packages/airflow/example_dags/example_xcomargs.py took 0.069 seconds
[2024-06-18T15:28:07.281+0000] {processor.py:161} INFO - Started process (PID=809) to work on /home/airflow/.local/lib/python3.12/site-packages/airflow/example_dags/example_xcomargs.py
[2024-06-18T15:28:07.282+0000] {processor.py:830} INFO - Processing file /home/airflow/.local/lib/python3.12/site-packages/airflow/example_dags/example_xcomargs.py for tasks to queue
[2024-06-18T15:28:07.284+0000] {logging_mixin.py:188} INFO - [2024-06-18T15:28:07.284+0000] {dagbag.py:545} INFO - Filling up the DagBag from /home/airflow/.local/lib/python3.12/site-packages/airflow/example_dags/example_xcomargs.py
[2024-06-18T15:28:07.291+0000] {processor.py:840} INFO - DAG(s) 'example_xcom_args_with_operators', 'example_xcom_args' retrieved from /home/airflow/.local/lib/python3.12/site-packages/airflow/example_dags/example_xcomargs.py
[2024-06-18T15:28:07.311+0000] {logging_mixin.py:188} INFO - [2024-06-18T15:28:07.311+0000] {dag.py:3096} INFO - Sync 2 DAGs
[2024-06-18T15:28:07.323+0000] {logging_mixin.py:188} INFO - [2024-06-18T15:28:07.323+0000] {dag.py:3954} INFO - Setting next_dagrun for example_xcom_args to None, run_after=None
[2024-06-18T15:28:07.327+0000] {logging_mixin.py:188} INFO - [2024-06-18T15:28:07.327+0000] {dag.py:3954} INFO - Setting next_dagrun for example_xcom_args_with_operators to None, run_after=None
[2024-06-18T15:28:07.346+0000] {processor.py:183} INFO - Processing /home/airflow/.local/lib/python3.12/site-packages/airflow/example_dags/example_xcomargs.py took 0.069 seconds
[2024-06-18T15:28:37.733+0000] {processor.py:161} INFO - Started process (PID=867) to work on /home/airflow/.local/lib/python3.12/site-packages/airflow/example_dags/example_xcomargs.py
[2024-06-18T15:28:37.734+0000] {processor.py:830} INFO - Processing file /home/airflow/.local/lib/python3.12/site-packages/airflow/example_dags/example_xcomargs.py for tasks to queue
[2024-06-18T15:28:37.736+0000] {logging_mixin.py:188} INFO - [2024-06-18T15:28:37.735+0000] {dagbag.py:545} INFO - Filling up the DagBag from /home/airflow/.local/lib/python3.12/site-packages/airflow/example_dags/example_xcomargs.py
[2024-06-18T15:28:37.744+0000] {processor.py:840} INFO - DAG(s) 'example_xcom_args_with_operators', 'example_xcom_args' retrieved from /home/airflow/.local/lib/python3.12/site-packages/airflow/example_dags/example_xcomargs.py
[2024-06-18T15:28:37.765+0000] {logging_mixin.py:188} INFO - [2024-06-18T15:28:37.765+0000] {dag.py:3096} INFO - Sync 2 DAGs
[2024-06-18T15:28:37.777+0000] {logging_mixin.py:188} INFO - [2024-06-18T15:28:37.777+0000] {dag.py:3954} INFO - Setting next_dagrun for example_xcom_args to None, run_after=None
[2024-06-18T15:28:37.781+0000] {logging_mixin.py:188} INFO - [2024-06-18T15:28:37.781+0000] {dag.py:3954} INFO - Setting next_dagrun for example_xcom_args_with_operators to None, run_after=None
[2024-06-18T15:28:37.798+0000] {processor.py:183} INFO - Processing /home/airflow/.local/lib/python3.12/site-packages/airflow/example_dags/example_xcomargs.py took 0.071 seconds
[2024-06-18T15:29:08.106+0000] {processor.py:161} INFO - Started process (PID=925) to work on /home/airflow/.local/lib/python3.12/site-packages/airflow/example_dags/example_xcomargs.py
[2024-06-18T15:29:08.107+0000] {processor.py:830} INFO - Processing file /home/airflow/.local/lib/python3.12/site-packages/airflow/example_dags/example_xcomargs.py for tasks to queue
[2024-06-18T15:29:08.109+0000] {logging_mixin.py:188} INFO - [2024-06-18T15:29:08.109+0000] {dagbag.py:545} INFO - Filling up the DagBag from /home/airflow/.local/lib/python3.12/site-packages/airflow/example_dags/example_xcomargs.py
[2024-06-18T15:29:08.116+0000] {processor.py:840} INFO - DAG(s) 'example_xcom_args', 'example_xcom_args_with_operators' retrieved from /home/airflow/.local/lib/python3.12/site-packages/airflow/example_dags/example_xcomargs.py
[2024-06-18T15:29:08.137+0000] {logging_mixin.py:188} INFO - [2024-06-18T15:29:08.136+0000] {dag.py:3096} INFO - Sync 2 DAGs
[2024-06-18T15:29:08.148+0000] {logging_mixin.py:188} INFO - [2024-06-18T15:29:08.148+0000] {dag.py:3954} INFO - Setting next_dagrun for example_xcom_args to None, run_after=None
[2024-06-18T15:29:08.152+0000] {logging_mixin.py:188} INFO - [2024-06-18T15:29:08.152+0000] {dag.py:3954} INFO - Setting next_dagrun for example_xcom_args_with_operators to None, run_after=None
[2024-06-18T15:29:08.167+0000] {processor.py:183} INFO - Processing /home/airflow/.local/lib/python3.12/site-packages/airflow/example_dags/example_xcomargs.py took 0.066 seconds
[2024-06-18T15:29:38.487+0000] {processor.py:161} INFO - Started process (PID=983) to work on /home/airflow/.local/lib/python3.12/site-packages/airflow/example_dags/example_xcomargs.py
[2024-06-18T15:29:38.489+0000] {processor.py:830} INFO - Processing file /home/airflow/.local/lib/python3.12/site-packages/airflow/example_dags/example_xcomargs.py for tasks to queue
[2024-06-18T15:29:38.494+0000] {logging_mixin.py:188} INFO - [2024-06-18T15:29:38.493+0000] {dagbag.py:545} INFO - Filling up the DagBag from /home/airflow/.local/lib/python3.12/site-packages/airflow/example_dags/example_xcomargs.py
[2024-06-18T15:29:38.507+0000] {processor.py:840} INFO - DAG(s) 'example_xcom_args_with_operators', 'example_xcom_args' retrieved from /home/airflow/.local/lib/python3.12/site-packages/airflow/example_dags/example_xcomargs.py
[2024-06-18T15:29:38.543+0000] {logging_mixin.py:188} INFO - [2024-06-18T15:29:38.543+0000] {dag.py:3096} INFO - Sync 2 DAGs
[2024-06-18T15:29:38.562+0000] {logging_mixin.py:188} INFO - [2024-06-18T15:29:38.562+0000] {dag.py:3954} INFO - Setting next_dagrun for example_xcom_args to None, run_after=None
[2024-06-18T15:29:38.568+0000] {logging_mixin.py:188} INFO - [2024-06-18T15:29:38.567+0000] {dag.py:3954} INFO - Setting next_dagrun for example_xcom_args_with_operators to None, run_after=None
[2024-06-18T15:29:38.598+0000] {processor.py:183} INFO - Processing /home/airflow/.local/lib/python3.12/site-packages/airflow/example_dags/example_xcomargs.py took 0.120 seconds
[2024-06-18T15:30:09.281+0000] {processor.py:161} INFO - Started process (PID=1041) to work on /home/airflow/.local/lib/python3.12/site-packages/airflow/example_dags/example_xcomargs.py
[2024-06-18T15:30:09.283+0000] {processor.py:830} INFO - Processing file /home/airflow/.local/lib/python3.12/site-packages/airflow/example_dags/example_xcomargs.py for tasks to queue
[2024-06-18T15:30:09.300+0000] {logging_mixin.py:188} INFO - [2024-06-18T15:30:09.299+0000] {dagbag.py:545} INFO - Filling up the DagBag from /home/airflow/.local/lib/python3.12/site-packages/airflow/example_dags/example_xcomargs.py
[2024-06-18T15:30:09.346+0000] {processor.py:840} INFO - DAG(s) 'example_xcom_args_with_operators', 'example_xcom_args' retrieved from /home/airflow/.local/lib/python3.12/site-packages/airflow/example_dags/example_xcomargs.py
[2024-06-18T15:30:09.456+0000] {logging_mixin.py:188} INFO - [2024-06-18T15:30:09.455+0000] {dag.py:3096} INFO - Sync 2 DAGs
[2024-06-18T15:30:09.537+0000] {logging_mixin.py:188} INFO - [2024-06-18T15:30:09.536+0000] {dag.py:3954} INFO - Setting next_dagrun for example_xcom_args to None, run_after=None
[2024-06-18T15:30:09.565+0000] {logging_mixin.py:188} INFO - [2024-06-18T15:30:09.565+0000] {dag.py:3954} INFO - Setting next_dagrun for example_xcom_args_with_operators to None, run_after=None
[2024-06-18T15:30:09.689+0000] {processor.py:183} INFO - Processing /home/airflow/.local/lib/python3.12/site-packages/airflow/example_dags/example_xcomargs.py took 0.504 seconds
[2024-06-18T15:30:40.333+0000] {processor.py:161} INFO - Started process (PID=1099) to work on /home/airflow/.local/lib/python3.12/site-packages/airflow/example_dags/example_xcomargs.py
[2024-06-18T15:30:40.334+0000] {processor.py:830} INFO - Processing file /home/airflow/.local/lib/python3.12/site-packages/airflow/example_dags/example_xcomargs.py for tasks to queue
[2024-06-18T15:30:40.336+0000] {logging_mixin.py:188} INFO - [2024-06-18T15:30:40.336+0000] {dagbag.py:545} INFO - Filling up the DagBag from /home/airflow/.local/lib/python3.12/site-packages/airflow/example_dags/example_xcomargs.py
[2024-06-18T15:30:40.351+0000] {processor.py:840} INFO - DAG(s) 'example_xcom_args_with_operators', 'example_xcom_args' retrieved from /home/airflow/.local/lib/python3.12/site-packages/airflow/example_dags/example_xcomargs.py
[2024-06-18T15:30:40.416+0000] {logging_mixin.py:188} INFO - [2024-06-18T15:30:40.415+0000] {dag.py:3096} INFO - Sync 2 DAGs
[2024-06-18T15:30:40.459+0000] {logging_mixin.py:188} INFO - [2024-06-18T15:30:40.459+0000] {dag.py:3954} INFO - Setting next_dagrun for example_xcom_args to None, run_after=None
[2024-06-18T15:30:40.473+0000] {logging_mixin.py:188} INFO - [2024-06-18T15:30:40.472+0000] {dag.py:3954} INFO - Setting next_dagrun for example_xcom_args_with_operators to None, run_after=None
[2024-06-18T15:30:40.536+0000] {processor.py:183} INFO - Processing /home/airflow/.local/lib/python3.12/site-packages/airflow/example_dags/example_xcomargs.py took 0.215 seconds
[2024-06-18T15:31:11.001+0000] {processor.py:161} INFO - Started process (PID=1157) to work on /home/airflow/.local/lib/python3.12/site-packages/airflow/example_dags/example_xcomargs.py
[2024-06-18T15:31:11.002+0000] {processor.py:830} INFO - Processing file /home/airflow/.local/lib/python3.12/site-packages/airflow/example_dags/example_xcomargs.py for tasks to queue
[2024-06-18T15:31:11.003+0000] {logging_mixin.py:188} INFO - [2024-06-18T15:31:11.003+0000] {dagbag.py:545} INFO - Filling up the DagBag from /home/airflow/.local/lib/python3.12/site-packages/airflow/example_dags/example_xcomargs.py
[2024-06-18T15:31:11.013+0000] {processor.py:840} INFO - DAG(s) 'example_xcom_args_with_operators', 'example_xcom_args' retrieved from /home/airflow/.local/lib/python3.12/site-packages/airflow/example_dags/example_xcomargs.py
[2024-06-18T15:31:11.041+0000] {logging_mixin.py:188} INFO - [2024-06-18T15:31:11.041+0000] {dag.py:3096} INFO - Sync 2 DAGs
[2024-06-18T15:31:11.055+0000] {logging_mixin.py:188} INFO - [2024-06-18T15:31:11.055+0000] {dag.py:3954} INFO - Setting next_dagrun for example_xcom_args to None, run_after=None
[2024-06-18T15:31:11.060+0000] {logging_mixin.py:188} INFO - [2024-06-18T15:31:11.060+0000] {dag.py:3954} INFO - Setting next_dagrun for example_xcom_args_with_operators to None, run_after=None
[2024-06-18T15:31:11.080+0000] {processor.py:183} INFO - Processing /home/airflow/.local/lib/python3.12/site-packages/airflow/example_dags/example_xcomargs.py took 0.085 seconds
[2024-06-18T15:31:41.380+0000] {processor.py:161} INFO - Started process (PID=1215) to work on /home/airflow/.local/lib/python3.12/site-packages/airflow/example_dags/example_xcomargs.py
[2024-06-18T15:31:41.381+0000] {processor.py:830} INFO - Processing file /home/airflow/.local/lib/python3.12/site-packages/airflow/example_dags/example_xcomargs.py for tasks to queue
[2024-06-18T15:31:41.383+0000] {logging_mixin.py:188} INFO - [2024-06-18T15:31:41.383+0000] {dagbag.py:545} INFO - Filling up the DagBag from /home/airflow/.local/lib/python3.12/site-packages/airflow/example_dags/example_xcomargs.py
[2024-06-18T15:31:41.390+0000] {processor.py:840} INFO - DAG(s) 'example_xcom_args_with_operators', 'example_xcom_args' retrieved from /home/airflow/.local/lib/python3.12/site-packages/airflow/example_dags/example_xcomargs.py
[2024-06-18T15:31:41.416+0000] {logging_mixin.py:188} INFO - [2024-06-18T15:31:41.415+0000] {dag.py:3096} INFO - Sync 2 DAGs
[2024-06-18T15:31:41.431+0000] {logging_mixin.py:188} INFO - [2024-06-18T15:31:41.430+0000] {dag.py:3954} INFO - Setting next_dagrun for example_xcom_args to None, run_after=None
[2024-06-18T15:31:41.436+0000] {logging_mixin.py:188} INFO - [2024-06-18T15:31:41.436+0000] {dag.py:3954} INFO - Setting next_dagrun for example_xcom_args_with_operators to None, run_after=None
[2024-06-18T15:31:41.454+0000] {processor.py:183} INFO - Processing /home/airflow/.local/lib/python3.12/site-packages/airflow/example_dags/example_xcomargs.py took 0.080 seconds
[2024-06-18T15:32:11.788+0000] {processor.py:161} INFO - Started process (PID=1273) to work on /home/airflow/.local/lib/python3.12/site-packages/airflow/example_dags/example_xcomargs.py
[2024-06-18T15:32:11.789+0000] {processor.py:830} INFO - Processing file /home/airflow/.local/lib/python3.12/site-packages/airflow/example_dags/example_xcomargs.py for tasks to queue
[2024-06-18T15:32:11.790+0000] {logging_mixin.py:188} INFO - [2024-06-18T15:32:11.790+0000] {dagbag.py:545} INFO - Filling up the DagBag from /home/airflow/.local/lib/python3.12/site-packages/airflow/example_dags/example_xcomargs.py
[2024-06-18T15:32:11.799+0000] {processor.py:840} INFO - DAG(s) 'example_xcom_args_with_operators', 'example_xcom_args' retrieved from /home/airflow/.local/lib/python3.12/site-packages/airflow/example_dags/example_xcomargs.py
[2024-06-18T15:32:11.824+0000] {logging_mixin.py:188} INFO - [2024-06-18T15:32:11.823+0000] {dag.py:3096} INFO - Sync 2 DAGs
[2024-06-18T15:32:11.837+0000] {logging_mixin.py:188} INFO - [2024-06-18T15:32:11.837+0000] {dag.py:3954} INFO - Setting next_dagrun for example_xcom_args to None, run_after=None
[2024-06-18T15:32:11.841+0000] {logging_mixin.py:188} INFO - [2024-06-18T15:32:11.841+0000] {dag.py:3954} INFO - Setting next_dagrun for example_xcom_args_with_operators to None, run_after=None
[2024-06-18T15:32:11.862+0000] {processor.py:183} INFO - Processing /home/airflow/.local/lib/python3.12/site-packages/airflow/example_dags/example_xcomargs.py took 0.079 seconds
[2024-06-18T15:32:42.499+0000] {processor.py:161} INFO - Started process (PID=1331) to work on /home/airflow/.local/lib/python3.12/site-packages/airflow/example_dags/example_xcomargs.py
[2024-06-18T15:32:42.500+0000] {processor.py:830} INFO - Processing file /home/airflow/.local/lib/python3.12/site-packages/airflow/example_dags/example_xcomargs.py for tasks to queue
[2024-06-18T15:32:42.502+0000] {logging_mixin.py:188} INFO - [2024-06-18T15:32:42.502+0000] {dagbag.py:545} INFO - Filling up the DagBag from /home/airflow/.local/lib/python3.12/site-packages/airflow/example_dags/example_xcomargs.py
[2024-06-18T15:32:42.512+0000] {processor.py:840} INFO - DAG(s) 'example_xcom_args', 'example_xcom_args_with_operators' retrieved from /home/airflow/.local/lib/python3.12/site-packages/airflow/example_dags/example_xcomargs.py
[2024-06-18T15:32:42.544+0000] {logging_mixin.py:188} INFO - [2024-06-18T15:32:42.544+0000] {dag.py:3096} INFO - Sync 2 DAGs
[2024-06-18T15:32:42.563+0000] {logging_mixin.py:188} INFO - [2024-06-18T15:32:42.562+0000] {dag.py:3954} INFO - Setting next_dagrun for example_xcom_args to None, run_after=None
[2024-06-18T15:32:42.568+0000] {logging_mixin.py:188} INFO - [2024-06-18T15:32:42.567+0000] {dag.py:3954} INFO - Setting next_dagrun for example_xcom_args_with_operators to None, run_after=None
[2024-06-18T15:32:42.592+0000] {processor.py:183} INFO - Processing /home/airflow/.local/lib/python3.12/site-packages/airflow/example_dags/example_xcomargs.py took 0.098 seconds
[2024-06-18T15:33:13.042+0000] {processor.py:161} INFO - Started process (PID=1387) to work on /home/airflow/.local/lib/python3.12/site-packages/airflow/example_dags/example_xcomargs.py
[2024-06-18T15:33:13.045+0000] {processor.py:830} INFO - Processing file /home/airflow/.local/lib/python3.12/site-packages/airflow/example_dags/example_xcomargs.py for tasks to queue
[2024-06-18T15:33:13.049+0000] {logging_mixin.py:188} INFO - [2024-06-18T15:33:13.048+0000] {dagbag.py:545} INFO - Filling up the DagBag from /home/airflow/.local/lib/python3.12/site-packages/airflow/example_dags/example_xcomargs.py
[2024-06-18T15:33:13.060+0000] {processor.py:840} INFO - DAG(s) 'example_xcom_args_with_operators', 'example_xcom_args' retrieved from /home/airflow/.local/lib/python3.12/site-packages/airflow/example_dags/example_xcomargs.py
[2024-06-18T15:33:13.094+0000] {logging_mixin.py:188} INFO - [2024-06-18T15:33:13.094+0000] {dag.py:3096} INFO - Sync 2 DAGs
[2024-06-18T15:33:13.117+0000] {logging_mixin.py:188} INFO - [2024-06-18T15:33:13.116+0000] {dag.py:3954} INFO - Setting next_dagrun for example_xcom_args to None, run_after=None
[2024-06-18T15:33:13.122+0000] {logging_mixin.py:188} INFO - [2024-06-18T15:33:13.121+0000] {dag.py:3954} INFO - Setting next_dagrun for example_xcom_args_with_operators to None, run_after=None
[2024-06-18T15:33:13.144+0000] {processor.py:183} INFO - Processing /home/airflow/.local/lib/python3.12/site-packages/airflow/example_dags/example_xcomargs.py took 0.109 seconds
[2024-06-18T15:33:43.393+0000] {processor.py:161} INFO - Started process (PID=1445) to work on /home/airflow/.local/lib/python3.12/site-packages/airflow/example_dags/example_xcomargs.py
[2024-06-18T15:33:43.395+0000] {processor.py:830} INFO - Processing file /home/airflow/.local/lib/python3.12/site-packages/airflow/example_dags/example_xcomargs.py for tasks to queue
[2024-06-18T15:33:43.396+0000] {logging_mixin.py:188} INFO - [2024-06-18T15:33:43.396+0000] {dagbag.py:545} INFO - Filling up the DagBag from /home/airflow/.local/lib/python3.12/site-packages/airflow/example_dags/example_xcomargs.py
[2024-06-18T15:33:43.405+0000] {processor.py:840} INFO - DAG(s) 'example_xcom_args', 'example_xcom_args_with_operators' retrieved from /home/airflow/.local/lib/python3.12/site-packages/airflow/example_dags/example_xcomargs.py
[2024-06-18T15:33:43.431+0000] {logging_mixin.py:188} INFO - [2024-06-18T15:33:43.431+0000] {dag.py:3096} INFO - Sync 2 DAGs
[2024-06-18T15:33:43.446+0000] {logging_mixin.py:188} INFO - [2024-06-18T15:33:43.446+0000] {dag.py:3954} INFO - Setting next_dagrun for example_xcom_args to None, run_after=None
[2024-06-18T15:33:43.452+0000] {logging_mixin.py:188} INFO - [2024-06-18T15:33:43.451+0000] {dag.py:3954} INFO - Setting next_dagrun for example_xcom_args_with_operators to None, run_after=None
[2024-06-18T15:33:43.478+0000] {processor.py:183} INFO - Processing /home/airflow/.local/lib/python3.12/site-packages/airflow/example_dags/example_xcomargs.py took 0.090 seconds
