[2024-06-18T15:21:22.642+0000] {processor.py:161} INFO - Started process (PID=33) to work on /home/airflow/.local/lib/python3.12/site-packages/airflow/example_dags/example_setup_teardown.py
[2024-06-18T15:21:22.643+0000] {processor.py:830} INFO - Processing file /home/airflow/.local/lib/python3.12/site-packages/airflow/example_dags/example_setup_teardown.py for tasks to queue
[2024-06-18T15:21:22.646+0000] {logging_mixin.py:188} INFO - [2024-06-18T15:21:22.645+0000] {dagbag.py:545} INFO - Filling up the DagBag from /home/airflow/.local/lib/python3.12/site-packages/airflow/example_dags/example_setup_teardown.py
[2024-06-18T15:21:22.663+0000] {processor.py:840} INFO - DAG(s) 'example_setup_teardown' retrieved from /home/airflow/.local/lib/python3.12/site-packages/airflow/example_dags/example_setup_teardown.py
[2024-06-18T15:21:22.901+0000] {logging_mixin.py:188} INFO - [2024-06-18T15:21:22.901+0000] {dag.py:3096} INFO - Sync 1 DAGs
[2024-06-18T15:21:22.942+0000] {logging_mixin.py:188} INFO - [2024-06-18T15:21:22.942+0000] {dag.py:3954} INFO - Setting next_dagrun for example_setup_teardown to 2024-06-17 00:00:00+00:00, run_after=2024-06-18 00:00:00+00:00
[2024-06-18T15:21:23.009+0000] {processor.py:183} INFO - Processing /home/airflow/.local/lib/python3.12/site-packages/airflow/example_dags/example_setup_teardown.py took 0.374 seconds
[2024-06-18T15:21:53.301+0000] {processor.py:161} INFO - Started process (PID=90) to work on /home/airflow/.local/lib/python3.12/site-packages/airflow/example_dags/example_setup_teardown.py
[2024-06-18T15:21:53.303+0000] {processor.py:830} INFO - Processing file /home/airflow/.local/lib/python3.12/site-packages/airflow/example_dags/example_setup_teardown.py for tasks to queue
[2024-06-18T15:21:53.307+0000] {logging_mixin.py:188} INFO - [2024-06-18T15:21:53.306+0000] {dagbag.py:545} INFO - Filling up the DagBag from /home/airflow/.local/lib/python3.12/site-packages/airflow/example_dags/example_setup_teardown.py
[2024-06-18T15:21:53.320+0000] {processor.py:840} INFO - DAG(s) 'example_setup_teardown' retrieved from /home/airflow/.local/lib/python3.12/site-packages/airflow/example_dags/example_setup_teardown.py
[2024-06-18T15:21:53.359+0000] {logging_mixin.py:188} INFO - [2024-06-18T15:21:53.358+0000] {dag.py:3096} INFO - Sync 1 DAGs
[2024-06-18T15:21:53.405+0000] {logging_mixin.py:188} INFO - [2024-06-18T15:21:53.405+0000] {dag.py:3954} INFO - Setting next_dagrun for example_setup_teardown to 2024-06-17 00:00:00+00:00, run_after=2024-06-18 00:00:00+00:00
[2024-06-18T15:21:53.436+0000] {processor.py:183} INFO - Processing /home/airflow/.local/lib/python3.12/site-packages/airflow/example_dags/example_setup_teardown.py took 0.145 seconds
[2024-06-18T15:22:23.753+0000] {processor.py:161} INFO - Started process (PID=148) to work on /home/airflow/.local/lib/python3.12/site-packages/airflow/example_dags/example_setup_teardown.py
[2024-06-18T15:22:23.755+0000] {processor.py:830} INFO - Processing file /home/airflow/.local/lib/python3.12/site-packages/airflow/example_dags/example_setup_teardown.py for tasks to queue
[2024-06-18T15:22:23.757+0000] {logging_mixin.py:188} INFO - [2024-06-18T15:22:23.756+0000] {dagbag.py:545} INFO - Filling up the DagBag from /home/airflow/.local/lib/python3.12/site-packages/airflow/example_dags/example_setup_teardown.py
[2024-06-18T15:22:23.763+0000] {processor.py:840} INFO - DAG(s) 'example_setup_teardown' retrieved from /home/airflow/.local/lib/python3.12/site-packages/airflow/example_dags/example_setup_teardown.py
[2024-06-18T15:22:23.783+0000] {logging_mixin.py:188} INFO - [2024-06-18T15:22:23.782+0000] {dag.py:3096} INFO - Sync 1 DAGs
[2024-06-18T15:22:23.808+0000] {logging_mixin.py:188} INFO - [2024-06-18T15:22:23.807+0000] {dag.py:3954} INFO - Setting next_dagrun for example_setup_teardown to 2024-06-17 00:00:00+00:00, run_after=2024-06-18 00:00:00+00:00
[2024-06-18T15:22:23.834+0000] {processor.py:183} INFO - Processing /home/airflow/.local/lib/python3.12/site-packages/airflow/example_dags/example_setup_teardown.py took 0.086 seconds
[2024-06-18T15:22:54.159+0000] {processor.py:161} INFO - Started process (PID=206) to work on /home/airflow/.local/lib/python3.12/site-packages/airflow/example_dags/example_setup_teardown.py
[2024-06-18T15:22:54.161+0000] {processor.py:830} INFO - Processing file /home/airflow/.local/lib/python3.12/site-packages/airflow/example_dags/example_setup_teardown.py for tasks to queue
[2024-06-18T15:22:54.163+0000] {logging_mixin.py:188} INFO - [2024-06-18T15:22:54.163+0000] {dagbag.py:545} INFO - Filling up the DagBag from /home/airflow/.local/lib/python3.12/site-packages/airflow/example_dags/example_setup_teardown.py
[2024-06-18T15:22:54.170+0000] {processor.py:840} INFO - DAG(s) 'example_setup_teardown' retrieved from /home/airflow/.local/lib/python3.12/site-packages/airflow/example_dags/example_setup_teardown.py
[2024-06-18T15:22:54.195+0000] {logging_mixin.py:188} INFO - [2024-06-18T15:22:54.194+0000] {dag.py:3096} INFO - Sync 1 DAGs
[2024-06-18T15:22:54.217+0000] {logging_mixin.py:188} INFO - [2024-06-18T15:22:54.217+0000] {dag.py:3954} INFO - Setting next_dagrun for example_setup_teardown to 2024-06-17 00:00:00+00:00, run_after=2024-06-18 00:00:00+00:00
[2024-06-18T15:22:54.238+0000] {processor.py:183} INFO - Processing /home/airflow/.local/lib/python3.12/site-packages/airflow/example_dags/example_setup_teardown.py took 0.085 seconds
[2024-06-18T15:23:24.510+0000] {processor.py:161} INFO - Started process (PID=264) to work on /home/airflow/.local/lib/python3.12/site-packages/airflow/example_dags/example_setup_teardown.py
[2024-06-18T15:23:24.512+0000] {processor.py:830} INFO - Processing file /home/airflow/.local/lib/python3.12/site-packages/airflow/example_dags/example_setup_teardown.py for tasks to queue
[2024-06-18T15:23:24.516+0000] {logging_mixin.py:188} INFO - [2024-06-18T15:23:24.515+0000] {dagbag.py:545} INFO - Filling up the DagBag from /home/airflow/.local/lib/python3.12/site-packages/airflow/example_dags/example_setup_teardown.py
[2024-06-18T15:23:24.529+0000] {processor.py:840} INFO - DAG(s) 'example_setup_teardown' retrieved from /home/airflow/.local/lib/python3.12/site-packages/airflow/example_dags/example_setup_teardown.py
[2024-06-18T15:23:24.555+0000] {logging_mixin.py:188} INFO - [2024-06-18T15:23:24.555+0000] {dag.py:3096} INFO - Sync 1 DAGs
[2024-06-18T15:23:24.577+0000] {logging_mixin.py:188} INFO - [2024-06-18T15:23:24.577+0000] {dag.py:3954} INFO - Setting next_dagrun for example_setup_teardown to 2024-06-17 00:00:00+00:00, run_after=2024-06-18 00:00:00+00:00
[2024-06-18T15:23:24.598+0000] {processor.py:183} INFO - Processing /home/airflow/.local/lib/python3.12/site-packages/airflow/example_dags/example_setup_teardown.py took 0.096 seconds
[2024-06-18T15:23:54.691+0000] {processor.py:161} INFO - Started process (PID=322) to work on /home/airflow/.local/lib/python3.12/site-packages/airflow/example_dags/example_setup_teardown.py
[2024-06-18T15:23:54.692+0000] {processor.py:830} INFO - Processing file /home/airflow/.local/lib/python3.12/site-packages/airflow/example_dags/example_setup_teardown.py for tasks to queue
[2024-06-18T15:23:54.693+0000] {logging_mixin.py:188} INFO - [2024-06-18T15:23:54.693+0000] {dagbag.py:545} INFO - Filling up the DagBag from /home/airflow/.local/lib/python3.12/site-packages/airflow/example_dags/example_setup_teardown.py
[2024-06-18T15:23:54.699+0000] {processor.py:840} INFO - DAG(s) 'example_setup_teardown' retrieved from /home/airflow/.local/lib/python3.12/site-packages/airflow/example_dags/example_setup_teardown.py
[2024-06-18T15:23:54.719+0000] {logging_mixin.py:188} INFO - [2024-06-18T15:23:54.718+0000] {dag.py:3096} INFO - Sync 1 DAGs
[2024-06-18T15:23:54.739+0000] {logging_mixin.py:188} INFO - [2024-06-18T15:23:54.739+0000] {dag.py:3954} INFO - Setting next_dagrun for example_setup_teardown to 2024-06-17 00:00:00+00:00, run_after=2024-06-18 00:00:00+00:00
[2024-06-18T15:23:54.771+0000] {processor.py:183} INFO - Processing /home/airflow/.local/lib/python3.12/site-packages/airflow/example_dags/example_setup_teardown.py took 0.085 seconds
[2024-06-18T15:24:25.656+0000] {processor.py:161} INFO - Started process (PID=380) to work on /home/airflow/.local/lib/python3.12/site-packages/airflow/example_dags/example_setup_teardown.py
[2024-06-18T15:24:25.659+0000] {processor.py:830} INFO - Processing file /home/airflow/.local/lib/python3.12/site-packages/airflow/example_dags/example_setup_teardown.py for tasks to queue
[2024-06-18T15:24:25.666+0000] {logging_mixin.py:188} INFO - [2024-06-18T15:24:25.665+0000] {dagbag.py:545} INFO - Filling up the DagBag from /home/airflow/.local/lib/python3.12/site-packages/airflow/example_dags/example_setup_teardown.py
[2024-06-18T15:24:25.683+0000] {processor.py:840} INFO - DAG(s) 'example_setup_teardown' retrieved from /home/airflow/.local/lib/python3.12/site-packages/airflow/example_dags/example_setup_teardown.py
[2024-06-18T15:24:25.719+0000] {logging_mixin.py:188} INFO - [2024-06-18T15:24:25.718+0000] {dag.py:3096} INFO - Sync 1 DAGs
[2024-06-18T15:24:25.745+0000] {logging_mixin.py:188} INFO - [2024-06-18T15:24:25.745+0000] {dag.py:3954} INFO - Setting next_dagrun for example_setup_teardown to 2024-06-17 00:00:00+00:00, run_after=2024-06-18 00:00:00+00:00
[2024-06-18T15:24:25.776+0000] {processor.py:183} INFO - Processing /home/airflow/.local/lib/python3.12/site-packages/airflow/example_dags/example_setup_teardown.py took 0.132 seconds
[2024-06-18T15:24:56.053+0000] {processor.py:161} INFO - Started process (PID=438) to work on /home/airflow/.local/lib/python3.12/site-packages/airflow/example_dags/example_setup_teardown.py
[2024-06-18T15:24:56.055+0000] {processor.py:830} INFO - Processing file /home/airflow/.local/lib/python3.12/site-packages/airflow/example_dags/example_setup_teardown.py for tasks to queue
[2024-06-18T15:24:56.058+0000] {logging_mixin.py:188} INFO - [2024-06-18T15:24:56.057+0000] {dagbag.py:545} INFO - Filling up the DagBag from /home/airflow/.local/lib/python3.12/site-packages/airflow/example_dags/example_setup_teardown.py
[2024-06-18T15:24:56.071+0000] {processor.py:840} INFO - DAG(s) 'example_setup_teardown' retrieved from /home/airflow/.local/lib/python3.12/site-packages/airflow/example_dags/example_setup_teardown.py
[2024-06-18T15:24:56.102+0000] {logging_mixin.py:188} INFO - [2024-06-18T15:24:56.101+0000] {dag.py:3096} INFO - Sync 1 DAGs
[2024-06-18T15:24:56.142+0000] {logging_mixin.py:188} INFO - [2024-06-18T15:24:56.141+0000] {dag.py:3954} INFO - Setting next_dagrun for example_setup_teardown to 2024-06-17 00:00:00+00:00, run_after=2024-06-18 00:00:00+00:00
[2024-06-18T15:24:56.172+0000] {processor.py:183} INFO - Processing /home/airflow/.local/lib/python3.12/site-packages/airflow/example_dags/example_setup_teardown.py took 0.125 seconds
[2024-06-18T15:25:27.096+0000] {processor.py:161} INFO - Started process (PID=494) to work on /home/airflow/.local/lib/python3.12/site-packages/airflow/example_dags/example_setup_teardown.py
[2024-06-18T15:25:27.098+0000] {processor.py:830} INFO - Processing file /home/airflow/.local/lib/python3.12/site-packages/airflow/example_dags/example_setup_teardown.py for tasks to queue
[2024-06-18T15:25:27.101+0000] {logging_mixin.py:188} INFO - [2024-06-18T15:25:27.101+0000] {dagbag.py:545} INFO - Filling up the DagBag from /home/airflow/.local/lib/python3.12/site-packages/airflow/example_dags/example_setup_teardown.py
[2024-06-18T15:25:27.109+0000] {processor.py:840} INFO - DAG(s) 'example_setup_teardown' retrieved from /home/airflow/.local/lib/python3.12/site-packages/airflow/example_dags/example_setup_teardown.py
[2024-06-18T15:25:27.136+0000] {logging_mixin.py:188} INFO - [2024-06-18T15:25:27.136+0000] {dag.py:3096} INFO - Sync 1 DAGs
[2024-06-18T15:25:27.162+0000] {logging_mixin.py:188} INFO - [2024-06-18T15:25:27.162+0000] {dag.py:3954} INFO - Setting next_dagrun for example_setup_teardown to 2024-06-17 00:00:00+00:00, run_after=2024-06-18 00:00:00+00:00
[2024-06-18T15:25:27.186+0000] {processor.py:183} INFO - Processing /home/airflow/.local/lib/python3.12/site-packages/airflow/example_dags/example_setup_teardown.py took 0.096 seconds
[2024-06-18T15:25:57.309+0000] {processor.py:161} INFO - Started process (PID=552) to work on /home/airflow/.local/lib/python3.12/site-packages/airflow/example_dags/example_setup_teardown.py
[2024-06-18T15:25:57.310+0000] {processor.py:830} INFO - Processing file /home/airflow/.local/lib/python3.12/site-packages/airflow/example_dags/example_setup_teardown.py for tasks to queue
[2024-06-18T15:25:57.312+0000] {logging_mixin.py:188} INFO - [2024-06-18T15:25:57.312+0000] {dagbag.py:545} INFO - Filling up the DagBag from /home/airflow/.local/lib/python3.12/site-packages/airflow/example_dags/example_setup_teardown.py
[2024-06-18T15:25:57.318+0000] {processor.py:840} INFO - DAG(s) 'example_setup_teardown' retrieved from /home/airflow/.local/lib/python3.12/site-packages/airflow/example_dags/example_setup_teardown.py
[2024-06-18T15:25:57.338+0000] {logging_mixin.py:188} INFO - [2024-06-18T15:25:57.337+0000] {dag.py:3096} INFO - Sync 1 DAGs
[2024-06-18T15:25:57.360+0000] {logging_mixin.py:188} INFO - [2024-06-18T15:25:57.360+0000] {dag.py:3954} INFO - Setting next_dagrun for example_setup_teardown to 2024-06-17 00:00:00+00:00, run_after=2024-06-18 00:00:00+00:00
[2024-06-18T15:25:57.393+0000] {processor.py:183} INFO - Processing /home/airflow/.local/lib/python3.12/site-packages/airflow/example_dags/example_setup_teardown.py took 0.089 seconds
[2024-06-18T15:26:27.725+0000] {processor.py:161} INFO - Started process (PID=610) to work on /home/airflow/.local/lib/python3.12/site-packages/airflow/example_dags/example_setup_teardown.py
[2024-06-18T15:26:27.726+0000] {processor.py:830} INFO - Processing file /home/airflow/.local/lib/python3.12/site-packages/airflow/example_dags/example_setup_teardown.py for tasks to queue
[2024-06-18T15:26:27.731+0000] {logging_mixin.py:188} INFO - [2024-06-18T15:26:27.730+0000] {dagbag.py:545} INFO - Filling up the DagBag from /home/airflow/.local/lib/python3.12/site-packages/airflow/example_dags/example_setup_teardown.py
[2024-06-18T15:26:27.739+0000] {processor.py:840} INFO - DAG(s) 'example_setup_teardown' retrieved from /home/airflow/.local/lib/python3.12/site-packages/airflow/example_dags/example_setup_teardown.py
[2024-06-18T15:26:27.771+0000] {logging_mixin.py:188} INFO - [2024-06-18T15:26:27.770+0000] {dag.py:3096} INFO - Sync 1 DAGs
[2024-06-18T15:26:27.795+0000] {logging_mixin.py:188} INFO - [2024-06-18T15:26:27.795+0000] {dag.py:3954} INFO - Setting next_dagrun for example_setup_teardown to 2024-06-17 00:00:00+00:00, run_after=2024-06-18 00:00:00+00:00
[2024-06-18T15:26:27.820+0000] {processor.py:183} INFO - Processing /home/airflow/.local/lib/python3.12/site-packages/airflow/example_dags/example_setup_teardown.py took 0.101 seconds
[2024-06-18T15:26:58.302+0000] {processor.py:161} INFO - Started process (PID=668) to work on /home/airflow/.local/lib/python3.12/site-packages/airflow/example_dags/example_setup_teardown.py
[2024-06-18T15:26:58.303+0000] {processor.py:830} INFO - Processing file /home/airflow/.local/lib/python3.12/site-packages/airflow/example_dags/example_setup_teardown.py for tasks to queue
[2024-06-18T15:26:58.305+0000] {logging_mixin.py:188} INFO - [2024-06-18T15:26:58.305+0000] {dagbag.py:545} INFO - Filling up the DagBag from /home/airflow/.local/lib/python3.12/site-packages/airflow/example_dags/example_setup_teardown.py
[2024-06-18T15:26:58.312+0000] {processor.py:840} INFO - DAG(s) 'example_setup_teardown' retrieved from /home/airflow/.local/lib/python3.12/site-packages/airflow/example_dags/example_setup_teardown.py
[2024-06-18T15:26:58.335+0000] {logging_mixin.py:188} INFO - [2024-06-18T15:26:58.334+0000] {dag.py:3096} INFO - Sync 1 DAGs
[2024-06-18T15:26:58.359+0000] {logging_mixin.py:188} INFO - [2024-06-18T15:26:58.359+0000] {dag.py:3954} INFO - Setting next_dagrun for example_setup_teardown to 2024-06-17 00:00:00+00:00, run_after=2024-06-18 00:00:00+00:00
[2024-06-18T15:26:58.378+0000] {processor.py:183} INFO - Processing /home/airflow/.local/lib/python3.12/site-packages/airflow/example_dags/example_setup_teardown.py took 0.083 seconds
[2024-06-18T15:27:28.657+0000] {processor.py:161} INFO - Started process (PID=726) to work on /home/airflow/.local/lib/python3.12/site-packages/airflow/example_dags/example_setup_teardown.py
[2024-06-18T15:27:28.658+0000] {processor.py:830} INFO - Processing file /home/airflow/.local/lib/python3.12/site-packages/airflow/example_dags/example_setup_teardown.py for tasks to queue
[2024-06-18T15:27:28.660+0000] {logging_mixin.py:188} INFO - [2024-06-18T15:27:28.660+0000] {dagbag.py:545} INFO - Filling up the DagBag from /home/airflow/.local/lib/python3.12/site-packages/airflow/example_dags/example_setup_teardown.py
[2024-06-18T15:27:28.666+0000] {processor.py:840} INFO - DAG(s) 'example_setup_teardown' retrieved from /home/airflow/.local/lib/python3.12/site-packages/airflow/example_dags/example_setup_teardown.py
[2024-06-18T15:27:28.684+0000] {logging_mixin.py:188} INFO - [2024-06-18T15:27:28.684+0000] {dag.py:3096} INFO - Sync 1 DAGs
[2024-06-18T15:27:28.703+0000] {logging_mixin.py:188} INFO - [2024-06-18T15:27:28.703+0000] {dag.py:3954} INFO - Setting next_dagrun for example_setup_teardown to 2024-06-17 00:00:00+00:00, run_after=2024-06-18 00:00:00+00:00
[2024-06-18T15:27:28.725+0000] {processor.py:183} INFO - Processing /home/airflow/.local/lib/python3.12/site-packages/airflow/example_dags/example_setup_teardown.py took 0.073 seconds
[2024-06-18T15:27:58.851+0000] {processor.py:161} INFO - Started process (PID=784) to work on /home/airflow/.local/lib/python3.12/site-packages/airflow/example_dags/example_setup_teardown.py
[2024-06-18T15:27:58.852+0000] {processor.py:830} INFO - Processing file /home/airflow/.local/lib/python3.12/site-packages/airflow/example_dags/example_setup_teardown.py for tasks to queue
[2024-06-18T15:27:58.853+0000] {logging_mixin.py:188} INFO - [2024-06-18T15:27:58.853+0000] {dagbag.py:545} INFO - Filling up the DagBag from /home/airflow/.local/lib/python3.12/site-packages/airflow/example_dags/example_setup_teardown.py
[2024-06-18T15:27:58.859+0000] {processor.py:840} INFO - DAG(s) 'example_setup_teardown' retrieved from /home/airflow/.local/lib/python3.12/site-packages/airflow/example_dags/example_setup_teardown.py
[2024-06-18T15:27:58.877+0000] {logging_mixin.py:188} INFO - [2024-06-18T15:27:58.877+0000] {dag.py:3096} INFO - Sync 1 DAGs
[2024-06-18T15:27:58.901+0000] {logging_mixin.py:188} INFO - [2024-06-18T15:27:58.900+0000] {dag.py:3954} INFO - Setting next_dagrun for example_setup_teardown to 2024-06-17 00:00:00+00:00, run_after=2024-06-18 00:00:00+00:00
[2024-06-18T15:27:58.921+0000] {processor.py:183} INFO - Processing /home/airflow/.local/lib/python3.12/site-packages/airflow/example_dags/example_setup_teardown.py took 0.075 seconds
[2024-06-18T15:28:29.217+0000] {processor.py:161} INFO - Started process (PID=848) to work on /home/airflow/.local/lib/python3.12/site-packages/airflow/example_dags/example_setup_teardown.py
[2024-06-18T15:28:29.217+0000] {processor.py:830} INFO - Processing file /home/airflow/.local/lib/python3.12/site-packages/airflow/example_dags/example_setup_teardown.py for tasks to queue
[2024-06-18T15:28:29.219+0000] {logging_mixin.py:188} INFO - [2024-06-18T15:28:29.219+0000] {dagbag.py:545} INFO - Filling up the DagBag from /home/airflow/.local/lib/python3.12/site-packages/airflow/example_dags/example_setup_teardown.py
[2024-06-18T15:28:29.225+0000] {processor.py:840} INFO - DAG(s) 'example_setup_teardown' retrieved from /home/airflow/.local/lib/python3.12/site-packages/airflow/example_dags/example_setup_teardown.py
[2024-06-18T15:28:29.243+0000] {logging_mixin.py:188} INFO - [2024-06-18T15:28:29.243+0000] {dag.py:3096} INFO - Sync 1 DAGs
[2024-06-18T15:28:29.263+0000] {logging_mixin.py:188} INFO - [2024-06-18T15:28:29.262+0000] {dag.py:3954} INFO - Setting next_dagrun for example_setup_teardown to 2024-06-17 00:00:00+00:00, run_after=2024-06-18 00:00:00+00:00
[2024-06-18T15:28:29.281+0000] {processor.py:183} INFO - Processing /home/airflow/.local/lib/python3.12/site-packages/airflow/example_dags/example_setup_teardown.py took 0.070 seconds
[2024-06-18T15:28:59.418+0000] {processor.py:161} INFO - Started process (PID=906) to work on /home/airflow/.local/lib/python3.12/site-packages/airflow/example_dags/example_setup_teardown.py
[2024-06-18T15:28:59.419+0000] {processor.py:830} INFO - Processing file /home/airflow/.local/lib/python3.12/site-packages/airflow/example_dags/example_setup_teardown.py for tasks to queue
[2024-06-18T15:28:59.421+0000] {logging_mixin.py:188} INFO - [2024-06-18T15:28:59.420+0000] {dagbag.py:545} INFO - Filling up the DagBag from /home/airflow/.local/lib/python3.12/site-packages/airflow/example_dags/example_setup_teardown.py
[2024-06-18T15:28:59.427+0000] {processor.py:840} INFO - DAG(s) 'example_setup_teardown' retrieved from /home/airflow/.local/lib/python3.12/site-packages/airflow/example_dags/example_setup_teardown.py
[2024-06-18T15:28:59.445+0000] {logging_mixin.py:188} INFO - [2024-06-18T15:28:59.445+0000] {dag.py:3096} INFO - Sync 1 DAGs
[2024-06-18T15:28:59.466+0000] {logging_mixin.py:188} INFO - [2024-06-18T15:28:59.466+0000] {dag.py:3954} INFO - Setting next_dagrun for example_setup_teardown to 2024-06-17 00:00:00+00:00, run_after=2024-06-18 00:00:00+00:00
[2024-06-18T15:28:59.489+0000] {processor.py:183} INFO - Processing /home/airflow/.local/lib/python3.12/site-packages/airflow/example_dags/example_setup_teardown.py took 0.076 seconds
[2024-06-18T15:29:30.022+0000] {processor.py:161} INFO - Started process (PID=964) to work on /home/airflow/.local/lib/python3.12/site-packages/airflow/example_dags/example_setup_teardown.py
[2024-06-18T15:29:30.023+0000] {processor.py:830} INFO - Processing file /home/airflow/.local/lib/python3.12/site-packages/airflow/example_dags/example_setup_teardown.py for tasks to queue
[2024-06-18T15:29:30.025+0000] {logging_mixin.py:188} INFO - [2024-06-18T15:29:30.025+0000] {dagbag.py:545} INFO - Filling up the DagBag from /home/airflow/.local/lib/python3.12/site-packages/airflow/example_dags/example_setup_teardown.py
[2024-06-18T15:29:30.032+0000] {processor.py:840} INFO - DAG(s) 'example_setup_teardown' retrieved from /home/airflow/.local/lib/python3.12/site-packages/airflow/example_dags/example_setup_teardown.py
[2024-06-18T15:29:30.055+0000] {logging_mixin.py:188} INFO - [2024-06-18T15:29:30.055+0000] {dag.py:3096} INFO - Sync 1 DAGs
[2024-06-18T15:29:30.085+0000] {logging_mixin.py:188} INFO - [2024-06-18T15:29:30.085+0000] {dag.py:3954} INFO - Setting next_dagrun for example_setup_teardown to 2024-06-17 00:00:00+00:00, run_after=2024-06-18 00:00:00+00:00
[2024-06-18T15:29:30.111+0000] {processor.py:183} INFO - Processing /home/airflow/.local/lib/python3.12/site-packages/airflow/example_dags/example_setup_teardown.py took 0.095 seconds
[2024-06-18T15:30:00.734+0000] {processor.py:161} INFO - Started process (PID=1022) to work on /home/airflow/.local/lib/python3.12/site-packages/airflow/example_dags/example_setup_teardown.py
[2024-06-18T15:30:00.735+0000] {processor.py:830} INFO - Processing file /home/airflow/.local/lib/python3.12/site-packages/airflow/example_dags/example_setup_teardown.py for tasks to queue
[2024-06-18T15:30:00.737+0000] {logging_mixin.py:188} INFO - [2024-06-18T15:30:00.737+0000] {dagbag.py:545} INFO - Filling up the DagBag from /home/airflow/.local/lib/python3.12/site-packages/airflow/example_dags/example_setup_teardown.py
[2024-06-18T15:30:00.744+0000] {processor.py:840} INFO - DAG(s) 'example_setup_teardown' retrieved from /home/airflow/.local/lib/python3.12/site-packages/airflow/example_dags/example_setup_teardown.py
[2024-06-18T15:30:00.773+0000] {logging_mixin.py:188} INFO - [2024-06-18T15:30:00.773+0000] {dag.py:3096} INFO - Sync 1 DAGs
[2024-06-18T15:30:00.807+0000] {logging_mixin.py:188} INFO - [2024-06-18T15:30:00.807+0000] {dag.py:3954} INFO - Setting next_dagrun for example_setup_teardown to 2024-06-17 00:00:00+00:00, run_after=2024-06-18 00:00:00+00:00
[2024-06-18T15:30:00.847+0000] {processor.py:183} INFO - Processing /home/airflow/.local/lib/python3.12/site-packages/airflow/example_dags/example_setup_teardown.py took 0.120 seconds
[2024-06-18T15:30:31.368+0000] {processor.py:161} INFO - Started process (PID=1080) to work on /home/airflow/.local/lib/python3.12/site-packages/airflow/example_dags/example_setup_teardown.py
[2024-06-18T15:30:31.370+0000] {processor.py:830} INFO - Processing file /home/airflow/.local/lib/python3.12/site-packages/airflow/example_dags/example_setup_teardown.py for tasks to queue
[2024-06-18T15:30:31.372+0000] {logging_mixin.py:188} INFO - [2024-06-18T15:30:31.372+0000] {dagbag.py:545} INFO - Filling up the DagBag from /home/airflow/.local/lib/python3.12/site-packages/airflow/example_dags/example_setup_teardown.py
[2024-06-18T15:30:31.379+0000] {processor.py:840} INFO - DAG(s) 'example_setup_teardown' retrieved from /home/airflow/.local/lib/python3.12/site-packages/airflow/example_dags/example_setup_teardown.py
[2024-06-18T15:30:31.399+0000] {logging_mixin.py:188} INFO - [2024-06-18T15:30:31.399+0000] {dag.py:3096} INFO - Sync 1 DAGs
[2024-06-18T15:30:31.421+0000] {logging_mixin.py:188} INFO - [2024-06-18T15:30:31.421+0000] {dag.py:3954} INFO - Setting next_dagrun for example_setup_teardown to 2024-06-17 00:00:00+00:00, run_after=2024-06-18 00:00:00+00:00
[2024-06-18T15:30:31.442+0000] {processor.py:183} INFO - Processing /home/airflow/.local/lib/python3.12/site-packages/airflow/example_dags/example_setup_teardown.py took 0.079 seconds
[2024-06-18T15:31:01.855+0000] {processor.py:161} INFO - Started process (PID=1138) to work on /home/airflow/.local/lib/python3.12/site-packages/airflow/example_dags/example_setup_teardown.py
[2024-06-18T15:31:01.856+0000] {processor.py:830} INFO - Processing file /home/airflow/.local/lib/python3.12/site-packages/airflow/example_dags/example_setup_teardown.py for tasks to queue
[2024-06-18T15:31:01.858+0000] {logging_mixin.py:188} INFO - [2024-06-18T15:31:01.857+0000] {dagbag.py:545} INFO - Filling up the DagBag from /home/airflow/.local/lib/python3.12/site-packages/airflow/example_dags/example_setup_teardown.py
[2024-06-18T15:31:01.864+0000] {processor.py:840} INFO - DAG(s) 'example_setup_teardown' retrieved from /home/airflow/.local/lib/python3.12/site-packages/airflow/example_dags/example_setup_teardown.py
[2024-06-18T15:31:01.890+0000] {logging_mixin.py:188} INFO - [2024-06-18T15:31:01.890+0000] {dag.py:3096} INFO - Sync 1 DAGs
[2024-06-18T15:31:01.912+0000] {logging_mixin.py:188} INFO - [2024-06-18T15:31:01.912+0000] {dag.py:3954} INFO - Setting next_dagrun for example_setup_teardown to 2024-06-17 00:00:00+00:00, run_after=2024-06-18 00:00:00+00:00
[2024-06-18T15:31:01.933+0000] {processor.py:183} INFO - Processing /home/airflow/.local/lib/python3.12/site-packages/airflow/example_dags/example_setup_teardown.py took 0.085 seconds
[2024-06-18T15:31:32.260+0000] {processor.py:161} INFO - Started process (PID=1196) to work on /home/airflow/.local/lib/python3.12/site-packages/airflow/example_dags/example_setup_teardown.py
[2024-06-18T15:31:32.266+0000] {processor.py:830} INFO - Processing file /home/airflow/.local/lib/python3.12/site-packages/airflow/example_dags/example_setup_teardown.py for tasks to queue
[2024-06-18T15:31:32.276+0000] {logging_mixin.py:188} INFO - [2024-06-18T15:31:32.276+0000] {dagbag.py:545} INFO - Filling up the DagBag from /home/airflow/.local/lib/python3.12/site-packages/airflow/example_dags/example_setup_teardown.py
[2024-06-18T15:31:32.285+0000] {processor.py:840} INFO - DAG(s) 'example_setup_teardown' retrieved from /home/airflow/.local/lib/python3.12/site-packages/airflow/example_dags/example_setup_teardown.py
[2024-06-18T15:31:32.367+0000] {logging_mixin.py:188} INFO - [2024-06-18T15:31:32.366+0000] {dag.py:3096} INFO - Sync 1 DAGs
[2024-06-18T15:31:32.521+0000] {logging_mixin.py:188} INFO - [2024-06-18T15:31:32.521+0000] {dag.py:3954} INFO - Setting next_dagrun for example_setup_teardown to 2024-06-17 00:00:00+00:00, run_after=2024-06-18 00:00:00+00:00
[2024-06-18T15:31:32.618+0000] {processor.py:183} INFO - Processing /home/airflow/.local/lib/python3.12/site-packages/airflow/example_dags/example_setup_teardown.py took 0.403 seconds
[2024-06-18T15:32:03.140+0000] {processor.py:161} INFO - Started process (PID=1254) to work on /home/airflow/.local/lib/python3.12/site-packages/airflow/example_dags/example_setup_teardown.py
[2024-06-18T15:32:03.142+0000] {processor.py:830} INFO - Processing file /home/airflow/.local/lib/python3.12/site-packages/airflow/example_dags/example_setup_teardown.py for tasks to queue
[2024-06-18T15:32:03.144+0000] {logging_mixin.py:188} INFO - [2024-06-18T15:32:03.143+0000] {dagbag.py:545} INFO - Filling up the DagBag from /home/airflow/.local/lib/python3.12/site-packages/airflow/example_dags/example_setup_teardown.py
[2024-06-18T15:32:03.150+0000] {processor.py:840} INFO - DAG(s) 'example_setup_teardown' retrieved from /home/airflow/.local/lib/python3.12/site-packages/airflow/example_dags/example_setup_teardown.py
[2024-06-18T15:32:03.172+0000] {logging_mixin.py:188} INFO - [2024-06-18T15:32:03.171+0000] {dag.py:3096} INFO - Sync 1 DAGs
[2024-06-18T15:32:03.200+0000] {logging_mixin.py:188} INFO - [2024-06-18T15:32:03.200+0000] {dag.py:3954} INFO - Setting next_dagrun for example_setup_teardown to 2024-06-17 00:00:00+00:00, run_after=2024-06-18 00:00:00+00:00
[2024-06-18T15:32:03.223+0000] {processor.py:183} INFO - Processing /home/airflow/.local/lib/python3.12/site-packages/airflow/example_dags/example_setup_teardown.py took 0.088 seconds
[2024-06-18T15:32:33.839+0000] {processor.py:161} INFO - Started process (PID=1312) to work on /home/airflow/.local/lib/python3.12/site-packages/airflow/example_dags/example_setup_teardown.py
[2024-06-18T15:32:33.840+0000] {processor.py:830} INFO - Processing file /home/airflow/.local/lib/python3.12/site-packages/airflow/example_dags/example_setup_teardown.py for tasks to queue
[2024-06-18T15:32:33.843+0000] {logging_mixin.py:188} INFO - [2024-06-18T15:32:33.842+0000] {dagbag.py:545} INFO - Filling up the DagBag from /home/airflow/.local/lib/python3.12/site-packages/airflow/example_dags/example_setup_teardown.py
[2024-06-18T15:32:33.849+0000] {processor.py:840} INFO - DAG(s) 'example_setup_teardown' retrieved from /home/airflow/.local/lib/python3.12/site-packages/airflow/example_dags/example_setup_teardown.py
[2024-06-18T15:32:33.869+0000] {logging_mixin.py:188} INFO - [2024-06-18T15:32:33.869+0000] {dag.py:3096} INFO - Sync 1 DAGs
[2024-06-18T15:32:33.892+0000] {logging_mixin.py:188} INFO - [2024-06-18T15:32:33.892+0000] {dag.py:3954} INFO - Setting next_dagrun for example_setup_teardown to 2024-06-17 00:00:00+00:00, run_after=2024-06-18 00:00:00+00:00
[2024-06-18T15:32:33.914+0000] {processor.py:183} INFO - Processing /home/airflow/.local/lib/python3.12/site-packages/airflow/example_dags/example_setup_teardown.py took 0.080 seconds
[2024-06-18T15:33:04.752+0000] {processor.py:161} INFO - Started process (PID=1370) to work on /home/airflow/.local/lib/python3.12/site-packages/airflow/example_dags/example_setup_teardown.py
[2024-06-18T15:33:04.753+0000] {processor.py:830} INFO - Processing file /home/airflow/.local/lib/python3.12/site-packages/airflow/example_dags/example_setup_teardown.py for tasks to queue
[2024-06-18T15:33:04.755+0000] {logging_mixin.py:188} INFO - [2024-06-18T15:33:04.755+0000] {dagbag.py:545} INFO - Filling up the DagBag from /home/airflow/.local/lib/python3.12/site-packages/airflow/example_dags/example_setup_teardown.py
[2024-06-18T15:33:04.763+0000] {processor.py:840} INFO - DAG(s) 'example_setup_teardown' retrieved from /home/airflow/.local/lib/python3.12/site-packages/airflow/example_dags/example_setup_teardown.py
[2024-06-18T15:33:04.786+0000] {logging_mixin.py:188} INFO - [2024-06-18T15:33:04.786+0000] {dag.py:3096} INFO - Sync 1 DAGs
[2024-06-18T15:33:04.814+0000] {logging_mixin.py:188} INFO - [2024-06-18T15:33:04.814+0000] {dag.py:3954} INFO - Setting next_dagrun for example_setup_teardown to 2024-06-17 00:00:00+00:00, run_after=2024-06-18 00:00:00+00:00
[2024-06-18T15:33:04.837+0000] {processor.py:183} INFO - Processing /home/airflow/.local/lib/python3.12/site-packages/airflow/example_dags/example_setup_teardown.py took 0.090 seconds
[2024-06-18T15:33:34.990+0000] {processor.py:161} INFO - Started process (PID=1428) to work on /home/airflow/.local/lib/python3.12/site-packages/airflow/example_dags/example_setup_teardown.py
[2024-06-18T15:33:34.991+0000] {processor.py:830} INFO - Processing file /home/airflow/.local/lib/python3.12/site-packages/airflow/example_dags/example_setup_teardown.py for tasks to queue
[2024-06-18T15:33:34.993+0000] {logging_mixin.py:188} INFO - [2024-06-18T15:33:34.993+0000] {dagbag.py:545} INFO - Filling up the DagBag from /home/airflow/.local/lib/python3.12/site-packages/airflow/example_dags/example_setup_teardown.py
[2024-06-18T15:33:34.999+0000] {processor.py:840} INFO - DAG(s) 'example_setup_teardown' retrieved from /home/airflow/.local/lib/python3.12/site-packages/airflow/example_dags/example_setup_teardown.py
[2024-06-18T15:33:35.021+0000] {logging_mixin.py:188} INFO - [2024-06-18T15:33:35.021+0000] {dag.py:3096} INFO - Sync 1 DAGs
[2024-06-18T15:33:35.040+0000] {logging_mixin.py:188} INFO - [2024-06-18T15:33:35.040+0000] {dag.py:3954} INFO - Setting next_dagrun for example_setup_teardown to 2024-06-17 00:00:00+00:00, run_after=2024-06-18 00:00:00+00:00
[2024-06-18T15:33:35.062+0000] {processor.py:183} INFO - Processing /home/airflow/.local/lib/python3.12/site-packages/airflow/example_dags/example_setup_teardown.py took 0.078 seconds
[2024-06-18T15:34:05.834+0000] {processor.py:161} INFO - Started process (PID=1486) to work on /home/airflow/.local/lib/python3.12/site-packages/airflow/example_dags/example_setup_teardown.py
[2024-06-18T15:34:05.836+0000] {processor.py:830} INFO - Processing file /home/airflow/.local/lib/python3.12/site-packages/airflow/example_dags/example_setup_teardown.py for tasks to queue
[2024-06-18T15:34:05.841+0000] {logging_mixin.py:188} INFO - [2024-06-18T15:34:05.840+0000] {dagbag.py:545} INFO - Filling up the DagBag from /home/airflow/.local/lib/python3.12/site-packages/airflow/example_dags/example_setup_teardown.py
[2024-06-18T15:34:05.854+0000] {processor.py:840} INFO - DAG(s) 'example_setup_teardown' retrieved from /home/airflow/.local/lib/python3.12/site-packages/airflow/example_dags/example_setup_teardown.py
[2024-06-18T15:34:05.876+0000] {logging_mixin.py:188} INFO - [2024-06-18T15:34:05.876+0000] {dag.py:3096} INFO - Sync 1 DAGs
[2024-06-18T15:34:05.898+0000] {logging_mixin.py:188} INFO - [2024-06-18T15:34:05.898+0000] {dag.py:3954} INFO - Setting next_dagrun for example_setup_teardown to 2024-06-17 00:00:00+00:00, run_after=2024-06-18 00:00:00+00:00
[2024-06-18T15:34:05.923+0000] {processor.py:183} INFO - Processing /home/airflow/.local/lib/python3.12/site-packages/airflow/example_dags/example_setup_teardown.py took 0.105 seconds
