[2024-06-18T15:21:29.080+0000] {processor.py:161} INFO - Started process (PID=49) to work on /home/airflow/.local/lib/python3.12/site-packages/airflow/example_dags/example_subdag_operator.py
[2024-06-18T15:21:29.090+0000] {processor.py:830} INFO - Processing file /home/airflow/.local/lib/python3.12/site-packages/airflow/example_dags/example_subdag_operator.py for tasks to queue
[2024-06-18T15:21:29.132+0000] {logging_mixin.py:188} INFO - [2024-06-18T15:21:29.128+0000] {dagbag.py:545} INFO - Filling up the DagBag from /home/airflow/.local/lib/python3.12/site-packages/airflow/example_dags/example_subdag_operator.py
[2024-06-18T15:21:29.428+0000] {processor.py:840} INFO - DAG(s) 'example_subdag_operator.section-1', 'example_subdag_operator.section-2', 'example_subdag_operator' retrieved from /home/airflow/.local/lib/python3.12/site-packages/airflow/example_dags/example_subdag_operator.py
[2024-06-18T15:21:29.725+0000] {logging_mixin.py:188} INFO - [2024-06-18T15:21:29.725+0000] {dag.py:3096} INFO - Sync 3 DAGs
[2024-06-18T15:21:29.826+0000] {logging_mixin.py:188} INFO - [2024-06-18T15:21:29.825+0000] {dag.py:3954} INFO - Setting next_dagrun for example_subdag_operator to 2022-01-01 00:00:00+00:00, run_after=2022-01-01 00:00:00+00:00
[2024-06-18T15:21:29.840+0000] {logging_mixin.py:188} INFO - [2024-06-18T15:21:29.839+0000] {dag.py:3954} INFO - Setting next_dagrun for example_subdag_operator.section-1 to None, run_after=None
[2024-06-18T15:21:29.843+0000] {logging_mixin.py:188} INFO - [2024-06-18T15:21:29.843+0000] {dag.py:3954} INFO - Setting next_dagrun for example_subdag_operator.section-2 to None, run_after=None
[2024-06-18T15:21:29.928+0000] {logging_mixin.py:188} INFO - [2024-06-18T15:21:29.926+0000] {dag.py:3096} INFO - Sync 2 DAGs
[2024-06-18T15:21:29.950+0000] {logging_mixin.py:188} INFO - [2024-06-18T15:21:29.949+0000] {dag.py:3954} INFO - Setting next_dagrun for example_subdag_operator.section-1 to None, run_after=None
[2024-06-18T15:21:29.953+0000] {logging_mixin.py:188} INFO - [2024-06-18T15:21:29.951+0000] {dag.py:3954} INFO - Setting next_dagrun for example_subdag_operator.section-2 to None, run_after=None
[2024-06-18T15:21:29.987+0000] {processor.py:183} INFO - Processing /home/airflow/.local/lib/python3.12/site-packages/airflow/example_dags/example_subdag_operator.py took 0.983 seconds
[2024-06-18T15:22:00.421+0000] {processor.py:161} INFO - Started process (PID=107) to work on /home/airflow/.local/lib/python3.12/site-packages/airflow/example_dags/example_subdag_operator.py
[2024-06-18T15:22:00.424+0000] {processor.py:830} INFO - Processing file /home/airflow/.local/lib/python3.12/site-packages/airflow/example_dags/example_subdag_operator.py for tasks to queue
[2024-06-18T15:22:00.428+0000] {logging_mixin.py:188} INFO - [2024-06-18T15:22:00.427+0000] {dagbag.py:545} INFO - Filling up the DagBag from /home/airflow/.local/lib/python3.12/site-packages/airflow/example_dags/example_subdag_operator.py
[2024-06-18T15:22:00.487+0000] {processor.py:840} INFO - DAG(s) 'example_subdag_operator.section-1', 'example_subdag_operator.section-2', 'example_subdag_operator' retrieved from /home/airflow/.local/lib/python3.12/site-packages/airflow/example_dags/example_subdag_operator.py
[2024-06-18T15:22:00.517+0000] {logging_mixin.py:188} INFO - [2024-06-18T15:22:00.517+0000] {dag.py:3096} INFO - Sync 3 DAGs
[2024-06-18T15:22:00.601+0000] {logging_mixin.py:188} INFO - [2024-06-18T15:22:00.600+0000] {dag.py:3954} INFO - Setting next_dagrun for example_subdag_operator to 2022-01-01 00:00:00+00:00, run_after=2022-01-01 00:00:00+00:00
[2024-06-18T15:22:00.609+0000] {logging_mixin.py:188} INFO - [2024-06-18T15:22:00.608+0000] {dag.py:3954} INFO - Setting next_dagrun for example_subdag_operator.section-1 to None, run_after=None
[2024-06-18T15:22:00.611+0000] {logging_mixin.py:188} INFO - [2024-06-18T15:22:00.610+0000] {dag.py:3954} INFO - Setting next_dagrun for example_subdag_operator.section-2 to None, run_after=None
[2024-06-18T15:22:00.618+0000] {logging_mixin.py:188} INFO - [2024-06-18T15:22:00.617+0000] {dag.py:3096} INFO - Sync 2 DAGs
[2024-06-18T15:22:00.625+0000] {logging_mixin.py:188} INFO - [2024-06-18T15:22:00.624+0000] {dag.py:3954} INFO - Setting next_dagrun for example_subdag_operator.section-1 to None, run_after=None
[2024-06-18T15:22:00.626+0000] {logging_mixin.py:188} INFO - [2024-06-18T15:22:00.625+0000] {dag.py:3954} INFO - Setting next_dagrun for example_subdag_operator.section-2 to None, run_after=None
[2024-06-18T15:22:00.639+0000] {processor.py:183} INFO - Processing /home/airflow/.local/lib/python3.12/site-packages/airflow/example_dags/example_subdag_operator.py took 0.244 seconds
[2024-06-18T15:22:30.686+0000] {processor.py:161} INFO - Started process (PID=165) to work on /home/airflow/.local/lib/python3.12/site-packages/airflow/example_dags/example_subdag_operator.py
[2024-06-18T15:22:30.687+0000] {processor.py:830} INFO - Processing file /home/airflow/.local/lib/python3.12/site-packages/airflow/example_dags/example_subdag_operator.py for tasks to queue
[2024-06-18T15:22:30.689+0000] {logging_mixin.py:188} INFO - [2024-06-18T15:22:30.688+0000] {dagbag.py:545} INFO - Filling up the DagBag from /home/airflow/.local/lib/python3.12/site-packages/airflow/example_dags/example_subdag_operator.py
[2024-06-18T15:22:30.713+0000] {processor.py:840} INFO - DAG(s) 'example_subdag_operator.section-1', 'example_subdag_operator.section-2', 'example_subdag_operator' retrieved from /home/airflow/.local/lib/python3.12/site-packages/airflow/example_dags/example_subdag_operator.py
[2024-06-18T15:22:30.728+0000] {logging_mixin.py:188} INFO - [2024-06-18T15:22:30.728+0000] {dag.py:3096} INFO - Sync 3 DAGs
[2024-06-18T15:22:30.750+0000] {logging_mixin.py:188} INFO - [2024-06-18T15:22:30.750+0000] {dag.py:3954} INFO - Setting next_dagrun for example_subdag_operator to 2022-01-01 00:00:00+00:00, run_after=2022-01-01 00:00:00+00:00
[2024-06-18T15:22:30.754+0000] {logging_mixin.py:188} INFO - [2024-06-18T15:22:30.754+0000] {dag.py:3954} INFO - Setting next_dagrun for example_subdag_operator.section-1 to None, run_after=None
[2024-06-18T15:22:30.756+0000] {logging_mixin.py:188} INFO - [2024-06-18T15:22:30.755+0000] {dag.py:3954} INFO - Setting next_dagrun for example_subdag_operator.section-2 to None, run_after=None
[2024-06-18T15:22:30.764+0000] {logging_mixin.py:188} INFO - [2024-06-18T15:22:30.764+0000] {dag.py:3096} INFO - Sync 2 DAGs
[2024-06-18T15:22:30.771+0000] {logging_mixin.py:188} INFO - [2024-06-18T15:22:30.771+0000] {dag.py:3954} INFO - Setting next_dagrun for example_subdag_operator.section-1 to None, run_after=None
[2024-06-18T15:22:30.772+0000] {logging_mixin.py:188} INFO - [2024-06-18T15:22:30.772+0000] {dag.py:3954} INFO - Setting next_dagrun for example_subdag_operator.section-2 to None, run_after=None
[2024-06-18T15:22:30.784+0000] {processor.py:183} INFO - Processing /home/airflow/.local/lib/python3.12/site-packages/airflow/example_dags/example_subdag_operator.py took 0.103 seconds
[2024-06-18T15:23:00.891+0000] {processor.py:161} INFO - Started process (PID=223) to work on /home/airflow/.local/lib/python3.12/site-packages/airflow/example_dags/example_subdag_operator.py
[2024-06-18T15:23:00.892+0000] {processor.py:830} INFO - Processing file /home/airflow/.local/lib/python3.12/site-packages/airflow/example_dags/example_subdag_operator.py for tasks to queue
[2024-06-18T15:23:00.894+0000] {logging_mixin.py:188} INFO - [2024-06-18T15:23:00.893+0000] {dagbag.py:545} INFO - Filling up the DagBag from /home/airflow/.local/lib/python3.12/site-packages/airflow/example_dags/example_subdag_operator.py
[2024-06-18T15:23:00.914+0000] {processor.py:840} INFO - DAG(s) 'example_subdag_operator.section-1', 'example_subdag_operator.section-2', 'example_subdag_operator' retrieved from /home/airflow/.local/lib/python3.12/site-packages/airflow/example_dags/example_subdag_operator.py
[2024-06-18T15:23:00.930+0000] {logging_mixin.py:188} INFO - [2024-06-18T15:23:00.930+0000] {dag.py:3096} INFO - Sync 3 DAGs
[2024-06-18T15:23:00.953+0000] {logging_mixin.py:188} INFO - [2024-06-18T15:23:00.952+0000] {dag.py:3954} INFO - Setting next_dagrun for example_subdag_operator to 2022-01-01 00:00:00+00:00, run_after=2022-01-01 00:00:00+00:00
[2024-06-18T15:23:00.958+0000] {logging_mixin.py:188} INFO - [2024-06-18T15:23:00.958+0000] {dag.py:3954} INFO - Setting next_dagrun for example_subdag_operator.section-1 to None, run_after=None
[2024-06-18T15:23:00.961+0000] {logging_mixin.py:188} INFO - [2024-06-18T15:23:00.961+0000] {dag.py:3954} INFO - Setting next_dagrun for example_subdag_operator.section-2 to None, run_after=None
[2024-06-18T15:23:00.972+0000] {logging_mixin.py:188} INFO - [2024-06-18T15:23:00.972+0000] {dag.py:3096} INFO - Sync 2 DAGs
[2024-06-18T15:23:00.980+0000] {logging_mixin.py:188} INFO - [2024-06-18T15:23:00.980+0000] {dag.py:3954} INFO - Setting next_dagrun for example_subdag_operator.section-1 to None, run_after=None
[2024-06-18T15:23:00.981+0000] {logging_mixin.py:188} INFO - [2024-06-18T15:23:00.981+0000] {dag.py:3954} INFO - Setting next_dagrun for example_subdag_operator.section-2 to None, run_after=None
[2024-06-18T15:23:00.996+0000] {processor.py:183} INFO - Processing /home/airflow/.local/lib/python3.12/site-packages/airflow/example_dags/example_subdag_operator.py took 0.111 seconds
[2024-06-18T15:23:31.320+0000] {processor.py:161} INFO - Started process (PID=281) to work on /home/airflow/.local/lib/python3.12/site-packages/airflow/example_dags/example_subdag_operator.py
[2024-06-18T15:23:31.320+0000] {processor.py:830} INFO - Processing file /home/airflow/.local/lib/python3.12/site-packages/airflow/example_dags/example_subdag_operator.py for tasks to queue
[2024-06-18T15:23:31.322+0000] {logging_mixin.py:188} INFO - [2024-06-18T15:23:31.322+0000] {dagbag.py:545} INFO - Filling up the DagBag from /home/airflow/.local/lib/python3.12/site-packages/airflow/example_dags/example_subdag_operator.py
[2024-06-18T15:23:31.343+0000] {processor.py:840} INFO - DAG(s) 'example_subdag_operator.section-1', 'example_subdag_operator.section-2', 'example_subdag_operator' retrieved from /home/airflow/.local/lib/python3.12/site-packages/airflow/example_dags/example_subdag_operator.py
[2024-06-18T15:23:31.358+0000] {logging_mixin.py:188} INFO - [2024-06-18T15:23:31.357+0000] {dag.py:3096} INFO - Sync 3 DAGs
[2024-06-18T15:23:31.379+0000] {logging_mixin.py:188} INFO - [2024-06-18T15:23:31.379+0000] {dag.py:3954} INFO - Setting next_dagrun for example_subdag_operator to 2022-01-01 00:00:00+00:00, run_after=2022-01-01 00:00:00+00:00
[2024-06-18T15:23:31.384+0000] {logging_mixin.py:188} INFO - [2024-06-18T15:23:31.383+0000] {dag.py:3954} INFO - Setting next_dagrun for example_subdag_operator.section-1 to None, run_after=None
[2024-06-18T15:23:31.385+0000] {logging_mixin.py:188} INFO - [2024-06-18T15:23:31.385+0000] {dag.py:3954} INFO - Setting next_dagrun for example_subdag_operator.section-2 to None, run_after=None
[2024-06-18T15:23:31.393+0000] {logging_mixin.py:188} INFO - [2024-06-18T15:23:31.393+0000] {dag.py:3096} INFO - Sync 2 DAGs
[2024-06-18T15:23:31.400+0000] {logging_mixin.py:188} INFO - [2024-06-18T15:23:31.400+0000] {dag.py:3954} INFO - Setting next_dagrun for example_subdag_operator.section-1 to None, run_after=None
[2024-06-18T15:23:31.401+0000] {logging_mixin.py:188} INFO - [2024-06-18T15:23:31.401+0000] {dag.py:3954} INFO - Setting next_dagrun for example_subdag_operator.section-2 to None, run_after=None
[2024-06-18T15:23:31.419+0000] {processor.py:183} INFO - Processing /home/airflow/.local/lib/python3.12/site-packages/airflow/example_dags/example_subdag_operator.py took 0.104 seconds
[2024-06-18T15:24:01.504+0000] {processor.py:161} INFO - Started process (PID=339) to work on /home/airflow/.local/lib/python3.12/site-packages/airflow/example_dags/example_subdag_operator.py
[2024-06-18T15:24:01.505+0000] {processor.py:830} INFO - Processing file /home/airflow/.local/lib/python3.12/site-packages/airflow/example_dags/example_subdag_operator.py for tasks to queue
[2024-06-18T15:24:01.507+0000] {logging_mixin.py:188} INFO - [2024-06-18T15:24:01.507+0000] {dagbag.py:545} INFO - Filling up the DagBag from /home/airflow/.local/lib/python3.12/site-packages/airflow/example_dags/example_subdag_operator.py
[2024-06-18T15:24:01.528+0000] {processor.py:840} INFO - DAG(s) 'example_subdag_operator.section-1', 'example_subdag_operator.section-2', 'example_subdag_operator' retrieved from /home/airflow/.local/lib/python3.12/site-packages/airflow/example_dags/example_subdag_operator.py
[2024-06-18T15:24:01.544+0000] {logging_mixin.py:188} INFO - [2024-06-18T15:24:01.544+0000] {dag.py:3096} INFO - Sync 3 DAGs
[2024-06-18T15:24:01.567+0000] {logging_mixin.py:188} INFO - [2024-06-18T15:24:01.567+0000] {dag.py:3954} INFO - Setting next_dagrun for example_subdag_operator to 2022-01-01 00:00:00+00:00, run_after=2022-01-01 00:00:00+00:00
[2024-06-18T15:24:01.572+0000] {logging_mixin.py:188} INFO - [2024-06-18T15:24:01.571+0000] {dag.py:3954} INFO - Setting next_dagrun for example_subdag_operator.section-1 to None, run_after=None
[2024-06-18T15:24:01.574+0000] {logging_mixin.py:188} INFO - [2024-06-18T15:24:01.573+0000] {dag.py:3954} INFO - Setting next_dagrun for example_subdag_operator.section-2 to None, run_after=None
[2024-06-18T15:24:01.582+0000] {logging_mixin.py:188} INFO - [2024-06-18T15:24:01.582+0000] {dag.py:3096} INFO - Sync 2 DAGs
[2024-06-18T15:24:01.589+0000] {logging_mixin.py:188} INFO - [2024-06-18T15:24:01.589+0000] {dag.py:3954} INFO - Setting next_dagrun for example_subdag_operator.section-1 to None, run_after=None
[2024-06-18T15:24:01.590+0000] {logging_mixin.py:188} INFO - [2024-06-18T15:24:01.590+0000] {dag.py:3954} INFO - Setting next_dagrun for example_subdag_operator.section-2 to None, run_after=None
[2024-06-18T15:24:01.603+0000] {processor.py:183} INFO - Processing /home/airflow/.local/lib/python3.12/site-packages/airflow/example_dags/example_subdag_operator.py took 0.104 seconds
[2024-06-18T15:24:32.325+0000] {processor.py:161} INFO - Started process (PID=397) to work on /home/airflow/.local/lib/python3.12/site-packages/airflow/example_dags/example_subdag_operator.py
[2024-06-18T15:24:32.326+0000] {processor.py:830} INFO - Processing file /home/airflow/.local/lib/python3.12/site-packages/airflow/example_dags/example_subdag_operator.py for tasks to queue
[2024-06-18T15:24:32.334+0000] {logging_mixin.py:188} INFO - [2024-06-18T15:24:32.331+0000] {dagbag.py:545} INFO - Filling up the DagBag from /home/airflow/.local/lib/python3.12/site-packages/airflow/example_dags/example_subdag_operator.py
[2024-06-18T15:24:32.373+0000] {processor.py:840} INFO - DAG(s) 'example_subdag_operator.section-1', 'example_subdag_operator.section-2', 'example_subdag_operator' retrieved from /home/airflow/.local/lib/python3.12/site-packages/airflow/example_dags/example_subdag_operator.py
[2024-06-18T15:24:32.404+0000] {logging_mixin.py:188} INFO - [2024-06-18T15:24:32.404+0000] {dag.py:3096} INFO - Sync 3 DAGs
[2024-06-18T15:24:32.438+0000] {logging_mixin.py:188} INFO - [2024-06-18T15:24:32.438+0000] {dag.py:3954} INFO - Setting next_dagrun for example_subdag_operator to 2022-01-01 00:00:00+00:00, run_after=2022-01-01 00:00:00+00:00
[2024-06-18T15:24:32.443+0000] {logging_mixin.py:188} INFO - [2024-06-18T15:24:32.442+0000] {dag.py:3954} INFO - Setting next_dagrun for example_subdag_operator.section-1 to None, run_after=None
[2024-06-18T15:24:32.450+0000] {logging_mixin.py:188} INFO - [2024-06-18T15:24:32.449+0000] {dag.py:3954} INFO - Setting next_dagrun for example_subdag_operator.section-2 to None, run_after=None
[2024-06-18T15:24:32.459+0000] {logging_mixin.py:188} INFO - [2024-06-18T15:24:32.458+0000] {dag.py:3096} INFO - Sync 2 DAGs
[2024-06-18T15:24:32.468+0000] {logging_mixin.py:188} INFO - [2024-06-18T15:24:32.468+0000] {dag.py:3954} INFO - Setting next_dagrun for example_subdag_operator.section-1 to None, run_after=None
[2024-06-18T15:24:32.469+0000] {logging_mixin.py:188} INFO - [2024-06-18T15:24:32.469+0000] {dag.py:3954} INFO - Setting next_dagrun for example_subdag_operator.section-2 to None, run_after=None
[2024-06-18T15:24:32.482+0000] {processor.py:183} INFO - Processing /home/airflow/.local/lib/python3.12/site-packages/airflow/example_dags/example_subdag_operator.py took 0.165 seconds
[2024-06-18T15:25:02.903+0000] {processor.py:161} INFO - Started process (PID=455) to work on /home/airflow/.local/lib/python3.12/site-packages/airflow/example_dags/example_subdag_operator.py
[2024-06-18T15:25:02.904+0000] {processor.py:830} INFO - Processing file /home/airflow/.local/lib/python3.12/site-packages/airflow/example_dags/example_subdag_operator.py for tasks to queue
[2024-06-18T15:25:02.907+0000] {logging_mixin.py:188} INFO - [2024-06-18T15:25:02.906+0000] {dagbag.py:545} INFO - Filling up the DagBag from /home/airflow/.local/lib/python3.12/site-packages/airflow/example_dags/example_subdag_operator.py
[2024-06-18T15:25:02.928+0000] {processor.py:840} INFO - DAG(s) 'example_subdag_operator.section-1', 'example_subdag_operator.section-2', 'example_subdag_operator' retrieved from /home/airflow/.local/lib/python3.12/site-packages/airflow/example_dags/example_subdag_operator.py
[2024-06-18T15:25:02.943+0000] {logging_mixin.py:188} INFO - [2024-06-18T15:25:02.942+0000] {dag.py:3096} INFO - Sync 3 DAGs
[2024-06-18T15:25:02.968+0000] {logging_mixin.py:188} INFO - [2024-06-18T15:25:02.968+0000] {dag.py:3954} INFO - Setting next_dagrun for example_subdag_operator to 2022-01-01 00:00:00+00:00, run_after=2022-01-01 00:00:00+00:00
[2024-06-18T15:25:02.972+0000] {logging_mixin.py:188} INFO - [2024-06-18T15:25:02.972+0000] {dag.py:3954} INFO - Setting next_dagrun for example_subdag_operator.section-1 to None, run_after=None
[2024-06-18T15:25:02.974+0000] {logging_mixin.py:188} INFO - [2024-06-18T15:25:02.974+0000] {dag.py:3954} INFO - Setting next_dagrun for example_subdag_operator.section-2 to None, run_after=None
[2024-06-18T15:25:02.982+0000] {logging_mixin.py:188} INFO - [2024-06-18T15:25:02.982+0000] {dag.py:3096} INFO - Sync 2 DAGs
[2024-06-18T15:25:02.992+0000] {logging_mixin.py:188} INFO - [2024-06-18T15:25:02.991+0000] {dag.py:3954} INFO - Setting next_dagrun for example_subdag_operator.section-1 to None, run_after=None
[2024-06-18T15:25:02.993+0000] {logging_mixin.py:188} INFO - [2024-06-18T15:25:02.993+0000] {dag.py:3954} INFO - Setting next_dagrun for example_subdag_operator.section-2 to None, run_after=None
[2024-06-18T15:25:03.004+0000] {processor.py:183} INFO - Processing /home/airflow/.local/lib/python3.12/site-packages/airflow/example_dags/example_subdag_operator.py took 0.106 seconds
[2024-06-18T15:25:33.186+0000] {processor.py:161} INFO - Started process (PID=513) to work on /home/airflow/.local/lib/python3.12/site-packages/airflow/example_dags/example_subdag_operator.py
[2024-06-18T15:25:33.187+0000] {processor.py:830} INFO - Processing file /home/airflow/.local/lib/python3.12/site-packages/airflow/example_dags/example_subdag_operator.py for tasks to queue
[2024-06-18T15:25:33.189+0000] {logging_mixin.py:188} INFO - [2024-06-18T15:25:33.189+0000] {dagbag.py:545} INFO - Filling up the DagBag from /home/airflow/.local/lib/python3.12/site-packages/airflow/example_dags/example_subdag_operator.py
[2024-06-18T15:25:33.212+0000] {processor.py:840} INFO - DAG(s) 'example_subdag_operator.section-1', 'example_subdag_operator.section-2', 'example_subdag_operator' retrieved from /home/airflow/.local/lib/python3.12/site-packages/airflow/example_dags/example_subdag_operator.py
[2024-06-18T15:25:33.228+0000] {logging_mixin.py:188} INFO - [2024-06-18T15:25:33.228+0000] {dag.py:3096} INFO - Sync 3 DAGs
[2024-06-18T15:25:33.249+0000] {logging_mixin.py:188} INFO - [2024-06-18T15:25:33.248+0000] {dag.py:3954} INFO - Setting next_dagrun for example_subdag_operator to 2022-01-01 00:00:00+00:00, run_after=2022-01-01 00:00:00+00:00
[2024-06-18T15:25:33.253+0000] {logging_mixin.py:188} INFO - [2024-06-18T15:25:33.253+0000] {dag.py:3954} INFO - Setting next_dagrun for example_subdag_operator.section-1 to None, run_after=None
[2024-06-18T15:25:33.255+0000] {logging_mixin.py:188} INFO - [2024-06-18T15:25:33.254+0000] {dag.py:3954} INFO - Setting next_dagrun for example_subdag_operator.section-2 to None, run_after=None
[2024-06-18T15:25:33.264+0000] {logging_mixin.py:188} INFO - [2024-06-18T15:25:33.263+0000] {dag.py:3096} INFO - Sync 2 DAGs
[2024-06-18T15:25:33.273+0000] {logging_mixin.py:188} INFO - [2024-06-18T15:25:33.272+0000] {dag.py:3954} INFO - Setting next_dagrun for example_subdag_operator.section-1 to None, run_after=None
[2024-06-18T15:25:33.273+0000] {logging_mixin.py:188} INFO - [2024-06-18T15:25:33.273+0000] {dag.py:3954} INFO - Setting next_dagrun for example_subdag_operator.section-2 to None, run_after=None
[2024-06-18T15:25:33.285+0000] {processor.py:183} INFO - Processing /home/airflow/.local/lib/python3.12/site-packages/airflow/example_dags/example_subdag_operator.py took 0.105 seconds
[2024-06-18T15:26:03.413+0000] {processor.py:161} INFO - Started process (PID=571) to work on /home/airflow/.local/lib/python3.12/site-packages/airflow/example_dags/example_subdag_operator.py
[2024-06-18T15:26:03.414+0000] {processor.py:830} INFO - Processing file /home/airflow/.local/lib/python3.12/site-packages/airflow/example_dags/example_subdag_operator.py for tasks to queue
[2024-06-18T15:26:03.417+0000] {logging_mixin.py:188} INFO - [2024-06-18T15:26:03.416+0000] {dagbag.py:545} INFO - Filling up the DagBag from /home/airflow/.local/lib/python3.12/site-packages/airflow/example_dags/example_subdag_operator.py
[2024-06-18T15:26:03.446+0000] {processor.py:840} INFO - DAG(s) 'example_subdag_operator.section-1', 'example_subdag_operator.section-2', 'example_subdag_operator' retrieved from /home/airflow/.local/lib/python3.12/site-packages/airflow/example_dags/example_subdag_operator.py
[2024-06-18T15:26:03.463+0000] {logging_mixin.py:188} INFO - [2024-06-18T15:26:03.462+0000] {dag.py:3096} INFO - Sync 3 DAGs
[2024-06-18T15:26:03.485+0000] {logging_mixin.py:188} INFO - [2024-06-18T15:26:03.485+0000] {dag.py:3954} INFO - Setting next_dagrun for example_subdag_operator to 2022-01-01 00:00:00+00:00, run_after=2022-01-01 00:00:00+00:00
[2024-06-18T15:26:03.490+0000] {logging_mixin.py:188} INFO - [2024-06-18T15:26:03.490+0000] {dag.py:3954} INFO - Setting next_dagrun for example_subdag_operator.section-1 to None, run_after=None
[2024-06-18T15:26:03.492+0000] {logging_mixin.py:188} INFO - [2024-06-18T15:26:03.492+0000] {dag.py:3954} INFO - Setting next_dagrun for example_subdag_operator.section-2 to None, run_after=None
[2024-06-18T15:26:03.502+0000] {logging_mixin.py:188} INFO - [2024-06-18T15:26:03.502+0000] {dag.py:3096} INFO - Sync 2 DAGs
[2024-06-18T15:26:03.511+0000] {logging_mixin.py:188} INFO - [2024-06-18T15:26:03.511+0000] {dag.py:3954} INFO - Setting next_dagrun for example_subdag_operator.section-1 to None, run_after=None
[2024-06-18T15:26:03.512+0000] {logging_mixin.py:188} INFO - [2024-06-18T15:26:03.511+0000] {dag.py:3954} INFO - Setting next_dagrun for example_subdag_operator.section-2 to None, run_after=None
[2024-06-18T15:26:03.525+0000] {processor.py:183} INFO - Processing /home/airflow/.local/lib/python3.12/site-packages/airflow/example_dags/example_subdag_operator.py took 0.121 seconds
[2024-06-18T15:26:33.921+0000] {processor.py:161} INFO - Started process (PID=629) to work on /home/airflow/.local/lib/python3.12/site-packages/airflow/example_dags/example_subdag_operator.py
[2024-06-18T15:26:33.923+0000] {processor.py:830} INFO - Processing file /home/airflow/.local/lib/python3.12/site-packages/airflow/example_dags/example_subdag_operator.py for tasks to queue
[2024-06-18T15:26:33.924+0000] {logging_mixin.py:188} INFO - [2024-06-18T15:26:33.924+0000] {dagbag.py:545} INFO - Filling up the DagBag from /home/airflow/.local/lib/python3.12/site-packages/airflow/example_dags/example_subdag_operator.py
[2024-06-18T15:26:33.950+0000] {processor.py:840} INFO - DAG(s) 'example_subdag_operator.section-1', 'example_subdag_operator.section-2', 'example_subdag_operator' retrieved from /home/airflow/.local/lib/python3.12/site-packages/airflow/example_dags/example_subdag_operator.py
[2024-06-18T15:26:33.968+0000] {logging_mixin.py:188} INFO - [2024-06-18T15:26:33.968+0000] {dag.py:3096} INFO - Sync 3 DAGs
[2024-06-18T15:26:33.991+0000] {logging_mixin.py:188} INFO - [2024-06-18T15:26:33.991+0000] {dag.py:3954} INFO - Setting next_dagrun for example_subdag_operator to 2022-01-01 00:00:00+00:00, run_after=2022-01-01 00:00:00+00:00
[2024-06-18T15:26:33.996+0000] {logging_mixin.py:188} INFO - [2024-06-18T15:26:33.996+0000] {dag.py:3954} INFO - Setting next_dagrun for example_subdag_operator.section-1 to None, run_after=None
[2024-06-18T15:26:33.998+0000] {logging_mixin.py:188} INFO - [2024-06-18T15:26:33.998+0000] {dag.py:3954} INFO - Setting next_dagrun for example_subdag_operator.section-2 to None, run_after=None
[2024-06-18T15:26:34.008+0000] {logging_mixin.py:188} INFO - [2024-06-18T15:26:34.008+0000] {dag.py:3096} INFO - Sync 2 DAGs
[2024-06-18T15:26:34.017+0000] {logging_mixin.py:188} INFO - [2024-06-18T15:26:34.016+0000] {dag.py:3954} INFO - Setting next_dagrun for example_subdag_operator.section-1 to None, run_after=None
[2024-06-18T15:26:34.018+0000] {logging_mixin.py:188} INFO - [2024-06-18T15:26:34.018+0000] {dag.py:3954} INFO - Setting next_dagrun for example_subdag_operator.section-2 to None, run_after=None
[2024-06-18T15:26:34.029+0000] {processor.py:183} INFO - Processing /home/airflow/.local/lib/python3.12/site-packages/airflow/example_dags/example_subdag_operator.py took 0.114 seconds
[2024-06-18T15:27:04.347+0000] {processor.py:161} INFO - Started process (PID=687) to work on /home/airflow/.local/lib/python3.12/site-packages/airflow/example_dags/example_subdag_operator.py
[2024-06-18T15:27:04.348+0000] {processor.py:830} INFO - Processing file /home/airflow/.local/lib/python3.12/site-packages/airflow/example_dags/example_subdag_operator.py for tasks to queue
[2024-06-18T15:27:04.350+0000] {logging_mixin.py:188} INFO - [2024-06-18T15:27:04.349+0000] {dagbag.py:545} INFO - Filling up the DagBag from /home/airflow/.local/lib/python3.12/site-packages/airflow/example_dags/example_subdag_operator.py
[2024-06-18T15:27:04.371+0000] {processor.py:840} INFO - DAG(s) 'example_subdag_operator.section-1', 'example_subdag_operator.section-2', 'example_subdag_operator' retrieved from /home/airflow/.local/lib/python3.12/site-packages/airflow/example_dags/example_subdag_operator.py
[2024-06-18T15:27:04.387+0000] {logging_mixin.py:188} INFO - [2024-06-18T15:27:04.386+0000] {dag.py:3096} INFO - Sync 3 DAGs
[2024-06-18T15:27:04.409+0000] {logging_mixin.py:188} INFO - [2024-06-18T15:27:04.409+0000] {dag.py:3954} INFO - Setting next_dagrun for example_subdag_operator to 2022-01-01 00:00:00+00:00, run_after=2022-01-01 00:00:00+00:00
[2024-06-18T15:27:04.414+0000] {logging_mixin.py:188} INFO - [2024-06-18T15:27:04.414+0000] {dag.py:3954} INFO - Setting next_dagrun for example_subdag_operator.section-1 to None, run_after=None
[2024-06-18T15:27:04.416+0000] {logging_mixin.py:188} INFO - [2024-06-18T15:27:04.416+0000] {dag.py:3954} INFO - Setting next_dagrun for example_subdag_operator.section-2 to None, run_after=None
[2024-06-18T15:27:04.424+0000] {logging_mixin.py:188} INFO - [2024-06-18T15:27:04.424+0000] {dag.py:3096} INFO - Sync 2 DAGs
[2024-06-18T15:27:04.434+0000] {logging_mixin.py:188} INFO - [2024-06-18T15:27:04.434+0000] {dag.py:3954} INFO - Setting next_dagrun for example_subdag_operator.section-1 to None, run_after=None
[2024-06-18T15:27:04.435+0000] {logging_mixin.py:188} INFO - [2024-06-18T15:27:04.435+0000] {dag.py:3954} INFO - Setting next_dagrun for example_subdag_operator.section-2 to None, run_after=None
[2024-06-18T15:27:04.450+0000] {processor.py:183} INFO - Processing /home/airflow/.local/lib/python3.12/site-packages/airflow/example_dags/example_subdag_operator.py took 0.107 seconds
[2024-06-18T15:27:34.677+0000] {processor.py:161} INFO - Started process (PID=745) to work on /home/airflow/.local/lib/python3.12/site-packages/airflow/example_dags/example_subdag_operator.py
[2024-06-18T15:27:34.678+0000] {processor.py:830} INFO - Processing file /home/airflow/.local/lib/python3.12/site-packages/airflow/example_dags/example_subdag_operator.py for tasks to queue
[2024-06-18T15:27:34.680+0000] {logging_mixin.py:188} INFO - [2024-06-18T15:27:34.679+0000] {dagbag.py:545} INFO - Filling up the DagBag from /home/airflow/.local/lib/python3.12/site-packages/airflow/example_dags/example_subdag_operator.py
[2024-06-18T15:27:34.701+0000] {processor.py:840} INFO - DAG(s) 'example_subdag_operator.section-1', 'example_subdag_operator.section-2', 'example_subdag_operator' retrieved from /home/airflow/.local/lib/python3.12/site-packages/airflow/example_dags/example_subdag_operator.py
[2024-06-18T15:27:34.716+0000] {logging_mixin.py:188} INFO - [2024-06-18T15:27:34.715+0000] {dag.py:3096} INFO - Sync 3 DAGs
[2024-06-18T15:27:34.739+0000] {logging_mixin.py:188} INFO - [2024-06-18T15:27:34.739+0000] {dag.py:3954} INFO - Setting next_dagrun for example_subdag_operator to 2022-01-01 00:00:00+00:00, run_after=2022-01-01 00:00:00+00:00
[2024-06-18T15:27:34.743+0000] {logging_mixin.py:188} INFO - [2024-06-18T15:27:34.743+0000] {dag.py:3954} INFO - Setting next_dagrun for example_subdag_operator.section-1 to None, run_after=None
[2024-06-18T15:27:34.745+0000] {logging_mixin.py:188} INFO - [2024-06-18T15:27:34.745+0000] {dag.py:3954} INFO - Setting next_dagrun for example_subdag_operator.section-2 to None, run_after=None
[2024-06-18T15:27:34.755+0000] {logging_mixin.py:188} INFO - [2024-06-18T15:27:34.755+0000] {dag.py:3096} INFO - Sync 2 DAGs
[2024-06-18T15:27:34.762+0000] {logging_mixin.py:188} INFO - [2024-06-18T15:27:34.762+0000] {dag.py:3954} INFO - Setting next_dagrun for example_subdag_operator.section-1 to None, run_after=None
[2024-06-18T15:27:34.764+0000] {logging_mixin.py:188} INFO - [2024-06-18T15:27:34.764+0000] {dag.py:3954} INFO - Setting next_dagrun for example_subdag_operator.section-2 to None, run_after=None
[2024-06-18T15:27:34.775+0000] {processor.py:183} INFO - Processing /home/airflow/.local/lib/python3.12/site-packages/airflow/example_dags/example_subdag_operator.py took 0.105 seconds
[2024-06-18T15:28:04.855+0000] {processor.py:161} INFO - Started process (PID=803) to work on /home/airflow/.local/lib/python3.12/site-packages/airflow/example_dags/example_subdag_operator.py
[2024-06-18T15:28:04.856+0000] {processor.py:830} INFO - Processing file /home/airflow/.local/lib/python3.12/site-packages/airflow/example_dags/example_subdag_operator.py for tasks to queue
[2024-06-18T15:28:04.858+0000] {logging_mixin.py:188} INFO - [2024-06-18T15:28:04.858+0000] {dagbag.py:545} INFO - Filling up the DagBag from /home/airflow/.local/lib/python3.12/site-packages/airflow/example_dags/example_subdag_operator.py
[2024-06-18T15:28:04.878+0000] {processor.py:840} INFO - DAG(s) 'example_subdag_operator.section-1', 'example_subdag_operator.section-2', 'example_subdag_operator' retrieved from /home/airflow/.local/lib/python3.12/site-packages/airflow/example_dags/example_subdag_operator.py
[2024-06-18T15:28:04.893+0000] {logging_mixin.py:188} INFO - [2024-06-18T15:28:04.893+0000] {dag.py:3096} INFO - Sync 3 DAGs
[2024-06-18T15:28:04.914+0000] {logging_mixin.py:188} INFO - [2024-06-18T15:28:04.914+0000] {dag.py:3954} INFO - Setting next_dagrun for example_subdag_operator to 2022-01-01 00:00:00+00:00, run_after=2022-01-01 00:00:00+00:00
[2024-06-18T15:28:04.919+0000] {logging_mixin.py:188} INFO - [2024-06-18T15:28:04.919+0000] {dag.py:3954} INFO - Setting next_dagrun for example_subdag_operator.section-1 to None, run_after=None
[2024-06-18T15:28:04.921+0000] {logging_mixin.py:188} INFO - [2024-06-18T15:28:04.921+0000] {dag.py:3954} INFO - Setting next_dagrun for example_subdag_operator.section-2 to None, run_after=None
[2024-06-18T15:28:04.929+0000] {logging_mixin.py:188} INFO - [2024-06-18T15:28:04.929+0000] {dag.py:3096} INFO - Sync 2 DAGs
[2024-06-18T15:28:04.936+0000] {logging_mixin.py:188} INFO - [2024-06-18T15:28:04.936+0000] {dag.py:3954} INFO - Setting next_dagrun for example_subdag_operator.section-1 to None, run_after=None
[2024-06-18T15:28:04.937+0000] {logging_mixin.py:188} INFO - [2024-06-18T15:28:04.937+0000] {dag.py:3954} INFO - Setting next_dagrun for example_subdag_operator.section-2 to None, run_after=None
[2024-06-18T15:28:04.951+0000] {processor.py:183} INFO - Processing /home/airflow/.local/lib/python3.12/site-packages/airflow/example_dags/example_subdag_operator.py took 0.100 seconds
[2024-06-18T15:28:35.234+0000] {processor.py:161} INFO - Started process (PID=861) to work on /home/airflow/.local/lib/python3.12/site-packages/airflow/example_dags/example_subdag_operator.py
[2024-06-18T15:28:35.235+0000] {processor.py:830} INFO - Processing file /home/airflow/.local/lib/python3.12/site-packages/airflow/example_dags/example_subdag_operator.py for tasks to queue
[2024-06-18T15:28:35.237+0000] {logging_mixin.py:188} INFO - [2024-06-18T15:28:35.237+0000] {dagbag.py:545} INFO - Filling up the DagBag from /home/airflow/.local/lib/python3.12/site-packages/airflow/example_dags/example_subdag_operator.py
[2024-06-18T15:28:35.257+0000] {processor.py:840} INFO - DAG(s) 'example_subdag_operator.section-1', 'example_subdag_operator.section-2', 'example_subdag_operator' retrieved from /home/airflow/.local/lib/python3.12/site-packages/airflow/example_dags/example_subdag_operator.py
[2024-06-18T15:28:35.273+0000] {logging_mixin.py:188} INFO - [2024-06-18T15:28:35.273+0000] {dag.py:3096} INFO - Sync 3 DAGs
[2024-06-18T15:28:35.295+0000] {logging_mixin.py:188} INFO - [2024-06-18T15:28:35.295+0000] {dag.py:3954} INFO - Setting next_dagrun for example_subdag_operator to 2022-01-01 00:00:00+00:00, run_after=2022-01-01 00:00:00+00:00
[2024-06-18T15:28:35.299+0000] {logging_mixin.py:188} INFO - [2024-06-18T15:28:35.299+0000] {dag.py:3954} INFO - Setting next_dagrun for example_subdag_operator.section-1 to None, run_after=None
[2024-06-18T15:28:35.301+0000] {logging_mixin.py:188} INFO - [2024-06-18T15:28:35.301+0000] {dag.py:3954} INFO - Setting next_dagrun for example_subdag_operator.section-2 to None, run_after=None
[2024-06-18T15:28:35.309+0000] {logging_mixin.py:188} INFO - [2024-06-18T15:28:35.308+0000] {dag.py:3096} INFO - Sync 2 DAGs
[2024-06-18T15:28:35.317+0000] {logging_mixin.py:188} INFO - [2024-06-18T15:28:35.317+0000] {dag.py:3954} INFO - Setting next_dagrun for example_subdag_operator.section-1 to None, run_after=None
[2024-06-18T15:28:35.318+0000] {logging_mixin.py:188} INFO - [2024-06-18T15:28:35.318+0000] {dag.py:3954} INFO - Setting next_dagrun for example_subdag_operator.section-2 to None, run_after=None
[2024-06-18T15:28:35.331+0000] {processor.py:183} INFO - Processing /home/airflow/.local/lib/python3.12/site-packages/airflow/example_dags/example_subdag_operator.py took 0.102 seconds
[2024-06-18T15:29:05.596+0000] {processor.py:161} INFO - Started process (PID=919) to work on /home/airflow/.local/lib/python3.12/site-packages/airflow/example_dags/example_subdag_operator.py
[2024-06-18T15:29:05.597+0000] {processor.py:830} INFO - Processing file /home/airflow/.local/lib/python3.12/site-packages/airflow/example_dags/example_subdag_operator.py for tasks to queue
[2024-06-18T15:29:05.599+0000] {logging_mixin.py:188} INFO - [2024-06-18T15:29:05.599+0000] {dagbag.py:545} INFO - Filling up the DagBag from /home/airflow/.local/lib/python3.12/site-packages/airflow/example_dags/example_subdag_operator.py
[2024-06-18T15:29:05.623+0000] {processor.py:840} INFO - DAG(s) 'example_subdag_operator.section-1', 'example_subdag_operator.section-2', 'example_subdag_operator' retrieved from /home/airflow/.local/lib/python3.12/site-packages/airflow/example_dags/example_subdag_operator.py
[2024-06-18T15:29:05.643+0000] {logging_mixin.py:188} INFO - [2024-06-18T15:29:05.643+0000] {dag.py:3096} INFO - Sync 3 DAGs
[2024-06-18T15:29:05.668+0000] {logging_mixin.py:188} INFO - [2024-06-18T15:29:05.667+0000] {dag.py:3954} INFO - Setting next_dagrun for example_subdag_operator to 2022-01-01 00:00:00+00:00, run_after=2022-01-01 00:00:00+00:00
[2024-06-18T15:29:05.673+0000] {logging_mixin.py:188} INFO - [2024-06-18T15:29:05.672+0000] {dag.py:3954} INFO - Setting next_dagrun for example_subdag_operator.section-1 to None, run_after=None
[2024-06-18T15:29:05.675+0000] {logging_mixin.py:188} INFO - [2024-06-18T15:29:05.675+0000] {dag.py:3954} INFO - Setting next_dagrun for example_subdag_operator.section-2 to None, run_after=None
[2024-06-18T15:29:05.695+0000] {logging_mixin.py:188} INFO - [2024-06-18T15:29:05.694+0000] {dag.py:3096} INFO - Sync 2 DAGs
[2024-06-18T15:29:05.710+0000] {logging_mixin.py:188} INFO - [2024-06-18T15:29:05.710+0000] {dag.py:3954} INFO - Setting next_dagrun for example_subdag_operator.section-1 to None, run_after=None
[2024-06-18T15:29:05.711+0000] {logging_mixin.py:188} INFO - [2024-06-18T15:29:05.711+0000] {dag.py:3954} INFO - Setting next_dagrun for example_subdag_operator.section-2 to None, run_after=None
[2024-06-18T15:29:05.734+0000] {processor.py:183} INFO - Processing /home/airflow/.local/lib/python3.12/site-packages/airflow/example_dags/example_subdag_operator.py took 0.144 seconds
[2024-06-18T15:29:35.854+0000] {processor.py:161} INFO - Started process (PID=977) to work on /home/airflow/.local/lib/python3.12/site-packages/airflow/example_dags/example_subdag_operator.py
[2024-06-18T15:29:35.855+0000] {processor.py:830} INFO - Processing file /home/airflow/.local/lib/python3.12/site-packages/airflow/example_dags/example_subdag_operator.py for tasks to queue
[2024-06-18T15:29:35.856+0000] {logging_mixin.py:188} INFO - [2024-06-18T15:29:35.856+0000] {dagbag.py:545} INFO - Filling up the DagBag from /home/airflow/.local/lib/python3.12/site-packages/airflow/example_dags/example_subdag_operator.py
[2024-06-18T15:29:35.883+0000] {processor.py:840} INFO - DAG(s) 'example_subdag_operator.section-1', 'example_subdag_operator.section-2', 'example_subdag_operator' retrieved from /home/airflow/.local/lib/python3.12/site-packages/airflow/example_dags/example_subdag_operator.py
[2024-06-18T15:29:35.899+0000] {logging_mixin.py:188} INFO - [2024-06-18T15:29:35.899+0000] {dag.py:3096} INFO - Sync 3 DAGs
[2024-06-18T15:29:35.921+0000] {logging_mixin.py:188} INFO - [2024-06-18T15:29:35.921+0000] {dag.py:3954} INFO - Setting next_dagrun for example_subdag_operator to 2022-01-01 00:00:00+00:00, run_after=2022-01-01 00:00:00+00:00
[2024-06-18T15:29:35.925+0000] {logging_mixin.py:188} INFO - [2024-06-18T15:29:35.925+0000] {dag.py:3954} INFO - Setting next_dagrun for example_subdag_operator.section-1 to None, run_after=None
[2024-06-18T15:29:35.927+0000] {logging_mixin.py:188} INFO - [2024-06-18T15:29:35.927+0000] {dag.py:3954} INFO - Setting next_dagrun for example_subdag_operator.section-2 to None, run_after=None
[2024-06-18T15:29:35.936+0000] {logging_mixin.py:188} INFO - [2024-06-18T15:29:35.936+0000] {dag.py:3096} INFO - Sync 2 DAGs
[2024-06-18T15:29:35.942+0000] {logging_mixin.py:188} INFO - [2024-06-18T15:29:35.941+0000] {dag.py:3954} INFO - Setting next_dagrun for example_subdag_operator.section-1 to None, run_after=None
[2024-06-18T15:29:35.943+0000] {logging_mixin.py:188} INFO - [2024-06-18T15:29:35.943+0000] {dag.py:3954} INFO - Setting next_dagrun for example_subdag_operator.section-2 to None, run_after=None
[2024-06-18T15:29:35.956+0000] {processor.py:183} INFO - Processing /home/airflow/.local/lib/python3.12/site-packages/airflow/example_dags/example_subdag_operator.py took 0.107 seconds
[2024-06-18T15:30:06.481+0000] {processor.py:161} INFO - Started process (PID=1033) to work on /home/airflow/.local/lib/python3.12/site-packages/airflow/example_dags/example_subdag_operator.py
[2024-06-18T15:30:06.482+0000] {processor.py:830} INFO - Processing file /home/airflow/.local/lib/python3.12/site-packages/airflow/example_dags/example_subdag_operator.py for tasks to queue
[2024-06-18T15:30:06.487+0000] {logging_mixin.py:188} INFO - [2024-06-18T15:30:06.486+0000] {dagbag.py:545} INFO - Filling up the DagBag from /home/airflow/.local/lib/python3.12/site-packages/airflow/example_dags/example_subdag_operator.py
[2024-06-18T15:30:06.526+0000] {processor.py:840} INFO - DAG(s) 'example_subdag_operator.section-1', 'example_subdag_operator.section-2', 'example_subdag_operator' retrieved from /home/airflow/.local/lib/python3.12/site-packages/airflow/example_dags/example_subdag_operator.py
[2024-06-18T15:30:06.549+0000] {logging_mixin.py:188} INFO - [2024-06-18T15:30:06.549+0000] {dag.py:3096} INFO - Sync 3 DAGs
[2024-06-18T15:30:06.576+0000] {logging_mixin.py:188} INFO - [2024-06-18T15:30:06.576+0000] {dag.py:3954} INFO - Setting next_dagrun for example_subdag_operator to 2022-01-01 00:00:00+00:00, run_after=2022-01-01 00:00:00+00:00
[2024-06-18T15:30:06.583+0000] {logging_mixin.py:188} INFO - [2024-06-18T15:30:06.583+0000] {dag.py:3954} INFO - Setting next_dagrun for example_subdag_operator.section-1 to None, run_after=None
[2024-06-18T15:30:06.586+0000] {logging_mixin.py:188} INFO - [2024-06-18T15:30:06.585+0000] {dag.py:3954} INFO - Setting next_dagrun for example_subdag_operator.section-2 to None, run_after=None
[2024-06-18T15:30:06.598+0000] {logging_mixin.py:188} INFO - [2024-06-18T15:30:06.598+0000] {dag.py:3096} INFO - Sync 2 DAGs
[2024-06-18T15:30:06.606+0000] {logging_mixin.py:188} INFO - [2024-06-18T15:30:06.606+0000] {dag.py:3954} INFO - Setting next_dagrun for example_subdag_operator.section-1 to None, run_after=None
[2024-06-18T15:30:06.607+0000] {logging_mixin.py:188} INFO - [2024-06-18T15:30:06.607+0000] {dag.py:3954} INFO - Setting next_dagrun for example_subdag_operator.section-2 to None, run_after=None
[2024-06-18T15:30:06.619+0000] {processor.py:183} INFO - Processing /home/airflow/.local/lib/python3.12/site-packages/airflow/example_dags/example_subdag_operator.py took 0.146 seconds
[2024-06-18T15:30:36.992+0000] {processor.py:161} INFO - Started process (PID=1091) to work on /home/airflow/.local/lib/python3.12/site-packages/airflow/example_dags/example_subdag_operator.py
[2024-06-18T15:30:36.994+0000] {processor.py:830} INFO - Processing file /home/airflow/.local/lib/python3.12/site-packages/airflow/example_dags/example_subdag_operator.py for tasks to queue
[2024-06-18T15:30:36.996+0000] {logging_mixin.py:188} INFO - [2024-06-18T15:30:36.996+0000] {dagbag.py:545} INFO - Filling up the DagBag from /home/airflow/.local/lib/python3.12/site-packages/airflow/example_dags/example_subdag_operator.py
[2024-06-18T15:30:37.024+0000] {processor.py:840} INFO - DAG(s) 'example_subdag_operator.section-1', 'example_subdag_operator.section-2', 'example_subdag_operator' retrieved from /home/airflow/.local/lib/python3.12/site-packages/airflow/example_dags/example_subdag_operator.py
[2024-06-18T15:30:37.040+0000] {logging_mixin.py:188} INFO - [2024-06-18T15:30:37.039+0000] {dag.py:3096} INFO - Sync 3 DAGs
[2024-06-18T15:30:37.066+0000] {logging_mixin.py:188} INFO - [2024-06-18T15:30:37.066+0000] {dag.py:3954} INFO - Setting next_dagrun for example_subdag_operator to 2022-01-01 00:00:00+00:00, run_after=2022-01-01 00:00:00+00:00
[2024-06-18T15:30:37.071+0000] {logging_mixin.py:188} INFO - [2024-06-18T15:30:37.070+0000] {dag.py:3954} INFO - Setting next_dagrun for example_subdag_operator.section-1 to None, run_after=None
[2024-06-18T15:30:37.073+0000] {logging_mixin.py:188} INFO - [2024-06-18T15:30:37.072+0000] {dag.py:3954} INFO - Setting next_dagrun for example_subdag_operator.section-2 to None, run_after=None
[2024-06-18T15:30:37.083+0000] {logging_mixin.py:188} INFO - [2024-06-18T15:30:37.082+0000] {dag.py:3096} INFO - Sync 2 DAGs
[2024-06-18T15:30:37.090+0000] {logging_mixin.py:188} INFO - [2024-06-18T15:30:37.089+0000] {dag.py:3954} INFO - Setting next_dagrun for example_subdag_operator.section-1 to None, run_after=None
[2024-06-18T15:30:37.090+0000] {logging_mixin.py:188} INFO - [2024-06-18T15:30:37.090+0000] {dag.py:3954} INFO - Setting next_dagrun for example_subdag_operator.section-2 to None, run_after=None
[2024-06-18T15:30:37.105+0000] {processor.py:183} INFO - Processing /home/airflow/.local/lib/python3.12/site-packages/airflow/example_dags/example_subdag_operator.py took 0.119 seconds
[2024-06-18T15:31:07.672+0000] {processor.py:161} INFO - Started process (PID=1149) to work on /home/airflow/.local/lib/python3.12/site-packages/airflow/example_dags/example_subdag_operator.py
[2024-06-18T15:31:07.674+0000] {processor.py:830} INFO - Processing file /home/airflow/.local/lib/python3.12/site-packages/airflow/example_dags/example_subdag_operator.py for tasks to queue
[2024-06-18T15:31:07.677+0000] {logging_mixin.py:188} INFO - [2024-06-18T15:31:07.676+0000] {dagbag.py:545} INFO - Filling up the DagBag from /home/airflow/.local/lib/python3.12/site-packages/airflow/example_dags/example_subdag_operator.py
[2024-06-18T15:31:07.713+0000] {processor.py:840} INFO - DAG(s) 'example_subdag_operator.section-1', 'example_subdag_operator.section-2', 'example_subdag_operator' retrieved from /home/airflow/.local/lib/python3.12/site-packages/airflow/example_dags/example_subdag_operator.py
[2024-06-18T15:31:07.741+0000] {logging_mixin.py:188} INFO - [2024-06-18T15:31:07.741+0000] {dag.py:3096} INFO - Sync 3 DAGs
[2024-06-18T15:31:07.787+0000] {logging_mixin.py:188} INFO - [2024-06-18T15:31:07.786+0000] {dag.py:3954} INFO - Setting next_dagrun for example_subdag_operator to 2022-01-01 00:00:00+00:00, run_after=2022-01-01 00:00:00+00:00
[2024-06-18T15:31:07.794+0000] {logging_mixin.py:188} INFO - [2024-06-18T15:31:07.793+0000] {dag.py:3954} INFO - Setting next_dagrun for example_subdag_operator.section-1 to None, run_after=None
[2024-06-18T15:31:07.796+0000] {logging_mixin.py:188} INFO - [2024-06-18T15:31:07.796+0000] {dag.py:3954} INFO - Setting next_dagrun for example_subdag_operator.section-2 to None, run_after=None
[2024-06-18T15:31:07.809+0000] {logging_mixin.py:188} INFO - [2024-06-18T15:31:07.809+0000] {dag.py:3096} INFO - Sync 2 DAGs
[2024-06-18T15:31:07.817+0000] {logging_mixin.py:188} INFO - [2024-06-18T15:31:07.817+0000] {dag.py:3954} INFO - Setting next_dagrun for example_subdag_operator.section-1 to None, run_after=None
[2024-06-18T15:31:07.818+0000] {logging_mixin.py:188} INFO - [2024-06-18T15:31:07.818+0000] {dag.py:3954} INFO - Setting next_dagrun for example_subdag_operator.section-2 to None, run_after=None
[2024-06-18T15:31:07.832+0000] {processor.py:183} INFO - Processing /home/airflow/.local/lib/python3.12/site-packages/airflow/example_dags/example_subdag_operator.py took 0.167 seconds
[2024-06-18T15:31:38.017+0000] {processor.py:161} INFO - Started process (PID=1207) to work on /home/airflow/.local/lib/python3.12/site-packages/airflow/example_dags/example_subdag_operator.py
[2024-06-18T15:31:38.018+0000] {processor.py:830} INFO - Processing file /home/airflow/.local/lib/python3.12/site-packages/airflow/example_dags/example_subdag_operator.py for tasks to queue
[2024-06-18T15:31:38.020+0000] {logging_mixin.py:188} INFO - [2024-06-18T15:31:38.019+0000] {dagbag.py:545} INFO - Filling up the DagBag from /home/airflow/.local/lib/python3.12/site-packages/airflow/example_dags/example_subdag_operator.py
[2024-06-18T15:31:38.041+0000] {processor.py:840} INFO - DAG(s) 'example_subdag_operator.section-1', 'example_subdag_operator.section-2', 'example_subdag_operator' retrieved from /home/airflow/.local/lib/python3.12/site-packages/airflow/example_dags/example_subdag_operator.py
[2024-06-18T15:31:38.058+0000] {logging_mixin.py:188} INFO - [2024-06-18T15:31:38.058+0000] {dag.py:3096} INFO - Sync 3 DAGs
[2024-06-18T15:31:38.087+0000] {logging_mixin.py:188} INFO - [2024-06-18T15:31:38.087+0000] {dag.py:3954} INFO - Setting next_dagrun for example_subdag_operator to 2022-01-01 00:00:00+00:00, run_after=2022-01-01 00:00:00+00:00
[2024-06-18T15:31:38.092+0000] {logging_mixin.py:188} INFO - [2024-06-18T15:31:38.092+0000] {dag.py:3954} INFO - Setting next_dagrun for example_subdag_operator.section-1 to None, run_after=None
[2024-06-18T15:31:38.094+0000] {logging_mixin.py:188} INFO - [2024-06-18T15:31:38.093+0000] {dag.py:3954} INFO - Setting next_dagrun for example_subdag_operator.section-2 to None, run_after=None
[2024-06-18T15:31:38.104+0000] {logging_mixin.py:188} INFO - [2024-06-18T15:31:38.104+0000] {dag.py:3096} INFO - Sync 2 DAGs
[2024-06-18T15:31:38.110+0000] {logging_mixin.py:188} INFO - [2024-06-18T15:31:38.110+0000] {dag.py:3954} INFO - Setting next_dagrun for example_subdag_operator.section-1 to None, run_after=None
[2024-06-18T15:31:38.111+0000] {logging_mixin.py:188} INFO - [2024-06-18T15:31:38.111+0000] {dag.py:3954} INFO - Setting next_dagrun for example_subdag_operator.section-2 to None, run_after=None
[2024-06-18T15:31:38.125+0000] {processor.py:183} INFO - Processing /home/airflow/.local/lib/python3.12/site-packages/airflow/example_dags/example_subdag_operator.py took 0.115 seconds
[2024-06-18T15:32:08.920+0000] {processor.py:161} INFO - Started process (PID=1265) to work on /home/airflow/.local/lib/python3.12/site-packages/airflow/example_dags/example_subdag_operator.py
[2024-06-18T15:32:08.922+0000] {processor.py:830} INFO - Processing file /home/airflow/.local/lib/python3.12/site-packages/airflow/example_dags/example_subdag_operator.py for tasks to queue
[2024-06-18T15:32:08.925+0000] {logging_mixin.py:188} INFO - [2024-06-18T15:32:08.924+0000] {dagbag.py:545} INFO - Filling up the DagBag from /home/airflow/.local/lib/python3.12/site-packages/airflow/example_dags/example_subdag_operator.py
[2024-06-18T15:32:08.967+0000] {processor.py:840} INFO - DAG(s) 'example_subdag_operator.section-1', 'example_subdag_operator.section-2', 'example_subdag_operator' retrieved from /home/airflow/.local/lib/python3.12/site-packages/airflow/example_dags/example_subdag_operator.py
[2024-06-18T15:32:08.989+0000] {logging_mixin.py:188} INFO - [2024-06-18T15:32:08.988+0000] {dag.py:3096} INFO - Sync 3 DAGs
[2024-06-18T15:32:09.019+0000] {logging_mixin.py:188} INFO - [2024-06-18T15:32:09.019+0000] {dag.py:3954} INFO - Setting next_dagrun for example_subdag_operator to 2022-01-01 00:00:00+00:00, run_after=2022-01-01 00:00:00+00:00
[2024-06-18T15:32:09.026+0000] {logging_mixin.py:188} INFO - [2024-06-18T15:32:09.026+0000] {dag.py:3954} INFO - Setting next_dagrun for example_subdag_operator.section-1 to None, run_after=None
[2024-06-18T15:32:09.028+0000] {logging_mixin.py:188} INFO - [2024-06-18T15:32:09.028+0000] {dag.py:3954} INFO - Setting next_dagrun for example_subdag_operator.section-2 to None, run_after=None
[2024-06-18T15:32:09.037+0000] {logging_mixin.py:188} INFO - [2024-06-18T15:32:09.036+0000] {dag.py:3096} INFO - Sync 2 DAGs
[2024-06-18T15:32:09.044+0000] {logging_mixin.py:188} INFO - [2024-06-18T15:32:09.044+0000] {dag.py:3954} INFO - Setting next_dagrun for example_subdag_operator.section-1 to None, run_after=None
[2024-06-18T15:32:09.045+0000] {logging_mixin.py:188} INFO - [2024-06-18T15:32:09.045+0000] {dag.py:3954} INFO - Setting next_dagrun for example_subdag_operator.section-2 to None, run_after=None
[2024-06-18T15:32:09.059+0000] {processor.py:183} INFO - Processing /home/airflow/.local/lib/python3.12/site-packages/airflow/example_dags/example_subdag_operator.py took 0.147 seconds
[2024-06-18T15:32:39.607+0000] {processor.py:161} INFO - Started process (PID=1323) to work on /home/airflow/.local/lib/python3.12/site-packages/airflow/example_dags/example_subdag_operator.py
[2024-06-18T15:32:39.608+0000] {processor.py:830} INFO - Processing file /home/airflow/.local/lib/python3.12/site-packages/airflow/example_dags/example_subdag_operator.py for tasks to queue
[2024-06-18T15:32:39.610+0000] {logging_mixin.py:188} INFO - [2024-06-18T15:32:39.610+0000] {dagbag.py:545} INFO - Filling up the DagBag from /home/airflow/.local/lib/python3.12/site-packages/airflow/example_dags/example_subdag_operator.py
[2024-06-18T15:32:39.639+0000] {processor.py:840} INFO - DAG(s) 'example_subdag_operator.section-1', 'example_subdag_operator.section-2', 'example_subdag_operator' retrieved from /home/airflow/.local/lib/python3.12/site-packages/airflow/example_dags/example_subdag_operator.py
[2024-06-18T15:32:39.660+0000] {logging_mixin.py:188} INFO - [2024-06-18T15:32:39.660+0000] {dag.py:3096} INFO - Sync 3 DAGs
[2024-06-18T15:32:39.696+0000] {logging_mixin.py:188} INFO - [2024-06-18T15:32:39.696+0000] {dag.py:3954} INFO - Setting next_dagrun for example_subdag_operator to 2022-01-01 00:00:00+00:00, run_after=2022-01-01 00:00:00+00:00
[2024-06-18T15:32:39.703+0000] {logging_mixin.py:188} INFO - [2024-06-18T15:32:39.703+0000] {dag.py:3954} INFO - Setting next_dagrun for example_subdag_operator.section-1 to None, run_after=None
[2024-06-18T15:32:39.706+0000] {logging_mixin.py:188} INFO - [2024-06-18T15:32:39.705+0000] {dag.py:3954} INFO - Setting next_dagrun for example_subdag_operator.section-2 to None, run_after=None
[2024-06-18T15:32:39.719+0000] {logging_mixin.py:188} INFO - [2024-06-18T15:32:39.719+0000] {dag.py:3096} INFO - Sync 2 DAGs
[2024-06-18T15:32:39.729+0000] {logging_mixin.py:188} INFO - [2024-06-18T15:32:39.729+0000] {dag.py:3954} INFO - Setting next_dagrun for example_subdag_operator.section-1 to None, run_after=None
[2024-06-18T15:32:39.730+0000] {logging_mixin.py:188} INFO - [2024-06-18T15:32:39.730+0000] {dag.py:3954} INFO - Setting next_dagrun for example_subdag_operator.section-2 to None, run_after=None
[2024-06-18T15:32:39.747+0000] {processor.py:183} INFO - Processing /home/airflow/.local/lib/python3.12/site-packages/airflow/example_dags/example_subdag_operator.py took 0.146 seconds
[2024-06-18T15:33:10.449+0000] {processor.py:161} INFO - Started process (PID=1381) to work on /home/airflow/.local/lib/python3.12/site-packages/airflow/example_dags/example_subdag_operator.py
[2024-06-18T15:33:10.450+0000] {processor.py:830} INFO - Processing file /home/airflow/.local/lib/python3.12/site-packages/airflow/example_dags/example_subdag_operator.py for tasks to queue
[2024-06-18T15:33:10.452+0000] {logging_mixin.py:188} INFO - [2024-06-18T15:33:10.452+0000] {dagbag.py:545} INFO - Filling up the DagBag from /home/airflow/.local/lib/python3.12/site-packages/airflow/example_dags/example_subdag_operator.py
[2024-06-18T15:33:10.492+0000] {processor.py:840} INFO - DAG(s) 'example_subdag_operator.section-1', 'example_subdag_operator.section-2', 'example_subdag_operator' retrieved from /home/airflow/.local/lib/python3.12/site-packages/airflow/example_dags/example_subdag_operator.py
[2024-06-18T15:33:10.520+0000] {logging_mixin.py:188} INFO - [2024-06-18T15:33:10.520+0000] {dag.py:3096} INFO - Sync 3 DAGs
[2024-06-18T15:33:10.563+0000] {logging_mixin.py:188} INFO - [2024-06-18T15:33:10.562+0000] {dag.py:3954} INFO - Setting next_dagrun for example_subdag_operator to 2022-01-01 00:00:00+00:00, run_after=2022-01-01 00:00:00+00:00
[2024-06-18T15:33:10.571+0000] {logging_mixin.py:188} INFO - [2024-06-18T15:33:10.571+0000] {dag.py:3954} INFO - Setting next_dagrun for example_subdag_operator.section-1 to None, run_after=None
[2024-06-18T15:33:10.575+0000] {logging_mixin.py:188} INFO - [2024-06-18T15:33:10.574+0000] {dag.py:3954} INFO - Setting next_dagrun for example_subdag_operator.section-2 to None, run_after=None
[2024-06-18T15:33:10.588+0000] {logging_mixin.py:188} INFO - [2024-06-18T15:33:10.588+0000] {dag.py:3096} INFO - Sync 2 DAGs
[2024-06-18T15:33:10.600+0000] {logging_mixin.py:188} INFO - [2024-06-18T15:33:10.600+0000] {dag.py:3954} INFO - Setting next_dagrun for example_subdag_operator.section-1 to None, run_after=None
[2024-06-18T15:33:10.602+0000] {logging_mixin.py:188} INFO - [2024-06-18T15:33:10.602+0000] {dag.py:3954} INFO - Setting next_dagrun for example_subdag_operator.section-2 to None, run_after=None
[2024-06-18T15:33:10.623+0000] {processor.py:183} INFO - Processing /home/airflow/.local/lib/python3.12/site-packages/airflow/example_dags/example_subdag_operator.py took 0.181 seconds
[2024-06-18T15:33:40.938+0000] {processor.py:161} INFO - Started process (PID=1439) to work on /home/airflow/.local/lib/python3.12/site-packages/airflow/example_dags/example_subdag_operator.py
[2024-06-18T15:33:40.940+0000] {processor.py:830} INFO - Processing file /home/airflow/.local/lib/python3.12/site-packages/airflow/example_dags/example_subdag_operator.py for tasks to queue
[2024-06-18T15:33:40.942+0000] {logging_mixin.py:188} INFO - [2024-06-18T15:33:40.942+0000] {dagbag.py:545} INFO - Filling up the DagBag from /home/airflow/.local/lib/python3.12/site-packages/airflow/example_dags/example_subdag_operator.py
[2024-06-18T15:33:40.969+0000] {processor.py:840} INFO - DAG(s) 'example_subdag_operator.section-1', 'example_subdag_operator.section-2', 'example_subdag_operator' retrieved from /home/airflow/.local/lib/python3.12/site-packages/airflow/example_dags/example_subdag_operator.py
[2024-06-18T15:33:40.985+0000] {logging_mixin.py:188} INFO - [2024-06-18T15:33:40.985+0000] {dag.py:3096} INFO - Sync 3 DAGs
[2024-06-18T15:33:41.013+0000] {logging_mixin.py:188} INFO - [2024-06-18T15:33:41.013+0000] {dag.py:3954} INFO - Setting next_dagrun for example_subdag_operator to 2022-01-01 00:00:00+00:00, run_after=2022-01-01 00:00:00+00:00
[2024-06-18T15:33:41.021+0000] {logging_mixin.py:188} INFO - [2024-06-18T15:33:41.021+0000] {dag.py:3954} INFO - Setting next_dagrun for example_subdag_operator.section-1 to None, run_after=None
[2024-06-18T15:33:41.024+0000] {logging_mixin.py:188} INFO - [2024-06-18T15:33:41.023+0000] {dag.py:3954} INFO - Setting next_dagrun for example_subdag_operator.section-2 to None, run_after=None
[2024-06-18T15:33:41.037+0000] {logging_mixin.py:188} INFO - [2024-06-18T15:33:41.037+0000] {dag.py:3096} INFO - Sync 2 DAGs
[2024-06-18T15:33:41.047+0000] {logging_mixin.py:188} INFO - [2024-06-18T15:33:41.047+0000] {dag.py:3954} INFO - Setting next_dagrun for example_subdag_operator.section-1 to None, run_after=None
[2024-06-18T15:33:41.048+0000] {logging_mixin.py:188} INFO - [2024-06-18T15:33:41.048+0000] {dag.py:3954} INFO - Setting next_dagrun for example_subdag_operator.section-2 to None, run_after=None
[2024-06-18T15:33:41.067+0000] {processor.py:183} INFO - Processing /home/airflow/.local/lib/python3.12/site-packages/airflow/example_dags/example_subdag_operator.py took 0.135 seconds
