[2024-06-18T15:21:41.362+0000] {processor.py:161} INFO - Started process (PID=69) to work on /home/airflow/.local/lib/python3.12/site-packages/airflow/example_dags/example_datasets.py
[2024-06-18T15:21:41.364+0000] {processor.py:830} INFO - Processing file /home/airflow/.local/lib/python3.12/site-packages/airflow/example_dags/example_datasets.py for tasks to queue
[2024-06-18T15:21:41.368+0000] {logging_mixin.py:188} INFO - [2024-06-18T15:21:41.367+0000] {dagbag.py:545} INFO - Filling up the DagBag from /home/airflow/.local/lib/python3.12/site-packages/airflow/example_dags/example_datasets.py
[2024-06-18T15:21:41.568+0000] {processor.py:840} INFO - DAG(s) 'dataset_consumes_1_and_2', 'dataset_produces_2', 'dataset_consumes_1', 'dataset_consumes_unknown_never_scheduled', 'conditional_dataset_and_time_based_timetable', 'dataset_produces_1', 'consume_1_and_2_with_dataset_expressions', 'dataset_consumes_1_never_scheduled', 'consume_1_or_both_2_and_3_with_dataset_expressions', 'consume_1_or_2_with_dataset_expressions' retrieved from /home/airflow/.local/lib/python3.12/site-packages/airflow/example_dags/example_datasets.py
[2024-06-18T15:21:42.205+0000] {logging_mixin.py:188} INFO - [2024-06-18T15:21:42.204+0000] {dag.py:3096} INFO - Sync 10 DAGs
[2024-06-18T15:21:42.258+0000] {logging_mixin.py:188} INFO - [2024-06-18T15:21:42.258+0000] {dag.py:3954} INFO - Setting next_dagrun for conditional_dataset_and_time_based_timetable to 2024-06-12 01:00:00+00:00, run_after=2024-06-12 01:00:00+00:00
[2024-06-18T15:21:42.265+0000] {logging_mixin.py:188} INFO - [2024-06-18T15:21:42.264+0000] {dag.py:3954} INFO - Setting next_dagrun for consume_1_and_2_with_dataset_expressions to None, run_after=None
[2024-06-18T15:21:42.270+0000] {logging_mixin.py:188} INFO - [2024-06-18T15:21:42.270+0000] {dag.py:3954} INFO - Setting next_dagrun for consume_1_or_2_with_dataset_expressions to None, run_after=None
[2024-06-18T15:21:42.274+0000] {logging_mixin.py:188} INFO - [2024-06-18T15:21:42.274+0000] {dag.py:3954} INFO - Setting next_dagrun for consume_1_or_both_2_and_3_with_dataset_expressions to None, run_after=None
[2024-06-18T15:21:42.277+0000] {logging_mixin.py:188} INFO - [2024-06-18T15:21:42.277+0000] {dag.py:3954} INFO - Setting next_dagrun for dataset_consumes_1 to None, run_after=None
[2024-06-18T15:21:42.280+0000] {logging_mixin.py:188} INFO - [2024-06-18T15:21:42.280+0000] {dag.py:3954} INFO - Setting next_dagrun for dataset_consumes_1_and_2 to None, run_after=None
[2024-06-18T15:21:42.283+0000] {logging_mixin.py:188} INFO - [2024-06-18T15:21:42.283+0000] {dag.py:3954} INFO - Setting next_dagrun for dataset_consumes_1_never_scheduled to None, run_after=None
[2024-06-18T15:21:42.287+0000] {logging_mixin.py:188} INFO - [2024-06-18T15:21:42.285+0000] {dag.py:3954} INFO - Setting next_dagrun for dataset_consumes_unknown_never_scheduled to None, run_after=None
[2024-06-18T15:21:42.293+0000] {logging_mixin.py:188} INFO - [2024-06-18T15:21:42.292+0000] {dag.py:3954} INFO - Setting next_dagrun for dataset_produces_1 to 2024-06-17 00:00:00+00:00, run_after=2024-06-18 00:00:00+00:00
[2024-06-18T15:21:42.297+0000] {logging_mixin.py:188} INFO - [2024-06-18T15:21:42.296+0000] {dag.py:3954} INFO - Setting next_dagrun for dataset_produces_2 to None, run_after=None
[2024-06-18T15:21:42.449+0000] {processor.py:183} INFO - Processing /home/airflow/.local/lib/python3.12/site-packages/airflow/example_dags/example_datasets.py took 1.106 seconds
[2024-06-18T15:22:12.880+0000] {processor.py:161} INFO - Started process (PID=127) to work on /home/airflow/.local/lib/python3.12/site-packages/airflow/example_dags/example_datasets.py
[2024-06-18T15:22:12.883+0000] {processor.py:830} INFO - Processing file /home/airflow/.local/lib/python3.12/site-packages/airflow/example_dags/example_datasets.py for tasks to queue
[2024-06-18T15:22:12.890+0000] {logging_mixin.py:188} INFO - [2024-06-18T15:22:12.889+0000] {dagbag.py:545} INFO - Filling up the DagBag from /home/airflow/.local/lib/python3.12/site-packages/airflow/example_dags/example_datasets.py
[2024-06-18T15:22:12.963+0000] {processor.py:840} INFO - DAG(s) 'dataset_consumes_1', 'dataset_consumes_1_never_scheduled', 'consume_1_and_2_with_dataset_expressions', 'dataset_produces_1', 'dataset_produces_2', 'dataset_consumes_unknown_never_scheduled', 'consume_1_or_both_2_and_3_with_dataset_expressions', 'dataset_consumes_1_and_2', 'consume_1_or_2_with_dataset_expressions', 'conditional_dataset_and_time_based_timetable' retrieved from /home/airflow/.local/lib/python3.12/site-packages/airflow/example_dags/example_datasets.py
[2024-06-18T15:22:13.104+0000] {logging_mixin.py:188} INFO - [2024-06-18T15:22:13.104+0000] {dag.py:3096} INFO - Sync 10 DAGs
[2024-06-18T15:22:13.638+0000] {logging_mixin.py:188} INFO - [2024-06-18T15:22:13.638+0000] {dag.py:3954} INFO - Setting next_dagrun for conditional_dataset_and_time_based_timetable to 2024-06-12 01:00:00+00:00, run_after=2024-06-12 01:00:00+00:00
[2024-06-18T15:22:13.647+0000] {logging_mixin.py:188} INFO - [2024-06-18T15:22:13.647+0000] {dag.py:3954} INFO - Setting next_dagrun for consume_1_and_2_with_dataset_expressions to None, run_after=None
[2024-06-18T15:22:13.651+0000] {logging_mixin.py:188} INFO - [2024-06-18T15:22:13.650+0000] {dag.py:3954} INFO - Setting next_dagrun for consume_1_or_2_with_dataset_expressions to None, run_after=None
[2024-06-18T15:22:13.654+0000] {logging_mixin.py:188} INFO - [2024-06-18T15:22:13.654+0000] {dag.py:3954} INFO - Setting next_dagrun for consume_1_or_both_2_and_3_with_dataset_expressions to None, run_after=None
[2024-06-18T15:22:13.657+0000] {logging_mixin.py:188} INFO - [2024-06-18T15:22:13.657+0000] {dag.py:3954} INFO - Setting next_dagrun for dataset_consumes_1 to None, run_after=None
[2024-06-18T15:22:13.660+0000] {logging_mixin.py:188} INFO - [2024-06-18T15:22:13.659+0000] {dag.py:3954} INFO - Setting next_dagrun for dataset_consumes_1_and_2 to None, run_after=None
[2024-06-18T15:22:13.662+0000] {logging_mixin.py:188} INFO - [2024-06-18T15:22:13.662+0000] {dag.py:3954} INFO - Setting next_dagrun for dataset_consumes_1_never_scheduled to None, run_after=None
[2024-06-18T15:22:13.665+0000] {logging_mixin.py:188} INFO - [2024-06-18T15:22:13.665+0000] {dag.py:3954} INFO - Setting next_dagrun for dataset_consumes_unknown_never_scheduled to None, run_after=None
[2024-06-18T15:22:13.669+0000] {logging_mixin.py:188} INFO - [2024-06-18T15:22:13.668+0000] {dag.py:3954} INFO - Setting next_dagrun for dataset_produces_1 to 2024-06-17 00:00:00+00:00, run_after=2024-06-18 00:00:00+00:00
[2024-06-18T15:22:13.672+0000] {logging_mixin.py:188} INFO - [2024-06-18T15:22:13.672+0000] {dag.py:3954} INFO - Setting next_dagrun for dataset_produces_2 to None, run_after=None
[2024-06-18T15:22:13.741+0000] {processor.py:183} INFO - Processing /home/airflow/.local/lib/python3.12/site-packages/airflow/example_dags/example_datasets.py took 0.884 seconds
[2024-06-18T15:22:44.000+0000] {processor.py:161} INFO - Started process (PID=185) to work on /home/airflow/.local/lib/python3.12/site-packages/airflow/example_dags/example_datasets.py
[2024-06-18T15:22:44.002+0000] {processor.py:830} INFO - Processing file /home/airflow/.local/lib/python3.12/site-packages/airflow/example_dags/example_datasets.py for tasks to queue
[2024-06-18T15:22:44.005+0000] {logging_mixin.py:188} INFO - [2024-06-18T15:22:44.005+0000] {dagbag.py:545} INFO - Filling up the DagBag from /home/airflow/.local/lib/python3.12/site-packages/airflow/example_dags/example_datasets.py
[2024-06-18T15:22:44.028+0000] {processor.py:840} INFO - DAG(s) 'consume_1_or_2_with_dataset_expressions', 'dataset_consumes_1_never_scheduled', 'dataset_consumes_unknown_never_scheduled', 'dataset_consumes_1', 'dataset_produces_2', 'consume_1_or_both_2_and_3_with_dataset_expressions', 'conditional_dataset_and_time_based_timetable', 'dataset_produces_1', 'dataset_consumes_1_and_2', 'consume_1_and_2_with_dataset_expressions' retrieved from /home/airflow/.local/lib/python3.12/site-packages/airflow/example_dags/example_datasets.py
[2024-06-18T15:22:44.101+0000] {logging_mixin.py:188} INFO - [2024-06-18T15:22:44.100+0000] {dag.py:3096} INFO - Sync 10 DAGs
[2024-06-18T15:22:44.161+0000] {logging_mixin.py:188} INFO - [2024-06-18T15:22:44.160+0000] {dag.py:3954} INFO - Setting next_dagrun for conditional_dataset_and_time_based_timetable to 2024-06-12 01:00:00+00:00, run_after=2024-06-12 01:00:00+00:00
[2024-06-18T15:22:44.184+0000] {logging_mixin.py:188} INFO - [2024-06-18T15:22:44.184+0000] {dag.py:3954} INFO - Setting next_dagrun for consume_1_and_2_with_dataset_expressions to None, run_after=None
[2024-06-18T15:22:44.188+0000] {logging_mixin.py:188} INFO - [2024-06-18T15:22:44.188+0000] {dag.py:3954} INFO - Setting next_dagrun for consume_1_or_2_with_dataset_expressions to None, run_after=None
[2024-06-18T15:22:44.191+0000] {logging_mixin.py:188} INFO - [2024-06-18T15:22:44.190+0000] {dag.py:3954} INFO - Setting next_dagrun for consume_1_or_both_2_and_3_with_dataset_expressions to None, run_after=None
[2024-06-18T15:22:44.194+0000] {logging_mixin.py:188} INFO - [2024-06-18T15:22:44.193+0000] {dag.py:3954} INFO - Setting next_dagrun for dataset_consumes_1 to None, run_after=None
[2024-06-18T15:22:44.197+0000] {logging_mixin.py:188} INFO - [2024-06-18T15:22:44.196+0000] {dag.py:3954} INFO - Setting next_dagrun for dataset_consumes_1_and_2 to None, run_after=None
[2024-06-18T15:22:44.199+0000] {logging_mixin.py:188} INFO - [2024-06-18T15:22:44.199+0000] {dag.py:3954} INFO - Setting next_dagrun for dataset_consumes_1_never_scheduled to None, run_after=None
[2024-06-18T15:22:44.202+0000] {logging_mixin.py:188} INFO - [2024-06-18T15:22:44.202+0000] {dag.py:3954} INFO - Setting next_dagrun for dataset_consumes_unknown_never_scheduled to None, run_after=None
[2024-06-18T15:22:44.209+0000] {logging_mixin.py:188} INFO - [2024-06-18T15:22:44.209+0000] {dag.py:3954} INFO - Setting next_dagrun for dataset_produces_1 to 2024-06-17 00:00:00+00:00, run_after=2024-06-18 00:00:00+00:00
[2024-06-18T15:22:44.212+0000] {logging_mixin.py:188} INFO - [2024-06-18T15:22:44.211+0000] {dag.py:3954} INFO - Setting next_dagrun for dataset_produces_2 to None, run_after=None
[2024-06-18T15:22:44.285+0000] {processor.py:183} INFO - Processing /home/airflow/.local/lib/python3.12/site-packages/airflow/example_dags/example_datasets.py took 0.291 seconds
[2024-06-18T15:23:14.335+0000] {processor.py:161} INFO - Started process (PID=243) to work on /home/airflow/.local/lib/python3.12/site-packages/airflow/example_dags/example_datasets.py
[2024-06-18T15:23:14.337+0000] {processor.py:830} INFO - Processing file /home/airflow/.local/lib/python3.12/site-packages/airflow/example_dags/example_datasets.py for tasks to queue
[2024-06-18T15:23:14.339+0000] {logging_mixin.py:188} INFO - [2024-06-18T15:23:14.339+0000] {dagbag.py:545} INFO - Filling up the DagBag from /home/airflow/.local/lib/python3.12/site-packages/airflow/example_dags/example_datasets.py
[2024-06-18T15:23:14.351+0000] {processor.py:840} INFO - DAG(s) 'dataset_consumes_unknown_never_scheduled', 'conditional_dataset_and_time_based_timetable', 'dataset_consumes_1', 'consume_1_and_2_with_dataset_expressions', 'dataset_consumes_1_never_scheduled', 'dataset_produces_2', 'consume_1_or_2_with_dataset_expressions', 'dataset_consumes_1_and_2', 'dataset_produces_1', 'consume_1_or_both_2_and_3_with_dataset_expressions' retrieved from /home/airflow/.local/lib/python3.12/site-packages/airflow/example_dags/example_datasets.py
[2024-06-18T15:23:14.395+0000] {logging_mixin.py:188} INFO - [2024-06-18T15:23:14.394+0000] {dag.py:3096} INFO - Sync 10 DAGs
[2024-06-18T15:23:14.420+0000] {logging_mixin.py:188} INFO - [2024-06-18T15:23:14.419+0000] {dag.py:3954} INFO - Setting next_dagrun for conditional_dataset_and_time_based_timetable to 2024-06-12 01:00:00+00:00, run_after=2024-06-12 01:00:00+00:00
[2024-06-18T15:23:14.426+0000] {logging_mixin.py:188} INFO - [2024-06-18T15:23:14.425+0000] {dag.py:3954} INFO - Setting next_dagrun for consume_1_and_2_with_dataset_expressions to None, run_after=None
[2024-06-18T15:23:14.429+0000] {logging_mixin.py:188} INFO - [2024-06-18T15:23:14.429+0000] {dag.py:3954} INFO - Setting next_dagrun for consume_1_or_2_with_dataset_expressions to None, run_after=None
[2024-06-18T15:23:14.432+0000] {logging_mixin.py:188} INFO - [2024-06-18T15:23:14.432+0000] {dag.py:3954} INFO - Setting next_dagrun for consume_1_or_both_2_and_3_with_dataset_expressions to None, run_after=None
[2024-06-18T15:23:14.437+0000] {logging_mixin.py:188} INFO - [2024-06-18T15:23:14.436+0000] {dag.py:3954} INFO - Setting next_dagrun for dataset_consumes_1 to None, run_after=None
[2024-06-18T15:23:14.439+0000] {logging_mixin.py:188} INFO - [2024-06-18T15:23:14.439+0000] {dag.py:3954} INFO - Setting next_dagrun for dataset_consumes_1_and_2 to None, run_after=None
[2024-06-18T15:23:14.441+0000] {logging_mixin.py:188} INFO - [2024-06-18T15:23:14.441+0000] {dag.py:3954} INFO - Setting next_dagrun for dataset_consumes_1_never_scheduled to None, run_after=None
[2024-06-18T15:23:14.443+0000] {logging_mixin.py:188} INFO - [2024-06-18T15:23:14.443+0000] {dag.py:3954} INFO - Setting next_dagrun for dataset_consumes_unknown_never_scheduled to None, run_after=None
[2024-06-18T15:23:14.446+0000] {logging_mixin.py:188} INFO - [2024-06-18T15:23:14.446+0000] {dag.py:3954} INFO - Setting next_dagrun for dataset_produces_1 to 2024-06-17 00:00:00+00:00, run_after=2024-06-18 00:00:00+00:00
[2024-06-18T15:23:14.448+0000] {logging_mixin.py:188} INFO - [2024-06-18T15:23:14.448+0000] {dag.py:3954} INFO - Setting next_dagrun for dataset_produces_2 to None, run_after=None
[2024-06-18T15:23:14.479+0000] {processor.py:183} INFO - Processing /home/airflow/.local/lib/python3.12/site-packages/airflow/example_dags/example_datasets.py took 0.148 seconds
[2024-06-18T15:23:44.531+0000] {processor.py:161} INFO - Started process (PID=301) to work on /home/airflow/.local/lib/python3.12/site-packages/airflow/example_dags/example_datasets.py
[2024-06-18T15:23:44.533+0000] {processor.py:830} INFO - Processing file /home/airflow/.local/lib/python3.12/site-packages/airflow/example_dags/example_datasets.py for tasks to queue
[2024-06-18T15:23:44.535+0000] {logging_mixin.py:188} INFO - [2024-06-18T15:23:44.534+0000] {dagbag.py:545} INFO - Filling up the DagBag from /home/airflow/.local/lib/python3.12/site-packages/airflow/example_dags/example_datasets.py
[2024-06-18T15:23:44.547+0000] {processor.py:840} INFO - DAG(s) 'conditional_dataset_and_time_based_timetable', 'dataset_consumes_1_never_scheduled', 'dataset_produces_1', 'dataset_consumes_1_and_2', 'consume_1_or_both_2_and_3_with_dataset_expressions', 'dataset_produces_2', 'consume_1_or_2_with_dataset_expressions', 'consume_1_and_2_with_dataset_expressions', 'dataset_consumes_1', 'dataset_consumes_unknown_never_scheduled' retrieved from /home/airflow/.local/lib/python3.12/site-packages/airflow/example_dags/example_datasets.py
[2024-06-18T15:23:44.592+0000] {logging_mixin.py:188} INFO - [2024-06-18T15:23:44.591+0000] {dag.py:3096} INFO - Sync 10 DAGs
[2024-06-18T15:23:44.615+0000] {logging_mixin.py:188} INFO - [2024-06-18T15:23:44.615+0000] {dag.py:3954} INFO - Setting next_dagrun for conditional_dataset_and_time_based_timetable to 2024-06-12 01:00:00+00:00, run_after=2024-06-12 01:00:00+00:00
[2024-06-18T15:23:44.620+0000] {logging_mixin.py:188} INFO - [2024-06-18T15:23:44.620+0000] {dag.py:3954} INFO - Setting next_dagrun for consume_1_and_2_with_dataset_expressions to None, run_after=None
[2024-06-18T15:23:44.622+0000] {logging_mixin.py:188} INFO - [2024-06-18T15:23:44.622+0000] {dag.py:3954} INFO - Setting next_dagrun for consume_1_or_2_with_dataset_expressions to None, run_after=None
[2024-06-18T15:23:44.625+0000] {logging_mixin.py:188} INFO - [2024-06-18T15:23:44.625+0000] {dag.py:3954} INFO - Setting next_dagrun for consume_1_or_both_2_and_3_with_dataset_expressions to None, run_after=None
[2024-06-18T15:23:44.628+0000] {logging_mixin.py:188} INFO - [2024-06-18T15:23:44.628+0000] {dag.py:3954} INFO - Setting next_dagrun for dataset_consumes_1 to None, run_after=None
[2024-06-18T15:23:44.630+0000] {logging_mixin.py:188} INFO - [2024-06-18T15:23:44.630+0000] {dag.py:3954} INFO - Setting next_dagrun for dataset_consumes_1_and_2 to None, run_after=None
[2024-06-18T15:23:44.633+0000] {logging_mixin.py:188} INFO - [2024-06-18T15:23:44.633+0000] {dag.py:3954} INFO - Setting next_dagrun for dataset_consumes_1_never_scheduled to None, run_after=None
[2024-06-18T15:23:44.636+0000] {logging_mixin.py:188} INFO - [2024-06-18T15:23:44.636+0000] {dag.py:3954} INFO - Setting next_dagrun for dataset_consumes_unknown_never_scheduled to None, run_after=None
[2024-06-18T15:23:44.640+0000] {logging_mixin.py:188} INFO - [2024-06-18T15:23:44.639+0000] {dag.py:3954} INFO - Setting next_dagrun for dataset_produces_1 to 2024-06-17 00:00:00+00:00, run_after=2024-06-18 00:00:00+00:00
[2024-06-18T15:23:44.642+0000] {logging_mixin.py:188} INFO - [2024-06-18T15:23:44.641+0000] {dag.py:3954} INFO - Setting next_dagrun for dataset_produces_2 to None, run_after=None
[2024-06-18T15:23:44.674+0000] {processor.py:183} INFO - Processing /home/airflow/.local/lib/python3.12/site-packages/airflow/example_dags/example_datasets.py took 0.149 seconds
[2024-06-18T15:24:14.721+0000] {processor.py:161} INFO - Started process (PID=359) to work on /home/airflow/.local/lib/python3.12/site-packages/airflow/example_dags/example_datasets.py
[2024-06-18T15:24:14.722+0000] {processor.py:830} INFO - Processing file /home/airflow/.local/lib/python3.12/site-packages/airflow/example_dags/example_datasets.py for tasks to queue
[2024-06-18T15:24:14.724+0000] {logging_mixin.py:188} INFO - [2024-06-18T15:24:14.723+0000] {dagbag.py:545} INFO - Filling up the DagBag from /home/airflow/.local/lib/python3.12/site-packages/airflow/example_dags/example_datasets.py
[2024-06-18T15:24:14.735+0000] {processor.py:840} INFO - DAG(s) 'consume_1_or_both_2_and_3_with_dataset_expressions', 'dataset_produces_2', 'dataset_produces_1', 'consume_1_and_2_with_dataset_expressions', 'dataset_consumes_1_never_scheduled', 'conditional_dataset_and_time_based_timetable', 'dataset_consumes_1', 'consume_1_or_2_with_dataset_expressions', 'dataset_consumes_1_and_2', 'dataset_consumes_unknown_never_scheduled' retrieved from /home/airflow/.local/lib/python3.12/site-packages/airflow/example_dags/example_datasets.py
[2024-06-18T15:24:14.784+0000] {logging_mixin.py:188} INFO - [2024-06-18T15:24:14.783+0000] {dag.py:3096} INFO - Sync 10 DAGs
[2024-06-18T15:24:14.809+0000] {logging_mixin.py:188} INFO - [2024-06-18T15:24:14.809+0000] {dag.py:3954} INFO - Setting next_dagrun for conditional_dataset_and_time_based_timetable to 2024-06-12 01:00:00+00:00, run_after=2024-06-12 01:00:00+00:00
[2024-06-18T15:24:14.818+0000] {logging_mixin.py:188} INFO - [2024-06-18T15:24:14.818+0000] {dag.py:3954} INFO - Setting next_dagrun for consume_1_and_2_with_dataset_expressions to None, run_after=None
[2024-06-18T15:24:14.821+0000] {logging_mixin.py:188} INFO - [2024-06-18T15:24:14.821+0000] {dag.py:3954} INFO - Setting next_dagrun for consume_1_or_2_with_dataset_expressions to None, run_after=None
[2024-06-18T15:24:14.823+0000] {logging_mixin.py:188} INFO - [2024-06-18T15:24:14.823+0000] {dag.py:3954} INFO - Setting next_dagrun for consume_1_or_both_2_and_3_with_dataset_expressions to None, run_after=None
[2024-06-18T15:24:14.826+0000] {logging_mixin.py:188} INFO - [2024-06-18T15:24:14.825+0000] {dag.py:3954} INFO - Setting next_dagrun for dataset_consumes_1 to None, run_after=None
[2024-06-18T15:24:14.828+0000] {logging_mixin.py:188} INFO - [2024-06-18T15:24:14.828+0000] {dag.py:3954} INFO - Setting next_dagrun for dataset_consumes_1_and_2 to None, run_after=None
[2024-06-18T15:24:14.830+0000] {logging_mixin.py:188} INFO - [2024-06-18T15:24:14.830+0000] {dag.py:3954} INFO - Setting next_dagrun for dataset_consumes_1_never_scheduled to None, run_after=None
[2024-06-18T15:24:14.831+0000] {logging_mixin.py:188} INFO - [2024-06-18T15:24:14.831+0000] {dag.py:3954} INFO - Setting next_dagrun for dataset_consumes_unknown_never_scheduled to None, run_after=None
[2024-06-18T15:24:14.834+0000] {logging_mixin.py:188} INFO - [2024-06-18T15:24:14.834+0000] {dag.py:3954} INFO - Setting next_dagrun for dataset_produces_1 to 2024-06-17 00:00:00+00:00, run_after=2024-06-18 00:00:00+00:00
[2024-06-18T15:24:14.835+0000] {logging_mixin.py:188} INFO - [2024-06-18T15:24:14.835+0000] {dag.py:3954} INFO - Setting next_dagrun for dataset_produces_2 to None, run_after=None
[2024-06-18T15:24:14.867+0000] {processor.py:183} INFO - Processing /home/airflow/.local/lib/python3.12/site-packages/airflow/example_dags/example_datasets.py took 0.151 seconds
[2024-06-18T15:24:45.689+0000] {processor.py:161} INFO - Started process (PID=417) to work on /home/airflow/.local/lib/python3.12/site-packages/airflow/example_dags/example_datasets.py
[2024-06-18T15:24:45.690+0000] {processor.py:830} INFO - Processing file /home/airflow/.local/lib/python3.12/site-packages/airflow/example_dags/example_datasets.py for tasks to queue
[2024-06-18T15:24:45.692+0000] {logging_mixin.py:188} INFO - [2024-06-18T15:24:45.692+0000] {dagbag.py:545} INFO - Filling up the DagBag from /home/airflow/.local/lib/python3.12/site-packages/airflow/example_dags/example_datasets.py
[2024-06-18T15:24:45.704+0000] {processor.py:840} INFO - DAG(s) 'conditional_dataset_and_time_based_timetable', 'dataset_consumes_unknown_never_scheduled', 'consume_1_and_2_with_dataset_expressions', 'dataset_produces_2', 'dataset_consumes_1_never_scheduled', 'dataset_consumes_1', 'dataset_produces_1', 'dataset_consumes_1_and_2', 'consume_1_or_both_2_and_3_with_dataset_expressions', 'consume_1_or_2_with_dataset_expressions' retrieved from /home/airflow/.local/lib/python3.12/site-packages/airflow/example_dags/example_datasets.py
[2024-06-18T15:24:45.750+0000] {logging_mixin.py:188} INFO - [2024-06-18T15:24:45.750+0000] {dag.py:3096} INFO - Sync 10 DAGs
[2024-06-18T15:24:45.776+0000] {logging_mixin.py:188} INFO - [2024-06-18T15:24:45.775+0000] {dag.py:3954} INFO - Setting next_dagrun for conditional_dataset_and_time_based_timetable to 2024-06-12 01:00:00+00:00, run_after=2024-06-12 01:00:00+00:00
[2024-06-18T15:24:45.782+0000] {logging_mixin.py:188} INFO - [2024-06-18T15:24:45.782+0000] {dag.py:3954} INFO - Setting next_dagrun for consume_1_and_2_with_dataset_expressions to None, run_after=None
[2024-06-18T15:24:45.785+0000] {logging_mixin.py:188} INFO - [2024-06-18T15:24:45.785+0000] {dag.py:3954} INFO - Setting next_dagrun for consume_1_or_2_with_dataset_expressions to None, run_after=None
[2024-06-18T15:24:45.788+0000] {logging_mixin.py:188} INFO - [2024-06-18T15:24:45.788+0000] {dag.py:3954} INFO - Setting next_dagrun for consume_1_or_both_2_and_3_with_dataset_expressions to None, run_after=None
[2024-06-18T15:24:45.790+0000] {logging_mixin.py:188} INFO - [2024-06-18T15:24:45.790+0000] {dag.py:3954} INFO - Setting next_dagrun for dataset_consumes_1 to None, run_after=None
[2024-06-18T15:24:45.792+0000] {logging_mixin.py:188} INFO - [2024-06-18T15:24:45.792+0000] {dag.py:3954} INFO - Setting next_dagrun for dataset_consumes_1_and_2 to None, run_after=None
[2024-06-18T15:24:45.793+0000] {logging_mixin.py:188} INFO - [2024-06-18T15:24:45.793+0000] {dag.py:3954} INFO - Setting next_dagrun for dataset_consumes_1_never_scheduled to None, run_after=None
[2024-06-18T15:24:45.794+0000] {logging_mixin.py:188} INFO - [2024-06-18T15:24:45.794+0000] {dag.py:3954} INFO - Setting next_dagrun for dataset_consumes_unknown_never_scheduled to None, run_after=None
[2024-06-18T15:24:45.796+0000] {logging_mixin.py:188} INFO - [2024-06-18T15:24:45.796+0000] {dag.py:3954} INFO - Setting next_dagrun for dataset_produces_1 to 2024-06-17 00:00:00+00:00, run_after=2024-06-18 00:00:00+00:00
[2024-06-18T15:24:45.798+0000] {logging_mixin.py:188} INFO - [2024-06-18T15:24:45.797+0000] {dag.py:3954} INFO - Setting next_dagrun for dataset_produces_2 to None, run_after=None
[2024-06-18T15:24:45.831+0000] {processor.py:183} INFO - Processing /home/airflow/.local/lib/python3.12/site-packages/airflow/example_dags/example_datasets.py took 0.146 seconds
[2024-06-18T15:25:16.086+0000] {processor.py:161} INFO - Started process (PID=475) to work on /home/airflow/.local/lib/python3.12/site-packages/airflow/example_dags/example_datasets.py
[2024-06-18T15:25:16.087+0000] {processor.py:830} INFO - Processing file /home/airflow/.local/lib/python3.12/site-packages/airflow/example_dags/example_datasets.py for tasks to queue
[2024-06-18T15:25:16.089+0000] {logging_mixin.py:188} INFO - [2024-06-18T15:25:16.089+0000] {dagbag.py:545} INFO - Filling up the DagBag from /home/airflow/.local/lib/python3.12/site-packages/airflow/example_dags/example_datasets.py
[2024-06-18T15:25:16.101+0000] {processor.py:840} INFO - DAG(s) 'consume_1_and_2_with_dataset_expressions', 'dataset_consumes_unknown_never_scheduled', 'dataset_consumes_1_and_2', 'conditional_dataset_and_time_based_timetable', 'consume_1_or_2_with_dataset_expressions', 'dataset_produces_2', 'consume_1_or_both_2_and_3_with_dataset_expressions', 'dataset_consumes_1_never_scheduled', 'dataset_produces_1', 'dataset_consumes_1' retrieved from /home/airflow/.local/lib/python3.12/site-packages/airflow/example_dags/example_datasets.py
[2024-06-18T15:25:16.146+0000] {logging_mixin.py:188} INFO - [2024-06-18T15:25:16.146+0000] {dag.py:3096} INFO - Sync 10 DAGs
[2024-06-18T15:25:16.170+0000] {logging_mixin.py:188} INFO - [2024-06-18T15:25:16.170+0000] {dag.py:3954} INFO - Setting next_dagrun for conditional_dataset_and_time_based_timetable to 2024-06-12 01:00:00+00:00, run_after=2024-06-12 01:00:00+00:00
[2024-06-18T15:25:16.177+0000] {logging_mixin.py:188} INFO - [2024-06-18T15:25:16.177+0000] {dag.py:3954} INFO - Setting next_dagrun for consume_1_and_2_with_dataset_expressions to None, run_after=None
[2024-06-18T15:25:16.180+0000] {logging_mixin.py:188} INFO - [2024-06-18T15:25:16.180+0000] {dag.py:3954} INFO - Setting next_dagrun for consume_1_or_2_with_dataset_expressions to None, run_after=None
[2024-06-18T15:25:16.182+0000] {logging_mixin.py:188} INFO - [2024-06-18T15:25:16.182+0000] {dag.py:3954} INFO - Setting next_dagrun for consume_1_or_both_2_and_3_with_dataset_expressions to None, run_after=None
[2024-06-18T15:25:16.184+0000] {logging_mixin.py:188} INFO - [2024-06-18T15:25:16.184+0000] {dag.py:3954} INFO - Setting next_dagrun for dataset_consumes_1 to None, run_after=None
[2024-06-18T15:25:16.186+0000] {logging_mixin.py:188} INFO - [2024-06-18T15:25:16.186+0000] {dag.py:3954} INFO - Setting next_dagrun for dataset_consumes_1_and_2 to None, run_after=None
[2024-06-18T15:25:16.187+0000] {logging_mixin.py:188} INFO - [2024-06-18T15:25:16.187+0000] {dag.py:3954} INFO - Setting next_dagrun for dataset_consumes_1_never_scheduled to None, run_after=None
[2024-06-18T15:25:16.189+0000] {logging_mixin.py:188} INFO - [2024-06-18T15:25:16.189+0000] {dag.py:3954} INFO - Setting next_dagrun for dataset_consumes_unknown_never_scheduled to None, run_after=None
[2024-06-18T15:25:16.193+0000] {logging_mixin.py:188} INFO - [2024-06-18T15:25:16.192+0000] {dag.py:3954} INFO - Setting next_dagrun for dataset_produces_1 to 2024-06-17 00:00:00+00:00, run_after=2024-06-18 00:00:00+00:00
[2024-06-18T15:25:16.194+0000] {logging_mixin.py:188} INFO - [2024-06-18T15:25:16.194+0000] {dag.py:3954} INFO - Setting next_dagrun for dataset_produces_2 to None, run_after=None
[2024-06-18T15:25:16.228+0000] {processor.py:183} INFO - Processing /home/airflow/.local/lib/python3.12/site-packages/airflow/example_dags/example_datasets.py took 0.146 seconds
[2024-06-18T15:25:46.305+0000] {processor.py:161} INFO - Started process (PID=533) to work on /home/airflow/.local/lib/python3.12/site-packages/airflow/example_dags/example_datasets.py
[2024-06-18T15:25:46.306+0000] {processor.py:830} INFO - Processing file /home/airflow/.local/lib/python3.12/site-packages/airflow/example_dags/example_datasets.py for tasks to queue
[2024-06-18T15:25:46.308+0000] {logging_mixin.py:188} INFO - [2024-06-18T15:25:46.308+0000] {dagbag.py:545} INFO - Filling up the DagBag from /home/airflow/.local/lib/python3.12/site-packages/airflow/example_dags/example_datasets.py
[2024-06-18T15:25:46.321+0000] {processor.py:840} INFO - DAG(s) 'dataset_produces_2', 'consume_1_or_2_with_dataset_expressions', 'conditional_dataset_and_time_based_timetable', 'dataset_consumes_unknown_never_scheduled', 'dataset_consumes_1_never_scheduled', 'consume_1_and_2_with_dataset_expressions', 'dataset_consumes_1', 'consume_1_or_both_2_and_3_with_dataset_expressions', 'dataset_consumes_1_and_2', 'dataset_produces_1' retrieved from /home/airflow/.local/lib/python3.12/site-packages/airflow/example_dags/example_datasets.py
[2024-06-18T15:25:46.369+0000] {logging_mixin.py:188} INFO - [2024-06-18T15:25:46.369+0000] {dag.py:3096} INFO - Sync 10 DAGs
[2024-06-18T15:25:46.393+0000] {logging_mixin.py:188} INFO - [2024-06-18T15:25:46.393+0000] {dag.py:3954} INFO - Setting next_dagrun for conditional_dataset_and_time_based_timetable to 2024-06-12 01:00:00+00:00, run_after=2024-06-12 01:00:00+00:00
[2024-06-18T15:25:46.400+0000] {logging_mixin.py:188} INFO - [2024-06-18T15:25:46.400+0000] {dag.py:3954} INFO - Setting next_dagrun for consume_1_and_2_with_dataset_expressions to None, run_after=None
[2024-06-18T15:25:46.402+0000] {logging_mixin.py:188} INFO - [2024-06-18T15:25:46.402+0000] {dag.py:3954} INFO - Setting next_dagrun for consume_1_or_2_with_dataset_expressions to None, run_after=None
[2024-06-18T15:25:46.405+0000] {logging_mixin.py:188} INFO - [2024-06-18T15:25:46.405+0000] {dag.py:3954} INFO - Setting next_dagrun for consume_1_or_both_2_and_3_with_dataset_expressions to None, run_after=None
[2024-06-18T15:25:46.407+0000] {logging_mixin.py:188} INFO - [2024-06-18T15:25:46.407+0000] {dag.py:3954} INFO - Setting next_dagrun for dataset_consumes_1 to None, run_after=None
[2024-06-18T15:25:46.409+0000] {logging_mixin.py:188} INFO - [2024-06-18T15:25:46.409+0000] {dag.py:3954} INFO - Setting next_dagrun for dataset_consumes_1_and_2 to None, run_after=None
[2024-06-18T15:25:46.411+0000] {logging_mixin.py:188} INFO - [2024-06-18T15:25:46.411+0000] {dag.py:3954} INFO - Setting next_dagrun for dataset_consumes_1_never_scheduled to None, run_after=None
[2024-06-18T15:25:46.413+0000] {logging_mixin.py:188} INFO - [2024-06-18T15:25:46.412+0000] {dag.py:3954} INFO - Setting next_dagrun for dataset_consumes_unknown_never_scheduled to None, run_after=None
[2024-06-18T15:25:46.415+0000] {logging_mixin.py:188} INFO - [2024-06-18T15:25:46.415+0000] {dag.py:3954} INFO - Setting next_dagrun for dataset_produces_1 to 2024-06-17 00:00:00+00:00, run_after=2024-06-18 00:00:00+00:00
[2024-06-18T15:25:46.417+0000] {logging_mixin.py:188} INFO - [2024-06-18T15:25:46.416+0000] {dag.py:3954} INFO - Setting next_dagrun for dataset_produces_2 to None, run_after=None
[2024-06-18T15:25:46.449+0000] {processor.py:183} INFO - Processing /home/airflow/.local/lib/python3.12/site-packages/airflow/example_dags/example_datasets.py took 0.149 seconds
[2024-06-18T15:26:16.685+0000] {processor.py:161} INFO - Started process (PID=591) to work on /home/airflow/.local/lib/python3.12/site-packages/airflow/example_dags/example_datasets.py
[2024-06-18T15:26:16.686+0000] {processor.py:830} INFO - Processing file /home/airflow/.local/lib/python3.12/site-packages/airflow/example_dags/example_datasets.py for tasks to queue
[2024-06-18T15:26:16.687+0000] {logging_mixin.py:188} INFO - [2024-06-18T15:26:16.687+0000] {dagbag.py:545} INFO - Filling up the DagBag from /home/airflow/.local/lib/python3.12/site-packages/airflow/example_dags/example_datasets.py
[2024-06-18T15:26:16.699+0000] {processor.py:840} INFO - DAG(s) 'dataset_consumes_unknown_never_scheduled', 'dataset_produces_2', 'consume_1_or_2_with_dataset_expressions', 'consume_1_or_both_2_and_3_with_dataset_expressions', 'consume_1_and_2_with_dataset_expressions', 'dataset_produces_1', 'dataset_consumes_1_and_2', 'conditional_dataset_and_time_based_timetable', 'dataset_consumes_1_never_scheduled', 'dataset_consumes_1' retrieved from /home/airflow/.local/lib/python3.12/site-packages/airflow/example_dags/example_datasets.py
[2024-06-18T15:26:16.742+0000] {logging_mixin.py:188} INFO - [2024-06-18T15:26:16.742+0000] {dag.py:3096} INFO - Sync 10 DAGs
[2024-06-18T15:26:16.765+0000] {logging_mixin.py:188} INFO - [2024-06-18T15:26:16.764+0000] {dag.py:3954} INFO - Setting next_dagrun for conditional_dataset_and_time_based_timetable to 2024-06-12 01:00:00+00:00, run_after=2024-06-12 01:00:00+00:00
[2024-06-18T15:26:16.769+0000] {logging_mixin.py:188} INFO - [2024-06-18T15:26:16.769+0000] {dag.py:3954} INFO - Setting next_dagrun for consume_1_and_2_with_dataset_expressions to None, run_after=None
[2024-06-18T15:26:16.773+0000] {logging_mixin.py:188} INFO - [2024-06-18T15:26:16.772+0000] {dag.py:3954} INFO - Setting next_dagrun for consume_1_or_2_with_dataset_expressions to None, run_after=None
[2024-06-18T15:26:16.775+0000] {logging_mixin.py:188} INFO - [2024-06-18T15:26:16.775+0000] {dag.py:3954} INFO - Setting next_dagrun for consume_1_or_both_2_and_3_with_dataset_expressions to None, run_after=None
[2024-06-18T15:26:16.778+0000] {logging_mixin.py:188} INFO - [2024-06-18T15:26:16.777+0000] {dag.py:3954} INFO - Setting next_dagrun for dataset_consumes_1 to None, run_after=None
[2024-06-18T15:26:16.781+0000] {logging_mixin.py:188} INFO - [2024-06-18T15:26:16.781+0000] {dag.py:3954} INFO - Setting next_dagrun for dataset_consumes_1_and_2 to None, run_after=None
[2024-06-18T15:26:16.783+0000] {logging_mixin.py:188} INFO - [2024-06-18T15:26:16.783+0000] {dag.py:3954} INFO - Setting next_dagrun for dataset_consumes_1_never_scheduled to None, run_after=None
[2024-06-18T15:26:16.785+0000] {logging_mixin.py:188} INFO - [2024-06-18T15:26:16.785+0000] {dag.py:3954} INFO - Setting next_dagrun for dataset_consumes_unknown_never_scheduled to None, run_after=None
[2024-06-18T15:26:16.787+0000] {logging_mixin.py:188} INFO - [2024-06-18T15:26:16.787+0000] {dag.py:3954} INFO - Setting next_dagrun for dataset_produces_1 to 2024-06-17 00:00:00+00:00, run_after=2024-06-18 00:00:00+00:00
[2024-06-18T15:26:16.789+0000] {logging_mixin.py:188} INFO - [2024-06-18T15:26:16.789+0000] {dag.py:3954} INFO - Setting next_dagrun for dataset_produces_2 to None, run_after=None
[2024-06-18T15:26:16.823+0000] {processor.py:183} INFO - Processing /home/airflow/.local/lib/python3.12/site-packages/airflow/example_dags/example_datasets.py took 0.143 seconds
[2024-06-18T15:26:47.253+0000] {processor.py:161} INFO - Started process (PID=649) to work on /home/airflow/.local/lib/python3.12/site-packages/airflow/example_dags/example_datasets.py
[2024-06-18T15:26:47.254+0000] {processor.py:830} INFO - Processing file /home/airflow/.local/lib/python3.12/site-packages/airflow/example_dags/example_datasets.py for tasks to queue
[2024-06-18T15:26:47.256+0000] {logging_mixin.py:188} INFO - [2024-06-18T15:26:47.256+0000] {dagbag.py:545} INFO - Filling up the DagBag from /home/airflow/.local/lib/python3.12/site-packages/airflow/example_dags/example_datasets.py
[2024-06-18T15:26:47.269+0000] {processor.py:840} INFO - DAG(s) 'dataset_consumes_1_and_2', 'consume_1_or_both_2_and_3_with_dataset_expressions', 'dataset_consumes_1', 'dataset_produces_1', 'dataset_consumes_1_never_scheduled', 'dataset_produces_2', 'consume_1_or_2_with_dataset_expressions', 'dataset_consumes_unknown_never_scheduled', 'conditional_dataset_and_time_based_timetable', 'consume_1_and_2_with_dataset_expressions' retrieved from /home/airflow/.local/lib/python3.12/site-packages/airflow/example_dags/example_datasets.py
[2024-06-18T15:26:47.314+0000] {logging_mixin.py:188} INFO - [2024-06-18T15:26:47.314+0000] {dag.py:3096} INFO - Sync 10 DAGs
[2024-06-18T15:26:47.337+0000] {logging_mixin.py:188} INFO - [2024-06-18T15:26:47.337+0000] {dag.py:3954} INFO - Setting next_dagrun for conditional_dataset_and_time_based_timetable to 2024-06-12 01:00:00+00:00, run_after=2024-06-12 01:00:00+00:00
[2024-06-18T15:26:47.343+0000] {logging_mixin.py:188} INFO - [2024-06-18T15:26:47.343+0000] {dag.py:3954} INFO - Setting next_dagrun for consume_1_and_2_with_dataset_expressions to None, run_after=None
[2024-06-18T15:26:47.346+0000] {logging_mixin.py:188} INFO - [2024-06-18T15:26:47.346+0000] {dag.py:3954} INFO - Setting next_dagrun for consume_1_or_2_with_dataset_expressions to None, run_after=None
[2024-06-18T15:26:47.349+0000] {logging_mixin.py:188} INFO - [2024-06-18T15:26:47.349+0000] {dag.py:3954} INFO - Setting next_dagrun for consume_1_or_both_2_and_3_with_dataset_expressions to None, run_after=None
[2024-06-18T15:26:47.352+0000] {logging_mixin.py:188} INFO - [2024-06-18T15:26:47.351+0000] {dag.py:3954} INFO - Setting next_dagrun for dataset_consumes_1 to None, run_after=None
[2024-06-18T15:26:47.354+0000] {logging_mixin.py:188} INFO - [2024-06-18T15:26:47.354+0000] {dag.py:3954} INFO - Setting next_dagrun for dataset_consumes_1_and_2 to None, run_after=None
[2024-06-18T15:26:47.356+0000] {logging_mixin.py:188} INFO - [2024-06-18T15:26:47.356+0000] {dag.py:3954} INFO - Setting next_dagrun for dataset_consumes_1_never_scheduled to None, run_after=None
[2024-06-18T15:26:47.357+0000] {logging_mixin.py:188} INFO - [2024-06-18T15:26:47.357+0000] {dag.py:3954} INFO - Setting next_dagrun for dataset_consumes_unknown_never_scheduled to None, run_after=None
[2024-06-18T15:26:47.360+0000] {logging_mixin.py:188} INFO - [2024-06-18T15:26:47.359+0000] {dag.py:3954} INFO - Setting next_dagrun for dataset_produces_1 to 2024-06-17 00:00:00+00:00, run_after=2024-06-18 00:00:00+00:00
[2024-06-18T15:26:47.361+0000] {logging_mixin.py:188} INFO - [2024-06-18T15:26:47.361+0000] {dag.py:3954} INFO - Setting next_dagrun for dataset_produces_2 to None, run_after=None
[2024-06-18T15:26:47.401+0000] {processor.py:183} INFO - Processing /home/airflow/.local/lib/python3.12/site-packages/airflow/example_dags/example_datasets.py took 0.153 seconds
[2024-06-18T15:27:17.615+0000] {processor.py:161} INFO - Started process (PID=707) to work on /home/airflow/.local/lib/python3.12/site-packages/airflow/example_dags/example_datasets.py
[2024-06-18T15:27:17.616+0000] {processor.py:830} INFO - Processing file /home/airflow/.local/lib/python3.12/site-packages/airflow/example_dags/example_datasets.py for tasks to queue
[2024-06-18T15:27:17.619+0000] {logging_mixin.py:188} INFO - [2024-06-18T15:27:17.618+0000] {dagbag.py:545} INFO - Filling up the DagBag from /home/airflow/.local/lib/python3.12/site-packages/airflow/example_dags/example_datasets.py
[2024-06-18T15:27:17.631+0000] {processor.py:840} INFO - DAG(s) 'dataset_consumes_1_never_scheduled', 'consume_1_or_2_with_dataset_expressions', 'dataset_produces_1', 'consume_1_or_both_2_and_3_with_dataset_expressions', 'dataset_produces_2', 'dataset_consumes_unknown_never_scheduled', 'conditional_dataset_and_time_based_timetable', 'dataset_consumes_1', 'dataset_consumes_1_and_2', 'consume_1_and_2_with_dataset_expressions' retrieved from /home/airflow/.local/lib/python3.12/site-packages/airflow/example_dags/example_datasets.py
[2024-06-18T15:27:17.677+0000] {logging_mixin.py:188} INFO - [2024-06-18T15:27:17.677+0000] {dag.py:3096} INFO - Sync 10 DAGs
[2024-06-18T15:27:17.700+0000] {logging_mixin.py:188} INFO - [2024-06-18T15:27:17.699+0000] {dag.py:3954} INFO - Setting next_dagrun for conditional_dataset_and_time_based_timetable to 2024-06-12 01:00:00+00:00, run_after=2024-06-12 01:00:00+00:00
[2024-06-18T15:27:17.704+0000] {logging_mixin.py:188} INFO - [2024-06-18T15:27:17.704+0000] {dag.py:3954} INFO - Setting next_dagrun for consume_1_and_2_with_dataset_expressions to None, run_after=None
[2024-06-18T15:27:17.706+0000] {logging_mixin.py:188} INFO - [2024-06-18T15:27:17.706+0000] {dag.py:3954} INFO - Setting next_dagrun for consume_1_or_2_with_dataset_expressions to None, run_after=None
[2024-06-18T15:27:17.708+0000] {logging_mixin.py:188} INFO - [2024-06-18T15:27:17.708+0000] {dag.py:3954} INFO - Setting next_dagrun for consume_1_or_both_2_and_3_with_dataset_expressions to None, run_after=None
[2024-06-18T15:27:17.710+0000] {logging_mixin.py:188} INFO - [2024-06-18T15:27:17.710+0000] {dag.py:3954} INFO - Setting next_dagrun for dataset_consumes_1 to None, run_after=None
[2024-06-18T15:27:17.714+0000] {logging_mixin.py:188} INFO - [2024-06-18T15:27:17.713+0000] {dag.py:3954} INFO - Setting next_dagrun for dataset_consumes_1_and_2 to None, run_after=None
[2024-06-18T15:27:17.717+0000] {logging_mixin.py:188} INFO - [2024-06-18T15:27:17.716+0000] {dag.py:3954} INFO - Setting next_dagrun for dataset_consumes_1_never_scheduled to None, run_after=None
[2024-06-18T15:27:17.719+0000] {logging_mixin.py:188} INFO - [2024-06-18T15:27:17.719+0000] {dag.py:3954} INFO - Setting next_dagrun for dataset_consumes_unknown_never_scheduled to None, run_after=None
[2024-06-18T15:27:17.724+0000] {logging_mixin.py:188} INFO - [2024-06-18T15:27:17.724+0000] {dag.py:3954} INFO - Setting next_dagrun for dataset_produces_1 to 2024-06-17 00:00:00+00:00, run_after=2024-06-18 00:00:00+00:00
[2024-06-18T15:27:17.727+0000] {logging_mixin.py:188} INFO - [2024-06-18T15:27:17.727+0000] {dag.py:3954} INFO - Setting next_dagrun for dataset_produces_2 to None, run_after=None
[2024-06-18T15:27:17.760+0000] {processor.py:183} INFO - Processing /home/airflow/.local/lib/python3.12/site-packages/airflow/example_dags/example_datasets.py took 0.150 seconds
[2024-06-18T15:27:47.816+0000] {processor.py:161} INFO - Started process (PID=765) to work on /home/airflow/.local/lib/python3.12/site-packages/airflow/example_dags/example_datasets.py
[2024-06-18T15:27:47.817+0000] {processor.py:830} INFO - Processing file /home/airflow/.local/lib/python3.12/site-packages/airflow/example_dags/example_datasets.py for tasks to queue
[2024-06-18T15:27:47.819+0000] {logging_mixin.py:188} INFO - [2024-06-18T15:27:47.819+0000] {dagbag.py:545} INFO - Filling up the DagBag from /home/airflow/.local/lib/python3.12/site-packages/airflow/example_dags/example_datasets.py
[2024-06-18T15:27:47.830+0000] {processor.py:840} INFO - DAG(s) 'conditional_dataset_and_time_based_timetable', 'dataset_produces_2', 'consume_1_and_2_with_dataset_expressions', 'dataset_consumes_unknown_never_scheduled', 'dataset_consumes_1_never_scheduled', 'dataset_consumes_1', 'consume_1_or_2_with_dataset_expressions', 'consume_1_or_both_2_and_3_with_dataset_expressions', 'dataset_produces_1', 'dataset_consumes_1_and_2' retrieved from /home/airflow/.local/lib/python3.12/site-packages/airflow/example_dags/example_datasets.py
[2024-06-18T15:27:47.874+0000] {logging_mixin.py:188} INFO - [2024-06-18T15:27:47.874+0000] {dag.py:3096} INFO - Sync 10 DAGs
[2024-06-18T15:27:47.899+0000] {logging_mixin.py:188} INFO - [2024-06-18T15:27:47.899+0000] {dag.py:3954} INFO - Setting next_dagrun for conditional_dataset_and_time_based_timetable to 2024-06-12 01:00:00+00:00, run_after=2024-06-12 01:00:00+00:00
[2024-06-18T15:27:47.904+0000] {logging_mixin.py:188} INFO - [2024-06-18T15:27:47.904+0000] {dag.py:3954} INFO - Setting next_dagrun for consume_1_and_2_with_dataset_expressions to None, run_after=None
[2024-06-18T15:27:47.908+0000] {logging_mixin.py:188} INFO - [2024-06-18T15:27:47.907+0000] {dag.py:3954} INFO - Setting next_dagrun for consume_1_or_2_with_dataset_expressions to None, run_after=None
[2024-06-18T15:27:47.910+0000] {logging_mixin.py:188} INFO - [2024-06-18T15:27:47.909+0000] {dag.py:3954} INFO - Setting next_dagrun for consume_1_or_both_2_and_3_with_dataset_expressions to None, run_after=None
[2024-06-18T15:27:47.911+0000] {logging_mixin.py:188} INFO - [2024-06-18T15:27:47.911+0000] {dag.py:3954} INFO - Setting next_dagrun for dataset_consumes_1 to None, run_after=None
[2024-06-18T15:27:47.914+0000] {logging_mixin.py:188} INFO - [2024-06-18T15:27:47.913+0000] {dag.py:3954} INFO - Setting next_dagrun for dataset_consumes_1_and_2 to None, run_after=None
[2024-06-18T15:27:47.916+0000] {logging_mixin.py:188} INFO - [2024-06-18T15:27:47.915+0000] {dag.py:3954} INFO - Setting next_dagrun for dataset_consumes_1_never_scheduled to None, run_after=None
[2024-06-18T15:27:47.918+0000] {logging_mixin.py:188} INFO - [2024-06-18T15:27:47.917+0000] {dag.py:3954} INFO - Setting next_dagrun for dataset_consumes_unknown_never_scheduled to None, run_after=None
[2024-06-18T15:27:47.920+0000] {logging_mixin.py:188} INFO - [2024-06-18T15:27:47.920+0000] {dag.py:3954} INFO - Setting next_dagrun for dataset_produces_1 to 2024-06-17 00:00:00+00:00, run_after=2024-06-18 00:00:00+00:00
[2024-06-18T15:27:47.921+0000] {logging_mixin.py:188} INFO - [2024-06-18T15:27:47.921+0000] {dag.py:3954} INFO - Setting next_dagrun for dataset_produces_2 to None, run_after=None
[2024-06-18T15:27:47.951+0000] {processor.py:183} INFO - Processing /home/airflow/.local/lib/python3.12/site-packages/airflow/example_dags/example_datasets.py took 0.139 seconds
[2024-06-18T15:28:18.162+0000] {processor.py:161} INFO - Started process (PID=823) to work on /home/airflow/.local/lib/python3.12/site-packages/airflow/example_dags/example_datasets.py
[2024-06-18T15:28:18.163+0000] {processor.py:830} INFO - Processing file /home/airflow/.local/lib/python3.12/site-packages/airflow/example_dags/example_datasets.py for tasks to queue
[2024-06-18T15:28:18.165+0000] {logging_mixin.py:188} INFO - [2024-06-18T15:28:18.164+0000] {dagbag.py:545} INFO - Filling up the DagBag from /home/airflow/.local/lib/python3.12/site-packages/airflow/example_dags/example_datasets.py
[2024-06-18T15:28:18.178+0000] {processor.py:840} INFO - DAG(s) 'dataset_consumes_1_and_2', 'consume_1_or_both_2_and_3_with_dataset_expressions', 'conditional_dataset_and_time_based_timetable', 'consume_1_or_2_with_dataset_expressions', 'dataset_consumes_1', 'dataset_produces_1', 'dataset_consumes_unknown_never_scheduled', 'dataset_produces_2', 'consume_1_and_2_with_dataset_expressions', 'dataset_consumes_1_never_scheduled' retrieved from /home/airflow/.local/lib/python3.12/site-packages/airflow/example_dags/example_datasets.py
[2024-06-18T15:28:18.223+0000] {logging_mixin.py:188} INFO - [2024-06-18T15:28:18.222+0000] {dag.py:3096} INFO - Sync 10 DAGs
[2024-06-18T15:28:18.247+0000] {logging_mixin.py:188} INFO - [2024-06-18T15:28:18.247+0000] {dag.py:3954} INFO - Setting next_dagrun for conditional_dataset_and_time_based_timetable to 2024-06-12 01:00:00+00:00, run_after=2024-06-12 01:00:00+00:00
[2024-06-18T15:28:18.253+0000] {logging_mixin.py:188} INFO - [2024-06-18T15:28:18.253+0000] {dag.py:3954} INFO - Setting next_dagrun for consume_1_and_2_with_dataset_expressions to None, run_after=None
[2024-06-18T15:28:18.257+0000] {logging_mixin.py:188} INFO - [2024-06-18T15:28:18.256+0000] {dag.py:3954} INFO - Setting next_dagrun for consume_1_or_2_with_dataset_expressions to None, run_after=None
[2024-06-18T15:28:18.259+0000] {logging_mixin.py:188} INFO - [2024-06-18T15:28:18.259+0000] {dag.py:3954} INFO - Setting next_dagrun for consume_1_or_both_2_and_3_with_dataset_expressions to None, run_after=None
[2024-06-18T15:28:18.262+0000] {logging_mixin.py:188} INFO - [2024-06-18T15:28:18.261+0000] {dag.py:3954} INFO - Setting next_dagrun for dataset_consumes_1 to None, run_after=None
[2024-06-18T15:28:18.265+0000] {logging_mixin.py:188} INFO - [2024-06-18T15:28:18.264+0000] {dag.py:3954} INFO - Setting next_dagrun for dataset_consumes_1_and_2 to None, run_after=None
[2024-06-18T15:28:18.268+0000] {logging_mixin.py:188} INFO - [2024-06-18T15:28:18.268+0000] {dag.py:3954} INFO - Setting next_dagrun for dataset_consumes_1_never_scheduled to None, run_after=None
[2024-06-18T15:28:18.270+0000] {logging_mixin.py:188} INFO - [2024-06-18T15:28:18.270+0000] {dag.py:3954} INFO - Setting next_dagrun for dataset_consumes_unknown_never_scheduled to None, run_after=None
[2024-06-18T15:28:18.272+0000] {logging_mixin.py:188} INFO - [2024-06-18T15:28:18.272+0000] {dag.py:3954} INFO - Setting next_dagrun for dataset_produces_1 to 2024-06-17 00:00:00+00:00, run_after=2024-06-18 00:00:00+00:00
[2024-06-18T15:28:18.274+0000] {logging_mixin.py:188} INFO - [2024-06-18T15:28:18.273+0000] {dag.py:3954} INFO - Setting next_dagrun for dataset_produces_2 to None, run_after=None
[2024-06-18T15:28:18.304+0000] {processor.py:183} INFO - Processing /home/airflow/.local/lib/python3.12/site-packages/airflow/example_dags/example_datasets.py took 0.147 seconds
[2024-06-18T15:28:48.391+0000] {processor.py:161} INFO - Started process (PID=881) to work on /home/airflow/.local/lib/python3.12/site-packages/airflow/example_dags/example_datasets.py
[2024-06-18T15:28:48.393+0000] {processor.py:830} INFO - Processing file /home/airflow/.local/lib/python3.12/site-packages/airflow/example_dags/example_datasets.py for tasks to queue
[2024-06-18T15:28:48.394+0000] {logging_mixin.py:188} INFO - [2024-06-18T15:28:48.394+0000] {dagbag.py:545} INFO - Filling up the DagBag from /home/airflow/.local/lib/python3.12/site-packages/airflow/example_dags/example_datasets.py
[2024-06-18T15:28:48.413+0000] {processor.py:840} INFO - DAG(s) 'dataset_consumes_1_never_scheduled', 'dataset_produces_1', 'consume_1_or_2_with_dataset_expressions', 'consume_1_and_2_with_dataset_expressions', 'dataset_consumes_unknown_never_scheduled', 'dataset_produces_2', 'dataset_consumes_1', 'conditional_dataset_and_time_based_timetable', 'dataset_consumes_1_and_2', 'consume_1_or_both_2_and_3_with_dataset_expressions' retrieved from /home/airflow/.local/lib/python3.12/site-packages/airflow/example_dags/example_datasets.py
[2024-06-18T15:28:48.472+0000] {logging_mixin.py:188} INFO - [2024-06-18T15:28:48.471+0000] {dag.py:3096} INFO - Sync 10 DAGs
[2024-06-18T15:28:48.499+0000] {logging_mixin.py:188} INFO - [2024-06-18T15:28:48.498+0000] {dag.py:3954} INFO - Setting next_dagrun for conditional_dataset_and_time_based_timetable to 2024-06-12 01:00:00+00:00, run_after=2024-06-12 01:00:00+00:00
[2024-06-18T15:28:48.505+0000] {logging_mixin.py:188} INFO - [2024-06-18T15:28:48.504+0000] {dag.py:3954} INFO - Setting next_dagrun for consume_1_and_2_with_dataset_expressions to None, run_after=None
[2024-06-18T15:28:48.506+0000] {logging_mixin.py:188} INFO - [2024-06-18T15:28:48.506+0000] {dag.py:3954} INFO - Setting next_dagrun for consume_1_or_2_with_dataset_expressions to None, run_after=None
[2024-06-18T15:28:48.508+0000] {logging_mixin.py:188} INFO - [2024-06-18T15:28:48.507+0000] {dag.py:3954} INFO - Setting next_dagrun for consume_1_or_both_2_and_3_with_dataset_expressions to None, run_after=None
[2024-06-18T15:28:48.509+0000] {logging_mixin.py:188} INFO - [2024-06-18T15:28:48.509+0000] {dag.py:3954} INFO - Setting next_dagrun for dataset_consumes_1 to None, run_after=None
[2024-06-18T15:28:48.511+0000] {logging_mixin.py:188} INFO - [2024-06-18T15:28:48.510+0000] {dag.py:3954} INFO - Setting next_dagrun for dataset_consumes_1_and_2 to None, run_after=None
[2024-06-18T15:28:48.513+0000] {logging_mixin.py:188} INFO - [2024-06-18T15:28:48.513+0000] {dag.py:3954} INFO - Setting next_dagrun for dataset_consumes_1_never_scheduled to None, run_after=None
[2024-06-18T15:28:48.514+0000] {logging_mixin.py:188} INFO - [2024-06-18T15:28:48.514+0000] {dag.py:3954} INFO - Setting next_dagrun for dataset_consumes_unknown_never_scheduled to None, run_after=None
[2024-06-18T15:28:48.516+0000] {logging_mixin.py:188} INFO - [2024-06-18T15:28:48.516+0000] {dag.py:3954} INFO - Setting next_dagrun for dataset_produces_1 to 2024-06-17 00:00:00+00:00, run_after=2024-06-18 00:00:00+00:00
[2024-06-18T15:28:48.517+0000] {logging_mixin.py:188} INFO - [2024-06-18T15:28:48.517+0000] {dag.py:3954} INFO - Setting next_dagrun for dataset_produces_2 to None, run_after=None
[2024-06-18T15:28:48.545+0000] {processor.py:183} INFO - Processing /home/airflow/.local/lib/python3.12/site-packages/airflow/example_dags/example_datasets.py took 0.159 seconds
[2024-06-18T15:29:18.967+0000] {processor.py:161} INFO - Started process (PID=939) to work on /home/airflow/.local/lib/python3.12/site-packages/airflow/example_dags/example_datasets.py
[2024-06-18T15:29:18.968+0000] {processor.py:830} INFO - Processing file /home/airflow/.local/lib/python3.12/site-packages/airflow/example_dags/example_datasets.py for tasks to queue
[2024-06-18T15:29:18.970+0000] {logging_mixin.py:188} INFO - [2024-06-18T15:29:18.970+0000] {dagbag.py:545} INFO - Filling up the DagBag from /home/airflow/.local/lib/python3.12/site-packages/airflow/example_dags/example_datasets.py
[2024-06-18T15:29:18.988+0000] {processor.py:840} INFO - DAG(s) 'consume_1_and_2_with_dataset_expressions', 'dataset_consumes_unknown_never_scheduled', 'consume_1_or_both_2_and_3_with_dataset_expressions', 'dataset_consumes_1', 'dataset_produces_1', 'dataset_consumes_1_never_scheduled', 'consume_1_or_2_with_dataset_expressions', 'dataset_produces_2', 'dataset_consumes_1_and_2', 'conditional_dataset_and_time_based_timetable' retrieved from /home/airflow/.local/lib/python3.12/site-packages/airflow/example_dags/example_datasets.py
[2024-06-18T15:29:19.039+0000] {logging_mixin.py:188} INFO - [2024-06-18T15:29:19.039+0000] {dag.py:3096} INFO - Sync 10 DAGs
[2024-06-18T15:29:19.069+0000] {logging_mixin.py:188} INFO - [2024-06-18T15:29:19.068+0000] {dag.py:3954} INFO - Setting next_dagrun for conditional_dataset_and_time_based_timetable to 2024-06-12 01:00:00+00:00, run_after=2024-06-12 01:00:00+00:00
[2024-06-18T15:29:19.076+0000] {logging_mixin.py:188} INFO - [2024-06-18T15:29:19.076+0000] {dag.py:3954} INFO - Setting next_dagrun for consume_1_and_2_with_dataset_expressions to None, run_after=None
[2024-06-18T15:29:19.078+0000] {logging_mixin.py:188} INFO - [2024-06-18T15:29:19.078+0000] {dag.py:3954} INFO - Setting next_dagrun for consume_1_or_2_with_dataset_expressions to None, run_after=None
[2024-06-18T15:29:19.080+0000] {logging_mixin.py:188} INFO - [2024-06-18T15:29:19.080+0000] {dag.py:3954} INFO - Setting next_dagrun for consume_1_or_both_2_and_3_with_dataset_expressions to None, run_after=None
[2024-06-18T15:29:19.083+0000] {logging_mixin.py:188} INFO - [2024-06-18T15:29:19.082+0000] {dag.py:3954} INFO - Setting next_dagrun for dataset_consumes_1 to None, run_after=None
[2024-06-18T15:29:19.086+0000] {logging_mixin.py:188} INFO - [2024-06-18T15:29:19.086+0000] {dag.py:3954} INFO - Setting next_dagrun for dataset_consumes_1_and_2 to None, run_after=None
[2024-06-18T15:29:19.089+0000] {logging_mixin.py:188} INFO - [2024-06-18T15:29:19.089+0000] {dag.py:3954} INFO - Setting next_dagrun for dataset_consumes_1_never_scheduled to None, run_after=None
[2024-06-18T15:29:19.092+0000] {logging_mixin.py:188} INFO - [2024-06-18T15:29:19.091+0000] {dag.py:3954} INFO - Setting next_dagrun for dataset_consumes_unknown_never_scheduled to None, run_after=None
[2024-06-18T15:29:19.094+0000] {logging_mixin.py:188} INFO - [2024-06-18T15:29:19.094+0000] {dag.py:3954} INFO - Setting next_dagrun for dataset_produces_1 to 2024-06-17 00:00:00+00:00, run_after=2024-06-18 00:00:00+00:00
[2024-06-18T15:29:19.097+0000] {logging_mixin.py:188} INFO - [2024-06-18T15:29:19.097+0000] {dag.py:3954} INFO - Setting next_dagrun for dataset_produces_2 to None, run_after=None
[2024-06-18T15:29:19.151+0000] {processor.py:183} INFO - Processing /home/airflow/.local/lib/python3.12/site-packages/airflow/example_dags/example_datasets.py took 0.189 seconds
[2024-06-18T15:29:49.266+0000] {processor.py:161} INFO - Started process (PID=997) to work on /home/airflow/.local/lib/python3.12/site-packages/airflow/example_dags/example_datasets.py
[2024-06-18T15:29:49.268+0000] {processor.py:830} INFO - Processing file /home/airflow/.local/lib/python3.12/site-packages/airflow/example_dags/example_datasets.py for tasks to queue
[2024-06-18T15:29:49.281+0000] {logging_mixin.py:188} INFO - [2024-06-18T15:29:49.272+0000] {dagbag.py:545} INFO - Filling up the DagBag from /home/airflow/.local/lib/python3.12/site-packages/airflow/example_dags/example_datasets.py
[2024-06-18T15:29:49.322+0000] {processor.py:840} INFO - DAG(s) 'dataset_consumes_unknown_never_scheduled', 'dataset_consumes_1_never_scheduled', 'consume_1_and_2_with_dataset_expressions', 'dataset_consumes_1', 'dataset_produces_2', 'consume_1_or_2_with_dataset_expressions', 'consume_1_or_both_2_and_3_with_dataset_expressions', 'conditional_dataset_and_time_based_timetable', 'dataset_produces_1', 'dataset_consumes_1_and_2' retrieved from /home/airflow/.local/lib/python3.12/site-packages/airflow/example_dags/example_datasets.py
[2024-06-18T15:29:49.395+0000] {logging_mixin.py:188} INFO - [2024-06-18T15:29:49.395+0000] {dag.py:3096} INFO - Sync 10 DAGs
[2024-06-18T15:29:49.437+0000] {logging_mixin.py:188} INFO - [2024-06-18T15:29:49.437+0000] {dag.py:3954} INFO - Setting next_dagrun for conditional_dataset_and_time_based_timetable to 2024-06-12 01:00:00+00:00, run_after=2024-06-12 01:00:00+00:00
[2024-06-18T15:29:49.456+0000] {logging_mixin.py:188} INFO - [2024-06-18T15:29:49.455+0000] {dag.py:3954} INFO - Setting next_dagrun for consume_1_and_2_with_dataset_expressions to None, run_after=None
[2024-06-18T15:29:49.463+0000] {logging_mixin.py:188} INFO - [2024-06-18T15:29:49.462+0000] {dag.py:3954} INFO - Setting next_dagrun for consume_1_or_2_with_dataset_expressions to None, run_after=None
[2024-06-18T15:29:49.467+0000] {logging_mixin.py:188} INFO - [2024-06-18T15:29:49.466+0000] {dag.py:3954} INFO - Setting next_dagrun for consume_1_or_both_2_and_3_with_dataset_expressions to None, run_after=None
[2024-06-18T15:29:49.472+0000] {logging_mixin.py:188} INFO - [2024-06-18T15:29:49.471+0000] {dag.py:3954} INFO - Setting next_dagrun for dataset_consumes_1 to None, run_after=None
[2024-06-18T15:29:49.477+0000] {logging_mixin.py:188} INFO - [2024-06-18T15:29:49.475+0000] {dag.py:3954} INFO - Setting next_dagrun for dataset_consumes_1_and_2 to None, run_after=None
[2024-06-18T15:29:49.481+0000] {logging_mixin.py:188} INFO - [2024-06-18T15:29:49.481+0000] {dag.py:3954} INFO - Setting next_dagrun for dataset_consumes_1_never_scheduled to None, run_after=None
[2024-06-18T15:29:49.486+0000] {logging_mixin.py:188} INFO - [2024-06-18T15:29:49.485+0000] {dag.py:3954} INFO - Setting next_dagrun for dataset_consumes_unknown_never_scheduled to None, run_after=None
[2024-06-18T15:29:49.495+0000] {logging_mixin.py:188} INFO - [2024-06-18T15:29:49.494+0000] {dag.py:3954} INFO - Setting next_dagrun for dataset_produces_1 to 2024-06-17 00:00:00+00:00, run_after=2024-06-18 00:00:00+00:00
[2024-06-18T15:29:49.498+0000] {logging_mixin.py:188} INFO - [2024-06-18T15:29:49.498+0000] {dag.py:3954} INFO - Setting next_dagrun for dataset_produces_2 to None, run_after=None
[2024-06-18T15:29:49.556+0000] {processor.py:183} INFO - Processing /home/airflow/.local/lib/python3.12/site-packages/airflow/example_dags/example_datasets.py took 0.304 seconds
[2024-06-18T15:30:20.039+0000] {processor.py:161} INFO - Started process (PID=1055) to work on /home/airflow/.local/lib/python3.12/site-packages/airflow/example_dags/example_datasets.py
[2024-06-18T15:30:20.041+0000] {processor.py:830} INFO - Processing file /home/airflow/.local/lib/python3.12/site-packages/airflow/example_dags/example_datasets.py for tasks to queue
[2024-06-18T15:30:20.043+0000] {logging_mixin.py:188} INFO - [2024-06-18T15:30:20.043+0000] {dagbag.py:545} INFO - Filling up the DagBag from /home/airflow/.local/lib/python3.12/site-packages/airflow/example_dags/example_datasets.py
[2024-06-18T15:30:20.058+0000] {processor.py:840} INFO - DAG(s) 'dataset_produces_1', 'dataset_consumes_unknown_never_scheduled', 'dataset_produces_2', 'dataset_consumes_1_and_2', 'consume_1_and_2_with_dataset_expressions', 'dataset_consumes_1_never_scheduled', 'conditional_dataset_and_time_based_timetable', 'dataset_consumes_1', 'consume_1_or_2_with_dataset_expressions', 'consume_1_or_both_2_and_3_with_dataset_expressions' retrieved from /home/airflow/.local/lib/python3.12/site-packages/airflow/example_dags/example_datasets.py
[2024-06-18T15:30:20.120+0000] {logging_mixin.py:188} INFO - [2024-06-18T15:30:20.120+0000] {dag.py:3096} INFO - Sync 10 DAGs
[2024-06-18T15:30:20.148+0000] {logging_mixin.py:188} INFO - [2024-06-18T15:30:20.147+0000] {dag.py:3954} INFO - Setting next_dagrun for conditional_dataset_and_time_based_timetable to 2024-06-12 01:00:00+00:00, run_after=2024-06-12 01:00:00+00:00
[2024-06-18T15:30:20.154+0000] {logging_mixin.py:188} INFO - [2024-06-18T15:30:20.154+0000] {dag.py:3954} INFO - Setting next_dagrun for consume_1_and_2_with_dataset_expressions to None, run_after=None
[2024-06-18T15:30:20.157+0000] {logging_mixin.py:188} INFO - [2024-06-18T15:30:20.157+0000] {dag.py:3954} INFO - Setting next_dagrun for consume_1_or_2_with_dataset_expressions to None, run_after=None
[2024-06-18T15:30:20.159+0000] {logging_mixin.py:188} INFO - [2024-06-18T15:30:20.158+0000] {dag.py:3954} INFO - Setting next_dagrun for consume_1_or_both_2_and_3_with_dataset_expressions to None, run_after=None
[2024-06-18T15:30:20.160+0000] {logging_mixin.py:188} INFO - [2024-06-18T15:30:20.160+0000] {dag.py:3954} INFO - Setting next_dagrun for dataset_consumes_1 to None, run_after=None
[2024-06-18T15:30:20.162+0000] {logging_mixin.py:188} INFO - [2024-06-18T15:30:20.162+0000] {dag.py:3954} INFO - Setting next_dagrun for dataset_consumes_1_and_2 to None, run_after=None
[2024-06-18T15:30:20.164+0000] {logging_mixin.py:188} INFO - [2024-06-18T15:30:20.163+0000] {dag.py:3954} INFO - Setting next_dagrun for dataset_consumes_1_never_scheduled to None, run_after=None
[2024-06-18T15:30:20.165+0000] {logging_mixin.py:188} INFO - [2024-06-18T15:30:20.165+0000] {dag.py:3954} INFO - Setting next_dagrun for dataset_consumes_unknown_never_scheduled to None, run_after=None
[2024-06-18T15:30:20.168+0000] {logging_mixin.py:188} INFO - [2024-06-18T15:30:20.168+0000] {dag.py:3954} INFO - Setting next_dagrun for dataset_produces_1 to 2024-06-17 00:00:00+00:00, run_after=2024-06-18 00:00:00+00:00
[2024-06-18T15:30:20.170+0000] {logging_mixin.py:188} INFO - [2024-06-18T15:30:20.170+0000] {dag.py:3954} INFO - Setting next_dagrun for dataset_produces_2 to None, run_after=None
[2024-06-18T15:30:20.203+0000] {processor.py:183} INFO - Processing /home/airflow/.local/lib/python3.12/site-packages/airflow/example_dags/example_datasets.py took 0.171 seconds
[2024-06-18T15:30:50.653+0000] {processor.py:161} INFO - Started process (PID=1113) to work on /home/airflow/.local/lib/python3.12/site-packages/airflow/example_dags/example_datasets.py
[2024-06-18T15:30:50.654+0000] {processor.py:830} INFO - Processing file /home/airflow/.local/lib/python3.12/site-packages/airflow/example_dags/example_datasets.py for tasks to queue
[2024-06-18T15:30:50.657+0000] {logging_mixin.py:188} INFO - [2024-06-18T15:30:50.657+0000] {dagbag.py:545} INFO - Filling up the DagBag from /home/airflow/.local/lib/python3.12/site-packages/airflow/example_dags/example_datasets.py
[2024-06-18T15:30:50.672+0000] {processor.py:840} INFO - DAG(s) 'consume_1_or_2_with_dataset_expressions', 'dataset_consumes_1_and_2', 'dataset_produces_1', 'dataset_consumes_unknown_never_scheduled', 'dataset_consumes_1', 'consume_1_and_2_with_dataset_expressions', 'dataset_consumes_1_never_scheduled', 'consume_1_or_both_2_and_3_with_dataset_expressions', 'conditional_dataset_and_time_based_timetable', 'dataset_produces_2' retrieved from /home/airflow/.local/lib/python3.12/site-packages/airflow/example_dags/example_datasets.py
[2024-06-18T15:30:50.757+0000] {logging_mixin.py:188} INFO - [2024-06-18T15:30:50.756+0000] {dag.py:3096} INFO - Sync 10 DAGs
[2024-06-18T15:30:50.782+0000] {logging_mixin.py:188} INFO - [2024-06-18T15:30:50.782+0000] {dag.py:3954} INFO - Setting next_dagrun for conditional_dataset_and_time_based_timetable to 2024-06-12 01:00:00+00:00, run_after=2024-06-12 01:00:00+00:00
[2024-06-18T15:30:50.788+0000] {logging_mixin.py:188} INFO - [2024-06-18T15:30:50.788+0000] {dag.py:3954} INFO - Setting next_dagrun for consume_1_and_2_with_dataset_expressions to None, run_after=None
[2024-06-18T15:30:50.790+0000] {logging_mixin.py:188} INFO - [2024-06-18T15:30:50.790+0000] {dag.py:3954} INFO - Setting next_dagrun for consume_1_or_2_with_dataset_expressions to None, run_after=None
[2024-06-18T15:30:50.792+0000] {logging_mixin.py:188} INFO - [2024-06-18T15:30:50.792+0000] {dag.py:3954} INFO - Setting next_dagrun for consume_1_or_both_2_and_3_with_dataset_expressions to None, run_after=None
[2024-06-18T15:30:50.794+0000] {logging_mixin.py:188} INFO - [2024-06-18T15:30:50.794+0000] {dag.py:3954} INFO - Setting next_dagrun for dataset_consumes_1 to None, run_after=None
[2024-06-18T15:30:50.796+0000] {logging_mixin.py:188} INFO - [2024-06-18T15:30:50.796+0000] {dag.py:3954} INFO - Setting next_dagrun for dataset_consumes_1_and_2 to None, run_after=None
[2024-06-18T15:30:50.798+0000] {logging_mixin.py:188} INFO - [2024-06-18T15:30:50.797+0000] {dag.py:3954} INFO - Setting next_dagrun for dataset_consumes_1_never_scheduled to None, run_after=None
[2024-06-18T15:30:50.799+0000] {logging_mixin.py:188} INFO - [2024-06-18T15:30:50.799+0000] {dag.py:3954} INFO - Setting next_dagrun for dataset_consumes_unknown_never_scheduled to None, run_after=None
[2024-06-18T15:30:50.802+0000] {logging_mixin.py:188} INFO - [2024-06-18T15:30:50.802+0000] {dag.py:3954} INFO - Setting next_dagrun for dataset_produces_1 to 2024-06-17 00:00:00+00:00, run_after=2024-06-18 00:00:00+00:00
[2024-06-18T15:30:50.804+0000] {logging_mixin.py:188} INFO - [2024-06-18T15:30:50.803+0000] {dag.py:3954} INFO - Setting next_dagrun for dataset_produces_2 to None, run_after=None
[2024-06-18T15:30:50.837+0000] {processor.py:183} INFO - Processing /home/airflow/.local/lib/python3.12/site-packages/airflow/example_dags/example_datasets.py took 0.190 seconds
[2024-06-18T15:31:21.058+0000] {processor.py:161} INFO - Started process (PID=1171) to work on /home/airflow/.local/lib/python3.12/site-packages/airflow/example_dags/example_datasets.py
[2024-06-18T15:31:21.060+0000] {processor.py:830} INFO - Processing file /home/airflow/.local/lib/python3.12/site-packages/airflow/example_dags/example_datasets.py for tasks to queue
[2024-06-18T15:31:21.063+0000] {logging_mixin.py:188} INFO - [2024-06-18T15:31:21.062+0000] {dagbag.py:545} INFO - Filling up the DagBag from /home/airflow/.local/lib/python3.12/site-packages/airflow/example_dags/example_datasets.py
[2024-06-18T15:31:21.119+0000] {processor.py:840} INFO - DAG(s) 'consume_1_and_2_with_dataset_expressions', 'dataset_consumes_1', 'conditional_dataset_and_time_based_timetable', 'consume_1_or_both_2_and_3_with_dataset_expressions', 'consume_1_or_2_with_dataset_expressions', 'dataset_consumes_unknown_never_scheduled', 'dataset_produces_2', 'dataset_consumes_1_never_scheduled', 'dataset_produces_1', 'dataset_consumes_1_and_2' retrieved from /home/airflow/.local/lib/python3.12/site-packages/airflow/example_dags/example_datasets.py
[2024-06-18T15:31:21.237+0000] {logging_mixin.py:188} INFO - [2024-06-18T15:31:21.237+0000] {dag.py:3096} INFO - Sync 10 DAGs
[2024-06-18T15:31:21.277+0000] {logging_mixin.py:188} INFO - [2024-06-18T15:31:21.274+0000] {dag.py:3954} INFO - Setting next_dagrun for conditional_dataset_and_time_based_timetable to 2024-06-12 01:00:00+00:00, run_after=2024-06-12 01:00:00+00:00
[2024-06-18T15:31:21.283+0000] {logging_mixin.py:188} INFO - [2024-06-18T15:31:21.283+0000] {dag.py:3954} INFO - Setting next_dagrun for consume_1_and_2_with_dataset_expressions to None, run_after=None
[2024-06-18T15:31:21.298+0000] {logging_mixin.py:188} INFO - [2024-06-18T15:31:21.297+0000] {dag.py:3954} INFO - Setting next_dagrun for consume_1_or_2_with_dataset_expressions to None, run_after=None
[2024-06-18T15:31:21.309+0000] {logging_mixin.py:188} INFO - [2024-06-18T15:31:21.307+0000] {dag.py:3954} INFO - Setting next_dagrun for consume_1_or_both_2_and_3_with_dataset_expressions to None, run_after=None
[2024-06-18T15:31:21.317+0000] {logging_mixin.py:188} INFO - [2024-06-18T15:31:21.316+0000] {dag.py:3954} INFO - Setting next_dagrun for dataset_consumes_1 to None, run_after=None
[2024-06-18T15:31:21.330+0000] {logging_mixin.py:188} INFO - [2024-06-18T15:31:21.328+0000] {dag.py:3954} INFO - Setting next_dagrun for dataset_consumes_1_and_2 to None, run_after=None
[2024-06-18T15:31:21.335+0000] {logging_mixin.py:188} INFO - [2024-06-18T15:31:21.334+0000] {dag.py:3954} INFO - Setting next_dagrun for dataset_consumes_1_never_scheduled to None, run_after=None
[2024-06-18T15:31:21.345+0000] {logging_mixin.py:188} INFO - [2024-06-18T15:31:21.344+0000] {dag.py:3954} INFO - Setting next_dagrun for dataset_consumes_unknown_never_scheduled to None, run_after=None
[2024-06-18T15:31:21.356+0000] {logging_mixin.py:188} INFO - [2024-06-18T15:31:21.355+0000] {dag.py:3954} INFO - Setting next_dagrun for dataset_produces_1 to 2024-06-17 00:00:00+00:00, run_after=2024-06-18 00:00:00+00:00
[2024-06-18T15:31:21.360+0000] {logging_mixin.py:188} INFO - [2024-06-18T15:31:21.359+0000] {dag.py:3954} INFO - Setting next_dagrun for dataset_produces_2 to None, run_after=None
[2024-06-18T15:31:21.465+0000] {processor.py:183} INFO - Processing /home/airflow/.local/lib/python3.12/site-packages/airflow/example_dags/example_datasets.py took 0.419 seconds
[2024-06-18T15:31:51.710+0000] {processor.py:161} INFO - Started process (PID=1229) to work on /home/airflow/.local/lib/python3.12/site-packages/airflow/example_dags/example_datasets.py
[2024-06-18T15:31:51.712+0000] {processor.py:830} INFO - Processing file /home/airflow/.local/lib/python3.12/site-packages/airflow/example_dags/example_datasets.py for tasks to queue
[2024-06-18T15:31:51.714+0000] {logging_mixin.py:188} INFO - [2024-06-18T15:31:51.714+0000] {dagbag.py:545} INFO - Filling up the DagBag from /home/airflow/.local/lib/python3.12/site-packages/airflow/example_dags/example_datasets.py
[2024-06-18T15:31:51.727+0000] {processor.py:840} INFO - DAG(s) 'consume_1_or_2_with_dataset_expressions', 'dataset_consumes_1', 'dataset_produces_1', 'consume_1_or_both_2_and_3_with_dataset_expressions', 'consume_1_and_2_with_dataset_expressions', 'dataset_produces_2', 'dataset_consumes_1_never_scheduled', 'conditional_dataset_and_time_based_timetable', 'dataset_consumes_unknown_never_scheduled', 'dataset_consumes_1_and_2' retrieved from /home/airflow/.local/lib/python3.12/site-packages/airflow/example_dags/example_datasets.py
[2024-06-18T15:31:51.781+0000] {logging_mixin.py:188} INFO - [2024-06-18T15:31:51.780+0000] {dag.py:3096} INFO - Sync 10 DAGs
[2024-06-18T15:31:51.811+0000] {logging_mixin.py:188} INFO - [2024-06-18T15:31:51.811+0000] {dag.py:3954} INFO - Setting next_dagrun for conditional_dataset_and_time_based_timetable to 2024-06-12 01:00:00+00:00, run_after=2024-06-12 01:00:00+00:00
[2024-06-18T15:31:51.818+0000] {logging_mixin.py:188} INFO - [2024-06-18T15:31:51.818+0000] {dag.py:3954} INFO - Setting next_dagrun for consume_1_and_2_with_dataset_expressions to None, run_after=None
[2024-06-18T15:31:51.822+0000] {logging_mixin.py:188} INFO - [2024-06-18T15:31:51.821+0000] {dag.py:3954} INFO - Setting next_dagrun for consume_1_or_2_with_dataset_expressions to None, run_after=None
[2024-06-18T15:31:51.824+0000] {logging_mixin.py:188} INFO - [2024-06-18T15:31:51.823+0000] {dag.py:3954} INFO - Setting next_dagrun for consume_1_or_both_2_and_3_with_dataset_expressions to None, run_after=None
[2024-06-18T15:31:51.825+0000] {logging_mixin.py:188} INFO - [2024-06-18T15:31:51.825+0000] {dag.py:3954} INFO - Setting next_dagrun for dataset_consumes_1 to None, run_after=None
[2024-06-18T15:31:51.827+0000] {logging_mixin.py:188} INFO - [2024-06-18T15:31:51.827+0000] {dag.py:3954} INFO - Setting next_dagrun for dataset_consumes_1_and_2 to None, run_after=None
[2024-06-18T15:31:51.829+0000] {logging_mixin.py:188} INFO - [2024-06-18T15:31:51.829+0000] {dag.py:3954} INFO - Setting next_dagrun for dataset_consumes_1_never_scheduled to None, run_after=None
[2024-06-18T15:31:51.831+0000] {logging_mixin.py:188} INFO - [2024-06-18T15:31:51.830+0000] {dag.py:3954} INFO - Setting next_dagrun for dataset_consumes_unknown_never_scheduled to None, run_after=None
[2024-06-18T15:31:51.834+0000] {logging_mixin.py:188} INFO - [2024-06-18T15:31:51.833+0000] {dag.py:3954} INFO - Setting next_dagrun for dataset_produces_1 to 2024-06-17 00:00:00+00:00, run_after=2024-06-18 00:00:00+00:00
[2024-06-18T15:31:51.836+0000] {logging_mixin.py:188} INFO - [2024-06-18T15:31:51.836+0000] {dag.py:3954} INFO - Setting next_dagrun for dataset_produces_2 to None, run_after=None
[2024-06-18T15:31:51.873+0000] {processor.py:183} INFO - Processing /home/airflow/.local/lib/python3.12/site-packages/airflow/example_dags/example_datasets.py took 0.168 seconds
[2024-06-18T15:32:22.517+0000] {processor.py:161} INFO - Started process (PID=1287) to work on /home/airflow/.local/lib/python3.12/site-packages/airflow/example_dags/example_datasets.py
[2024-06-18T15:32:22.518+0000] {processor.py:830} INFO - Processing file /home/airflow/.local/lib/python3.12/site-packages/airflow/example_dags/example_datasets.py for tasks to queue
[2024-06-18T15:32:22.520+0000] {logging_mixin.py:188} INFO - [2024-06-18T15:32:22.519+0000] {dagbag.py:545} INFO - Filling up the DagBag from /home/airflow/.local/lib/python3.12/site-packages/airflow/example_dags/example_datasets.py
[2024-06-18T15:32:22.537+0000] {processor.py:840} INFO - DAG(s) 'dataset_produces_1', 'consume_1_or_2_with_dataset_expressions', 'dataset_consumes_unknown_never_scheduled', 'consume_1_and_2_with_dataset_expressions', 'consume_1_or_both_2_and_3_with_dataset_expressions', 'dataset_consumes_1_and_2', 'dataset_consumes_1_never_scheduled', 'conditional_dataset_and_time_based_timetable', 'dataset_consumes_1', 'dataset_produces_2' retrieved from /home/airflow/.local/lib/python3.12/site-packages/airflow/example_dags/example_datasets.py
[2024-06-18T15:32:22.583+0000] {logging_mixin.py:188} INFO - [2024-06-18T15:32:22.583+0000] {dag.py:3096} INFO - Sync 10 DAGs
[2024-06-18T15:32:22.608+0000] {logging_mixin.py:188} INFO - [2024-06-18T15:32:22.608+0000] {dag.py:3954} INFO - Setting next_dagrun for conditional_dataset_and_time_based_timetable to 2024-06-12 01:00:00+00:00, run_after=2024-06-12 01:00:00+00:00
[2024-06-18T15:32:22.613+0000] {logging_mixin.py:188} INFO - [2024-06-18T15:32:22.612+0000] {dag.py:3954} INFO - Setting next_dagrun for consume_1_and_2_with_dataset_expressions to None, run_after=None
[2024-06-18T15:32:22.614+0000] {logging_mixin.py:188} INFO - [2024-06-18T15:32:22.614+0000] {dag.py:3954} INFO - Setting next_dagrun for consume_1_or_2_with_dataset_expressions to None, run_after=None
[2024-06-18T15:32:22.616+0000] {logging_mixin.py:188} INFO - [2024-06-18T15:32:22.616+0000] {dag.py:3954} INFO - Setting next_dagrun for consume_1_or_both_2_and_3_with_dataset_expressions to None, run_after=None
[2024-06-18T15:32:22.618+0000] {logging_mixin.py:188} INFO - [2024-06-18T15:32:22.617+0000] {dag.py:3954} INFO - Setting next_dagrun for dataset_consumes_1 to None, run_after=None
[2024-06-18T15:32:22.619+0000] {logging_mixin.py:188} INFO - [2024-06-18T15:32:22.619+0000] {dag.py:3954} INFO - Setting next_dagrun for dataset_consumes_1_and_2 to None, run_after=None
[2024-06-18T15:32:22.621+0000] {logging_mixin.py:188} INFO - [2024-06-18T15:32:22.621+0000] {dag.py:3954} INFO - Setting next_dagrun for dataset_consumes_1_never_scheduled to None, run_after=None
[2024-06-18T15:32:22.623+0000] {logging_mixin.py:188} INFO - [2024-06-18T15:32:22.623+0000] {dag.py:3954} INFO - Setting next_dagrun for dataset_consumes_unknown_never_scheduled to None, run_after=None
[2024-06-18T15:32:22.626+0000] {logging_mixin.py:188} INFO - [2024-06-18T15:32:22.626+0000] {dag.py:3954} INFO - Setting next_dagrun for dataset_produces_1 to 2024-06-17 00:00:00+00:00, run_after=2024-06-18 00:00:00+00:00
[2024-06-18T15:32:22.628+0000] {logging_mixin.py:188} INFO - [2024-06-18T15:32:22.627+0000] {dag.py:3954} INFO - Setting next_dagrun for dataset_produces_2 to None, run_after=None
[2024-06-18T15:32:22.662+0000] {processor.py:183} INFO - Processing /home/airflow/.local/lib/python3.12/site-packages/airflow/example_dags/example_datasets.py took 0.152 seconds
[2024-06-18T15:32:53.340+0000] {processor.py:161} INFO - Started process (PID=1345) to work on /home/airflow/.local/lib/python3.12/site-packages/airflow/example_dags/example_datasets.py
[2024-06-18T15:32:53.341+0000] {processor.py:830} INFO - Processing file /home/airflow/.local/lib/python3.12/site-packages/airflow/example_dags/example_datasets.py for tasks to queue
[2024-06-18T15:32:53.343+0000] {logging_mixin.py:188} INFO - [2024-06-18T15:32:53.342+0000] {dagbag.py:545} INFO - Filling up the DagBag from /home/airflow/.local/lib/python3.12/site-packages/airflow/example_dags/example_datasets.py
[2024-06-18T15:32:53.355+0000] {processor.py:840} INFO - DAG(s) 'conditional_dataset_and_time_based_timetable', 'dataset_consumes_unknown_never_scheduled', 'dataset_produces_1', 'dataset_consumes_1_and_2', 'consume_1_and_2_with_dataset_expressions', 'dataset_consumes_1_never_scheduled', 'dataset_produces_2', 'consume_1_or_2_with_dataset_expressions', 'dataset_consumes_1', 'consume_1_or_both_2_and_3_with_dataset_expressions' retrieved from /home/airflow/.local/lib/python3.12/site-packages/airflow/example_dags/example_datasets.py
[2024-06-18T15:32:53.402+0000] {logging_mixin.py:188} INFO - [2024-06-18T15:32:53.402+0000] {dag.py:3096} INFO - Sync 10 DAGs
[2024-06-18T15:32:53.432+0000] {logging_mixin.py:188} INFO - [2024-06-18T15:32:53.432+0000] {dag.py:3954} INFO - Setting next_dagrun for conditional_dataset_and_time_based_timetable to 2024-06-12 01:00:00+00:00, run_after=2024-06-12 01:00:00+00:00
[2024-06-18T15:32:53.437+0000] {logging_mixin.py:188} INFO - [2024-06-18T15:32:53.437+0000] {dag.py:3954} INFO - Setting next_dagrun for consume_1_and_2_with_dataset_expressions to None, run_after=None
[2024-06-18T15:32:53.440+0000] {logging_mixin.py:188} INFO - [2024-06-18T15:32:53.439+0000] {dag.py:3954} INFO - Setting next_dagrun for consume_1_or_2_with_dataset_expressions to None, run_after=None
[2024-06-18T15:32:53.442+0000] {logging_mixin.py:188} INFO - [2024-06-18T15:32:53.442+0000] {dag.py:3954} INFO - Setting next_dagrun for consume_1_or_both_2_and_3_with_dataset_expressions to None, run_after=None
[2024-06-18T15:32:53.444+0000] {logging_mixin.py:188} INFO - [2024-06-18T15:32:53.444+0000] {dag.py:3954} INFO - Setting next_dagrun for dataset_consumes_1 to None, run_after=None
[2024-06-18T15:32:53.446+0000] {logging_mixin.py:188} INFO - [2024-06-18T15:32:53.446+0000] {dag.py:3954} INFO - Setting next_dagrun for dataset_consumes_1_and_2 to None, run_after=None
[2024-06-18T15:32:53.449+0000] {logging_mixin.py:188} INFO - [2024-06-18T15:32:53.448+0000] {dag.py:3954} INFO - Setting next_dagrun for dataset_consumes_1_never_scheduled to None, run_after=None
[2024-06-18T15:32:53.451+0000] {logging_mixin.py:188} INFO - [2024-06-18T15:32:53.450+0000] {dag.py:3954} INFO - Setting next_dagrun for dataset_consumes_unknown_never_scheduled to None, run_after=None
[2024-06-18T15:32:53.454+0000] {logging_mixin.py:188} INFO - [2024-06-18T15:32:53.453+0000] {dag.py:3954} INFO - Setting next_dagrun for dataset_produces_1 to 2024-06-17 00:00:00+00:00, run_after=2024-06-18 00:00:00+00:00
[2024-06-18T15:32:53.456+0000] {logging_mixin.py:188} INFO - [2024-06-18T15:32:53.455+0000] {dag.py:3954} INFO - Setting next_dagrun for dataset_produces_2 to None, run_after=None
[2024-06-18T15:32:53.494+0000] {processor.py:183} INFO - Processing /home/airflow/.local/lib/python3.12/site-packages/airflow/example_dags/example_datasets.py took 0.159 seconds
[2024-06-18T15:33:24.454+0000] {processor.py:161} INFO - Started process (PID=1403) to work on /home/airflow/.local/lib/python3.12/site-packages/airflow/example_dags/example_datasets.py
[2024-06-18T15:33:24.456+0000] {processor.py:830} INFO - Processing file /home/airflow/.local/lib/python3.12/site-packages/airflow/example_dags/example_datasets.py for tasks to queue
[2024-06-18T15:33:24.458+0000] {logging_mixin.py:188} INFO - [2024-06-18T15:33:24.458+0000] {dagbag.py:545} INFO - Filling up the DagBag from /home/airflow/.local/lib/python3.12/site-packages/airflow/example_dags/example_datasets.py
[2024-06-18T15:33:24.476+0000] {processor.py:840} INFO - DAG(s) 'conditional_dataset_and_time_based_timetable', 'dataset_consumes_1_and_2', 'consume_1_and_2_with_dataset_expressions', 'dataset_produces_2', 'dataset_consumes_unknown_never_scheduled', 'dataset_produces_1', 'dataset_consumes_1', 'dataset_consumes_1_never_scheduled', 'consume_1_or_both_2_and_3_with_dataset_expressions', 'consume_1_or_2_with_dataset_expressions' retrieved from /home/airflow/.local/lib/python3.12/site-packages/airflow/example_dags/example_datasets.py
[2024-06-18T15:33:24.559+0000] {logging_mixin.py:188} INFO - [2024-06-18T15:33:24.559+0000] {dag.py:3096} INFO - Sync 10 DAGs
[2024-06-18T15:33:24.585+0000] {logging_mixin.py:188} INFO - [2024-06-18T15:33:24.584+0000] {dag.py:3954} INFO - Setting next_dagrun for conditional_dataset_and_time_based_timetable to 2024-06-12 01:00:00+00:00, run_after=2024-06-12 01:00:00+00:00
[2024-06-18T15:33:24.591+0000] {logging_mixin.py:188} INFO - [2024-06-18T15:33:24.591+0000] {dag.py:3954} INFO - Setting next_dagrun for consume_1_and_2_with_dataset_expressions to None, run_after=None
[2024-06-18T15:33:24.594+0000] {logging_mixin.py:188} INFO - [2024-06-18T15:33:24.593+0000] {dag.py:3954} INFO - Setting next_dagrun for consume_1_or_2_with_dataset_expressions to None, run_after=None
[2024-06-18T15:33:24.595+0000] {logging_mixin.py:188} INFO - [2024-06-18T15:33:24.595+0000] {dag.py:3954} INFO - Setting next_dagrun for consume_1_or_both_2_and_3_with_dataset_expressions to None, run_after=None
[2024-06-18T15:33:24.597+0000] {logging_mixin.py:188} INFO - [2024-06-18T15:33:24.597+0000] {dag.py:3954} INFO - Setting next_dagrun for dataset_consumes_1 to None, run_after=None
[2024-06-18T15:33:24.598+0000] {logging_mixin.py:188} INFO - [2024-06-18T15:33:24.598+0000] {dag.py:3954} INFO - Setting next_dagrun for dataset_consumes_1_and_2 to None, run_after=None
[2024-06-18T15:33:24.600+0000] {logging_mixin.py:188} INFO - [2024-06-18T15:33:24.600+0000] {dag.py:3954} INFO - Setting next_dagrun for dataset_consumes_1_never_scheduled to None, run_after=None
[2024-06-18T15:33:24.602+0000] {logging_mixin.py:188} INFO - [2024-06-18T15:33:24.602+0000] {dag.py:3954} INFO - Setting next_dagrun for dataset_consumes_unknown_never_scheduled to None, run_after=None
[2024-06-18T15:33:24.604+0000] {logging_mixin.py:188} INFO - [2024-06-18T15:33:24.604+0000] {dag.py:3954} INFO - Setting next_dagrun for dataset_produces_1 to 2024-06-17 00:00:00+00:00, run_after=2024-06-18 00:00:00+00:00
[2024-06-18T15:33:24.606+0000] {logging_mixin.py:188} INFO - [2024-06-18T15:33:24.606+0000] {dag.py:3954} INFO - Setting next_dagrun for dataset_produces_2 to None, run_after=None
[2024-06-18T15:33:24.644+0000] {processor.py:183} INFO - Processing /home/airflow/.local/lib/python3.12/site-packages/airflow/example_dags/example_datasets.py took 0.198 seconds
[2024-06-18T15:33:55.383+0000] {processor.py:161} INFO - Started process (PID=1461) to work on /home/airflow/.local/lib/python3.12/site-packages/airflow/example_dags/example_datasets.py
[2024-06-18T15:33:55.384+0000] {processor.py:830} INFO - Processing file /home/airflow/.local/lib/python3.12/site-packages/airflow/example_dags/example_datasets.py for tasks to queue
[2024-06-18T15:33:55.386+0000] {logging_mixin.py:188} INFO - [2024-06-18T15:33:55.386+0000] {dagbag.py:545} INFO - Filling up the DagBag from /home/airflow/.local/lib/python3.12/site-packages/airflow/example_dags/example_datasets.py
[2024-06-18T15:33:55.402+0000] {processor.py:840} INFO - DAG(s) 'dataset_consumes_1_and_2', 'consume_1_or_2_with_dataset_expressions', 'consume_1_or_both_2_and_3_with_dataset_expressions', 'dataset_produces_2', 'conditional_dataset_and_time_based_timetable', 'dataset_consumes_unknown_never_scheduled', 'dataset_consumes_1', 'dataset_consumes_1_never_scheduled', 'dataset_produces_1', 'consume_1_and_2_with_dataset_expressions' retrieved from /home/airflow/.local/lib/python3.12/site-packages/airflow/example_dags/example_datasets.py
[2024-06-18T15:33:55.457+0000] {logging_mixin.py:188} INFO - [2024-06-18T15:33:55.456+0000] {dag.py:3096} INFO - Sync 10 DAGs
[2024-06-18T15:33:55.483+0000] {logging_mixin.py:188} INFO - [2024-06-18T15:33:55.483+0000] {dag.py:3954} INFO - Setting next_dagrun for conditional_dataset_and_time_based_timetable to 2024-06-12 01:00:00+00:00, run_after=2024-06-12 01:00:00+00:00
[2024-06-18T15:33:55.490+0000] {logging_mixin.py:188} INFO - [2024-06-18T15:33:55.489+0000] {dag.py:3954} INFO - Setting next_dagrun for consume_1_and_2_with_dataset_expressions to None, run_after=None
[2024-06-18T15:33:55.492+0000] {logging_mixin.py:188} INFO - [2024-06-18T15:33:55.492+0000] {dag.py:3954} INFO - Setting next_dagrun for consume_1_or_2_with_dataset_expressions to None, run_after=None
[2024-06-18T15:33:55.494+0000] {logging_mixin.py:188} INFO - [2024-06-18T15:33:55.494+0000] {dag.py:3954} INFO - Setting next_dagrun for consume_1_or_both_2_and_3_with_dataset_expressions to None, run_after=None
[2024-06-18T15:33:55.496+0000] {logging_mixin.py:188} INFO - [2024-06-18T15:33:55.496+0000] {dag.py:3954} INFO - Setting next_dagrun for dataset_consumes_1 to None, run_after=None
[2024-06-18T15:33:55.498+0000] {logging_mixin.py:188} INFO - [2024-06-18T15:33:55.498+0000] {dag.py:3954} INFO - Setting next_dagrun for dataset_consumes_1_and_2 to None, run_after=None
[2024-06-18T15:33:55.499+0000] {logging_mixin.py:188} INFO - [2024-06-18T15:33:55.499+0000] {dag.py:3954} INFO - Setting next_dagrun for dataset_consumes_1_never_scheduled to None, run_after=None
[2024-06-18T15:33:55.501+0000] {logging_mixin.py:188} INFO - [2024-06-18T15:33:55.500+0000] {dag.py:3954} INFO - Setting next_dagrun for dataset_consumes_unknown_never_scheduled to None, run_after=None
[2024-06-18T15:33:55.503+0000] {logging_mixin.py:188} INFO - [2024-06-18T15:33:55.503+0000] {dag.py:3954} INFO - Setting next_dagrun for dataset_produces_1 to 2024-06-17 00:00:00+00:00, run_after=2024-06-18 00:00:00+00:00
[2024-06-18T15:33:55.504+0000] {logging_mixin.py:188} INFO - [2024-06-18T15:33:55.504+0000] {dag.py:3954} INFO - Setting next_dagrun for dataset_produces_2 to None, run_after=None
[2024-06-18T15:33:55.545+0000] {processor.py:183} INFO - Processing /home/airflow/.local/lib/python3.12/site-packages/airflow/example_dags/example_datasets.py took 0.170 seconds
