[2024-06-18T15:21:34.561+0000] {processor.py:161} INFO - Started process (PID=59) to work on /home/airflow/.local/lib/python3.12/site-packages/airflow/example_dags/example_latest_only.py
[2024-06-18T15:21:34.564+0000] {processor.py:830} INFO - Processing file /home/airflow/.local/lib/python3.12/site-packages/airflow/example_dags/example_latest_only.py for tasks to queue
[2024-06-18T15:21:34.574+0000] {logging_mixin.py:188} INFO - [2024-06-18T15:21:34.573+0000] {dagbag.py:545} INFO - Filling up the DagBag from /home/airflow/.local/lib/python3.12/site-packages/airflow/example_dags/example_latest_only.py
[2024-06-18T15:21:34.661+0000] {processor.py:840} INFO - DAG(s) 'latest_only' retrieved from /home/airflow/.local/lib/python3.12/site-packages/airflow/example_dags/example_latest_only.py
[2024-06-18T15:21:35.078+0000] {logging_mixin.py:188} INFO - [2024-06-18T15:21:35.077+0000] {dag.py:3096} INFO - Sync 1 DAGs
[2024-06-18T15:21:35.237+0000] {logging_mixin.py:188} INFO - [2024-06-18T15:21:35.237+0000] {dag.py:3954} INFO - Setting next_dagrun for latest_only to 2024-06-18 08:00:00+00:00, run_after=2024-06-18 12:00:00+00:00
[2024-06-18T15:21:35.321+0000] {processor.py:183} INFO - Processing /home/airflow/.local/lib/python3.12/site-packages/airflow/example_dags/example_latest_only.py took 0.834 seconds
[2024-06-18T15:22:06.176+0000] {processor.py:161} INFO - Started process (PID=117) to work on /home/airflow/.local/lib/python3.12/site-packages/airflow/example_dags/example_latest_only.py
[2024-06-18T15:22:06.179+0000] {processor.py:830} INFO - Processing file /home/airflow/.local/lib/python3.12/site-packages/airflow/example_dags/example_latest_only.py for tasks to queue
[2024-06-18T15:22:06.181+0000] {logging_mixin.py:188} INFO - [2024-06-18T15:22:06.180+0000] {dagbag.py:545} INFO - Filling up the DagBag from /home/airflow/.local/lib/python3.12/site-packages/airflow/example_dags/example_latest_only.py
[2024-06-18T15:22:06.185+0000] {processor.py:840} INFO - DAG(s) 'latest_only' retrieved from /home/airflow/.local/lib/python3.12/site-packages/airflow/example_dags/example_latest_only.py
[2024-06-18T15:22:06.205+0000] {logging_mixin.py:188} INFO - [2024-06-18T15:22:06.204+0000] {dag.py:3096} INFO - Sync 1 DAGs
[2024-06-18T15:22:06.227+0000] {logging_mixin.py:188} INFO - [2024-06-18T15:22:06.227+0000] {dag.py:3954} INFO - Setting next_dagrun for latest_only to 2024-06-18 08:00:00+00:00, run_after=2024-06-18 12:00:00+00:00
[2024-06-18T15:22:06.253+0000] {processor.py:183} INFO - Processing /home/airflow/.local/lib/python3.12/site-packages/airflow/example_dags/example_latest_only.py took 0.082 seconds
[2024-06-18T15:22:36.327+0000] {processor.py:161} INFO - Started process (PID=175) to work on /home/airflow/.local/lib/python3.12/site-packages/airflow/example_dags/example_latest_only.py
[2024-06-18T15:22:36.328+0000] {processor.py:830} INFO - Processing file /home/airflow/.local/lib/python3.12/site-packages/airflow/example_dags/example_latest_only.py for tasks to queue
[2024-06-18T15:22:36.330+0000] {logging_mixin.py:188} INFO - [2024-06-18T15:22:36.330+0000] {dagbag.py:545} INFO - Filling up the DagBag from /home/airflow/.local/lib/python3.12/site-packages/airflow/example_dags/example_latest_only.py
[2024-06-18T15:22:36.337+0000] {processor.py:840} INFO - DAG(s) 'latest_only' retrieved from /home/airflow/.local/lib/python3.12/site-packages/airflow/example_dags/example_latest_only.py
[2024-06-18T15:22:36.358+0000] {logging_mixin.py:188} INFO - [2024-06-18T15:22:36.358+0000] {dag.py:3096} INFO - Sync 1 DAGs
[2024-06-18T15:22:36.380+0000] {logging_mixin.py:188} INFO - [2024-06-18T15:22:36.380+0000] {dag.py:3954} INFO - Setting next_dagrun for latest_only to 2024-06-18 08:00:00+00:00, run_after=2024-06-18 12:00:00+00:00
[2024-06-18T15:22:36.403+0000] {processor.py:183} INFO - Processing /home/airflow/.local/lib/python3.12/site-packages/airflow/example_dags/example_latest_only.py took 0.083 seconds
[2024-06-18T15:23:06.698+0000] {processor.py:161} INFO - Started process (PID=233) to work on /home/airflow/.local/lib/python3.12/site-packages/airflow/example_dags/example_latest_only.py
[2024-06-18T15:23:06.700+0000] {processor.py:830} INFO - Processing file /home/airflow/.local/lib/python3.12/site-packages/airflow/example_dags/example_latest_only.py for tasks to queue
[2024-06-18T15:23:06.701+0000] {logging_mixin.py:188} INFO - [2024-06-18T15:23:06.701+0000] {dagbag.py:545} INFO - Filling up the DagBag from /home/airflow/.local/lib/python3.12/site-packages/airflow/example_dags/example_latest_only.py
[2024-06-18T15:23:06.706+0000] {processor.py:840} INFO - DAG(s) 'latest_only' retrieved from /home/airflow/.local/lib/python3.12/site-packages/airflow/example_dags/example_latest_only.py
[2024-06-18T15:23:06.725+0000] {logging_mixin.py:188} INFO - [2024-06-18T15:23:06.725+0000] {dag.py:3096} INFO - Sync 1 DAGs
[2024-06-18T15:23:06.746+0000] {logging_mixin.py:188} INFO - [2024-06-18T15:23:06.746+0000] {dag.py:3954} INFO - Setting next_dagrun for latest_only to 2024-06-18 08:00:00+00:00, run_after=2024-06-18 12:00:00+00:00
[2024-06-18T15:23:06.772+0000] {processor.py:183} INFO - Processing /home/airflow/.local/lib/python3.12/site-packages/airflow/example_dags/example_latest_only.py took 0.079 seconds
[2024-06-18T15:23:36.958+0000] {processor.py:161} INFO - Started process (PID=291) to work on /home/airflow/.local/lib/python3.12/site-packages/airflow/example_dags/example_latest_only.py
[2024-06-18T15:23:36.959+0000] {processor.py:830} INFO - Processing file /home/airflow/.local/lib/python3.12/site-packages/airflow/example_dags/example_latest_only.py for tasks to queue
[2024-06-18T15:23:36.961+0000] {logging_mixin.py:188} INFO - [2024-06-18T15:23:36.960+0000] {dagbag.py:545} INFO - Filling up the DagBag from /home/airflow/.local/lib/python3.12/site-packages/airflow/example_dags/example_latest_only.py
[2024-06-18T15:23:36.965+0000] {processor.py:840} INFO - DAG(s) 'latest_only' retrieved from /home/airflow/.local/lib/python3.12/site-packages/airflow/example_dags/example_latest_only.py
[2024-06-18T15:23:36.983+0000] {logging_mixin.py:188} INFO - [2024-06-18T15:23:36.983+0000] {dag.py:3096} INFO - Sync 1 DAGs
[2024-06-18T15:23:37.004+0000] {logging_mixin.py:188} INFO - [2024-06-18T15:23:37.003+0000] {dag.py:3954} INFO - Setting next_dagrun for latest_only to 2024-06-18 08:00:00+00:00, run_after=2024-06-18 12:00:00+00:00
[2024-06-18T15:23:37.024+0000] {processor.py:183} INFO - Processing /home/airflow/.local/lib/python3.12/site-packages/airflow/example_dags/example_latest_only.py took 0.071 seconds
[2024-06-18T15:24:07.065+0000] {processor.py:161} INFO - Started process (PID=349) to work on /home/airflow/.local/lib/python3.12/site-packages/airflow/example_dags/example_latest_only.py
[2024-06-18T15:24:07.066+0000] {processor.py:830} INFO - Processing file /home/airflow/.local/lib/python3.12/site-packages/airflow/example_dags/example_latest_only.py for tasks to queue
[2024-06-18T15:24:07.068+0000] {logging_mixin.py:188} INFO - [2024-06-18T15:24:07.068+0000] {dagbag.py:545} INFO - Filling up the DagBag from /home/airflow/.local/lib/python3.12/site-packages/airflow/example_dags/example_latest_only.py
[2024-06-18T15:24:07.073+0000] {processor.py:840} INFO - DAG(s) 'latest_only' retrieved from /home/airflow/.local/lib/python3.12/site-packages/airflow/example_dags/example_latest_only.py
[2024-06-18T15:24:07.098+0000] {logging_mixin.py:188} INFO - [2024-06-18T15:24:07.098+0000] {dag.py:3096} INFO - Sync 1 DAGs
[2024-06-18T15:24:07.120+0000] {logging_mixin.py:188} INFO - [2024-06-18T15:24:07.120+0000] {dag.py:3954} INFO - Setting next_dagrun for latest_only to 2024-06-18 08:00:00+00:00, run_after=2024-06-18 12:00:00+00:00
[2024-06-18T15:24:07.142+0000] {processor.py:183} INFO - Processing /home/airflow/.local/lib/python3.12/site-packages/airflow/example_dags/example_latest_only.py took 0.082 seconds
[2024-06-18T15:24:37.980+0000] {processor.py:161} INFO - Started process (PID=407) to work on /home/airflow/.local/lib/python3.12/site-packages/airflow/example_dags/example_latest_only.py
[2024-06-18T15:24:37.982+0000] {processor.py:830} INFO - Processing file /home/airflow/.local/lib/python3.12/site-packages/airflow/example_dags/example_latest_only.py for tasks to queue
[2024-06-18T15:24:37.985+0000] {logging_mixin.py:188} INFO - [2024-06-18T15:24:37.985+0000] {dagbag.py:545} INFO - Filling up the DagBag from /home/airflow/.local/lib/python3.12/site-packages/airflow/example_dags/example_latest_only.py
[2024-06-18T15:24:37.999+0000] {processor.py:840} INFO - DAG(s) 'latest_only' retrieved from /home/airflow/.local/lib/python3.12/site-packages/airflow/example_dags/example_latest_only.py
[2024-06-18T15:24:38.044+0000] {logging_mixin.py:188} INFO - [2024-06-18T15:24:38.044+0000] {dag.py:3096} INFO - Sync 1 DAGs
[2024-06-18T15:24:38.069+0000] {logging_mixin.py:188} INFO - [2024-06-18T15:24:38.069+0000] {dag.py:3954} INFO - Setting next_dagrun for latest_only to 2024-06-18 08:00:00+00:00, run_after=2024-06-18 12:00:00+00:00
[2024-06-18T15:24:38.096+0000] {processor.py:183} INFO - Processing /home/airflow/.local/lib/python3.12/site-packages/airflow/example_dags/example_latest_only.py took 0.123 seconds
[2024-06-18T15:25:08.529+0000] {processor.py:161} INFO - Started process (PID=465) to work on /home/airflow/.local/lib/python3.12/site-packages/airflow/example_dags/example_latest_only.py
[2024-06-18T15:25:08.530+0000] {processor.py:830} INFO - Processing file /home/airflow/.local/lib/python3.12/site-packages/airflow/example_dags/example_latest_only.py for tasks to queue
[2024-06-18T15:25:08.532+0000] {logging_mixin.py:188} INFO - [2024-06-18T15:25:08.532+0000] {dagbag.py:545} INFO - Filling up the DagBag from /home/airflow/.local/lib/python3.12/site-packages/airflow/example_dags/example_latest_only.py
[2024-06-18T15:25:08.537+0000] {processor.py:840} INFO - DAG(s) 'latest_only' retrieved from /home/airflow/.local/lib/python3.12/site-packages/airflow/example_dags/example_latest_only.py
[2024-06-18T15:25:08.561+0000] {logging_mixin.py:188} INFO - [2024-06-18T15:25:08.561+0000] {dag.py:3096} INFO - Sync 1 DAGs
[2024-06-18T15:25:08.582+0000] {logging_mixin.py:188} INFO - [2024-06-18T15:25:08.581+0000] {dag.py:3954} INFO - Setting next_dagrun for latest_only to 2024-06-18 08:00:00+00:00, run_after=2024-06-18 12:00:00+00:00
[2024-06-18T15:25:08.604+0000] {processor.py:183} INFO - Processing /home/airflow/.local/lib/python3.12/site-packages/airflow/example_dags/example_latest_only.py took 0.080 seconds
[2024-06-18T15:25:38.794+0000] {processor.py:161} INFO - Started process (PID=523) to work on /home/airflow/.local/lib/python3.12/site-packages/airflow/example_dags/example_latest_only.py
[2024-06-18T15:25:38.795+0000] {processor.py:830} INFO - Processing file /home/airflow/.local/lib/python3.12/site-packages/airflow/example_dags/example_latest_only.py for tasks to queue
[2024-06-18T15:25:38.797+0000] {logging_mixin.py:188} INFO - [2024-06-18T15:25:38.796+0000] {dagbag.py:545} INFO - Filling up the DagBag from /home/airflow/.local/lib/python3.12/site-packages/airflow/example_dags/example_latest_only.py
[2024-06-18T15:25:38.801+0000] {processor.py:840} INFO - DAG(s) 'latest_only' retrieved from /home/airflow/.local/lib/python3.12/site-packages/airflow/example_dags/example_latest_only.py
[2024-06-18T15:25:38.820+0000] {logging_mixin.py:188} INFO - [2024-06-18T15:25:38.820+0000] {dag.py:3096} INFO - Sync 1 DAGs
[2024-06-18T15:25:38.840+0000] {logging_mixin.py:188} INFO - [2024-06-18T15:25:38.840+0000] {dag.py:3954} INFO - Setting next_dagrun for latest_only to 2024-06-18 08:00:00+00:00, run_after=2024-06-18 12:00:00+00:00
[2024-06-18T15:25:38.862+0000] {processor.py:183} INFO - Processing /home/airflow/.local/lib/python3.12/site-packages/airflow/example_dags/example_latest_only.py took 0.073 seconds
[2024-06-18T15:26:09.044+0000] {processor.py:161} INFO - Started process (PID=581) to work on /home/airflow/.local/lib/python3.12/site-packages/airflow/example_dags/example_latest_only.py
[2024-06-18T15:26:09.045+0000] {processor.py:830} INFO - Processing file /home/airflow/.local/lib/python3.12/site-packages/airflow/example_dags/example_latest_only.py for tasks to queue
[2024-06-18T15:26:09.047+0000] {logging_mixin.py:188} INFO - [2024-06-18T15:26:09.047+0000] {dagbag.py:545} INFO - Filling up the DagBag from /home/airflow/.local/lib/python3.12/site-packages/airflow/example_dags/example_latest_only.py
[2024-06-18T15:26:09.051+0000] {processor.py:840} INFO - DAG(s) 'latest_only' retrieved from /home/airflow/.local/lib/python3.12/site-packages/airflow/example_dags/example_latest_only.py
[2024-06-18T15:26:09.073+0000] {logging_mixin.py:188} INFO - [2024-06-18T15:26:09.073+0000] {dag.py:3096} INFO - Sync 1 DAGs
[2024-06-18T15:26:09.097+0000] {logging_mixin.py:188} INFO - [2024-06-18T15:26:09.096+0000] {dag.py:3954} INFO - Setting next_dagrun for latest_only to 2024-06-18 08:00:00+00:00, run_after=2024-06-18 12:00:00+00:00
[2024-06-18T15:26:09.118+0000] {processor.py:183} INFO - Processing /home/airflow/.local/lib/python3.12/site-packages/airflow/example_dags/example_latest_only.py took 0.078 seconds
[2024-06-18T15:26:39.604+0000] {processor.py:161} INFO - Started process (PID=639) to work on /home/airflow/.local/lib/python3.12/site-packages/airflow/example_dags/example_latest_only.py
[2024-06-18T15:26:39.605+0000] {processor.py:830} INFO - Processing file /home/airflow/.local/lib/python3.12/site-packages/airflow/example_dags/example_latest_only.py for tasks to queue
[2024-06-18T15:26:39.607+0000] {logging_mixin.py:188} INFO - [2024-06-18T15:26:39.607+0000] {dagbag.py:545} INFO - Filling up the DagBag from /home/airflow/.local/lib/python3.12/site-packages/airflow/example_dags/example_latest_only.py
[2024-06-18T15:26:39.611+0000] {processor.py:840} INFO - DAG(s) 'latest_only' retrieved from /home/airflow/.local/lib/python3.12/site-packages/airflow/example_dags/example_latest_only.py
[2024-06-18T15:26:39.633+0000] {logging_mixin.py:188} INFO - [2024-06-18T15:26:39.632+0000] {dag.py:3096} INFO - Sync 1 DAGs
[2024-06-18T15:26:39.659+0000] {logging_mixin.py:188} INFO - [2024-06-18T15:26:39.659+0000] {dag.py:3954} INFO - Setting next_dagrun for latest_only to 2024-06-18 08:00:00+00:00, run_after=2024-06-18 12:00:00+00:00
[2024-06-18T15:26:39.688+0000] {processor.py:183} INFO - Processing /home/airflow/.local/lib/python3.12/site-packages/airflow/example_dags/example_latest_only.py took 0.092 seconds
[2024-06-18T15:27:09.951+0000] {processor.py:161} INFO - Started process (PID=697) to work on /home/airflow/.local/lib/python3.12/site-packages/airflow/example_dags/example_latest_only.py
[2024-06-18T15:27:09.952+0000] {processor.py:830} INFO - Processing file /home/airflow/.local/lib/python3.12/site-packages/airflow/example_dags/example_latest_only.py for tasks to queue
[2024-06-18T15:27:09.954+0000] {logging_mixin.py:188} INFO - [2024-06-18T15:27:09.954+0000] {dagbag.py:545} INFO - Filling up the DagBag from /home/airflow/.local/lib/python3.12/site-packages/airflow/example_dags/example_latest_only.py
[2024-06-18T15:27:09.959+0000] {processor.py:840} INFO - DAG(s) 'latest_only' retrieved from /home/airflow/.local/lib/python3.12/site-packages/airflow/example_dags/example_latest_only.py
[2024-06-18T15:27:09.989+0000] {logging_mixin.py:188} INFO - [2024-06-18T15:27:09.988+0000] {dag.py:3096} INFO - Sync 1 DAGs
[2024-06-18T15:27:10.023+0000] {logging_mixin.py:188} INFO - [2024-06-18T15:27:10.023+0000] {dag.py:3954} INFO - Setting next_dagrun for latest_only to 2024-06-18 08:00:00+00:00, run_after=2024-06-18 12:00:00+00:00
[2024-06-18T15:27:10.055+0000] {processor.py:183} INFO - Processing /home/airflow/.local/lib/python3.12/site-packages/airflow/example_dags/example_latest_only.py took 0.111 seconds
[2024-06-18T15:27:40.251+0000] {processor.py:161} INFO - Started process (PID=755) to work on /home/airflow/.local/lib/python3.12/site-packages/airflow/example_dags/example_latest_only.py
[2024-06-18T15:27:40.253+0000] {processor.py:830} INFO - Processing file /home/airflow/.local/lib/python3.12/site-packages/airflow/example_dags/example_latest_only.py for tasks to queue
[2024-06-18T15:27:40.256+0000] {logging_mixin.py:188} INFO - [2024-06-18T15:27:40.255+0000] {dagbag.py:545} INFO - Filling up the DagBag from /home/airflow/.local/lib/python3.12/site-packages/airflow/example_dags/example_latest_only.py
[2024-06-18T15:27:40.263+0000] {processor.py:840} INFO - DAG(s) 'latest_only' retrieved from /home/airflow/.local/lib/python3.12/site-packages/airflow/example_dags/example_latest_only.py
[2024-06-18T15:27:40.313+0000] {logging_mixin.py:188} INFO - [2024-06-18T15:27:40.312+0000] {dag.py:3096} INFO - Sync 1 DAGs
[2024-06-18T15:27:40.335+0000] {logging_mixin.py:188} INFO - [2024-06-18T15:27:40.335+0000] {dag.py:3954} INFO - Setting next_dagrun for latest_only to 2024-06-18 08:00:00+00:00, run_after=2024-06-18 12:00:00+00:00
[2024-06-18T15:27:40.363+0000] {processor.py:183} INFO - Processing /home/airflow/.local/lib/python3.12/site-packages/airflow/example_dags/example_latest_only.py took 0.121 seconds
[2024-06-18T15:28:10.422+0000] {processor.py:161} INFO - Started process (PID=813) to work on /home/airflow/.local/lib/python3.12/site-packages/airflow/example_dags/example_latest_only.py
[2024-06-18T15:28:10.423+0000] {processor.py:830} INFO - Processing file /home/airflow/.local/lib/python3.12/site-packages/airflow/example_dags/example_latest_only.py for tasks to queue
[2024-06-18T15:28:10.425+0000] {logging_mixin.py:188} INFO - [2024-06-18T15:28:10.424+0000] {dagbag.py:545} INFO - Filling up the DagBag from /home/airflow/.local/lib/python3.12/site-packages/airflow/example_dags/example_latest_only.py
[2024-06-18T15:28:10.430+0000] {processor.py:840} INFO - DAG(s) 'latest_only' retrieved from /home/airflow/.local/lib/python3.12/site-packages/airflow/example_dags/example_latest_only.py
[2024-06-18T15:28:10.449+0000] {logging_mixin.py:188} INFO - [2024-06-18T15:28:10.448+0000] {dag.py:3096} INFO - Sync 1 DAGs
[2024-06-18T15:28:10.468+0000] {logging_mixin.py:188} INFO - [2024-06-18T15:28:10.468+0000] {dag.py:3954} INFO - Setting next_dagrun for latest_only to 2024-06-18 08:00:00+00:00, run_after=2024-06-18 12:00:00+00:00
[2024-06-18T15:28:10.490+0000] {processor.py:183} INFO - Processing /home/airflow/.local/lib/python3.12/site-packages/airflow/example_dags/example_latest_only.py took 0.074 seconds
[2024-06-18T15:28:40.873+0000] {processor.py:161} INFO - Started process (PID=871) to work on /home/airflow/.local/lib/python3.12/site-packages/airflow/example_dags/example_latest_only.py
[2024-06-18T15:28:40.874+0000] {processor.py:830} INFO - Processing file /home/airflow/.local/lib/python3.12/site-packages/airflow/example_dags/example_latest_only.py for tasks to queue
[2024-06-18T15:28:40.876+0000] {logging_mixin.py:188} INFO - [2024-06-18T15:28:40.875+0000] {dagbag.py:545} INFO - Filling up the DagBag from /home/airflow/.local/lib/python3.12/site-packages/airflow/example_dags/example_latest_only.py
[2024-06-18T15:28:40.880+0000] {processor.py:840} INFO - DAG(s) 'latest_only' retrieved from /home/airflow/.local/lib/python3.12/site-packages/airflow/example_dags/example_latest_only.py
[2024-06-18T15:28:40.898+0000] {logging_mixin.py:188} INFO - [2024-06-18T15:28:40.898+0000] {dag.py:3096} INFO - Sync 1 DAGs
[2024-06-18T15:28:40.923+0000] {logging_mixin.py:188} INFO - [2024-06-18T15:28:40.923+0000] {dag.py:3954} INFO - Setting next_dagrun for latest_only to 2024-06-18 08:00:00+00:00, run_after=2024-06-18 12:00:00+00:00
[2024-06-18T15:28:40.944+0000] {processor.py:183} INFO - Processing /home/airflow/.local/lib/python3.12/site-packages/airflow/example_dags/example_latest_only.py took 0.076 seconds
[2024-06-18T15:29:11.297+0000] {processor.py:161} INFO - Started process (PID=929) to work on /home/airflow/.local/lib/python3.12/site-packages/airflow/example_dags/example_latest_only.py
[2024-06-18T15:29:11.298+0000] {processor.py:830} INFO - Processing file /home/airflow/.local/lib/python3.12/site-packages/airflow/example_dags/example_latest_only.py for tasks to queue
[2024-06-18T15:29:11.301+0000] {logging_mixin.py:188} INFO - [2024-06-18T15:29:11.300+0000] {dagbag.py:545} INFO - Filling up the DagBag from /home/airflow/.local/lib/python3.12/site-packages/airflow/example_dags/example_latest_only.py
[2024-06-18T15:29:11.307+0000] {processor.py:840} INFO - DAG(s) 'latest_only' retrieved from /home/airflow/.local/lib/python3.12/site-packages/airflow/example_dags/example_latest_only.py
[2024-06-18T15:29:11.341+0000] {logging_mixin.py:188} INFO - [2024-06-18T15:29:11.340+0000] {dag.py:3096} INFO - Sync 1 DAGs
[2024-06-18T15:29:11.363+0000] {logging_mixin.py:188} INFO - [2024-06-18T15:29:11.363+0000] {dag.py:3954} INFO - Setting next_dagrun for latest_only to 2024-06-18 08:00:00+00:00, run_after=2024-06-18 12:00:00+00:00
[2024-06-18T15:29:11.394+0000] {processor.py:183} INFO - Processing /home/airflow/.local/lib/python3.12/site-packages/airflow/example_dags/example_latest_only.py took 0.102 seconds
[2024-06-18T15:29:41.803+0000] {processor.py:161} INFO - Started process (PID=987) to work on /home/airflow/.local/lib/python3.12/site-packages/airflow/example_dags/example_latest_only.py
[2024-06-18T15:29:41.808+0000] {processor.py:830} INFO - Processing file /home/airflow/.local/lib/python3.12/site-packages/airflow/example_dags/example_latest_only.py for tasks to queue
[2024-06-18T15:29:41.810+0000] {logging_mixin.py:188} INFO - [2024-06-18T15:29:41.810+0000] {dagbag.py:545} INFO - Filling up the DagBag from /home/airflow/.local/lib/python3.12/site-packages/airflow/example_dags/example_latest_only.py
[2024-06-18T15:29:41.815+0000] {processor.py:840} INFO - DAG(s) 'latest_only' retrieved from /home/airflow/.local/lib/python3.12/site-packages/airflow/example_dags/example_latest_only.py
[2024-06-18T15:29:41.835+0000] {logging_mixin.py:188} INFO - [2024-06-18T15:29:41.834+0000] {dag.py:3096} INFO - Sync 1 DAGs
[2024-06-18T15:29:41.859+0000] {logging_mixin.py:188} INFO - [2024-06-18T15:29:41.858+0000] {dag.py:3954} INFO - Setting next_dagrun for latest_only to 2024-06-18 08:00:00+00:00, run_after=2024-06-18 12:00:00+00:00
[2024-06-18T15:29:41.889+0000] {processor.py:183} INFO - Processing /home/airflow/.local/lib/python3.12/site-packages/airflow/example_dags/example_latest_only.py took 0.091 seconds
[2024-06-18T15:30:12.304+0000] {processor.py:161} INFO - Started process (PID=1045) to work on /home/airflow/.local/lib/python3.12/site-packages/airflow/example_dags/example_latest_only.py
[2024-06-18T15:30:12.305+0000] {processor.py:830} INFO - Processing file /home/airflow/.local/lib/python3.12/site-packages/airflow/example_dags/example_latest_only.py for tasks to queue
[2024-06-18T15:30:12.318+0000] {logging_mixin.py:188} INFO - [2024-06-18T15:30:12.318+0000] {dagbag.py:545} INFO - Filling up the DagBag from /home/airflow/.local/lib/python3.12/site-packages/airflow/example_dags/example_latest_only.py
[2024-06-18T15:30:12.328+0000] {processor.py:840} INFO - DAG(s) 'latest_only' retrieved from /home/airflow/.local/lib/python3.12/site-packages/airflow/example_dags/example_latest_only.py
[2024-06-18T15:30:12.389+0000] {logging_mixin.py:188} INFO - [2024-06-18T15:30:12.388+0000] {dag.py:3096} INFO - Sync 1 DAGs
[2024-06-18T15:30:12.462+0000] {logging_mixin.py:188} INFO - [2024-06-18T15:30:12.462+0000] {dag.py:3954} INFO - Setting next_dagrun for latest_only to 2024-06-18 08:00:00+00:00, run_after=2024-06-18 12:00:00+00:00
[2024-06-18T15:30:12.568+0000] {processor.py:183} INFO - Processing /home/airflow/.local/lib/python3.12/site-packages/airflow/example_dags/example_latest_only.py took 0.276 seconds
[2024-06-18T15:30:42.918+0000] {processor.py:161} INFO - Started process (PID=1103) to work on /home/airflow/.local/lib/python3.12/site-packages/airflow/example_dags/example_latest_only.py
[2024-06-18T15:30:42.919+0000] {processor.py:830} INFO - Processing file /home/airflow/.local/lib/python3.12/site-packages/airflow/example_dags/example_latest_only.py for tasks to queue
[2024-06-18T15:30:42.923+0000] {logging_mixin.py:188} INFO - [2024-06-18T15:30:42.922+0000] {dagbag.py:545} INFO - Filling up the DagBag from /home/airflow/.local/lib/python3.12/site-packages/airflow/example_dags/example_latest_only.py
[2024-06-18T15:30:42.936+0000] {processor.py:840} INFO - DAG(s) 'latest_only' retrieved from /home/airflow/.local/lib/python3.12/site-packages/airflow/example_dags/example_latest_only.py
[2024-06-18T15:30:42.986+0000] {logging_mixin.py:188} INFO - [2024-06-18T15:30:42.985+0000] {dag.py:3096} INFO - Sync 1 DAGs
[2024-06-18T15:30:43.053+0000] {logging_mixin.py:188} INFO - [2024-06-18T15:30:43.053+0000] {dag.py:3954} INFO - Setting next_dagrun for latest_only to 2024-06-18 08:00:00+00:00, run_after=2024-06-18 12:00:00+00:00
[2024-06-18T15:30:43.109+0000] {processor.py:183} INFO - Processing /home/airflow/.local/lib/python3.12/site-packages/airflow/example_dags/example_latest_only.py took 0.199 seconds
[2024-06-18T15:31:13.350+0000] {processor.py:161} INFO - Started process (PID=1161) to work on /home/airflow/.local/lib/python3.12/site-packages/airflow/example_dags/example_latest_only.py
[2024-06-18T15:31:13.353+0000] {processor.py:830} INFO - Processing file /home/airflow/.local/lib/python3.12/site-packages/airflow/example_dags/example_latest_only.py for tasks to queue
[2024-06-18T15:31:13.357+0000] {logging_mixin.py:188} INFO - [2024-06-18T15:31:13.356+0000] {dagbag.py:545} INFO - Filling up the DagBag from /home/airflow/.local/lib/python3.12/site-packages/airflow/example_dags/example_latest_only.py
[2024-06-18T15:31:13.362+0000] {processor.py:840} INFO - DAG(s) 'latest_only' retrieved from /home/airflow/.local/lib/python3.12/site-packages/airflow/example_dags/example_latest_only.py
[2024-06-18T15:31:13.390+0000] {logging_mixin.py:188} INFO - [2024-06-18T15:31:13.389+0000] {dag.py:3096} INFO - Sync 1 DAGs
[2024-06-18T15:31:13.440+0000] {logging_mixin.py:188} INFO - [2024-06-18T15:31:13.439+0000] {dag.py:3954} INFO - Setting next_dagrun for latest_only to 2024-06-18 08:00:00+00:00, run_after=2024-06-18 12:00:00+00:00
[2024-06-18T15:31:13.526+0000] {processor.py:183} INFO - Processing /home/airflow/.local/lib/python3.12/site-packages/airflow/example_dags/example_latest_only.py took 0.183 seconds
[2024-06-18T15:31:43.680+0000] {processor.py:161} INFO - Started process (PID=1219) to work on /home/airflow/.local/lib/python3.12/site-packages/airflow/example_dags/example_latest_only.py
[2024-06-18T15:31:43.682+0000] {processor.py:830} INFO - Processing file /home/airflow/.local/lib/python3.12/site-packages/airflow/example_dags/example_latest_only.py for tasks to queue
[2024-06-18T15:31:43.684+0000] {logging_mixin.py:188} INFO - [2024-06-18T15:31:43.683+0000] {dagbag.py:545} INFO - Filling up the DagBag from /home/airflow/.local/lib/python3.12/site-packages/airflow/example_dags/example_latest_only.py
[2024-06-18T15:31:43.688+0000] {processor.py:840} INFO - DAG(s) 'latest_only' retrieved from /home/airflow/.local/lib/python3.12/site-packages/airflow/example_dags/example_latest_only.py
[2024-06-18T15:31:43.708+0000] {logging_mixin.py:188} INFO - [2024-06-18T15:31:43.707+0000] {dag.py:3096} INFO - Sync 1 DAGs
[2024-06-18T15:31:43.735+0000] {logging_mixin.py:188} INFO - [2024-06-18T15:31:43.735+0000] {dag.py:3954} INFO - Setting next_dagrun for latest_only to 2024-06-18 08:00:00+00:00, run_after=2024-06-18 12:00:00+00:00
[2024-06-18T15:31:43.757+0000] {processor.py:183} INFO - Processing /home/airflow/.local/lib/python3.12/site-packages/airflow/example_dags/example_latest_only.py took 0.082 seconds
[2024-06-18T15:32:14.047+0000] {processor.py:161} INFO - Started process (PID=1277) to work on /home/airflow/.local/lib/python3.12/site-packages/airflow/example_dags/example_latest_only.py
[2024-06-18T15:32:14.048+0000] {processor.py:830} INFO - Processing file /home/airflow/.local/lib/python3.12/site-packages/airflow/example_dags/example_latest_only.py for tasks to queue
[2024-06-18T15:32:14.051+0000] {logging_mixin.py:188} INFO - [2024-06-18T15:32:14.050+0000] {dagbag.py:545} INFO - Filling up the DagBag from /home/airflow/.local/lib/python3.12/site-packages/airflow/example_dags/example_latest_only.py
[2024-06-18T15:32:14.055+0000] {processor.py:840} INFO - DAG(s) 'latest_only' retrieved from /home/airflow/.local/lib/python3.12/site-packages/airflow/example_dags/example_latest_only.py
[2024-06-18T15:32:14.078+0000] {logging_mixin.py:188} INFO - [2024-06-18T15:32:14.077+0000] {dag.py:3096} INFO - Sync 1 DAGs
[2024-06-18T15:32:14.118+0000] {logging_mixin.py:188} INFO - [2024-06-18T15:32:14.117+0000] {dag.py:3954} INFO - Setting next_dagrun for latest_only to 2024-06-18 08:00:00+00:00, run_after=2024-06-18 12:00:00+00:00
[2024-06-18T15:32:14.149+0000] {processor.py:183} INFO - Processing /home/airflow/.local/lib/python3.12/site-packages/airflow/example_dags/example_latest_only.py took 0.107 seconds
[2024-06-18T15:32:44.773+0000] {processor.py:161} INFO - Started process (PID=1335) to work on /home/airflow/.local/lib/python3.12/site-packages/airflow/example_dags/example_latest_only.py
[2024-06-18T15:32:44.774+0000] {processor.py:830} INFO - Processing file /home/airflow/.local/lib/python3.12/site-packages/airflow/example_dags/example_latest_only.py for tasks to queue
[2024-06-18T15:32:44.776+0000] {logging_mixin.py:188} INFO - [2024-06-18T15:32:44.775+0000] {dagbag.py:545} INFO - Filling up the DagBag from /home/airflow/.local/lib/python3.12/site-packages/airflow/example_dags/example_latest_only.py
[2024-06-18T15:32:44.781+0000] {processor.py:840} INFO - DAG(s) 'latest_only' retrieved from /home/airflow/.local/lib/python3.12/site-packages/airflow/example_dags/example_latest_only.py
[2024-06-18T15:32:44.800+0000] {logging_mixin.py:188} INFO - [2024-06-18T15:32:44.800+0000] {dag.py:3096} INFO - Sync 1 DAGs
[2024-06-18T15:32:44.825+0000] {logging_mixin.py:188} INFO - [2024-06-18T15:32:44.825+0000] {dag.py:3954} INFO - Setting next_dagrun for latest_only to 2024-06-18 08:00:00+00:00, run_after=2024-06-18 12:00:00+00:00
[2024-06-18T15:32:44.847+0000] {processor.py:183} INFO - Processing /home/airflow/.local/lib/python3.12/site-packages/airflow/example_dags/example_latest_only.py took 0.080 seconds
[2024-06-18T15:33:14.957+0000] {processor.py:161} INFO - Started process (PID=1393) to work on /home/airflow/.local/lib/python3.12/site-packages/airflow/example_dags/example_latest_only.py
[2024-06-18T15:33:14.959+0000] {processor.py:830} INFO - Processing file /home/airflow/.local/lib/python3.12/site-packages/airflow/example_dags/example_latest_only.py for tasks to queue
[2024-06-18T15:33:14.961+0000] {logging_mixin.py:188} INFO - [2024-06-18T15:33:14.961+0000] {dagbag.py:545} INFO - Filling up the DagBag from /home/airflow/.local/lib/python3.12/site-packages/airflow/example_dags/example_latest_only.py
[2024-06-18T15:33:14.966+0000] {processor.py:840} INFO - DAG(s) 'latest_only' retrieved from /home/airflow/.local/lib/python3.12/site-packages/airflow/example_dags/example_latest_only.py
[2024-06-18T15:33:14.986+0000] {logging_mixin.py:188} INFO - [2024-06-18T15:33:14.986+0000] {dag.py:3096} INFO - Sync 1 DAGs
[2024-06-18T15:33:15.013+0000] {logging_mixin.py:188} INFO - [2024-06-18T15:33:15.013+0000] {dag.py:3954} INFO - Setting next_dagrun for latest_only to 2024-06-18 08:00:00+00:00, run_after=2024-06-18 12:00:00+00:00
[2024-06-18T15:33:15.037+0000] {processor.py:183} INFO - Processing /home/airflow/.local/lib/python3.12/site-packages/airflow/example_dags/example_latest_only.py took 0.085 seconds
[2024-06-18T15:33:45.793+0000] {processor.py:161} INFO - Started process (PID=1451) to work on /home/airflow/.local/lib/python3.12/site-packages/airflow/example_dags/example_latest_only.py
[2024-06-18T15:33:45.795+0000] {processor.py:830} INFO - Processing file /home/airflow/.local/lib/python3.12/site-packages/airflow/example_dags/example_latest_only.py for tasks to queue
[2024-06-18T15:33:45.799+0000] {logging_mixin.py:188} INFO - [2024-06-18T15:33:45.798+0000] {dagbag.py:545} INFO - Filling up the DagBag from /home/airflow/.local/lib/python3.12/site-packages/airflow/example_dags/example_latest_only.py
[2024-06-18T15:33:45.809+0000] {processor.py:840} INFO - DAG(s) 'latest_only' retrieved from /home/airflow/.local/lib/python3.12/site-packages/airflow/example_dags/example_latest_only.py
[2024-06-18T15:33:45.848+0000] {logging_mixin.py:188} INFO - [2024-06-18T15:33:45.848+0000] {dag.py:3096} INFO - Sync 1 DAGs
[2024-06-18T15:33:45.899+0000] {logging_mixin.py:188} INFO - [2024-06-18T15:33:45.899+0000] {dag.py:3954} INFO - Setting next_dagrun for latest_only to 2024-06-18 08:00:00+00:00, run_after=2024-06-18 12:00:00+00:00
[2024-06-18T15:33:45.946+0000] {processor.py:183} INFO - Processing /home/airflow/.local/lib/python3.12/site-packages/airflow/example_dags/example_latest_only.py took 0.164 seconds
