[2024-06-18T15:21:29.589+0000] {processor.py:161} INFO - Started process (PID=50) to work on /home/airflow/.local/lib/python3.12/site-packages/airflow/example_dags/example_latest_only_with_trigger.py
[2024-06-18T15:21:29.593+0000] {processor.py:830} INFO - Processing file /home/airflow/.local/lib/python3.12/site-packages/airflow/example_dags/example_latest_only_with_trigger.py for tasks to queue
[2024-06-18T15:21:29.605+0000] {logging_mixin.py:188} INFO - [2024-06-18T15:21:29.604+0000] {dagbag.py:545} INFO - Filling up the DagBag from /home/airflow/.local/lib/python3.12/site-packages/airflow/example_dags/example_latest_only_with_trigger.py
[2024-06-18T15:21:29.633+0000] {processor.py:840} INFO - DAG(s) 'latest_only_with_trigger' retrieved from /home/airflow/.local/lib/python3.12/site-packages/airflow/example_dags/example_latest_only_with_trigger.py
[2024-06-18T15:21:30.127+0000] {logging_mixin.py:188} INFO - [2024-06-18T15:21:30.127+0000] {dag.py:3096} INFO - Sync 1 DAGs
[2024-06-18T15:21:30.265+0000] {logging_mixin.py:188} INFO - [2024-06-18T15:21:30.265+0000] {dag.py:3954} INFO - Setting next_dagrun for latest_only_with_trigger to 2024-06-18 08:00:00+00:00, run_after=2024-06-18 12:00:00+00:00
[2024-06-18T15:21:30.337+0000] {processor.py:183} INFO - Processing /home/airflow/.local/lib/python3.12/site-packages/airflow/example_dags/example_latest_only_with_trigger.py took 0.799 seconds
[2024-06-18T15:22:00.616+0000] {processor.py:161} INFO - Started process (PID=108) to work on /home/airflow/.local/lib/python3.12/site-packages/airflow/example_dags/example_latest_only_with_trigger.py
[2024-06-18T15:22:00.618+0000] {processor.py:830} INFO - Processing file /home/airflow/.local/lib/python3.12/site-packages/airflow/example_dags/example_latest_only_with_trigger.py for tasks to queue
[2024-06-18T15:22:00.619+0000] {logging_mixin.py:188} INFO - [2024-06-18T15:22:00.619+0000] {dagbag.py:545} INFO - Filling up the DagBag from /home/airflow/.local/lib/python3.12/site-packages/airflow/example_dags/example_latest_only_with_trigger.py
[2024-06-18T15:22:00.626+0000] {processor.py:840} INFO - DAG(s) 'latest_only_with_trigger' retrieved from /home/airflow/.local/lib/python3.12/site-packages/airflow/example_dags/example_latest_only_with_trigger.py
[2024-06-18T15:22:00.656+0000] {logging_mixin.py:188} INFO - [2024-06-18T15:22:00.656+0000] {dag.py:3096} INFO - Sync 1 DAGs
[2024-06-18T15:22:00.677+0000] {logging_mixin.py:188} INFO - [2024-06-18T15:22:00.677+0000] {dag.py:3954} INFO - Setting next_dagrun for latest_only_with_trigger to 2024-06-18 08:00:00+00:00, run_after=2024-06-18 12:00:00+00:00
[2024-06-18T15:22:00.706+0000] {processor.py:183} INFO - Processing /home/airflow/.local/lib/python3.12/site-packages/airflow/example_dags/example_latest_only_with_trigger.py took 0.094 seconds
[2024-06-18T15:22:30.781+0000] {processor.py:161} INFO - Started process (PID=166) to work on /home/airflow/.local/lib/python3.12/site-packages/airflow/example_dags/example_latest_only_with_trigger.py
[2024-06-18T15:22:30.783+0000] {processor.py:830} INFO - Processing file /home/airflow/.local/lib/python3.12/site-packages/airflow/example_dags/example_latest_only_with_trigger.py for tasks to queue
[2024-06-18T15:22:30.785+0000] {logging_mixin.py:188} INFO - [2024-06-18T15:22:30.784+0000] {dagbag.py:545} INFO - Filling up the DagBag from /home/airflow/.local/lib/python3.12/site-packages/airflow/example_dags/example_latest_only_with_trigger.py
[2024-06-18T15:22:30.791+0000] {processor.py:840} INFO - DAG(s) 'latest_only_with_trigger' retrieved from /home/airflow/.local/lib/python3.12/site-packages/airflow/example_dags/example_latest_only_with_trigger.py
[2024-06-18T15:22:30.813+0000] {logging_mixin.py:188} INFO - [2024-06-18T15:22:30.813+0000] {dag.py:3096} INFO - Sync 1 DAGs
[2024-06-18T15:22:30.835+0000] {logging_mixin.py:188} INFO - [2024-06-18T15:22:30.835+0000] {dag.py:3954} INFO - Setting next_dagrun for latest_only_with_trigger to 2024-06-18 08:00:00+00:00, run_after=2024-06-18 12:00:00+00:00
[2024-06-18T15:22:30.854+0000] {processor.py:183} INFO - Processing /home/airflow/.local/lib/python3.12/site-packages/airflow/example_dags/example_latest_only_with_trigger.py took 0.078 seconds
[2024-06-18T15:23:00.991+0000] {processor.py:161} INFO - Started process (PID=224) to work on /home/airflow/.local/lib/python3.12/site-packages/airflow/example_dags/example_latest_only_with_trigger.py
[2024-06-18T15:23:00.992+0000] {processor.py:830} INFO - Processing file /home/airflow/.local/lib/python3.12/site-packages/airflow/example_dags/example_latest_only_with_trigger.py for tasks to queue
[2024-06-18T15:23:00.995+0000] {logging_mixin.py:188} INFO - [2024-06-18T15:23:00.995+0000] {dagbag.py:545} INFO - Filling up the DagBag from /home/airflow/.local/lib/python3.12/site-packages/airflow/example_dags/example_latest_only_with_trigger.py
[2024-06-18T15:23:01.002+0000] {processor.py:840} INFO - DAG(s) 'latest_only_with_trigger' retrieved from /home/airflow/.local/lib/python3.12/site-packages/airflow/example_dags/example_latest_only_with_trigger.py
[2024-06-18T15:23:01.028+0000] {logging_mixin.py:188} INFO - [2024-06-18T15:23:01.027+0000] {dag.py:3096} INFO - Sync 1 DAGs
[2024-06-18T15:23:01.049+0000] {logging_mixin.py:188} INFO - [2024-06-18T15:23:01.049+0000] {dag.py:3954} INFO - Setting next_dagrun for latest_only_with_trigger to 2024-06-18 08:00:00+00:00, run_after=2024-06-18 12:00:00+00:00
[2024-06-18T15:23:01.072+0000] {processor.py:183} INFO - Processing /home/airflow/.local/lib/python3.12/site-packages/airflow/example_dags/example_latest_only_with_trigger.py took 0.087 seconds
[2024-06-18T15:23:31.413+0000] {processor.py:161} INFO - Started process (PID=282) to work on /home/airflow/.local/lib/python3.12/site-packages/airflow/example_dags/example_latest_only_with_trigger.py
[2024-06-18T15:23:31.417+0000] {processor.py:830} INFO - Processing file /home/airflow/.local/lib/python3.12/site-packages/airflow/example_dags/example_latest_only_with_trigger.py for tasks to queue
[2024-06-18T15:23:31.420+0000] {logging_mixin.py:188} INFO - [2024-06-18T15:23:31.419+0000] {dagbag.py:545} INFO - Filling up the DagBag from /home/airflow/.local/lib/python3.12/site-packages/airflow/example_dags/example_latest_only_with_trigger.py
[2024-06-18T15:23:31.427+0000] {processor.py:840} INFO - DAG(s) 'latest_only_with_trigger' retrieved from /home/airflow/.local/lib/python3.12/site-packages/airflow/example_dags/example_latest_only_with_trigger.py
[2024-06-18T15:23:31.451+0000] {logging_mixin.py:188} INFO - [2024-06-18T15:23:31.451+0000] {dag.py:3096} INFO - Sync 1 DAGs
[2024-06-18T15:23:31.470+0000] {logging_mixin.py:188} INFO - [2024-06-18T15:23:31.470+0000] {dag.py:3954} INFO - Setting next_dagrun for latest_only_with_trigger to 2024-06-18 08:00:00+00:00, run_after=2024-06-18 12:00:00+00:00
[2024-06-18T15:23:31.490+0000] {processor.py:183} INFO - Processing /home/airflow/.local/lib/python3.12/site-packages/airflow/example_dags/example_latest_only_with_trigger.py took 0.083 seconds
[2024-06-18T15:24:01.604+0000] {processor.py:161} INFO - Started process (PID=340) to work on /home/airflow/.local/lib/python3.12/site-packages/airflow/example_dags/example_latest_only_with_trigger.py
[2024-06-18T15:24:01.605+0000] {processor.py:830} INFO - Processing file /home/airflow/.local/lib/python3.12/site-packages/airflow/example_dags/example_latest_only_with_trigger.py for tasks to queue
[2024-06-18T15:24:01.607+0000] {logging_mixin.py:188} INFO - [2024-06-18T15:24:01.607+0000] {dagbag.py:545} INFO - Filling up the DagBag from /home/airflow/.local/lib/python3.12/site-packages/airflow/example_dags/example_latest_only_with_trigger.py
[2024-06-18T15:24:01.614+0000] {processor.py:840} INFO - DAG(s) 'latest_only_with_trigger' retrieved from /home/airflow/.local/lib/python3.12/site-packages/airflow/example_dags/example_latest_only_with_trigger.py
[2024-06-18T15:24:01.633+0000] {logging_mixin.py:188} INFO - [2024-06-18T15:24:01.633+0000] {dag.py:3096} INFO - Sync 1 DAGs
[2024-06-18T15:24:01.652+0000] {logging_mixin.py:188} INFO - [2024-06-18T15:24:01.652+0000] {dag.py:3954} INFO - Setting next_dagrun for latest_only_with_trigger to 2024-06-18 08:00:00+00:00, run_after=2024-06-18 12:00:00+00:00
[2024-06-18T15:24:01.672+0000] {processor.py:183} INFO - Processing /home/airflow/.local/lib/python3.12/site-packages/airflow/example_dags/example_latest_only_with_trigger.py took 0.074 seconds
[2024-06-18T15:24:32.483+0000] {processor.py:161} INFO - Started process (PID=398) to work on /home/airflow/.local/lib/python3.12/site-packages/airflow/example_dags/example_latest_only_with_trigger.py
[2024-06-18T15:24:32.483+0000] {processor.py:830} INFO - Processing file /home/airflow/.local/lib/python3.12/site-packages/airflow/example_dags/example_latest_only_with_trigger.py for tasks to queue
[2024-06-18T15:24:32.485+0000] {logging_mixin.py:188} INFO - [2024-06-18T15:24:32.485+0000] {dagbag.py:545} INFO - Filling up the DagBag from /home/airflow/.local/lib/python3.12/site-packages/airflow/example_dags/example_latest_only_with_trigger.py
[2024-06-18T15:24:32.491+0000] {processor.py:840} INFO - DAG(s) 'latest_only_with_trigger' retrieved from /home/airflow/.local/lib/python3.12/site-packages/airflow/example_dags/example_latest_only_with_trigger.py
[2024-06-18T15:24:32.512+0000] {logging_mixin.py:188} INFO - [2024-06-18T15:24:32.512+0000] {dag.py:3096} INFO - Sync 1 DAGs
[2024-06-18T15:24:32.536+0000] {logging_mixin.py:188} INFO - [2024-06-18T15:24:32.536+0000] {dag.py:3954} INFO - Setting next_dagrun for latest_only_with_trigger to 2024-06-18 08:00:00+00:00, run_after=2024-06-18 12:00:00+00:00
[2024-06-18T15:24:32.555+0000] {processor.py:183} INFO - Processing /home/airflow/.local/lib/python3.12/site-packages/airflow/example_dags/example_latest_only_with_trigger.py took 0.078 seconds
[2024-06-18T15:25:03.002+0000] {processor.py:161} INFO - Started process (PID=456) to work on /home/airflow/.local/lib/python3.12/site-packages/airflow/example_dags/example_latest_only_with_trigger.py
[2024-06-18T15:25:03.003+0000] {processor.py:830} INFO - Processing file /home/airflow/.local/lib/python3.12/site-packages/airflow/example_dags/example_latest_only_with_trigger.py for tasks to queue
[2024-06-18T15:25:03.005+0000] {logging_mixin.py:188} INFO - [2024-06-18T15:25:03.005+0000] {dagbag.py:545} INFO - Filling up the DagBag from /home/airflow/.local/lib/python3.12/site-packages/airflow/example_dags/example_latest_only_with_trigger.py
[2024-06-18T15:25:03.010+0000] {processor.py:840} INFO - DAG(s) 'latest_only_with_trigger' retrieved from /home/airflow/.local/lib/python3.12/site-packages/airflow/example_dags/example_latest_only_with_trigger.py
[2024-06-18T15:25:03.030+0000] {logging_mixin.py:188} INFO - [2024-06-18T15:25:03.030+0000] {dag.py:3096} INFO - Sync 1 DAGs
[2024-06-18T15:25:03.050+0000] {logging_mixin.py:188} INFO - [2024-06-18T15:25:03.050+0000] {dag.py:3954} INFO - Setting next_dagrun for latest_only_with_trigger to 2024-06-18 08:00:00+00:00, run_after=2024-06-18 12:00:00+00:00
[2024-06-18T15:25:03.074+0000] {processor.py:183} INFO - Processing /home/airflow/.local/lib/python3.12/site-packages/airflow/example_dags/example_latest_only_with_trigger.py took 0.077 seconds
[2024-06-18T15:25:33.286+0000] {processor.py:161} INFO - Started process (PID=514) to work on /home/airflow/.local/lib/python3.12/site-packages/airflow/example_dags/example_latest_only_with_trigger.py
[2024-06-18T15:25:33.287+0000] {processor.py:830} INFO - Processing file /home/airflow/.local/lib/python3.12/site-packages/airflow/example_dags/example_latest_only_with_trigger.py for tasks to queue
[2024-06-18T15:25:33.289+0000] {logging_mixin.py:188} INFO - [2024-06-18T15:25:33.288+0000] {dagbag.py:545} INFO - Filling up the DagBag from /home/airflow/.local/lib/python3.12/site-packages/airflow/example_dags/example_latest_only_with_trigger.py
[2024-06-18T15:25:33.295+0000] {processor.py:840} INFO - DAG(s) 'latest_only_with_trigger' retrieved from /home/airflow/.local/lib/python3.12/site-packages/airflow/example_dags/example_latest_only_with_trigger.py
[2024-06-18T15:25:33.313+0000] {logging_mixin.py:188} INFO - [2024-06-18T15:25:33.313+0000] {dag.py:3096} INFO - Sync 1 DAGs
[2024-06-18T15:25:33.334+0000] {logging_mixin.py:188} INFO - [2024-06-18T15:25:33.334+0000] {dag.py:3954} INFO - Setting next_dagrun for latest_only_with_trigger to 2024-06-18 08:00:00+00:00, run_after=2024-06-18 12:00:00+00:00
[2024-06-18T15:25:33.357+0000] {processor.py:183} INFO - Processing /home/airflow/.local/lib/python3.12/site-packages/airflow/example_dags/example_latest_only_with_trigger.py took 0.076 seconds
[2024-06-18T15:26:03.519+0000] {processor.py:161} INFO - Started process (PID=572) to work on /home/airflow/.local/lib/python3.12/site-packages/airflow/example_dags/example_latest_only_with_trigger.py
[2024-06-18T15:26:03.521+0000] {processor.py:830} INFO - Processing file /home/airflow/.local/lib/python3.12/site-packages/airflow/example_dags/example_latest_only_with_trigger.py for tasks to queue
[2024-06-18T15:26:03.524+0000] {logging_mixin.py:188} INFO - [2024-06-18T15:26:03.524+0000] {dagbag.py:545} INFO - Filling up the DagBag from /home/airflow/.local/lib/python3.12/site-packages/airflow/example_dags/example_latest_only_with_trigger.py
[2024-06-18T15:26:03.530+0000] {processor.py:840} INFO - DAG(s) 'latest_only_with_trigger' retrieved from /home/airflow/.local/lib/python3.12/site-packages/airflow/example_dags/example_latest_only_with_trigger.py
[2024-06-18T15:26:03.555+0000] {logging_mixin.py:188} INFO - [2024-06-18T15:26:03.555+0000] {dag.py:3096} INFO - Sync 1 DAGs
[2024-06-18T15:26:03.577+0000] {logging_mixin.py:188} INFO - [2024-06-18T15:26:03.577+0000] {dag.py:3954} INFO - Setting next_dagrun for latest_only_with_trigger to 2024-06-18 08:00:00+00:00, run_after=2024-06-18 12:00:00+00:00
[2024-06-18T15:26:03.595+0000] {processor.py:183} INFO - Processing /home/airflow/.local/lib/python3.12/site-packages/airflow/example_dags/example_latest_only_with_trigger.py took 0.081 seconds
[2024-06-18T15:26:34.027+0000] {processor.py:161} INFO - Started process (PID=630) to work on /home/airflow/.local/lib/python3.12/site-packages/airflow/example_dags/example_latest_only_with_trigger.py
[2024-06-18T15:26:34.028+0000] {processor.py:830} INFO - Processing file /home/airflow/.local/lib/python3.12/site-packages/airflow/example_dags/example_latest_only_with_trigger.py for tasks to queue
[2024-06-18T15:26:34.031+0000] {logging_mixin.py:188} INFO - [2024-06-18T15:26:34.030+0000] {dagbag.py:545} INFO - Filling up the DagBag from /home/airflow/.local/lib/python3.12/site-packages/airflow/example_dags/example_latest_only_with_trigger.py
[2024-06-18T15:26:34.037+0000] {processor.py:840} INFO - DAG(s) 'latest_only_with_trigger' retrieved from /home/airflow/.local/lib/python3.12/site-packages/airflow/example_dags/example_latest_only_with_trigger.py
[2024-06-18T15:26:34.058+0000] {logging_mixin.py:188} INFO - [2024-06-18T15:26:34.058+0000] {dag.py:3096} INFO - Sync 1 DAGs
[2024-06-18T15:26:34.079+0000] {logging_mixin.py:188} INFO - [2024-06-18T15:26:34.079+0000] {dag.py:3954} INFO - Setting next_dagrun for latest_only_with_trigger to 2024-06-18 08:00:00+00:00, run_after=2024-06-18 12:00:00+00:00
[2024-06-18T15:26:34.100+0000] {processor.py:183} INFO - Processing /home/airflow/.local/lib/python3.12/site-packages/airflow/example_dags/example_latest_only_with_trigger.py took 0.078 seconds
[2024-06-18T15:27:04.449+0000] {processor.py:161} INFO - Started process (PID=688) to work on /home/airflow/.local/lib/python3.12/site-packages/airflow/example_dags/example_latest_only_with_trigger.py
[2024-06-18T15:27:04.450+0000] {processor.py:830} INFO - Processing file /home/airflow/.local/lib/python3.12/site-packages/airflow/example_dags/example_latest_only_with_trigger.py for tasks to queue
[2024-06-18T15:27:04.452+0000] {logging_mixin.py:188} INFO - [2024-06-18T15:27:04.452+0000] {dagbag.py:545} INFO - Filling up the DagBag from /home/airflow/.local/lib/python3.12/site-packages/airflow/example_dags/example_latest_only_with_trigger.py
[2024-06-18T15:27:04.459+0000] {processor.py:840} INFO - DAG(s) 'latest_only_with_trigger' retrieved from /home/airflow/.local/lib/python3.12/site-packages/airflow/example_dags/example_latest_only_with_trigger.py
[2024-06-18T15:27:04.480+0000] {logging_mixin.py:188} INFO - [2024-06-18T15:27:04.479+0000] {dag.py:3096} INFO - Sync 1 DAGs
[2024-06-18T15:27:04.500+0000] {logging_mixin.py:188} INFO - [2024-06-18T15:27:04.500+0000] {dag.py:3954} INFO - Setting next_dagrun for latest_only_with_trigger to 2024-06-18 08:00:00+00:00, run_after=2024-06-18 12:00:00+00:00
[2024-06-18T15:27:04.525+0000] {processor.py:183} INFO - Processing /home/airflow/.local/lib/python3.12/site-packages/airflow/example_dags/example_latest_only_with_trigger.py took 0.082 seconds
[2024-06-18T15:27:34.773+0000] {processor.py:161} INFO - Started process (PID=746) to work on /home/airflow/.local/lib/python3.12/site-packages/airflow/example_dags/example_latest_only_with_trigger.py
[2024-06-18T15:27:34.774+0000] {processor.py:830} INFO - Processing file /home/airflow/.local/lib/python3.12/site-packages/airflow/example_dags/example_latest_only_with_trigger.py for tasks to queue
[2024-06-18T15:27:34.776+0000] {logging_mixin.py:188} INFO - [2024-06-18T15:27:34.776+0000] {dagbag.py:545} INFO - Filling up the DagBag from /home/airflow/.local/lib/python3.12/site-packages/airflow/example_dags/example_latest_only_with_trigger.py
[2024-06-18T15:27:34.782+0000] {processor.py:840} INFO - DAG(s) 'latest_only_with_trigger' retrieved from /home/airflow/.local/lib/python3.12/site-packages/airflow/example_dags/example_latest_only_with_trigger.py
[2024-06-18T15:27:34.801+0000] {logging_mixin.py:188} INFO - [2024-06-18T15:27:34.801+0000] {dag.py:3096} INFO - Sync 1 DAGs
[2024-06-18T15:27:34.821+0000] {logging_mixin.py:188} INFO - [2024-06-18T15:27:34.821+0000] {dag.py:3954} INFO - Setting next_dagrun for latest_only_with_trigger to 2024-06-18 08:00:00+00:00, run_after=2024-06-18 12:00:00+00:00
[2024-06-18T15:27:34.840+0000] {processor.py:183} INFO - Processing /home/airflow/.local/lib/python3.12/site-packages/airflow/example_dags/example_latest_only_with_trigger.py took 0.072 seconds
[2024-06-18T15:28:04.951+0000] {processor.py:161} INFO - Started process (PID=804) to work on /home/airflow/.local/lib/python3.12/site-packages/airflow/example_dags/example_latest_only_with_trigger.py
[2024-06-18T15:28:04.952+0000] {processor.py:830} INFO - Processing file /home/airflow/.local/lib/python3.12/site-packages/airflow/example_dags/example_latest_only_with_trigger.py for tasks to queue
[2024-06-18T15:28:04.954+0000] {logging_mixin.py:188} INFO - [2024-06-18T15:28:04.953+0000] {dagbag.py:545} INFO - Filling up the DagBag from /home/airflow/.local/lib/python3.12/site-packages/airflow/example_dags/example_latest_only_with_trigger.py
[2024-06-18T15:28:04.960+0000] {processor.py:840} INFO - DAG(s) 'latest_only_with_trigger' retrieved from /home/airflow/.local/lib/python3.12/site-packages/airflow/example_dags/example_latest_only_with_trigger.py
[2024-06-18T15:28:04.979+0000] {logging_mixin.py:188} INFO - [2024-06-18T15:28:04.979+0000] {dag.py:3096} INFO - Sync 1 DAGs
[2024-06-18T15:28:04.997+0000] {logging_mixin.py:188} INFO - [2024-06-18T15:28:04.997+0000] {dag.py:3954} INFO - Setting next_dagrun for latest_only_with_trigger to 2024-06-18 08:00:00+00:00, run_after=2024-06-18 12:00:00+00:00
[2024-06-18T15:28:05.014+0000] {processor.py:183} INFO - Processing /home/airflow/.local/lib/python3.12/site-packages/airflow/example_dags/example_latest_only_with_trigger.py took 0.068 seconds
[2024-06-18T15:28:35.332+0000] {processor.py:161} INFO - Started process (PID=862) to work on /home/airflow/.local/lib/python3.12/site-packages/airflow/example_dags/example_latest_only_with_trigger.py
[2024-06-18T15:28:35.333+0000] {processor.py:830} INFO - Processing file /home/airflow/.local/lib/python3.12/site-packages/airflow/example_dags/example_latest_only_with_trigger.py for tasks to queue
[2024-06-18T15:28:35.335+0000] {logging_mixin.py:188} INFO - [2024-06-18T15:28:35.334+0000] {dagbag.py:545} INFO - Filling up the DagBag from /home/airflow/.local/lib/python3.12/site-packages/airflow/example_dags/example_latest_only_with_trigger.py
[2024-06-18T15:28:35.341+0000] {processor.py:840} INFO - DAG(s) 'latest_only_with_trigger' retrieved from /home/airflow/.local/lib/python3.12/site-packages/airflow/example_dags/example_latest_only_with_trigger.py
[2024-06-18T15:28:35.361+0000] {logging_mixin.py:188} INFO - [2024-06-18T15:28:35.361+0000] {dag.py:3096} INFO - Sync 1 DAGs
[2024-06-18T15:28:35.381+0000] {logging_mixin.py:188} INFO - [2024-06-18T15:28:35.381+0000] {dag.py:3954} INFO - Setting next_dagrun for latest_only_with_trigger to 2024-06-18 08:00:00+00:00, run_after=2024-06-18 12:00:00+00:00
[2024-06-18T15:28:35.403+0000] {processor.py:183} INFO - Processing /home/airflow/.local/lib/python3.12/site-packages/airflow/example_dags/example_latest_only_with_trigger.py took 0.076 seconds
[2024-06-18T15:29:05.723+0000] {processor.py:161} INFO - Started process (PID=920) to work on /home/airflow/.local/lib/python3.12/site-packages/airflow/example_dags/example_latest_only_with_trigger.py
[2024-06-18T15:29:05.724+0000] {processor.py:830} INFO - Processing file /home/airflow/.local/lib/python3.12/site-packages/airflow/example_dags/example_latest_only_with_trigger.py for tasks to queue
[2024-06-18T15:29:05.728+0000] {logging_mixin.py:188} INFO - [2024-06-18T15:29:05.727+0000] {dagbag.py:545} INFO - Filling up the DagBag from /home/airflow/.local/lib/python3.12/site-packages/airflow/example_dags/example_latest_only_with_trigger.py
[2024-06-18T15:29:05.738+0000] {processor.py:840} INFO - DAG(s) 'latest_only_with_trigger' retrieved from /home/airflow/.local/lib/python3.12/site-packages/airflow/example_dags/example_latest_only_with_trigger.py
[2024-06-18T15:29:05.766+0000] {logging_mixin.py:188} INFO - [2024-06-18T15:29:05.766+0000] {dag.py:3096} INFO - Sync 1 DAGs
[2024-06-18T15:29:05.790+0000] {logging_mixin.py:188} INFO - [2024-06-18T15:29:05.790+0000] {dag.py:3954} INFO - Setting next_dagrun for latest_only_with_trigger to 2024-06-18 08:00:00+00:00, run_after=2024-06-18 12:00:00+00:00
[2024-06-18T15:29:05.810+0000] {processor.py:183} INFO - Processing /home/airflow/.local/lib/python3.12/site-packages/airflow/example_dags/example_latest_only_with_trigger.py took 0.097 seconds
[2024-06-18T15:29:35.990+0000] {processor.py:161} INFO - Started process (PID=978) to work on /home/airflow/.local/lib/python3.12/site-packages/airflow/example_dags/example_latest_only_with_trigger.py
[2024-06-18T15:29:35.992+0000] {processor.py:830} INFO - Processing file /home/airflow/.local/lib/python3.12/site-packages/airflow/example_dags/example_latest_only_with_trigger.py for tasks to queue
[2024-06-18T15:29:35.994+0000] {logging_mixin.py:188} INFO - [2024-06-18T15:29:35.994+0000] {dagbag.py:545} INFO - Filling up the DagBag from /home/airflow/.local/lib/python3.12/site-packages/airflow/example_dags/example_latest_only_with_trigger.py
[2024-06-18T15:29:36.000+0000] {processor.py:840} INFO - DAG(s) 'latest_only_with_trigger' retrieved from /home/airflow/.local/lib/python3.12/site-packages/airflow/example_dags/example_latest_only_with_trigger.py
[2024-06-18T15:29:36.024+0000] {logging_mixin.py:188} INFO - [2024-06-18T15:29:36.024+0000] {dag.py:3096} INFO - Sync 1 DAGs
[2024-06-18T15:29:36.048+0000] {logging_mixin.py:188} INFO - [2024-06-18T15:29:36.048+0000] {dag.py:3954} INFO - Setting next_dagrun for latest_only_with_trigger to 2024-06-18 08:00:00+00:00, run_after=2024-06-18 12:00:00+00:00
[2024-06-18T15:29:36.071+0000] {processor.py:183} INFO - Processing /home/airflow/.local/lib/python3.12/site-packages/airflow/example_dags/example_latest_only_with_trigger.py took 0.087 seconds
[2024-06-18T15:30:06.578+0000] {processor.py:161} INFO - Started process (PID=1034) to work on /home/airflow/.local/lib/python3.12/site-packages/airflow/example_dags/example_latest_only_with_trigger.py
[2024-06-18T15:30:06.580+0000] {processor.py:830} INFO - Processing file /home/airflow/.local/lib/python3.12/site-packages/airflow/example_dags/example_latest_only_with_trigger.py for tasks to queue
[2024-06-18T15:30:06.583+0000] {logging_mixin.py:188} INFO - [2024-06-18T15:30:06.582+0000] {dagbag.py:545} INFO - Filling up the DagBag from /home/airflow/.local/lib/python3.12/site-packages/airflow/example_dags/example_latest_only_with_trigger.py
[2024-06-18T15:30:06.591+0000] {processor.py:840} INFO - DAG(s) 'latest_only_with_trigger' retrieved from /home/airflow/.local/lib/python3.12/site-packages/airflow/example_dags/example_latest_only_with_trigger.py
[2024-06-18T15:30:06.615+0000] {logging_mixin.py:188} INFO - [2024-06-18T15:30:06.615+0000] {dag.py:3096} INFO - Sync 1 DAGs
[2024-06-18T15:30:06.645+0000] {logging_mixin.py:188} INFO - [2024-06-18T15:30:06.644+0000] {dag.py:3954} INFO - Setting next_dagrun for latest_only_with_trigger to 2024-06-18 08:00:00+00:00, run_after=2024-06-18 12:00:00+00:00
[2024-06-18T15:30:06.673+0000] {processor.py:183} INFO - Processing /home/airflow/.local/lib/python3.12/site-packages/airflow/example_dags/example_latest_only_with_trigger.py took 0.102 seconds
[2024-06-18T15:30:37.074+0000] {processor.py:161} INFO - Started process (PID=1092) to work on /home/airflow/.local/lib/python3.12/site-packages/airflow/example_dags/example_latest_only_with_trigger.py
[2024-06-18T15:30:37.075+0000] {processor.py:830} INFO - Processing file /home/airflow/.local/lib/python3.12/site-packages/airflow/example_dags/example_latest_only_with_trigger.py for tasks to queue
[2024-06-18T15:30:37.078+0000] {logging_mixin.py:188} INFO - [2024-06-18T15:30:37.077+0000] {dagbag.py:545} INFO - Filling up the DagBag from /home/airflow/.local/lib/python3.12/site-packages/airflow/example_dags/example_latest_only_with_trigger.py
[2024-06-18T15:30:37.086+0000] {processor.py:840} INFO - DAG(s) 'latest_only_with_trigger' retrieved from /home/airflow/.local/lib/python3.12/site-packages/airflow/example_dags/example_latest_only_with_trigger.py
[2024-06-18T15:30:37.110+0000] {logging_mixin.py:188} INFO - [2024-06-18T15:30:37.109+0000] {dag.py:3096} INFO - Sync 1 DAGs
[2024-06-18T15:30:37.133+0000] {logging_mixin.py:188} INFO - [2024-06-18T15:30:37.133+0000] {dag.py:3954} INFO - Setting next_dagrun for latest_only_with_trigger to 2024-06-18 08:00:00+00:00, run_after=2024-06-18 12:00:00+00:00
[2024-06-18T15:30:37.154+0000] {processor.py:183} INFO - Processing /home/airflow/.local/lib/python3.12/site-packages/airflow/example_dags/example_latest_only_with_trigger.py took 0.086 seconds
[2024-06-18T15:31:07.671+0000] {processor.py:161} INFO - Started process (PID=1150) to work on /home/airflow/.local/lib/python3.12/site-packages/airflow/example_dags/example_latest_only_with_trigger.py
[2024-06-18T15:31:07.673+0000] {processor.py:830} INFO - Processing file /home/airflow/.local/lib/python3.12/site-packages/airflow/example_dags/example_latest_only_with_trigger.py for tasks to queue
[2024-06-18T15:31:07.676+0000] {logging_mixin.py:188} INFO - [2024-06-18T15:31:07.675+0000] {dagbag.py:545} INFO - Filling up the DagBag from /home/airflow/.local/lib/python3.12/site-packages/airflow/example_dags/example_latest_only_with_trigger.py
[2024-06-18T15:31:07.685+0000] {processor.py:840} INFO - DAG(s) 'latest_only_with_trigger' retrieved from /home/airflow/.local/lib/python3.12/site-packages/airflow/example_dags/example_latest_only_with_trigger.py
[2024-06-18T15:31:07.718+0000] {logging_mixin.py:188} INFO - [2024-06-18T15:31:07.717+0000] {dag.py:3096} INFO - Sync 1 DAGs
[2024-06-18T15:31:07.756+0000] {logging_mixin.py:188} INFO - [2024-06-18T15:31:07.756+0000] {dag.py:3954} INFO - Setting next_dagrun for latest_only_with_trigger to 2024-06-18 08:00:00+00:00, run_after=2024-06-18 12:00:00+00:00
[2024-06-18T15:31:07.794+0000] {processor.py:183} INFO - Processing /home/airflow/.local/lib/python3.12/site-packages/airflow/example_dags/example_latest_only_with_trigger.py took 0.130 seconds
[2024-06-18T15:31:38.082+0000] {processor.py:161} INFO - Started process (PID=1208) to work on /home/airflow/.local/lib/python3.12/site-packages/airflow/example_dags/example_latest_only_with_trigger.py
[2024-06-18T15:31:38.083+0000] {processor.py:830} INFO - Processing file /home/airflow/.local/lib/python3.12/site-packages/airflow/example_dags/example_latest_only_with_trigger.py for tasks to queue
[2024-06-18T15:31:38.086+0000] {logging_mixin.py:188} INFO - [2024-06-18T15:31:38.085+0000] {dagbag.py:545} INFO - Filling up the DagBag from /home/airflow/.local/lib/python3.12/site-packages/airflow/example_dags/example_latest_only_with_trigger.py
[2024-06-18T15:31:38.091+0000] {processor.py:840} INFO - DAG(s) 'latest_only_with_trigger' retrieved from /home/airflow/.local/lib/python3.12/site-packages/airflow/example_dags/example_latest_only_with_trigger.py
[2024-06-18T15:31:38.118+0000] {logging_mixin.py:188} INFO - [2024-06-18T15:31:38.118+0000] {dag.py:3096} INFO - Sync 1 DAGs
[2024-06-18T15:31:38.146+0000] {logging_mixin.py:188} INFO - [2024-06-18T15:31:38.146+0000] {dag.py:3954} INFO - Setting next_dagrun for latest_only_with_trigger to 2024-06-18 08:00:00+00:00, run_after=2024-06-18 12:00:00+00:00
[2024-06-18T15:31:38.163+0000] {processor.py:183} INFO - Processing /home/airflow/.local/lib/python3.12/site-packages/airflow/example_dags/example_latest_only_with_trigger.py took 0.088 seconds
[2024-06-18T15:32:09.015+0000] {processor.py:161} INFO - Started process (PID=1266) to work on /home/airflow/.local/lib/python3.12/site-packages/airflow/example_dags/example_latest_only_with_trigger.py
[2024-06-18T15:32:09.016+0000] {processor.py:830} INFO - Processing file /home/airflow/.local/lib/python3.12/site-packages/airflow/example_dags/example_latest_only_with_trigger.py for tasks to queue
[2024-06-18T15:32:09.018+0000] {logging_mixin.py:188} INFO - [2024-06-18T15:32:09.018+0000] {dagbag.py:545} INFO - Filling up the DagBag from /home/airflow/.local/lib/python3.12/site-packages/airflow/example_dags/example_latest_only_with_trigger.py
[2024-06-18T15:32:09.026+0000] {processor.py:840} INFO - DAG(s) 'latest_only_with_trigger' retrieved from /home/airflow/.local/lib/python3.12/site-packages/airflow/example_dags/example_latest_only_with_trigger.py
[2024-06-18T15:32:09.049+0000] {logging_mixin.py:188} INFO - [2024-06-18T15:32:09.049+0000] {dag.py:3096} INFO - Sync 1 DAGs
[2024-06-18T15:32:09.078+0000] {logging_mixin.py:188} INFO - [2024-06-18T15:32:09.078+0000] {dag.py:3954} INFO - Setting next_dagrun for latest_only_with_trigger to 2024-06-18 08:00:00+00:00, run_after=2024-06-18 12:00:00+00:00
[2024-06-18T15:32:09.103+0000] {processor.py:183} INFO - Processing /home/airflow/.local/lib/python3.12/site-packages/airflow/example_dags/example_latest_only_with_trigger.py took 0.095 seconds
[2024-06-18T15:32:39.696+0000] {processor.py:161} INFO - Started process (PID=1324) to work on /home/airflow/.local/lib/python3.12/site-packages/airflow/example_dags/example_latest_only_with_trigger.py
[2024-06-18T15:32:39.697+0000] {processor.py:830} INFO - Processing file /home/airflow/.local/lib/python3.12/site-packages/airflow/example_dags/example_latest_only_with_trigger.py for tasks to queue
[2024-06-18T15:32:39.700+0000] {logging_mixin.py:188} INFO - [2024-06-18T15:32:39.699+0000] {dagbag.py:545} INFO - Filling up the DagBag from /home/airflow/.local/lib/python3.12/site-packages/airflow/example_dags/example_latest_only_with_trigger.py
[2024-06-18T15:32:39.708+0000] {processor.py:840} INFO - DAG(s) 'latest_only_with_trigger' retrieved from /home/airflow/.local/lib/python3.12/site-packages/airflow/example_dags/example_latest_only_with_trigger.py
[2024-06-18T15:32:39.738+0000] {logging_mixin.py:188} INFO - [2024-06-18T15:32:39.738+0000] {dag.py:3096} INFO - Sync 1 DAGs
[2024-06-18T15:32:39.773+0000] {logging_mixin.py:188} INFO - [2024-06-18T15:32:39.773+0000] {dag.py:3954} INFO - Setting next_dagrun for latest_only_with_trigger to 2024-06-18 08:00:00+00:00, run_after=2024-06-18 12:00:00+00:00
[2024-06-18T15:32:39.797+0000] {processor.py:183} INFO - Processing /home/airflow/.local/lib/python3.12/site-packages/airflow/example_dags/example_latest_only_with_trigger.py took 0.107 seconds
[2024-06-18T15:33:10.559+0000] {processor.py:161} INFO - Started process (PID=1382) to work on /home/airflow/.local/lib/python3.12/site-packages/airflow/example_dags/example_latest_only_with_trigger.py
[2024-06-18T15:33:10.560+0000] {processor.py:830} INFO - Processing file /home/airflow/.local/lib/python3.12/site-packages/airflow/example_dags/example_latest_only_with_trigger.py for tasks to queue
[2024-06-18T15:33:10.563+0000] {logging_mixin.py:188} INFO - [2024-06-18T15:33:10.563+0000] {dagbag.py:545} INFO - Filling up the DagBag from /home/airflow/.local/lib/python3.12/site-packages/airflow/example_dags/example_latest_only_with_trigger.py
[2024-06-18T15:33:10.570+0000] {processor.py:840} INFO - DAG(s) 'latest_only_with_trigger' retrieved from /home/airflow/.local/lib/python3.12/site-packages/airflow/example_dags/example_latest_only_with_trigger.py
[2024-06-18T15:33:10.606+0000] {logging_mixin.py:188} INFO - [2024-06-18T15:33:10.606+0000] {dag.py:3096} INFO - Sync 1 DAGs
[2024-06-18T15:33:10.665+0000] {logging_mixin.py:188} INFO - [2024-06-18T15:33:10.664+0000] {dag.py:3954} INFO - Setting next_dagrun for latest_only_with_trigger to 2024-06-18 08:00:00+00:00, run_after=2024-06-18 12:00:00+00:00
[2024-06-18T15:33:10.702+0000] {processor.py:183} INFO - Processing /home/airflow/.local/lib/python3.12/site-packages/airflow/example_dags/example_latest_only_with_trigger.py took 0.153 seconds
[2024-06-18T15:33:40.939+0000] {processor.py:161} INFO - Started process (PID=1440) to work on /home/airflow/.local/lib/python3.12/site-packages/airflow/example_dags/example_latest_only_with_trigger.py
[2024-06-18T15:33:40.940+0000] {processor.py:830} INFO - Processing file /home/airflow/.local/lib/python3.12/site-packages/airflow/example_dags/example_latest_only_with_trigger.py for tasks to queue
[2024-06-18T15:33:40.943+0000] {logging_mixin.py:188} INFO - [2024-06-18T15:33:40.942+0000] {dagbag.py:545} INFO - Filling up the DagBag from /home/airflow/.local/lib/python3.12/site-packages/airflow/example_dags/example_latest_only_with_trigger.py
[2024-06-18T15:33:40.949+0000] {processor.py:840} INFO - DAG(s) 'latest_only_with_trigger' retrieved from /home/airflow/.local/lib/python3.12/site-packages/airflow/example_dags/example_latest_only_with_trigger.py
[2024-06-18T15:33:40.974+0000] {logging_mixin.py:188} INFO - [2024-06-18T15:33:40.974+0000] {dag.py:3096} INFO - Sync 1 DAGs
[2024-06-18T15:33:40.997+0000] {logging_mixin.py:188} INFO - [2024-06-18T15:33:40.997+0000] {dag.py:3954} INFO - Setting next_dagrun for latest_only_with_trigger to 2024-06-18 08:00:00+00:00, run_after=2024-06-18 12:00:00+00:00
[2024-06-18T15:33:41.030+0000] {processor.py:183} INFO - Processing /home/airflow/.local/lib/python3.12/site-packages/airflow/example_dags/example_latest_only_with_trigger.py took 0.098 seconds
