[2024-06-18T15:21:33.189+0000] {processor.py:161} INFO - Started process (PID=57) to work on /home/airflow/.local/lib/python3.12/site-packages/airflow/example_dags/example_sensors.py
[2024-06-18T15:21:33.190+0000] {processor.py:830} INFO - Processing file /home/airflow/.local/lib/python3.12/site-packages/airflow/example_dags/example_sensors.py for tasks to queue
[2024-06-18T15:21:33.206+0000] {logging_mixin.py:188} INFO - [2024-06-18T15:21:33.203+0000] {dagbag.py:545} INFO - Filling up the DagBag from /home/airflow/.local/lib/python3.12/site-packages/airflow/example_dags/example_sensors.py
[2024-06-18T15:21:33.266+0000] {processor.py:840} INFO - DAG(s) 'example_sensors' retrieved from /home/airflow/.local/lib/python3.12/site-packages/airflow/example_dags/example_sensors.py
[2024-06-18T15:21:34.097+0000] {logging_mixin.py:188} INFO - [2024-06-18T15:21:34.089+0000] {dag.py:3096} INFO - Sync 1 DAGs
[2024-06-18T15:21:34.259+0000] {logging_mixin.py:188} INFO - [2024-06-18T15:21:34.259+0000] {dag.py:3954} INFO - Setting next_dagrun for example_sensors to None, run_after=None
[2024-06-18T15:21:34.393+0000] {processor.py:183} INFO - Processing /home/airflow/.local/lib/python3.12/site-packages/airflow/example_dags/example_sensors.py took 1.236 seconds
[2024-06-18T15:22:05.148+0000] {processor.py:161} INFO - Started process (PID=115) to work on /home/airflow/.local/lib/python3.12/site-packages/airflow/example_dags/example_sensors.py
[2024-06-18T15:22:05.150+0000] {processor.py:830} INFO - Processing file /home/airflow/.local/lib/python3.12/site-packages/airflow/example_dags/example_sensors.py for tasks to queue
[2024-06-18T15:22:05.152+0000] {logging_mixin.py:188} INFO - [2024-06-18T15:22:05.151+0000] {dagbag.py:545} INFO - Filling up the DagBag from /home/airflow/.local/lib/python3.12/site-packages/airflow/example_dags/example_sensors.py
[2024-06-18T15:22:05.161+0000] {processor.py:840} INFO - DAG(s) 'example_sensors' retrieved from /home/airflow/.local/lib/python3.12/site-packages/airflow/example_dags/example_sensors.py
[2024-06-18T15:22:05.187+0000] {logging_mixin.py:188} INFO - [2024-06-18T15:22:05.187+0000] {dag.py:3096} INFO - Sync 1 DAGs
[2024-06-18T15:22:05.199+0000] {logging_mixin.py:188} INFO - [2024-06-18T15:22:05.199+0000] {dag.py:3954} INFO - Setting next_dagrun for example_sensors to None, run_after=None
[2024-06-18T15:22:05.219+0000] {processor.py:183} INFO - Processing /home/airflow/.local/lib/python3.12/site-packages/airflow/example_dags/example_sensors.py took 0.075 seconds
[2024-06-18T15:22:35.287+0000] {processor.py:161} INFO - Started process (PID=173) to work on /home/airflow/.local/lib/python3.12/site-packages/airflow/example_dags/example_sensors.py
[2024-06-18T15:22:35.288+0000] {processor.py:830} INFO - Processing file /home/airflow/.local/lib/python3.12/site-packages/airflow/example_dags/example_sensors.py for tasks to queue
[2024-06-18T15:22:35.290+0000] {logging_mixin.py:188} INFO - [2024-06-18T15:22:35.289+0000] {dagbag.py:545} INFO - Filling up the DagBag from /home/airflow/.local/lib/python3.12/site-packages/airflow/example_dags/example_sensors.py
[2024-06-18T15:22:35.299+0000] {processor.py:840} INFO - DAG(s) 'example_sensors' retrieved from /home/airflow/.local/lib/python3.12/site-packages/airflow/example_dags/example_sensors.py
[2024-06-18T15:22:35.323+0000] {logging_mixin.py:188} INFO - [2024-06-18T15:22:35.323+0000] {dag.py:3096} INFO - Sync 1 DAGs
[2024-06-18T15:22:35.334+0000] {logging_mixin.py:188} INFO - [2024-06-18T15:22:35.334+0000] {dag.py:3954} INFO - Setting next_dagrun for example_sensors to None, run_after=None
[2024-06-18T15:22:35.354+0000] {processor.py:183} INFO - Processing /home/airflow/.local/lib/python3.12/site-packages/airflow/example_dags/example_sensors.py took 0.073 seconds
[2024-06-18T15:23:05.491+0000] {processor.py:161} INFO - Started process (PID=231) to work on /home/airflow/.local/lib/python3.12/site-packages/airflow/example_dags/example_sensors.py
[2024-06-18T15:23:05.494+0000] {processor.py:830} INFO - Processing file /home/airflow/.local/lib/python3.12/site-packages/airflow/example_dags/example_sensors.py for tasks to queue
[2024-06-18T15:23:05.498+0000] {logging_mixin.py:188} INFO - [2024-06-18T15:23:05.497+0000] {dagbag.py:545} INFO - Filling up the DagBag from /home/airflow/.local/lib/python3.12/site-packages/airflow/example_dags/example_sensors.py
[2024-06-18T15:23:05.514+0000] {processor.py:840} INFO - DAG(s) 'example_sensors' retrieved from /home/airflow/.local/lib/python3.12/site-packages/airflow/example_dags/example_sensors.py
[2024-06-18T15:23:05.588+0000] {logging_mixin.py:188} INFO - [2024-06-18T15:23:05.587+0000] {dag.py:3096} INFO - Sync 1 DAGs
[2024-06-18T15:23:05.609+0000] {logging_mixin.py:188} INFO - [2024-06-18T15:23:05.609+0000] {dag.py:3954} INFO - Setting next_dagrun for example_sensors to None, run_after=None
[2024-06-18T15:23:05.642+0000] {processor.py:183} INFO - Processing /home/airflow/.local/lib/python3.12/site-packages/airflow/example_dags/example_sensors.py took 0.175 seconds
[2024-06-18T15:23:35.837+0000] {processor.py:161} INFO - Started process (PID=289) to work on /home/airflow/.local/lib/python3.12/site-packages/airflow/example_dags/example_sensors.py
[2024-06-18T15:23:35.838+0000] {processor.py:830} INFO - Processing file /home/airflow/.local/lib/python3.12/site-packages/airflow/example_dags/example_sensors.py for tasks to queue
[2024-06-18T15:23:35.840+0000] {logging_mixin.py:188} INFO - [2024-06-18T15:23:35.840+0000] {dagbag.py:545} INFO - Filling up the DagBag from /home/airflow/.local/lib/python3.12/site-packages/airflow/example_dags/example_sensors.py
[2024-06-18T15:23:35.848+0000] {processor.py:840} INFO - DAG(s) 'example_sensors' retrieved from /home/airflow/.local/lib/python3.12/site-packages/airflow/example_dags/example_sensors.py
[2024-06-18T15:23:35.872+0000] {logging_mixin.py:188} INFO - [2024-06-18T15:23:35.871+0000] {dag.py:3096} INFO - Sync 1 DAGs
[2024-06-18T15:23:35.885+0000] {logging_mixin.py:188} INFO - [2024-06-18T15:23:35.884+0000] {dag.py:3954} INFO - Setting next_dagrun for example_sensors to None, run_after=None
[2024-06-18T15:23:35.909+0000] {processor.py:183} INFO - Processing /home/airflow/.local/lib/python3.12/site-packages/airflow/example_dags/example_sensors.py took 0.077 seconds
[2024-06-18T15:24:05.955+0000] {processor.py:161} INFO - Started process (PID=346) to work on /home/airflow/.local/lib/python3.12/site-packages/airflow/example_dags/example_sensors.py
[2024-06-18T15:24:05.956+0000] {processor.py:830} INFO - Processing file /home/airflow/.local/lib/python3.12/site-packages/airflow/example_dags/example_sensors.py for tasks to queue
[2024-06-18T15:24:05.958+0000] {logging_mixin.py:188} INFO - [2024-06-18T15:24:05.958+0000] {dagbag.py:545} INFO - Filling up the DagBag from /home/airflow/.local/lib/python3.12/site-packages/airflow/example_dags/example_sensors.py
[2024-06-18T15:24:05.968+0000] {processor.py:840} INFO - DAG(s) 'example_sensors' retrieved from /home/airflow/.local/lib/python3.12/site-packages/airflow/example_dags/example_sensors.py
[2024-06-18T15:24:05.992+0000] {logging_mixin.py:188} INFO - [2024-06-18T15:24:05.992+0000] {dag.py:3096} INFO - Sync 1 DAGs
[2024-06-18T15:24:06.004+0000] {logging_mixin.py:188} INFO - [2024-06-18T15:24:06.004+0000] {dag.py:3954} INFO - Setting next_dagrun for example_sensors to None, run_after=None
[2024-06-18T15:24:06.021+0000] {processor.py:183} INFO - Processing /home/airflow/.local/lib/python3.12/site-packages/airflow/example_dags/example_sensors.py took 0.072 seconds
[2024-06-18T15:24:36.850+0000] {processor.py:161} INFO - Started process (PID=405) to work on /home/airflow/.local/lib/python3.12/site-packages/airflow/example_dags/example_sensors.py
[2024-06-18T15:24:36.851+0000] {processor.py:830} INFO - Processing file /home/airflow/.local/lib/python3.12/site-packages/airflow/example_dags/example_sensors.py for tasks to queue
[2024-06-18T15:24:36.853+0000] {logging_mixin.py:188} INFO - [2024-06-18T15:24:36.853+0000] {dagbag.py:545} INFO - Filling up the DagBag from /home/airflow/.local/lib/python3.12/site-packages/airflow/example_dags/example_sensors.py
[2024-06-18T15:24:36.861+0000] {processor.py:840} INFO - DAG(s) 'example_sensors' retrieved from /home/airflow/.local/lib/python3.12/site-packages/airflow/example_dags/example_sensors.py
[2024-06-18T15:24:36.887+0000] {logging_mixin.py:188} INFO - [2024-06-18T15:24:36.887+0000] {dag.py:3096} INFO - Sync 1 DAGs
[2024-06-18T15:24:36.899+0000] {logging_mixin.py:188} INFO - [2024-06-18T15:24:36.898+0000] {dag.py:3954} INFO - Setting next_dagrun for example_sensors to None, run_after=None
[2024-06-18T15:24:36.922+0000] {processor.py:183} INFO - Processing /home/airflow/.local/lib/python3.12/site-packages/airflow/example_dags/example_sensors.py took 0.076 seconds
[2024-06-18T15:25:07.385+0000] {processor.py:161} INFO - Started process (PID=463) to work on /home/airflow/.local/lib/python3.12/site-packages/airflow/example_dags/example_sensors.py
[2024-06-18T15:25:07.386+0000] {processor.py:830} INFO - Processing file /home/airflow/.local/lib/python3.12/site-packages/airflow/example_dags/example_sensors.py for tasks to queue
[2024-06-18T15:25:07.390+0000] {logging_mixin.py:188} INFO - [2024-06-18T15:25:07.389+0000] {dagbag.py:545} INFO - Filling up the DagBag from /home/airflow/.local/lib/python3.12/site-packages/airflow/example_dags/example_sensors.py
[2024-06-18T15:25:07.403+0000] {processor.py:840} INFO - DAG(s) 'example_sensors' retrieved from /home/airflow/.local/lib/python3.12/site-packages/airflow/example_dags/example_sensors.py
[2024-06-18T15:25:07.443+0000] {logging_mixin.py:188} INFO - [2024-06-18T15:25:07.443+0000] {dag.py:3096} INFO - Sync 1 DAGs
[2024-06-18T15:25:07.466+0000] {logging_mixin.py:188} INFO - [2024-06-18T15:25:07.466+0000] {dag.py:3954} INFO - Setting next_dagrun for example_sensors to None, run_after=None
[2024-06-18T15:25:07.489+0000] {processor.py:183} INFO - Processing /home/airflow/.local/lib/python3.12/site-packages/airflow/example_dags/example_sensors.py took 0.112 seconds
[2024-06-18T15:25:37.672+0000] {processor.py:161} INFO - Started process (PID=521) to work on /home/airflow/.local/lib/python3.12/site-packages/airflow/example_dags/example_sensors.py
[2024-06-18T15:25:37.674+0000] {processor.py:830} INFO - Processing file /home/airflow/.local/lib/python3.12/site-packages/airflow/example_dags/example_sensors.py for tasks to queue
[2024-06-18T15:25:37.675+0000] {logging_mixin.py:188} INFO - [2024-06-18T15:25:37.675+0000] {dagbag.py:545} INFO - Filling up the DagBag from /home/airflow/.local/lib/python3.12/site-packages/airflow/example_dags/example_sensors.py
[2024-06-18T15:25:37.683+0000] {processor.py:840} INFO - DAG(s) 'example_sensors' retrieved from /home/airflow/.local/lib/python3.12/site-packages/airflow/example_dags/example_sensors.py
[2024-06-18T15:25:37.708+0000] {logging_mixin.py:188} INFO - [2024-06-18T15:25:37.708+0000] {dag.py:3096} INFO - Sync 1 DAGs
[2024-06-18T15:25:37.721+0000] {logging_mixin.py:188} INFO - [2024-06-18T15:25:37.721+0000] {dag.py:3954} INFO - Setting next_dagrun for example_sensors to None, run_after=None
[2024-06-18T15:25:37.743+0000] {processor.py:183} INFO - Processing /home/airflow/.local/lib/python3.12/site-packages/airflow/example_dags/example_sensors.py took 0.076 seconds
[2024-06-18T15:26:07.926+0000] {processor.py:161} INFO - Started process (PID=579) to work on /home/airflow/.local/lib/python3.12/site-packages/airflow/example_dags/example_sensors.py
[2024-06-18T15:26:07.927+0000] {processor.py:830} INFO - Processing file /home/airflow/.local/lib/python3.12/site-packages/airflow/example_dags/example_sensors.py for tasks to queue
[2024-06-18T15:26:07.929+0000] {logging_mixin.py:188} INFO - [2024-06-18T15:26:07.928+0000] {dagbag.py:545} INFO - Filling up the DagBag from /home/airflow/.local/lib/python3.12/site-packages/airflow/example_dags/example_sensors.py
[2024-06-18T15:26:07.937+0000] {processor.py:840} INFO - DAG(s) 'example_sensors' retrieved from /home/airflow/.local/lib/python3.12/site-packages/airflow/example_dags/example_sensors.py
[2024-06-18T15:26:07.962+0000] {logging_mixin.py:188} INFO - [2024-06-18T15:26:07.962+0000] {dag.py:3096} INFO - Sync 1 DAGs
[2024-06-18T15:26:07.975+0000] {logging_mixin.py:188} INFO - [2024-06-18T15:26:07.974+0000] {dag.py:3954} INFO - Setting next_dagrun for example_sensors to None, run_after=None
[2024-06-18T15:26:07.996+0000] {processor.py:183} INFO - Processing /home/airflow/.local/lib/python3.12/site-packages/airflow/example_dags/example_sensors.py took 0.075 seconds
[2024-06-18T15:26:38.426+0000] {processor.py:161} INFO - Started process (PID=637) to work on /home/airflow/.local/lib/python3.12/site-packages/airflow/example_dags/example_sensors.py
[2024-06-18T15:26:38.427+0000] {processor.py:830} INFO - Processing file /home/airflow/.local/lib/python3.12/site-packages/airflow/example_dags/example_sensors.py for tasks to queue
[2024-06-18T15:26:38.430+0000] {logging_mixin.py:188} INFO - [2024-06-18T15:26:38.429+0000] {dagbag.py:545} INFO - Filling up the DagBag from /home/airflow/.local/lib/python3.12/site-packages/airflow/example_dags/example_sensors.py
[2024-06-18T15:26:38.441+0000] {processor.py:840} INFO - DAG(s) 'example_sensors' retrieved from /home/airflow/.local/lib/python3.12/site-packages/airflow/example_dags/example_sensors.py
[2024-06-18T15:26:38.494+0000] {logging_mixin.py:188} INFO - [2024-06-18T15:26:38.493+0000] {dag.py:3096} INFO - Sync 1 DAGs
[2024-06-18T15:26:38.525+0000] {logging_mixin.py:188} INFO - [2024-06-18T15:26:38.524+0000] {dag.py:3954} INFO - Setting next_dagrun for example_sensors to None, run_after=None
[2024-06-18T15:26:38.564+0000] {processor.py:183} INFO - Processing /home/airflow/.local/lib/python3.12/site-packages/airflow/example_dags/example_sensors.py took 0.145 seconds
[2024-06-18T15:27:08.835+0000] {processor.py:161} INFO - Started process (PID=695) to work on /home/airflow/.local/lib/python3.12/site-packages/airflow/example_dags/example_sensors.py
[2024-06-18T15:27:08.836+0000] {processor.py:830} INFO - Processing file /home/airflow/.local/lib/python3.12/site-packages/airflow/example_dags/example_sensors.py for tasks to queue
[2024-06-18T15:27:08.838+0000] {logging_mixin.py:188} INFO - [2024-06-18T15:27:08.838+0000] {dagbag.py:545} INFO - Filling up the DagBag from /home/airflow/.local/lib/python3.12/site-packages/airflow/example_dags/example_sensors.py
[2024-06-18T15:27:08.846+0000] {processor.py:840} INFO - DAG(s) 'example_sensors' retrieved from /home/airflow/.local/lib/python3.12/site-packages/airflow/example_dags/example_sensors.py
[2024-06-18T15:27:08.874+0000] {logging_mixin.py:188} INFO - [2024-06-18T15:27:08.874+0000] {dag.py:3096} INFO - Sync 1 DAGs
[2024-06-18T15:27:08.888+0000] {logging_mixin.py:188} INFO - [2024-06-18T15:27:08.888+0000] {dag.py:3954} INFO - Setting next_dagrun for example_sensors to None, run_after=None
[2024-06-18T15:27:08.911+0000] {processor.py:183} INFO - Processing /home/airflow/.local/lib/python3.12/site-packages/airflow/example_dags/example_sensors.py took 0.080 seconds
[2024-06-18T15:27:39.133+0000] {processor.py:161} INFO - Started process (PID=753) to work on /home/airflow/.local/lib/python3.12/site-packages/airflow/example_dags/example_sensors.py
[2024-06-18T15:27:39.134+0000] {processor.py:830} INFO - Processing file /home/airflow/.local/lib/python3.12/site-packages/airflow/example_dags/example_sensors.py for tasks to queue
[2024-06-18T15:27:39.136+0000] {logging_mixin.py:188} INFO - [2024-06-18T15:27:39.136+0000] {dagbag.py:545} INFO - Filling up the DagBag from /home/airflow/.local/lib/python3.12/site-packages/airflow/example_dags/example_sensors.py
[2024-06-18T15:27:39.144+0000] {processor.py:840} INFO - DAG(s) 'example_sensors' retrieved from /home/airflow/.local/lib/python3.12/site-packages/airflow/example_dags/example_sensors.py
[2024-06-18T15:27:39.171+0000] {logging_mixin.py:188} INFO - [2024-06-18T15:27:39.171+0000] {dag.py:3096} INFO - Sync 1 DAGs
[2024-06-18T15:27:39.183+0000] {logging_mixin.py:188} INFO - [2024-06-18T15:27:39.183+0000] {dag.py:3954} INFO - Setting next_dagrun for example_sensors to None, run_after=None
[2024-06-18T15:27:39.205+0000] {processor.py:183} INFO - Processing /home/airflow/.local/lib/python3.12/site-packages/airflow/example_dags/example_sensors.py took 0.077 seconds
[2024-06-18T15:28:09.312+0000] {processor.py:161} INFO - Started process (PID=811) to work on /home/airflow/.local/lib/python3.12/site-packages/airflow/example_dags/example_sensors.py
[2024-06-18T15:28:09.313+0000] {processor.py:830} INFO - Processing file /home/airflow/.local/lib/python3.12/site-packages/airflow/example_dags/example_sensors.py for tasks to queue
[2024-06-18T15:28:09.314+0000] {logging_mixin.py:188} INFO - [2024-06-18T15:28:09.314+0000] {dagbag.py:545} INFO - Filling up the DagBag from /home/airflow/.local/lib/python3.12/site-packages/airflow/example_dags/example_sensors.py
[2024-06-18T15:28:09.322+0000] {processor.py:840} INFO - DAG(s) 'example_sensors' retrieved from /home/airflow/.local/lib/python3.12/site-packages/airflow/example_dags/example_sensors.py
[2024-06-18T15:28:09.345+0000] {logging_mixin.py:188} INFO - [2024-06-18T15:28:09.345+0000] {dag.py:3096} INFO - Sync 1 DAGs
[2024-06-18T15:28:09.356+0000] {logging_mixin.py:188} INFO - [2024-06-18T15:28:09.356+0000] {dag.py:3954} INFO - Setting next_dagrun for example_sensors to None, run_after=None
[2024-06-18T15:28:09.380+0000] {processor.py:183} INFO - Processing /home/airflow/.local/lib/python3.12/site-packages/airflow/example_dags/example_sensors.py took 0.073 seconds
[2024-06-18T15:28:39.759+0000] {processor.py:161} INFO - Started process (PID=869) to work on /home/airflow/.local/lib/python3.12/site-packages/airflow/example_dags/example_sensors.py
[2024-06-18T15:28:39.760+0000] {processor.py:830} INFO - Processing file /home/airflow/.local/lib/python3.12/site-packages/airflow/example_dags/example_sensors.py for tasks to queue
[2024-06-18T15:28:39.762+0000] {logging_mixin.py:188} INFO - [2024-06-18T15:28:39.761+0000] {dagbag.py:545} INFO - Filling up the DagBag from /home/airflow/.local/lib/python3.12/site-packages/airflow/example_dags/example_sensors.py
[2024-06-18T15:28:39.769+0000] {processor.py:840} INFO - DAG(s) 'example_sensors' retrieved from /home/airflow/.local/lib/python3.12/site-packages/airflow/example_dags/example_sensors.py
[2024-06-18T15:28:39.792+0000] {logging_mixin.py:188} INFO - [2024-06-18T15:28:39.792+0000] {dag.py:3096} INFO - Sync 1 DAGs
[2024-06-18T15:28:39.804+0000] {logging_mixin.py:188} INFO - [2024-06-18T15:28:39.804+0000] {dag.py:3954} INFO - Setting next_dagrun for example_sensors to None, run_after=None
[2024-06-18T15:28:39.825+0000] {processor.py:183} INFO - Processing /home/airflow/.local/lib/python3.12/site-packages/airflow/example_dags/example_sensors.py took 0.071 seconds
[2024-06-18T15:29:10.125+0000] {processor.py:161} INFO - Started process (PID=927) to work on /home/airflow/.local/lib/python3.12/site-packages/airflow/example_dags/example_sensors.py
[2024-06-18T15:29:10.127+0000] {processor.py:830} INFO - Processing file /home/airflow/.local/lib/python3.12/site-packages/airflow/example_dags/example_sensors.py for tasks to queue
[2024-06-18T15:29:10.129+0000] {logging_mixin.py:188} INFO - [2024-06-18T15:29:10.129+0000] {dagbag.py:545} INFO - Filling up the DagBag from /home/airflow/.local/lib/python3.12/site-packages/airflow/example_dags/example_sensors.py
[2024-06-18T15:29:10.141+0000] {processor.py:840} INFO - DAG(s) 'example_sensors' retrieved from /home/airflow/.local/lib/python3.12/site-packages/airflow/example_dags/example_sensors.py
[2024-06-18T15:29:10.174+0000] {logging_mixin.py:188} INFO - [2024-06-18T15:29:10.173+0000] {dag.py:3096} INFO - Sync 1 DAGs
[2024-06-18T15:29:10.191+0000] {logging_mixin.py:188} INFO - [2024-06-18T15:29:10.190+0000] {dag.py:3954} INFO - Setting next_dagrun for example_sensors to None, run_after=None
[2024-06-18T15:29:10.241+0000] {processor.py:183} INFO - Processing /home/airflow/.local/lib/python3.12/site-packages/airflow/example_dags/example_sensors.py took 0.121 seconds
[2024-06-18T15:29:40.658+0000] {processor.py:161} INFO - Started process (PID=985) to work on /home/airflow/.local/lib/python3.12/site-packages/airflow/example_dags/example_sensors.py
[2024-06-18T15:29:40.663+0000] {processor.py:830} INFO - Processing file /home/airflow/.local/lib/python3.12/site-packages/airflow/example_dags/example_sensors.py for tasks to queue
[2024-06-18T15:29:40.666+0000] {logging_mixin.py:188} INFO - [2024-06-18T15:29:40.665+0000] {dagbag.py:545} INFO - Filling up the DagBag from /home/airflow/.local/lib/python3.12/site-packages/airflow/example_dags/example_sensors.py
[2024-06-18T15:29:40.674+0000] {processor.py:840} INFO - DAG(s) 'example_sensors' retrieved from /home/airflow/.local/lib/python3.12/site-packages/airflow/example_dags/example_sensors.py
[2024-06-18T15:29:40.706+0000] {logging_mixin.py:188} INFO - [2024-06-18T15:29:40.705+0000] {dag.py:3096} INFO - Sync 1 DAGs
[2024-06-18T15:29:40.723+0000] {logging_mixin.py:188} INFO - [2024-06-18T15:29:40.722+0000] {dag.py:3954} INFO - Setting next_dagrun for example_sensors to None, run_after=None
[2024-06-18T15:29:40.751+0000] {processor.py:183} INFO - Processing /home/airflow/.local/lib/python3.12/site-packages/airflow/example_dags/example_sensors.py took 0.098 seconds
[2024-06-18T15:30:11.809+0000] {processor.py:161} INFO - Started process (PID=1043) to work on /home/airflow/.local/lib/python3.12/site-packages/airflow/example_dags/example_sensors.py
[2024-06-18T15:30:11.810+0000] {processor.py:830} INFO - Processing file /home/airflow/.local/lib/python3.12/site-packages/airflow/example_dags/example_sensors.py for tasks to queue
[2024-06-18T15:30:11.814+0000] {logging_mixin.py:188} INFO - [2024-06-18T15:30:11.814+0000] {dagbag.py:545} INFO - Filling up the DagBag from /home/airflow/.local/lib/python3.12/site-packages/airflow/example_dags/example_sensors.py
[2024-06-18T15:30:11.847+0000] {processor.py:840} INFO - DAG(s) 'example_sensors' retrieved from /home/airflow/.local/lib/python3.12/site-packages/airflow/example_dags/example_sensors.py
[2024-06-18T15:30:11.933+0000] {logging_mixin.py:188} INFO - [2024-06-18T15:30:11.933+0000] {dag.py:3096} INFO - Sync 1 DAGs
[2024-06-18T15:30:11.978+0000] {logging_mixin.py:188} INFO - [2024-06-18T15:30:11.978+0000] {dag.py:3954} INFO - Setting next_dagrun for example_sensors to None, run_after=None
[2024-06-18T15:30:12.060+0000] {processor.py:183} INFO - Processing /home/airflow/.local/lib/python3.12/site-packages/airflow/example_dags/example_sensors.py took 0.265 seconds
[2024-06-18T15:30:42.641+0000] {processor.py:161} INFO - Started process (PID=1101) to work on /home/airflow/.local/lib/python3.12/site-packages/airflow/example_dags/example_sensors.py
[2024-06-18T15:30:42.643+0000] {processor.py:830} INFO - Processing file /home/airflow/.local/lib/python3.12/site-packages/airflow/example_dags/example_sensors.py for tasks to queue
[2024-06-18T15:30:42.647+0000] {logging_mixin.py:188} INFO - [2024-06-18T15:30:42.647+0000] {dagbag.py:545} INFO - Filling up the DagBag from /home/airflow/.local/lib/python3.12/site-packages/airflow/example_dags/example_sensors.py
[2024-06-18T15:30:42.672+0000] {processor.py:840} INFO - DAG(s) 'example_sensors' retrieved from /home/airflow/.local/lib/python3.12/site-packages/airflow/example_dags/example_sensors.py
[2024-06-18T15:30:42.732+0000] {logging_mixin.py:188} INFO - [2024-06-18T15:30:42.731+0000] {dag.py:3096} INFO - Sync 1 DAGs
[2024-06-18T15:30:42.758+0000] {logging_mixin.py:188} INFO - [2024-06-18T15:30:42.757+0000] {dag.py:3954} INFO - Setting next_dagrun for example_sensors to None, run_after=None
[2024-06-18T15:30:42.806+0000] {processor.py:183} INFO - Processing /home/airflow/.local/lib/python3.12/site-packages/airflow/example_dags/example_sensors.py took 0.174 seconds
[2024-06-18T15:31:13.131+0000] {processor.py:161} INFO - Started process (PID=1159) to work on /home/airflow/.local/lib/python3.12/site-packages/airflow/example_dags/example_sensors.py
[2024-06-18T15:31:13.135+0000] {processor.py:830} INFO - Processing file /home/airflow/.local/lib/python3.12/site-packages/airflow/example_dags/example_sensors.py for tasks to queue
[2024-06-18T15:31:13.138+0000] {logging_mixin.py:188} INFO - [2024-06-18T15:31:13.137+0000] {dagbag.py:545} INFO - Filling up the DagBag from /home/airflow/.local/lib/python3.12/site-packages/airflow/example_dags/example_sensors.py
[2024-06-18T15:31:13.147+0000] {processor.py:840} INFO - DAG(s) 'example_sensors' retrieved from /home/airflow/.local/lib/python3.12/site-packages/airflow/example_dags/example_sensors.py
[2024-06-18T15:31:13.176+0000] {logging_mixin.py:188} INFO - [2024-06-18T15:31:13.176+0000] {dag.py:3096} INFO - Sync 1 DAGs
[2024-06-18T15:31:13.193+0000] {logging_mixin.py:188} INFO - [2024-06-18T15:31:13.193+0000] {dag.py:3954} INFO - Setting next_dagrun for example_sensors to None, run_after=None
[2024-06-18T15:31:13.244+0000] {processor.py:183} INFO - Processing /home/airflow/.local/lib/python3.12/site-packages/airflow/example_dags/example_sensors.py took 0.118 seconds
[2024-06-18T15:31:43.512+0000] {processor.py:161} INFO - Started process (PID=1217) to work on /home/airflow/.local/lib/python3.12/site-packages/airflow/example_dags/example_sensors.py
[2024-06-18T15:31:43.513+0000] {processor.py:830} INFO - Processing file /home/airflow/.local/lib/python3.12/site-packages/airflow/example_dags/example_sensors.py for tasks to queue
[2024-06-18T15:31:43.519+0000] {logging_mixin.py:188} INFO - [2024-06-18T15:31:43.518+0000] {dagbag.py:545} INFO - Filling up the DagBag from /home/airflow/.local/lib/python3.12/site-packages/airflow/example_dags/example_sensors.py
[2024-06-18T15:31:43.532+0000] {processor.py:840} INFO - DAG(s) 'example_sensors' retrieved from /home/airflow/.local/lib/python3.12/site-packages/airflow/example_dags/example_sensors.py
[2024-06-18T15:31:43.571+0000] {logging_mixin.py:188} INFO - [2024-06-18T15:31:43.571+0000] {dag.py:3096} INFO - Sync 1 DAGs
[2024-06-18T15:31:43.589+0000] {logging_mixin.py:188} INFO - [2024-06-18T15:31:43.589+0000] {dag.py:3954} INFO - Setting next_dagrun for example_sensors to None, run_after=None
[2024-06-18T15:31:43.622+0000] {processor.py:183} INFO - Processing /home/airflow/.local/lib/python3.12/site-packages/airflow/example_dags/example_sensors.py took 0.118 seconds
[2024-06-18T15:32:13.909+0000] {processor.py:161} INFO - Started process (PID=1275) to work on /home/airflow/.local/lib/python3.12/site-packages/airflow/example_dags/example_sensors.py
[2024-06-18T15:32:13.910+0000] {processor.py:830} INFO - Processing file /home/airflow/.local/lib/python3.12/site-packages/airflow/example_dags/example_sensors.py for tasks to queue
[2024-06-18T15:32:13.912+0000] {logging_mixin.py:188} INFO - [2024-06-18T15:32:13.911+0000] {dagbag.py:545} INFO - Filling up the DagBag from /home/airflow/.local/lib/python3.12/site-packages/airflow/example_dags/example_sensors.py
[2024-06-18T15:32:13.923+0000] {processor.py:840} INFO - DAG(s) 'example_sensors' retrieved from /home/airflow/.local/lib/python3.12/site-packages/airflow/example_dags/example_sensors.py
[2024-06-18T15:32:13.947+0000] {logging_mixin.py:188} INFO - [2024-06-18T15:32:13.947+0000] {dag.py:3096} INFO - Sync 1 DAGs
[2024-06-18T15:32:13.963+0000] {logging_mixin.py:188} INFO - [2024-06-18T15:32:13.962+0000] {dag.py:3954} INFO - Setting next_dagrun for example_sensors to None, run_after=None
[2024-06-18T15:32:13.982+0000] {processor.py:183} INFO - Processing /home/airflow/.local/lib/python3.12/site-packages/airflow/example_dags/example_sensors.py took 0.078 seconds
[2024-06-18T15:32:44.641+0000] {processor.py:161} INFO - Started process (PID=1333) to work on /home/airflow/.local/lib/python3.12/site-packages/airflow/example_dags/example_sensors.py
[2024-06-18T15:32:44.642+0000] {processor.py:830} INFO - Processing file /home/airflow/.local/lib/python3.12/site-packages/airflow/example_dags/example_sensors.py for tasks to queue
[2024-06-18T15:32:44.644+0000] {logging_mixin.py:188} INFO - [2024-06-18T15:32:44.644+0000] {dagbag.py:545} INFO - Filling up the DagBag from /home/airflow/.local/lib/python3.12/site-packages/airflow/example_dags/example_sensors.py
[2024-06-18T15:32:44.652+0000] {processor.py:840} INFO - DAG(s) 'example_sensors' retrieved from /home/airflow/.local/lib/python3.12/site-packages/airflow/example_dags/example_sensors.py
[2024-06-18T15:32:44.678+0000] {logging_mixin.py:188} INFO - [2024-06-18T15:32:44.678+0000] {dag.py:3096} INFO - Sync 1 DAGs
[2024-06-18T15:32:44.691+0000] {logging_mixin.py:188} INFO - [2024-06-18T15:32:44.691+0000] {dag.py:3954} INFO - Setting next_dagrun for example_sensors to None, run_after=None
[2024-06-18T15:32:44.714+0000] {processor.py:183} INFO - Processing /home/airflow/.local/lib/python3.12/site-packages/airflow/example_dags/example_sensors.py took 0.078 seconds
[2024-06-18T15:33:14.812+0000] {processor.py:161} INFO - Started process (PID=1391) to work on /home/airflow/.local/lib/python3.12/site-packages/airflow/example_dags/example_sensors.py
[2024-06-18T15:33:14.813+0000] {processor.py:830} INFO - Processing file /home/airflow/.local/lib/python3.12/site-packages/airflow/example_dags/example_sensors.py for tasks to queue
[2024-06-18T15:33:14.815+0000] {logging_mixin.py:188} INFO - [2024-06-18T15:33:14.815+0000] {dagbag.py:545} INFO - Filling up the DagBag from /home/airflow/.local/lib/python3.12/site-packages/airflow/example_dags/example_sensors.py
[2024-06-18T15:33:14.825+0000] {processor.py:840} INFO - DAG(s) 'example_sensors' retrieved from /home/airflow/.local/lib/python3.12/site-packages/airflow/example_dags/example_sensors.py
[2024-06-18T15:33:14.855+0000] {logging_mixin.py:188} INFO - [2024-06-18T15:33:14.855+0000] {dag.py:3096} INFO - Sync 1 DAGs
[2024-06-18T15:33:14.868+0000] {logging_mixin.py:188} INFO - [2024-06-18T15:33:14.867+0000] {dag.py:3954} INFO - Setting next_dagrun for example_sensors to None, run_after=None
[2024-06-18T15:33:14.897+0000] {processor.py:183} INFO - Processing /home/airflow/.local/lib/python3.12/site-packages/airflow/example_dags/example_sensors.py took 0.090 seconds
[2024-06-18T15:33:45.538+0000] {processor.py:161} INFO - Started process (PID=1449) to work on /home/airflow/.local/lib/python3.12/site-packages/airflow/example_dags/example_sensors.py
[2024-06-18T15:33:45.542+0000] {processor.py:830} INFO - Processing file /home/airflow/.local/lib/python3.12/site-packages/airflow/example_dags/example_sensors.py for tasks to queue
[2024-06-18T15:33:45.545+0000] {logging_mixin.py:188} INFO - [2024-06-18T15:33:45.545+0000] {dagbag.py:545} INFO - Filling up the DagBag from /home/airflow/.local/lib/python3.12/site-packages/airflow/example_dags/example_sensors.py
[2024-06-18T15:33:45.568+0000] {processor.py:840} INFO - DAG(s) 'example_sensors' retrieved from /home/airflow/.local/lib/python3.12/site-packages/airflow/example_dags/example_sensors.py
[2024-06-18T15:33:45.616+0000] {logging_mixin.py:188} INFO - [2024-06-18T15:33:45.615+0000] {dag.py:3096} INFO - Sync 1 DAGs
[2024-06-18T15:33:45.645+0000] {logging_mixin.py:188} INFO - [2024-06-18T15:33:45.644+0000] {dag.py:3954} INFO - Setting next_dagrun for example_sensors to None, run_after=None
[2024-06-18T15:33:45.723+0000] {processor.py:183} INFO - Processing /home/airflow/.local/lib/python3.12/site-packages/airflow/example_dags/example_sensors.py took 0.195 seconds
