[2024-06-18T15:21:31.399+0000] {processor.py:161} INFO - Started process (PID=53) to work on /home/airflow/.local/lib/python3.12/site-packages/airflow/example_dags/example_python_operator.py
[2024-06-18T15:21:31.407+0000] {processor.py:830} INFO - Processing file /home/airflow/.local/lib/python3.12/site-packages/airflow/example_dags/example_python_operator.py for tasks to queue
[2024-06-18T15:21:31.414+0000] {logging_mixin.py:188} INFO - [2024-06-18T15:21:31.412+0000] {dagbag.py:545} INFO - Filling up the DagBag from /home/airflow/.local/lib/python3.12/site-packages/airflow/example_dags/example_python_operator.py
[2024-06-18T15:21:31.707+0000] {processor.py:840} INFO - DAG(s) 'example_python_operator' retrieved from /home/airflow/.local/lib/python3.12/site-packages/airflow/example_dags/example_python_operator.py
[2024-06-18T15:21:32.155+0000] {logging_mixin.py:188} INFO - [2024-06-18T15:21:32.154+0000] {dag.py:3096} INFO - Sync 1 DAGs
[2024-06-18T15:21:32.225+0000] {logging_mixin.py:188} INFO - [2024-06-18T15:21:32.225+0000] {dag.py:3954} INFO - Setting next_dagrun for example_python_operator to None, run_after=None
[2024-06-18T15:21:32.304+0000] {processor.py:183} INFO - Processing /home/airflow/.local/lib/python3.12/site-packages/airflow/example_dags/example_python_operator.py took 0.923 seconds
[2024-06-18T15:22:02.764+0000] {processor.py:161} INFO - Started process (PID=111) to work on /home/airflow/.local/lib/python3.12/site-packages/airflow/example_dags/example_python_operator.py
[2024-06-18T15:22:02.766+0000] {processor.py:830} INFO - Processing file /home/airflow/.local/lib/python3.12/site-packages/airflow/example_dags/example_python_operator.py for tasks to queue
[2024-06-18T15:22:02.768+0000] {logging_mixin.py:188} INFO - [2024-06-18T15:22:02.768+0000] {dagbag.py:545} INFO - Filling up the DagBag from /home/airflow/.local/lib/python3.12/site-packages/airflow/example_dags/example_python_operator.py
[2024-06-18T15:22:02.785+0000] {processor.py:840} INFO - DAG(s) 'example_python_operator' retrieved from /home/airflow/.local/lib/python3.12/site-packages/airflow/example_dags/example_python_operator.py
[2024-06-18T15:22:02.828+0000] {logging_mixin.py:188} INFO - [2024-06-18T15:22:02.828+0000] {dag.py:3096} INFO - Sync 1 DAGs
[2024-06-18T15:22:02.858+0000] {logging_mixin.py:188} INFO - [2024-06-18T15:22:02.858+0000] {dag.py:3954} INFO - Setting next_dagrun for example_python_operator to None, run_after=None
[2024-06-18T15:22:02.889+0000] {processor.py:183} INFO - Processing /home/airflow/.local/lib/python3.12/site-packages/airflow/example_dags/example_python_operator.py took 0.133 seconds
[2024-06-18T15:22:32.935+0000] {processor.py:161} INFO - Started process (PID=169) to work on /home/airflow/.local/lib/python3.12/site-packages/airflow/example_dags/example_python_operator.py
[2024-06-18T15:22:32.937+0000] {processor.py:830} INFO - Processing file /home/airflow/.local/lib/python3.12/site-packages/airflow/example_dags/example_python_operator.py for tasks to queue
[2024-06-18T15:22:32.939+0000] {logging_mixin.py:188} INFO - [2024-06-18T15:22:32.939+0000] {dagbag.py:545} INFO - Filling up the DagBag from /home/airflow/.local/lib/python3.12/site-packages/airflow/example_dags/example_python_operator.py
[2024-06-18T15:22:32.949+0000] {processor.py:840} INFO - DAG(s) 'example_python_operator' retrieved from /home/airflow/.local/lib/python3.12/site-packages/airflow/example_dags/example_python_operator.py
[2024-06-18T15:22:32.972+0000] {logging_mixin.py:188} INFO - [2024-06-18T15:22:32.972+0000] {dag.py:3096} INFO - Sync 1 DAGs
[2024-06-18T15:22:32.984+0000] {logging_mixin.py:188} INFO - [2024-06-18T15:22:32.984+0000] {dag.py:3954} INFO - Setting next_dagrun for example_python_operator to None, run_after=None
[2024-06-18T15:22:33.007+0000] {processor.py:183} INFO - Processing /home/airflow/.local/lib/python3.12/site-packages/airflow/example_dags/example_python_operator.py took 0.079 seconds
[2024-06-18T15:23:03.116+0000] {processor.py:161} INFO - Started process (PID=227) to work on /home/airflow/.local/lib/python3.12/site-packages/airflow/example_dags/example_python_operator.py
[2024-06-18T15:23:03.117+0000] {processor.py:830} INFO - Processing file /home/airflow/.local/lib/python3.12/site-packages/airflow/example_dags/example_python_operator.py for tasks to queue
[2024-06-18T15:23:03.120+0000] {logging_mixin.py:188} INFO - [2024-06-18T15:23:03.119+0000] {dagbag.py:545} INFO - Filling up the DagBag from /home/airflow/.local/lib/python3.12/site-packages/airflow/example_dags/example_python_operator.py
[2024-06-18T15:23:03.131+0000] {processor.py:840} INFO - DAG(s) 'example_python_operator' retrieved from /home/airflow/.local/lib/python3.12/site-packages/airflow/example_dags/example_python_operator.py
[2024-06-18T15:23:03.153+0000] {logging_mixin.py:188} INFO - [2024-06-18T15:23:03.153+0000] {dag.py:3096} INFO - Sync 1 DAGs
[2024-06-18T15:23:03.166+0000] {logging_mixin.py:188} INFO - [2024-06-18T15:23:03.165+0000] {dag.py:3954} INFO - Setting next_dagrun for example_python_operator to None, run_after=None
[2024-06-18T15:23:03.195+0000] {processor.py:183} INFO - Processing /home/airflow/.local/lib/python3.12/site-packages/airflow/example_dags/example_python_operator.py took 0.084 seconds
[2024-06-18T15:23:33.531+0000] {processor.py:161} INFO - Started process (PID=285) to work on /home/airflow/.local/lib/python3.12/site-packages/airflow/example_dags/example_python_operator.py
[2024-06-18T15:23:33.532+0000] {processor.py:830} INFO - Processing file /home/airflow/.local/lib/python3.12/site-packages/airflow/example_dags/example_python_operator.py for tasks to queue
[2024-06-18T15:23:33.534+0000] {logging_mixin.py:188} INFO - [2024-06-18T15:23:33.534+0000] {dagbag.py:545} INFO - Filling up the DagBag from /home/airflow/.local/lib/python3.12/site-packages/airflow/example_dags/example_python_operator.py
[2024-06-18T15:23:33.543+0000] {processor.py:840} INFO - DAG(s) 'example_python_operator' retrieved from /home/airflow/.local/lib/python3.12/site-packages/airflow/example_dags/example_python_operator.py
[2024-06-18T15:23:33.578+0000] {logging_mixin.py:188} INFO - [2024-06-18T15:23:33.577+0000] {dag.py:3096} INFO - Sync 1 DAGs
[2024-06-18T15:23:33.599+0000] {logging_mixin.py:188} INFO - [2024-06-18T15:23:33.598+0000] {dag.py:3954} INFO - Setting next_dagrun for example_python_operator to None, run_after=None
[2024-06-18T15:23:33.622+0000] {processor.py:183} INFO - Processing /home/airflow/.local/lib/python3.12/site-packages/airflow/example_dags/example_python_operator.py took 0.096 seconds
[2024-06-18T15:24:03.715+0000] {processor.py:161} INFO - Started process (PID=343) to work on /home/airflow/.local/lib/python3.12/site-packages/airflow/example_dags/example_python_operator.py
[2024-06-18T15:24:03.716+0000] {processor.py:830} INFO - Processing file /home/airflow/.local/lib/python3.12/site-packages/airflow/example_dags/example_python_operator.py for tasks to queue
[2024-06-18T15:24:03.718+0000] {logging_mixin.py:188} INFO - [2024-06-18T15:24:03.718+0000] {dagbag.py:545} INFO - Filling up the DagBag from /home/airflow/.local/lib/python3.12/site-packages/airflow/example_dags/example_python_operator.py
[2024-06-18T15:24:03.729+0000] {processor.py:840} INFO - DAG(s) 'example_python_operator' retrieved from /home/airflow/.local/lib/python3.12/site-packages/airflow/example_dags/example_python_operator.py
[2024-06-18T15:24:03.752+0000] {logging_mixin.py:188} INFO - [2024-06-18T15:24:03.752+0000] {dag.py:3096} INFO - Sync 1 DAGs
[2024-06-18T15:24:03.766+0000] {logging_mixin.py:188} INFO - [2024-06-18T15:24:03.765+0000] {dag.py:3954} INFO - Setting next_dagrun for example_python_operator to None, run_after=None
[2024-06-18T15:24:03.790+0000] {processor.py:183} INFO - Processing /home/airflow/.local/lib/python3.12/site-packages/airflow/example_dags/example_python_operator.py took 0.079 seconds
[2024-06-18T15:24:34.613+0000] {processor.py:161} INFO - Started process (PID=401) to work on /home/airflow/.local/lib/python3.12/site-packages/airflow/example_dags/example_python_operator.py
[2024-06-18T15:24:34.615+0000] {processor.py:830} INFO - Processing file /home/airflow/.local/lib/python3.12/site-packages/airflow/example_dags/example_python_operator.py for tasks to queue
[2024-06-18T15:24:34.616+0000] {logging_mixin.py:188} INFO - [2024-06-18T15:24:34.616+0000] {dagbag.py:545} INFO - Filling up the DagBag from /home/airflow/.local/lib/python3.12/site-packages/airflow/example_dags/example_python_operator.py
[2024-06-18T15:24:34.626+0000] {processor.py:840} INFO - DAG(s) 'example_python_operator' retrieved from /home/airflow/.local/lib/python3.12/site-packages/airflow/example_dags/example_python_operator.py
[2024-06-18T15:24:34.648+0000] {logging_mixin.py:188} INFO - [2024-06-18T15:24:34.647+0000] {dag.py:3096} INFO - Sync 1 DAGs
[2024-06-18T15:24:34.662+0000] {logging_mixin.py:188} INFO - [2024-06-18T15:24:34.662+0000] {dag.py:3954} INFO - Setting next_dagrun for example_python_operator to None, run_after=None
[2024-06-18T15:24:34.682+0000] {processor.py:183} INFO - Processing /home/airflow/.local/lib/python3.12/site-packages/airflow/example_dags/example_python_operator.py took 0.073 seconds
[2024-06-18T15:25:05.134+0000] {processor.py:161} INFO - Started process (PID=459) to work on /home/airflow/.local/lib/python3.12/site-packages/airflow/example_dags/example_python_operator.py
[2024-06-18T15:25:05.135+0000] {processor.py:830} INFO - Processing file /home/airflow/.local/lib/python3.12/site-packages/airflow/example_dags/example_python_operator.py for tasks to queue
[2024-06-18T15:25:05.137+0000] {logging_mixin.py:188} INFO - [2024-06-18T15:25:05.137+0000] {dagbag.py:545} INFO - Filling up the DagBag from /home/airflow/.local/lib/python3.12/site-packages/airflow/example_dags/example_python_operator.py
[2024-06-18T15:25:05.147+0000] {processor.py:840} INFO - DAG(s) 'example_python_operator' retrieved from /home/airflow/.local/lib/python3.12/site-packages/airflow/example_dags/example_python_operator.py
[2024-06-18T15:25:05.170+0000] {logging_mixin.py:188} INFO - [2024-06-18T15:25:05.169+0000] {dag.py:3096} INFO - Sync 1 DAGs
[2024-06-18T15:25:05.182+0000] {logging_mixin.py:188} INFO - [2024-06-18T15:25:05.182+0000] {dag.py:3954} INFO - Setting next_dagrun for example_python_operator to None, run_after=None
[2024-06-18T15:25:05.202+0000] {processor.py:183} INFO - Processing /home/airflow/.local/lib/python3.12/site-packages/airflow/example_dags/example_python_operator.py took 0.073 seconds
[2024-06-18T15:25:35.410+0000] {processor.py:161} INFO - Started process (PID=517) to work on /home/airflow/.local/lib/python3.12/site-packages/airflow/example_dags/example_python_operator.py
[2024-06-18T15:25:35.411+0000] {processor.py:830} INFO - Processing file /home/airflow/.local/lib/python3.12/site-packages/airflow/example_dags/example_python_operator.py for tasks to queue
[2024-06-18T15:25:35.413+0000] {logging_mixin.py:188} INFO - [2024-06-18T15:25:35.413+0000] {dagbag.py:545} INFO - Filling up the DagBag from /home/airflow/.local/lib/python3.12/site-packages/airflow/example_dags/example_python_operator.py
[2024-06-18T15:25:35.423+0000] {processor.py:840} INFO - DAG(s) 'example_python_operator' retrieved from /home/airflow/.local/lib/python3.12/site-packages/airflow/example_dags/example_python_operator.py
[2024-06-18T15:25:35.445+0000] {logging_mixin.py:188} INFO - [2024-06-18T15:25:35.445+0000] {dag.py:3096} INFO - Sync 1 DAGs
[2024-06-18T15:25:35.458+0000] {logging_mixin.py:188} INFO - [2024-06-18T15:25:35.458+0000] {dag.py:3954} INFO - Setting next_dagrun for example_python_operator to None, run_after=None
[2024-06-18T15:25:35.478+0000] {processor.py:183} INFO - Processing /home/airflow/.local/lib/python3.12/site-packages/airflow/example_dags/example_python_operator.py took 0.073 seconds
[2024-06-18T15:26:05.662+0000] {processor.py:161} INFO - Started process (PID=575) to work on /home/airflow/.local/lib/python3.12/site-packages/airflow/example_dags/example_python_operator.py
[2024-06-18T15:26:05.663+0000] {processor.py:830} INFO - Processing file /home/airflow/.local/lib/python3.12/site-packages/airflow/example_dags/example_python_operator.py for tasks to queue
[2024-06-18T15:26:05.665+0000] {logging_mixin.py:188} INFO - [2024-06-18T15:26:05.665+0000] {dagbag.py:545} INFO - Filling up the DagBag from /home/airflow/.local/lib/python3.12/site-packages/airflow/example_dags/example_python_operator.py
[2024-06-18T15:26:05.676+0000] {processor.py:840} INFO - DAG(s) 'example_python_operator' retrieved from /home/airflow/.local/lib/python3.12/site-packages/airflow/example_dags/example_python_operator.py
[2024-06-18T15:26:05.709+0000] {logging_mixin.py:188} INFO - [2024-06-18T15:26:05.709+0000] {dag.py:3096} INFO - Sync 1 DAGs
[2024-06-18T15:26:05.724+0000] {logging_mixin.py:188} INFO - [2024-06-18T15:26:05.723+0000] {dag.py:3954} INFO - Setting next_dagrun for example_python_operator to None, run_after=None
[2024-06-18T15:26:05.745+0000] {processor.py:183} INFO - Processing /home/airflow/.local/lib/python3.12/site-packages/airflow/example_dags/example_python_operator.py took 0.090 seconds
[2024-06-18T15:26:36.146+0000] {processor.py:161} INFO - Started process (PID=633) to work on /home/airflow/.local/lib/python3.12/site-packages/airflow/example_dags/example_python_operator.py
[2024-06-18T15:26:36.147+0000] {processor.py:830} INFO - Processing file /home/airflow/.local/lib/python3.12/site-packages/airflow/example_dags/example_python_operator.py for tasks to queue
[2024-06-18T15:26:36.150+0000] {logging_mixin.py:188} INFO - [2024-06-18T15:26:36.150+0000] {dagbag.py:545} INFO - Filling up the DagBag from /home/airflow/.local/lib/python3.12/site-packages/airflow/example_dags/example_python_operator.py
[2024-06-18T15:26:36.161+0000] {processor.py:840} INFO - DAG(s) 'example_python_operator' retrieved from /home/airflow/.local/lib/python3.12/site-packages/airflow/example_dags/example_python_operator.py
[2024-06-18T15:26:36.190+0000] {logging_mixin.py:188} INFO - [2024-06-18T15:26:36.189+0000] {dag.py:3096} INFO - Sync 1 DAGs
[2024-06-18T15:26:36.211+0000] {logging_mixin.py:188} INFO - [2024-06-18T15:26:36.211+0000] {dag.py:3954} INFO - Setting next_dagrun for example_python_operator to None, run_after=None
[2024-06-18T15:26:36.242+0000] {processor.py:183} INFO - Processing /home/airflow/.local/lib/python3.12/site-packages/airflow/example_dags/example_python_operator.py took 0.101 seconds
[2024-06-18T15:27:06.596+0000] {processor.py:161} INFO - Started process (PID=691) to work on /home/airflow/.local/lib/python3.12/site-packages/airflow/example_dags/example_python_operator.py
[2024-06-18T15:27:06.598+0000] {processor.py:830} INFO - Processing file /home/airflow/.local/lib/python3.12/site-packages/airflow/example_dags/example_python_operator.py for tasks to queue
[2024-06-18T15:27:06.603+0000] {logging_mixin.py:188} INFO - [2024-06-18T15:27:06.602+0000] {dagbag.py:545} INFO - Filling up the DagBag from /home/airflow/.local/lib/python3.12/site-packages/airflow/example_dags/example_python_operator.py
[2024-06-18T15:27:06.621+0000] {processor.py:840} INFO - DAG(s) 'example_python_operator' retrieved from /home/airflow/.local/lib/python3.12/site-packages/airflow/example_dags/example_python_operator.py
[2024-06-18T15:27:06.650+0000] {logging_mixin.py:188} INFO - [2024-06-18T15:27:06.650+0000] {dag.py:3096} INFO - Sync 1 DAGs
[2024-06-18T15:27:06.665+0000] {logging_mixin.py:188} INFO - [2024-06-18T15:27:06.665+0000] {dag.py:3954} INFO - Setting next_dagrun for example_python_operator to None, run_after=None
[2024-06-18T15:27:06.684+0000] {processor.py:183} INFO - Processing /home/airflow/.local/lib/python3.12/site-packages/airflow/example_dags/example_python_operator.py took 0.101 seconds
[2024-06-18T15:27:36.900+0000] {processor.py:161} INFO - Started process (PID=749) to work on /home/airflow/.local/lib/python3.12/site-packages/airflow/example_dags/example_python_operator.py
[2024-06-18T15:27:36.901+0000] {processor.py:830} INFO - Processing file /home/airflow/.local/lib/python3.12/site-packages/airflow/example_dags/example_python_operator.py for tasks to queue
[2024-06-18T15:27:36.903+0000] {logging_mixin.py:188} INFO - [2024-06-18T15:27:36.902+0000] {dagbag.py:545} INFO - Filling up the DagBag from /home/airflow/.local/lib/python3.12/site-packages/airflow/example_dags/example_python_operator.py
[2024-06-18T15:27:36.913+0000] {processor.py:840} INFO - DAG(s) 'example_python_operator' retrieved from /home/airflow/.local/lib/python3.12/site-packages/airflow/example_dags/example_python_operator.py
[2024-06-18T15:27:36.934+0000] {logging_mixin.py:188} INFO - [2024-06-18T15:27:36.933+0000] {dag.py:3096} INFO - Sync 1 DAGs
[2024-06-18T15:27:36.945+0000] {logging_mixin.py:188} INFO - [2024-06-18T15:27:36.945+0000] {dag.py:3954} INFO - Setting next_dagrun for example_python_operator to None, run_after=None
[2024-06-18T15:27:36.966+0000] {processor.py:183} INFO - Processing /home/airflow/.local/lib/python3.12/site-packages/airflow/example_dags/example_python_operator.py took 0.071 seconds
[2024-06-18T15:28:07.071+0000] {processor.py:161} INFO - Started process (PID=807) to work on /home/airflow/.local/lib/python3.12/site-packages/airflow/example_dags/example_python_operator.py
[2024-06-18T15:28:07.072+0000] {processor.py:830} INFO - Processing file /home/airflow/.local/lib/python3.12/site-packages/airflow/example_dags/example_python_operator.py for tasks to queue
[2024-06-18T15:28:07.074+0000] {logging_mixin.py:188} INFO - [2024-06-18T15:28:07.073+0000] {dagbag.py:545} INFO - Filling up the DagBag from /home/airflow/.local/lib/python3.12/site-packages/airflow/example_dags/example_python_operator.py
[2024-06-18T15:28:07.083+0000] {processor.py:840} INFO - DAG(s) 'example_python_operator' retrieved from /home/airflow/.local/lib/python3.12/site-packages/airflow/example_dags/example_python_operator.py
[2024-06-18T15:28:07.104+0000] {logging_mixin.py:188} INFO - [2024-06-18T15:28:07.104+0000] {dag.py:3096} INFO - Sync 1 DAGs
[2024-06-18T15:28:07.117+0000] {logging_mixin.py:188} INFO - [2024-06-18T15:28:07.116+0000] {dag.py:3954} INFO - Setting next_dagrun for example_python_operator to None, run_after=None
[2024-06-18T15:28:07.139+0000] {processor.py:183} INFO - Processing /home/airflow/.local/lib/python3.12/site-packages/airflow/example_dags/example_python_operator.py took 0.073 seconds
[2024-06-18T15:28:37.469+0000] {processor.py:161} INFO - Started process (PID=865) to work on /home/airflow/.local/lib/python3.12/site-packages/airflow/example_dags/example_python_operator.py
[2024-06-18T15:28:37.470+0000] {processor.py:830} INFO - Processing file /home/airflow/.local/lib/python3.12/site-packages/airflow/example_dags/example_python_operator.py for tasks to queue
[2024-06-18T15:28:37.472+0000] {logging_mixin.py:188} INFO - [2024-06-18T15:28:37.472+0000] {dagbag.py:545} INFO - Filling up the DagBag from /home/airflow/.local/lib/python3.12/site-packages/airflow/example_dags/example_python_operator.py
[2024-06-18T15:28:37.485+0000] {processor.py:840} INFO - DAG(s) 'example_python_operator' retrieved from /home/airflow/.local/lib/python3.12/site-packages/airflow/example_dags/example_python_operator.py
[2024-06-18T15:28:37.524+0000] {logging_mixin.py:188} INFO - [2024-06-18T15:28:37.523+0000] {dag.py:3096} INFO - Sync 1 DAGs
[2024-06-18T15:28:37.544+0000] {logging_mixin.py:188} INFO - [2024-06-18T15:28:37.543+0000] {dag.py:3954} INFO - Setting next_dagrun for example_python_operator to None, run_after=None
[2024-06-18T15:28:37.578+0000] {processor.py:183} INFO - Processing /home/airflow/.local/lib/python3.12/site-packages/airflow/example_dags/example_python_operator.py took 0.114 seconds
[2024-06-18T15:29:07.857+0000] {processor.py:161} INFO - Started process (PID=923) to work on /home/airflow/.local/lib/python3.12/site-packages/airflow/example_dags/example_python_operator.py
[2024-06-18T15:29:07.858+0000] {processor.py:830} INFO - Processing file /home/airflow/.local/lib/python3.12/site-packages/airflow/example_dags/example_python_operator.py for tasks to queue
[2024-06-18T15:29:07.859+0000] {logging_mixin.py:188} INFO - [2024-06-18T15:29:07.859+0000] {dagbag.py:545} INFO - Filling up the DagBag from /home/airflow/.local/lib/python3.12/site-packages/airflow/example_dags/example_python_operator.py
[2024-06-18T15:29:07.870+0000] {processor.py:840} INFO - DAG(s) 'example_python_operator' retrieved from /home/airflow/.local/lib/python3.12/site-packages/airflow/example_dags/example_python_operator.py
[2024-06-18T15:29:07.907+0000] {logging_mixin.py:188} INFO - [2024-06-18T15:29:07.906+0000] {dag.py:3096} INFO - Sync 1 DAGs
[2024-06-18T15:29:07.930+0000] {logging_mixin.py:188} INFO - [2024-06-18T15:29:07.929+0000] {dag.py:3954} INFO - Setting next_dagrun for example_python_operator to None, run_after=None
[2024-06-18T15:29:07.957+0000] {processor.py:183} INFO - Processing /home/airflow/.local/lib/python3.12/site-packages/airflow/example_dags/example_python_operator.py took 0.106 seconds
[2024-06-18T15:29:38.336+0000] {processor.py:161} INFO - Started process (PID=981) to work on /home/airflow/.local/lib/python3.12/site-packages/airflow/example_dags/example_python_operator.py
[2024-06-18T15:29:38.337+0000] {processor.py:830} INFO - Processing file /home/airflow/.local/lib/python3.12/site-packages/airflow/example_dags/example_python_operator.py for tasks to queue
[2024-06-18T15:29:38.340+0000] {logging_mixin.py:188} INFO - [2024-06-18T15:29:38.339+0000] {dagbag.py:545} INFO - Filling up the DagBag from /home/airflow/.local/lib/python3.12/site-packages/airflow/example_dags/example_python_operator.py
[2024-06-18T15:29:38.352+0000] {processor.py:840} INFO - DAG(s) 'example_python_operator' retrieved from /home/airflow/.local/lib/python3.12/site-packages/airflow/example_dags/example_python_operator.py
[2024-06-18T15:29:38.378+0000] {logging_mixin.py:188} INFO - [2024-06-18T15:29:38.378+0000] {dag.py:3096} INFO - Sync 1 DAGs
[2024-06-18T15:29:38.393+0000] {logging_mixin.py:188} INFO - [2024-06-18T15:29:38.393+0000] {dag.py:3954} INFO - Setting next_dagrun for example_python_operator to None, run_after=None
[2024-06-18T15:29:38.424+0000] {processor.py:183} INFO - Processing /home/airflow/.local/lib/python3.12/site-packages/airflow/example_dags/example_python_operator.py took 0.096 seconds
[2024-06-18T15:30:08.806+0000] {processor.py:161} INFO - Started process (PID=1039) to work on /home/airflow/.local/lib/python3.12/site-packages/airflow/example_dags/example_python_operator.py
[2024-06-18T15:30:08.816+0000] {processor.py:830} INFO - Processing file /home/airflow/.local/lib/python3.12/site-packages/airflow/example_dags/example_python_operator.py for tasks to queue
[2024-06-18T15:30:08.832+0000] {logging_mixin.py:188} INFO - [2024-06-18T15:30:08.832+0000] {dagbag.py:545} INFO - Filling up the DagBag from /home/airflow/.local/lib/python3.12/site-packages/airflow/example_dags/example_python_operator.py
[2024-06-18T15:30:08.886+0000] {processor.py:840} INFO - DAG(s) 'example_python_operator' retrieved from /home/airflow/.local/lib/python3.12/site-packages/airflow/example_dags/example_python_operator.py
[2024-06-18T15:30:08.989+0000] {logging_mixin.py:188} INFO - [2024-06-18T15:30:08.988+0000] {dag.py:3096} INFO - Sync 1 DAGs
[2024-06-18T15:30:09.053+0000] {logging_mixin.py:188} INFO - [2024-06-18T15:30:09.053+0000] {dag.py:3954} INFO - Setting next_dagrun for example_python_operator to None, run_after=None
[2024-06-18T15:30:09.166+0000] {processor.py:183} INFO - Processing /home/airflow/.local/lib/python3.12/site-packages/airflow/example_dags/example_python_operator.py took 0.381 seconds
[2024-06-18T15:30:39.307+0000] {processor.py:161} INFO - Started process (PID=1097) to work on /home/airflow/.local/lib/python3.12/site-packages/airflow/example_dags/example_python_operator.py
[2024-06-18T15:30:39.308+0000] {processor.py:830} INFO - Processing file /home/airflow/.local/lib/python3.12/site-packages/airflow/example_dags/example_python_operator.py for tasks to queue
[2024-06-18T15:30:39.311+0000] {logging_mixin.py:188} INFO - [2024-06-18T15:30:39.310+0000] {dagbag.py:545} INFO - Filling up the DagBag from /home/airflow/.local/lib/python3.12/site-packages/airflow/example_dags/example_python_operator.py
[2024-06-18T15:30:39.323+0000] {processor.py:840} INFO - DAG(s) 'example_python_operator' retrieved from /home/airflow/.local/lib/python3.12/site-packages/airflow/example_dags/example_python_operator.py
[2024-06-18T15:30:39.355+0000] {logging_mixin.py:188} INFO - [2024-06-18T15:30:39.355+0000] {dag.py:3096} INFO - Sync 1 DAGs
[2024-06-18T15:30:39.369+0000] {logging_mixin.py:188} INFO - [2024-06-18T15:30:39.369+0000] {dag.py:3954} INFO - Setting next_dagrun for example_python_operator to None, run_after=None
[2024-06-18T15:30:39.401+0000] {processor.py:183} INFO - Processing /home/airflow/.local/lib/python3.12/site-packages/airflow/example_dags/example_python_operator.py took 0.101 seconds
[2024-06-18T15:31:09.978+0000] {processor.py:161} INFO - Started process (PID=1155) to work on /home/airflow/.local/lib/python3.12/site-packages/airflow/example_dags/example_python_operator.py
[2024-06-18T15:31:09.979+0000] {processor.py:830} INFO - Processing file /home/airflow/.local/lib/python3.12/site-packages/airflow/example_dags/example_python_operator.py for tasks to queue
[2024-06-18T15:31:09.982+0000] {logging_mixin.py:188} INFO - [2024-06-18T15:31:09.981+0000] {dagbag.py:545} INFO - Filling up the DagBag from /home/airflow/.local/lib/python3.12/site-packages/airflow/example_dags/example_python_operator.py
[2024-06-18T15:31:09.992+0000] {processor.py:840} INFO - DAG(s) 'example_python_operator' retrieved from /home/airflow/.local/lib/python3.12/site-packages/airflow/example_dags/example_python_operator.py
[2024-06-18T15:31:10.015+0000] {logging_mixin.py:188} INFO - [2024-06-18T15:31:10.015+0000] {dag.py:3096} INFO - Sync 1 DAGs
[2024-06-18T15:31:10.028+0000] {logging_mixin.py:188} INFO - [2024-06-18T15:31:10.028+0000] {dag.py:3954} INFO - Setting next_dagrun for example_python_operator to None, run_after=None
[2024-06-18T15:31:10.051+0000] {processor.py:183} INFO - Processing /home/airflow/.local/lib/python3.12/site-packages/airflow/example_dags/example_python_operator.py took 0.078 seconds
[2024-06-18T15:31:40.208+0000] {processor.py:161} INFO - Started process (PID=1211) to work on /home/airflow/.local/lib/python3.12/site-packages/airflow/example_dags/example_python_operator.py
[2024-06-18T15:31:40.210+0000] {processor.py:830} INFO - Processing file /home/airflow/.local/lib/python3.12/site-packages/airflow/example_dags/example_python_operator.py for tasks to queue
[2024-06-18T15:31:40.211+0000] {logging_mixin.py:188} INFO - [2024-06-18T15:31:40.211+0000] {dagbag.py:545} INFO - Filling up the DagBag from /home/airflow/.local/lib/python3.12/site-packages/airflow/example_dags/example_python_operator.py
[2024-06-18T15:31:40.221+0000] {processor.py:840} INFO - DAG(s) 'example_python_operator' retrieved from /home/airflow/.local/lib/python3.12/site-packages/airflow/example_dags/example_python_operator.py
[2024-06-18T15:31:40.261+0000] {logging_mixin.py:188} INFO - [2024-06-18T15:31:40.261+0000] {dag.py:3096} INFO - Sync 1 DAGs
[2024-06-18T15:31:40.287+0000] {logging_mixin.py:188} INFO - [2024-06-18T15:31:40.286+0000] {dag.py:3954} INFO - Setting next_dagrun for example_python_operator to None, run_after=None
[2024-06-18T15:31:40.320+0000] {processor.py:183} INFO - Processing /home/airflow/.local/lib/python3.12/site-packages/airflow/example_dags/example_python_operator.py took 0.117 seconds
[2024-06-18T15:32:11.165+0000] {processor.py:161} INFO - Started process (PID=1269) to work on /home/airflow/.local/lib/python3.12/site-packages/airflow/example_dags/example_python_operator.py
[2024-06-18T15:32:11.166+0000] {processor.py:830} INFO - Processing file /home/airflow/.local/lib/python3.12/site-packages/airflow/example_dags/example_python_operator.py for tasks to queue
[2024-06-18T15:32:11.168+0000] {logging_mixin.py:188} INFO - [2024-06-18T15:32:11.168+0000] {dagbag.py:545} INFO - Filling up the DagBag from /home/airflow/.local/lib/python3.12/site-packages/airflow/example_dags/example_python_operator.py
[2024-06-18T15:32:11.179+0000] {processor.py:840} INFO - DAG(s) 'example_python_operator' retrieved from /home/airflow/.local/lib/python3.12/site-packages/airflow/example_dags/example_python_operator.py
[2024-06-18T15:32:11.203+0000] {logging_mixin.py:188} INFO - [2024-06-18T15:32:11.203+0000] {dag.py:3096} INFO - Sync 1 DAGs
[2024-06-18T15:32:11.218+0000] {logging_mixin.py:188} INFO - [2024-06-18T15:32:11.218+0000] {dag.py:3954} INFO - Setting next_dagrun for example_python_operator to None, run_after=None
[2024-06-18T15:32:11.244+0000] {processor.py:183} INFO - Processing /home/airflow/.local/lib/python3.12/site-packages/airflow/example_dags/example_python_operator.py took 0.085 seconds
[2024-06-18T15:32:41.848+0000] {processor.py:161} INFO - Started process (PID=1327) to work on /home/airflow/.local/lib/python3.12/site-packages/airflow/example_dags/example_python_operator.py
[2024-06-18T15:32:41.849+0000] {processor.py:830} INFO - Processing file /home/airflow/.local/lib/python3.12/site-packages/airflow/example_dags/example_python_operator.py for tasks to queue
[2024-06-18T15:32:41.851+0000] {logging_mixin.py:188} INFO - [2024-06-18T15:32:41.850+0000] {dagbag.py:545} INFO - Filling up the DagBag from /home/airflow/.local/lib/python3.12/site-packages/airflow/example_dags/example_python_operator.py
[2024-06-18T15:32:41.861+0000] {processor.py:840} INFO - DAG(s) 'example_python_operator' retrieved from /home/airflow/.local/lib/python3.12/site-packages/airflow/example_dags/example_python_operator.py
[2024-06-18T15:32:41.885+0000] {logging_mixin.py:188} INFO - [2024-06-18T15:32:41.885+0000] {dag.py:3096} INFO - Sync 1 DAGs
[2024-06-18T15:32:41.899+0000] {logging_mixin.py:188} INFO - [2024-06-18T15:32:41.899+0000] {dag.py:3954} INFO - Setting next_dagrun for example_python_operator to None, run_after=None
[2024-06-18T15:32:41.920+0000] {processor.py:183} INFO - Processing /home/airflow/.local/lib/python3.12/site-packages/airflow/example_dags/example_python_operator.py took 0.080 seconds
[2024-06-18T15:33:12.765+0000] {processor.py:161} INFO - Started process (PID=1385) to work on /home/airflow/.local/lib/python3.12/site-packages/airflow/example_dags/example_python_operator.py
[2024-06-18T15:33:12.767+0000] {processor.py:830} INFO - Processing file /home/airflow/.local/lib/python3.12/site-packages/airflow/example_dags/example_python_operator.py for tasks to queue
[2024-06-18T15:33:12.770+0000] {logging_mixin.py:188} INFO - [2024-06-18T15:33:12.769+0000] {dagbag.py:545} INFO - Filling up the DagBag from /home/airflow/.local/lib/python3.12/site-packages/airflow/example_dags/example_python_operator.py
[2024-06-18T15:33:12.780+0000] {processor.py:840} INFO - DAG(s) 'example_python_operator' retrieved from /home/airflow/.local/lib/python3.12/site-packages/airflow/example_dags/example_python_operator.py
[2024-06-18T15:33:12.804+0000] {logging_mixin.py:188} INFO - [2024-06-18T15:33:12.804+0000] {dag.py:3096} INFO - Sync 1 DAGs
[2024-06-18T15:33:12.820+0000] {logging_mixin.py:188} INFO - [2024-06-18T15:33:12.820+0000] {dag.py:3954} INFO - Setting next_dagrun for example_python_operator to None, run_after=None
[2024-06-18T15:33:12.850+0000] {processor.py:183} INFO - Processing /home/airflow/.local/lib/python3.12/site-packages/airflow/example_dags/example_python_operator.py took 0.091 seconds
[2024-06-18T15:33:43.134+0000] {processor.py:161} INFO - Started process (PID=1443) to work on /home/airflow/.local/lib/python3.12/site-packages/airflow/example_dags/example_python_operator.py
[2024-06-18T15:33:43.136+0000] {processor.py:830} INFO - Processing file /home/airflow/.local/lib/python3.12/site-packages/airflow/example_dags/example_python_operator.py for tasks to queue
[2024-06-18T15:33:43.138+0000] {logging_mixin.py:188} INFO - [2024-06-18T15:33:43.138+0000] {dagbag.py:545} INFO - Filling up the DagBag from /home/airflow/.local/lib/python3.12/site-packages/airflow/example_dags/example_python_operator.py
[2024-06-18T15:33:43.151+0000] {processor.py:840} INFO - DAG(s) 'example_python_operator' retrieved from /home/airflow/.local/lib/python3.12/site-packages/airflow/example_dags/example_python_operator.py
[2024-06-18T15:33:43.182+0000] {logging_mixin.py:188} INFO - [2024-06-18T15:33:43.181+0000] {dag.py:3096} INFO - Sync 1 DAGs
[2024-06-18T15:33:43.196+0000] {logging_mixin.py:188} INFO - [2024-06-18T15:33:43.195+0000] {dag.py:3954} INFO - Setting next_dagrun for example_python_operator to None, run_after=None
[2024-06-18T15:33:43.220+0000] {processor.py:183} INFO - Processing /home/airflow/.local/lib/python3.12/site-packages/airflow/example_dags/example_python_operator.py took 0.092 seconds
