[2024-06-18T15:21:42.132+0000] {processor.py:161} INFO - Started process (PID=71) to work on /home/airflow/.local/lib/python3.12/site-packages/airflow/example_dags/example_bash_decorator.py
[2024-06-18T15:21:42.134+0000] {processor.py:830} INFO - Processing file /home/airflow/.local/lib/python3.12/site-packages/airflow/example_dags/example_bash_decorator.py for tasks to queue
[2024-06-18T15:21:42.138+0000] {logging_mixin.py:188} INFO - [2024-06-18T15:21:42.138+0000] {dagbag.py:545} INFO - Filling up the DagBag from /home/airflow/.local/lib/python3.12/site-packages/airflow/example_dags/example_bash_decorator.py
[2024-06-18T15:21:42.166+0000] {processor.py:840} INFO - DAG(s) 'example_bash_decorator' retrieved from /home/airflow/.local/lib/python3.12/site-packages/airflow/example_dags/example_bash_decorator.py
[2024-06-18T15:21:42.437+0000] {logging_mixin.py:188} INFO - [2024-06-18T15:21:42.436+0000] {dag.py:3096} INFO - Sync 1 DAGs
[2024-06-18T15:21:42.460+0000] {logging_mixin.py:188} INFO - [2024-06-18T15:21:42.459+0000] {dag.py:3954} INFO - Setting next_dagrun for example_bash_decorator to None, run_after=None
[2024-06-18T15:21:42.524+0000] {processor.py:183} INFO - Processing /home/airflow/.local/lib/python3.12/site-packages/airflow/example_dags/example_bash_decorator.py took 0.403 seconds
[2024-06-18T15:22:13.799+0000] {processor.py:161} INFO - Started process (PID=129) to work on /home/airflow/.local/lib/python3.12/site-packages/airflow/example_dags/example_bash_decorator.py
[2024-06-18T15:22:13.800+0000] {processor.py:830} INFO - Processing file /home/airflow/.local/lib/python3.12/site-packages/airflow/example_dags/example_bash_decorator.py for tasks to queue
[2024-06-18T15:22:13.803+0000] {logging_mixin.py:188} INFO - [2024-06-18T15:22:13.803+0000] {dagbag.py:545} INFO - Filling up the DagBag from /home/airflow/.local/lib/python3.12/site-packages/airflow/example_dags/example_bash_decorator.py
[2024-06-18T15:22:13.835+0000] {processor.py:840} INFO - DAG(s) 'example_bash_decorator' retrieved from /home/airflow/.local/lib/python3.12/site-packages/airflow/example_dags/example_bash_decorator.py
[2024-06-18T15:22:13.890+0000] {logging_mixin.py:188} INFO - [2024-06-18T15:22:13.890+0000] {dag.py:3096} INFO - Sync 1 DAGs
[2024-06-18T15:22:13.920+0000] {logging_mixin.py:188} INFO - [2024-06-18T15:22:13.919+0000] {dag.py:3954} INFO - Setting next_dagrun for example_bash_decorator to None, run_after=None
[2024-06-18T15:22:13.945+0000] {processor.py:183} INFO - Processing /home/airflow/.local/lib/python3.12/site-packages/airflow/example_dags/example_bash_decorator.py took 0.157 seconds
[2024-06-18T15:22:44.193+0000] {processor.py:161} INFO - Started process (PID=187) to work on /home/airflow/.local/lib/python3.12/site-packages/airflow/example_dags/example_bash_decorator.py
[2024-06-18T15:22:44.194+0000] {processor.py:830} INFO - Processing file /home/airflow/.local/lib/python3.12/site-packages/airflow/example_dags/example_bash_decorator.py for tasks to queue
[2024-06-18T15:22:44.197+0000] {logging_mixin.py:188} INFO - [2024-06-18T15:22:44.197+0000] {dagbag.py:545} INFO - Filling up the DagBag from /home/airflow/.local/lib/python3.12/site-packages/airflow/example_dags/example_bash_decorator.py
[2024-06-18T15:22:44.219+0000] {processor.py:840} INFO - DAG(s) 'example_bash_decorator' retrieved from /home/airflow/.local/lib/python3.12/site-packages/airflow/example_dags/example_bash_decorator.py
[2024-06-18T15:22:44.259+0000] {logging_mixin.py:188} INFO - [2024-06-18T15:22:44.258+0000] {dag.py:3096} INFO - Sync 1 DAGs
[2024-06-18T15:22:44.284+0000] {logging_mixin.py:188} INFO - [2024-06-18T15:22:44.284+0000] {dag.py:3954} INFO - Setting next_dagrun for example_bash_decorator to None, run_after=None
[2024-06-18T15:22:44.322+0000] {processor.py:183} INFO - Processing /home/airflow/.local/lib/python3.12/site-packages/airflow/example_dags/example_bash_decorator.py took 0.137 seconds
[2024-06-18T15:23:14.451+0000] {processor.py:161} INFO - Started process (PID=245) to work on /home/airflow/.local/lib/python3.12/site-packages/airflow/example_dags/example_bash_decorator.py
[2024-06-18T15:23:14.452+0000] {processor.py:830} INFO - Processing file /home/airflow/.local/lib/python3.12/site-packages/airflow/example_dags/example_bash_decorator.py for tasks to queue
[2024-06-18T15:23:14.454+0000] {logging_mixin.py:188} INFO - [2024-06-18T15:23:14.454+0000] {dagbag.py:545} INFO - Filling up the DagBag from /home/airflow/.local/lib/python3.12/site-packages/airflow/example_dags/example_bash_decorator.py
[2024-06-18T15:23:14.466+0000] {processor.py:840} INFO - DAG(s) 'example_bash_decorator' retrieved from /home/airflow/.local/lib/python3.12/site-packages/airflow/example_dags/example_bash_decorator.py
[2024-06-18T15:23:14.488+0000] {logging_mixin.py:188} INFO - [2024-06-18T15:23:14.488+0000] {dag.py:3096} INFO - Sync 1 DAGs
[2024-06-18T15:23:14.504+0000] {logging_mixin.py:188} INFO - [2024-06-18T15:23:14.504+0000] {dag.py:3954} INFO - Setting next_dagrun for example_bash_decorator to None, run_after=None
[2024-06-18T15:23:14.527+0000] {processor.py:183} INFO - Processing /home/airflow/.local/lib/python3.12/site-packages/airflow/example_dags/example_bash_decorator.py took 0.083 seconds
[2024-06-18T15:23:44.650+0000] {processor.py:161} INFO - Started process (PID=303) to work on /home/airflow/.local/lib/python3.12/site-packages/airflow/example_dags/example_bash_decorator.py
[2024-06-18T15:23:44.651+0000] {processor.py:830} INFO - Processing file /home/airflow/.local/lib/python3.12/site-packages/airflow/example_dags/example_bash_decorator.py for tasks to queue
[2024-06-18T15:23:44.653+0000] {logging_mixin.py:188} INFO - [2024-06-18T15:23:44.653+0000] {dagbag.py:545} INFO - Filling up the DagBag from /home/airflow/.local/lib/python3.12/site-packages/airflow/example_dags/example_bash_decorator.py
[2024-06-18T15:23:44.666+0000] {processor.py:840} INFO - DAG(s) 'example_bash_decorator' retrieved from /home/airflow/.local/lib/python3.12/site-packages/airflow/example_dags/example_bash_decorator.py
[2024-06-18T15:23:44.689+0000] {logging_mixin.py:188} INFO - [2024-06-18T15:23:44.689+0000] {dag.py:3096} INFO - Sync 1 DAGs
[2024-06-18T15:23:44.702+0000] {logging_mixin.py:188} INFO - [2024-06-18T15:23:44.702+0000] {dag.py:3954} INFO - Setting next_dagrun for example_bash_decorator to None, run_after=None
[2024-06-18T15:23:44.721+0000] {processor.py:183} INFO - Processing /home/airflow/.local/lib/python3.12/site-packages/airflow/example_dags/example_bash_decorator.py took 0.077 seconds
[2024-06-18T15:24:14.836+0000] {processor.py:161} INFO - Started process (PID=361) to work on /home/airflow/.local/lib/python3.12/site-packages/airflow/example_dags/example_bash_decorator.py
[2024-06-18T15:24:14.837+0000] {processor.py:830} INFO - Processing file /home/airflow/.local/lib/python3.12/site-packages/airflow/example_dags/example_bash_decorator.py for tasks to queue
[2024-06-18T15:24:14.839+0000] {logging_mixin.py:188} INFO - [2024-06-18T15:24:14.839+0000] {dagbag.py:545} INFO - Filling up the DagBag from /home/airflow/.local/lib/python3.12/site-packages/airflow/example_dags/example_bash_decorator.py
[2024-06-18T15:24:14.852+0000] {processor.py:840} INFO - DAG(s) 'example_bash_decorator' retrieved from /home/airflow/.local/lib/python3.12/site-packages/airflow/example_dags/example_bash_decorator.py
[2024-06-18T15:24:14.875+0000] {logging_mixin.py:188} INFO - [2024-06-18T15:24:14.875+0000] {dag.py:3096} INFO - Sync 1 DAGs
[2024-06-18T15:24:14.890+0000] {logging_mixin.py:188} INFO - [2024-06-18T15:24:14.889+0000] {dag.py:3954} INFO - Setting next_dagrun for example_bash_decorator to None, run_after=None
[2024-06-18T15:24:14.910+0000] {processor.py:183} INFO - Processing /home/airflow/.local/lib/python3.12/site-packages/airflow/example_dags/example_bash_decorator.py took 0.080 seconds
[2024-06-18T15:24:45.800+0000] {processor.py:161} INFO - Started process (PID=419) to work on /home/airflow/.local/lib/python3.12/site-packages/airflow/example_dags/example_bash_decorator.py
[2024-06-18T15:24:45.801+0000] {processor.py:830} INFO - Processing file /home/airflow/.local/lib/python3.12/site-packages/airflow/example_dags/example_bash_decorator.py for tasks to queue
[2024-06-18T15:24:45.803+0000] {logging_mixin.py:188} INFO - [2024-06-18T15:24:45.803+0000] {dagbag.py:545} INFO - Filling up the DagBag from /home/airflow/.local/lib/python3.12/site-packages/airflow/example_dags/example_bash_decorator.py
[2024-06-18T15:24:45.816+0000] {processor.py:840} INFO - DAG(s) 'example_bash_decorator' retrieved from /home/airflow/.local/lib/python3.12/site-packages/airflow/example_dags/example_bash_decorator.py
[2024-06-18T15:24:45.841+0000] {logging_mixin.py:188} INFO - [2024-06-18T15:24:45.840+0000] {dag.py:3096} INFO - Sync 1 DAGs
[2024-06-18T15:24:45.856+0000] {logging_mixin.py:188} INFO - [2024-06-18T15:24:45.856+0000] {dag.py:3954} INFO - Setting next_dagrun for example_bash_decorator to None, run_after=None
[2024-06-18T15:24:45.874+0000] {processor.py:183} INFO - Processing /home/airflow/.local/lib/python3.12/site-packages/airflow/example_dags/example_bash_decorator.py took 0.080 seconds
[2024-06-18T15:25:16.197+0000] {processor.py:161} INFO - Started process (PID=477) to work on /home/airflow/.local/lib/python3.12/site-packages/airflow/example_dags/example_bash_decorator.py
[2024-06-18T15:25:16.198+0000] {processor.py:830} INFO - Processing file /home/airflow/.local/lib/python3.12/site-packages/airflow/example_dags/example_bash_decorator.py for tasks to queue
[2024-06-18T15:25:16.199+0000] {logging_mixin.py:188} INFO - [2024-06-18T15:25:16.199+0000] {dagbag.py:545} INFO - Filling up the DagBag from /home/airflow/.local/lib/python3.12/site-packages/airflow/example_dags/example_bash_decorator.py
[2024-06-18T15:25:16.212+0000] {processor.py:840} INFO - DAG(s) 'example_bash_decorator' retrieved from /home/airflow/.local/lib/python3.12/site-packages/airflow/example_dags/example_bash_decorator.py
[2024-06-18T15:25:16.235+0000] {logging_mixin.py:188} INFO - [2024-06-18T15:25:16.235+0000] {dag.py:3096} INFO - Sync 1 DAGs
[2024-06-18T15:25:16.249+0000] {logging_mixin.py:188} INFO - [2024-06-18T15:25:16.248+0000] {dag.py:3954} INFO - Setting next_dagrun for example_bash_decorator to None, run_after=None
[2024-06-18T15:25:16.266+0000] {processor.py:183} INFO - Processing /home/airflow/.local/lib/python3.12/site-packages/airflow/example_dags/example_bash_decorator.py took 0.076 seconds
[2024-06-18T15:25:46.420+0000] {processor.py:161} INFO - Started process (PID=535) to work on /home/airflow/.local/lib/python3.12/site-packages/airflow/example_dags/example_bash_decorator.py
[2024-06-18T15:25:46.421+0000] {processor.py:830} INFO - Processing file /home/airflow/.local/lib/python3.12/site-packages/airflow/example_dags/example_bash_decorator.py for tasks to queue
[2024-06-18T15:25:46.423+0000] {logging_mixin.py:188} INFO - [2024-06-18T15:25:46.423+0000] {dagbag.py:545} INFO - Filling up the DagBag from /home/airflow/.local/lib/python3.12/site-packages/airflow/example_dags/example_bash_decorator.py
[2024-06-18T15:25:46.435+0000] {processor.py:840} INFO - DAG(s) 'example_bash_decorator' retrieved from /home/airflow/.local/lib/python3.12/site-packages/airflow/example_dags/example_bash_decorator.py
[2024-06-18T15:25:46.458+0000] {logging_mixin.py:188} INFO - [2024-06-18T15:25:46.458+0000] {dag.py:3096} INFO - Sync 1 DAGs
[2024-06-18T15:25:46.471+0000] {logging_mixin.py:188} INFO - [2024-06-18T15:25:46.471+0000] {dag.py:3954} INFO - Setting next_dagrun for example_bash_decorator to None, run_after=None
[2024-06-18T15:25:46.489+0000] {processor.py:183} INFO - Processing /home/airflow/.local/lib/python3.12/site-packages/airflow/example_dags/example_bash_decorator.py took 0.075 seconds
[2024-06-18T15:26:16.794+0000] {processor.py:161} INFO - Started process (PID=593) to work on /home/airflow/.local/lib/python3.12/site-packages/airflow/example_dags/example_bash_decorator.py
[2024-06-18T15:26:16.796+0000] {processor.py:830} INFO - Processing file /home/airflow/.local/lib/python3.12/site-packages/airflow/example_dags/example_bash_decorator.py for tasks to queue
[2024-06-18T15:26:16.798+0000] {logging_mixin.py:188} INFO - [2024-06-18T15:26:16.797+0000] {dagbag.py:545} INFO - Filling up the DagBag from /home/airflow/.local/lib/python3.12/site-packages/airflow/example_dags/example_bash_decorator.py
[2024-06-18T15:26:16.809+0000] {processor.py:840} INFO - DAG(s) 'example_bash_decorator' retrieved from /home/airflow/.local/lib/python3.12/site-packages/airflow/example_dags/example_bash_decorator.py
[2024-06-18T15:26:16.833+0000] {logging_mixin.py:188} INFO - [2024-06-18T15:26:16.832+0000] {dag.py:3096} INFO - Sync 1 DAGs
[2024-06-18T15:26:16.845+0000] {logging_mixin.py:188} INFO - [2024-06-18T15:26:16.845+0000] {dag.py:3954} INFO - Setting next_dagrun for example_bash_decorator to None, run_after=None
[2024-06-18T15:26:16.863+0000] {processor.py:183} INFO - Processing /home/airflow/.local/lib/python3.12/site-packages/airflow/example_dags/example_bash_decorator.py took 0.074 seconds
[2024-06-18T15:26:47.366+0000] {processor.py:161} INFO - Started process (PID=651) to work on /home/airflow/.local/lib/python3.12/site-packages/airflow/example_dags/example_bash_decorator.py
[2024-06-18T15:26:47.368+0000] {processor.py:830} INFO - Processing file /home/airflow/.local/lib/python3.12/site-packages/airflow/example_dags/example_bash_decorator.py for tasks to queue
[2024-06-18T15:26:47.369+0000] {logging_mixin.py:188} INFO - [2024-06-18T15:26:47.369+0000] {dagbag.py:545} INFO - Filling up the DagBag from /home/airflow/.local/lib/python3.12/site-packages/airflow/example_dags/example_bash_decorator.py
[2024-06-18T15:26:47.383+0000] {processor.py:840} INFO - DAG(s) 'example_bash_decorator' retrieved from /home/airflow/.local/lib/python3.12/site-packages/airflow/example_dags/example_bash_decorator.py
[2024-06-18T15:26:47.418+0000] {logging_mixin.py:188} INFO - [2024-06-18T15:26:47.417+0000] {dag.py:3096} INFO - Sync 1 DAGs
[2024-06-18T15:26:47.439+0000] {logging_mixin.py:188} INFO - [2024-06-18T15:26:47.438+0000] {dag.py:3954} INFO - Setting next_dagrun for example_bash_decorator to None, run_after=None
[2024-06-18T15:26:47.469+0000] {processor.py:183} INFO - Processing /home/airflow/.local/lib/python3.12/site-packages/airflow/example_dags/example_bash_decorator.py took 0.109 seconds
[2024-06-18T15:27:17.737+0000] {processor.py:161} INFO - Started process (PID=709) to work on /home/airflow/.local/lib/python3.12/site-packages/airflow/example_dags/example_bash_decorator.py
[2024-06-18T15:27:17.738+0000] {processor.py:830} INFO - Processing file /home/airflow/.local/lib/python3.12/site-packages/airflow/example_dags/example_bash_decorator.py for tasks to queue
[2024-06-18T15:27:17.740+0000] {logging_mixin.py:188} INFO - [2024-06-18T15:27:17.739+0000] {dagbag.py:545} INFO - Filling up the DagBag from /home/airflow/.local/lib/python3.12/site-packages/airflow/example_dags/example_bash_decorator.py
[2024-06-18T15:27:17.753+0000] {processor.py:840} INFO - DAG(s) 'example_bash_decorator' retrieved from /home/airflow/.local/lib/python3.12/site-packages/airflow/example_dags/example_bash_decorator.py
[2024-06-18T15:27:17.778+0000] {logging_mixin.py:188} INFO - [2024-06-18T15:27:17.778+0000] {dag.py:3096} INFO - Sync 1 DAGs
[2024-06-18T15:27:17.791+0000] {logging_mixin.py:188} INFO - [2024-06-18T15:27:17.791+0000] {dag.py:3954} INFO - Setting next_dagrun for example_bash_decorator to None, run_after=None
[2024-06-18T15:27:17.810+0000] {processor.py:183} INFO - Processing /home/airflow/.local/lib/python3.12/site-packages/airflow/example_dags/example_bash_decorator.py took 0.079 seconds
[2024-06-18T15:27:47.926+0000] {processor.py:161} INFO - Started process (PID=767) to work on /home/airflow/.local/lib/python3.12/site-packages/airflow/example_dags/example_bash_decorator.py
[2024-06-18T15:27:47.927+0000] {processor.py:830} INFO - Processing file /home/airflow/.local/lib/python3.12/site-packages/airflow/example_dags/example_bash_decorator.py for tasks to queue
[2024-06-18T15:27:47.929+0000] {logging_mixin.py:188} INFO - [2024-06-18T15:27:47.929+0000] {dagbag.py:545} INFO - Filling up the DagBag from /home/airflow/.local/lib/python3.12/site-packages/airflow/example_dags/example_bash_decorator.py
[2024-06-18T15:27:47.941+0000] {processor.py:840} INFO - DAG(s) 'example_bash_decorator' retrieved from /home/airflow/.local/lib/python3.12/site-packages/airflow/example_dags/example_bash_decorator.py
[2024-06-18T15:27:47.967+0000] {logging_mixin.py:188} INFO - [2024-06-18T15:27:47.966+0000] {dag.py:3096} INFO - Sync 1 DAGs
[2024-06-18T15:27:47.980+0000] {logging_mixin.py:188} INFO - [2024-06-18T15:27:47.979+0000] {dag.py:3954} INFO - Setting next_dagrun for example_bash_decorator to None, run_after=None
[2024-06-18T15:27:47.999+0000] {processor.py:183} INFO - Processing /home/airflow/.local/lib/python3.12/site-packages/airflow/example_dags/example_bash_decorator.py took 0.078 seconds
[2024-06-18T15:28:18.277+0000] {processor.py:161} INFO - Started process (PID=825) to work on /home/airflow/.local/lib/python3.12/site-packages/airflow/example_dags/example_bash_decorator.py
[2024-06-18T15:28:18.278+0000] {processor.py:830} INFO - Processing file /home/airflow/.local/lib/python3.12/site-packages/airflow/example_dags/example_bash_decorator.py for tasks to queue
[2024-06-18T15:28:18.280+0000] {logging_mixin.py:188} INFO - [2024-06-18T15:28:18.279+0000] {dagbag.py:545} INFO - Filling up the DagBag from /home/airflow/.local/lib/python3.12/site-packages/airflow/example_dags/example_bash_decorator.py
[2024-06-18T15:28:18.292+0000] {processor.py:840} INFO - DAG(s) 'example_bash_decorator' retrieved from /home/airflow/.local/lib/python3.12/site-packages/airflow/example_dags/example_bash_decorator.py
[2024-06-18T15:28:18.315+0000] {logging_mixin.py:188} INFO - [2024-06-18T15:28:18.315+0000] {dag.py:3096} INFO - Sync 1 DAGs
[2024-06-18T15:28:18.328+0000] {logging_mixin.py:188} INFO - [2024-06-18T15:28:18.328+0000] {dag.py:3954} INFO - Setting next_dagrun for example_bash_decorator to None, run_after=None
[2024-06-18T15:28:18.350+0000] {processor.py:183} INFO - Processing /home/airflow/.local/lib/python3.12/site-packages/airflow/example_dags/example_bash_decorator.py took 0.079 seconds
[2024-06-18T15:28:48.512+0000] {processor.py:161} INFO - Started process (PID=883) to work on /home/airflow/.local/lib/python3.12/site-packages/airflow/example_dags/example_bash_decorator.py
[2024-06-18T15:28:48.513+0000] {processor.py:830} INFO - Processing file /home/airflow/.local/lib/python3.12/site-packages/airflow/example_dags/example_bash_decorator.py for tasks to queue
[2024-06-18T15:28:48.515+0000] {logging_mixin.py:188} INFO - [2024-06-18T15:28:48.514+0000] {dagbag.py:545} INFO - Filling up the DagBag from /home/airflow/.local/lib/python3.12/site-packages/airflow/example_dags/example_bash_decorator.py
[2024-06-18T15:28:48.526+0000] {processor.py:840} INFO - DAG(s) 'example_bash_decorator' retrieved from /home/airflow/.local/lib/python3.12/site-packages/airflow/example_dags/example_bash_decorator.py
[2024-06-18T15:28:48.547+0000] {logging_mixin.py:188} INFO - [2024-06-18T15:28:48.547+0000] {dag.py:3096} INFO - Sync 1 DAGs
[2024-06-18T15:28:48.562+0000] {logging_mixin.py:188} INFO - [2024-06-18T15:28:48.561+0000] {dag.py:3954} INFO - Setting next_dagrun for example_bash_decorator to None, run_after=None
[2024-06-18T15:28:48.580+0000] {processor.py:183} INFO - Processing /home/airflow/.local/lib/python3.12/site-packages/airflow/example_dags/example_bash_decorator.py took 0.074 seconds
[2024-06-18T15:29:19.099+0000] {processor.py:161} INFO - Started process (PID=941) to work on /home/airflow/.local/lib/python3.12/site-packages/airflow/example_dags/example_bash_decorator.py
[2024-06-18T15:29:19.101+0000] {processor.py:830} INFO - Processing file /home/airflow/.local/lib/python3.12/site-packages/airflow/example_dags/example_bash_decorator.py for tasks to queue
[2024-06-18T15:29:19.104+0000] {logging_mixin.py:188} INFO - [2024-06-18T15:29:19.104+0000] {dagbag.py:545} INFO - Filling up the DagBag from /home/airflow/.local/lib/python3.12/site-packages/airflow/example_dags/example_bash_decorator.py
[2024-06-18T15:29:19.130+0000] {processor.py:840} INFO - DAG(s) 'example_bash_decorator' retrieved from /home/airflow/.local/lib/python3.12/site-packages/airflow/example_dags/example_bash_decorator.py
[2024-06-18T15:29:19.154+0000] {logging_mixin.py:188} INFO - [2024-06-18T15:29:19.154+0000] {dag.py:3096} INFO - Sync 1 DAGs
[2024-06-18T15:29:19.173+0000] {logging_mixin.py:188} INFO - [2024-06-18T15:29:19.172+0000] {dag.py:3954} INFO - Setting next_dagrun for example_bash_decorator to None, run_after=None
[2024-06-18T15:29:19.200+0000] {processor.py:183} INFO - Processing /home/airflow/.local/lib/python3.12/site-packages/airflow/example_dags/example_bash_decorator.py took 0.107 seconds
[2024-06-18T15:29:49.483+0000] {processor.py:161} INFO - Started process (PID=999) to work on /home/airflow/.local/lib/python3.12/site-packages/airflow/example_dags/example_bash_decorator.py
[2024-06-18T15:29:49.485+0000] {processor.py:830} INFO - Processing file /home/airflow/.local/lib/python3.12/site-packages/airflow/example_dags/example_bash_decorator.py for tasks to queue
[2024-06-18T15:29:49.488+0000] {logging_mixin.py:188} INFO - [2024-06-18T15:29:49.488+0000] {dagbag.py:545} INFO - Filling up the DagBag from /home/airflow/.local/lib/python3.12/site-packages/airflow/example_dags/example_bash_decorator.py
[2024-06-18T15:29:49.516+0000] {processor.py:840} INFO - DAG(s) 'example_bash_decorator' retrieved from /home/airflow/.local/lib/python3.12/site-packages/airflow/example_dags/example_bash_decorator.py
[2024-06-18T15:29:49.549+0000] {logging_mixin.py:188} INFO - [2024-06-18T15:29:49.549+0000] {dag.py:3096} INFO - Sync 1 DAGs
[2024-06-18T15:29:49.568+0000] {logging_mixin.py:188} INFO - [2024-06-18T15:29:49.568+0000] {dag.py:3954} INFO - Setting next_dagrun for example_bash_decorator to None, run_after=None
[2024-06-18T15:29:49.596+0000] {processor.py:183} INFO - Processing /home/airflow/.local/lib/python3.12/site-packages/airflow/example_dags/example_bash_decorator.py took 0.129 seconds
[2024-06-18T15:30:20.167+0000] {processor.py:161} INFO - Started process (PID=1057) to work on /home/airflow/.local/lib/python3.12/site-packages/airflow/example_dags/example_bash_decorator.py
[2024-06-18T15:30:20.168+0000] {processor.py:830} INFO - Processing file /home/airflow/.local/lib/python3.12/site-packages/airflow/example_dags/example_bash_decorator.py for tasks to queue
[2024-06-18T15:30:20.170+0000] {logging_mixin.py:188} INFO - [2024-06-18T15:30:20.170+0000] {dagbag.py:545} INFO - Filling up the DagBag from /home/airflow/.local/lib/python3.12/site-packages/airflow/example_dags/example_bash_decorator.py
[2024-06-18T15:30:20.183+0000] {processor.py:840} INFO - DAG(s) 'example_bash_decorator' retrieved from /home/airflow/.local/lib/python3.12/site-packages/airflow/example_dags/example_bash_decorator.py
[2024-06-18T15:30:20.207+0000] {logging_mixin.py:188} INFO - [2024-06-18T15:30:20.206+0000] {dag.py:3096} INFO - Sync 1 DAGs
[2024-06-18T15:30:20.241+0000] {logging_mixin.py:188} INFO - [2024-06-18T15:30:20.240+0000] {dag.py:3954} INFO - Setting next_dagrun for example_bash_decorator to None, run_after=None
[2024-06-18T15:30:20.303+0000] {processor.py:183} INFO - Processing /home/airflow/.local/lib/python3.12/site-packages/airflow/example_dags/example_bash_decorator.py took 0.141 seconds
[2024-06-18T15:30:50.807+0000] {processor.py:161} INFO - Started process (PID=1115) to work on /home/airflow/.local/lib/python3.12/site-packages/airflow/example_dags/example_bash_decorator.py
[2024-06-18T15:30:50.808+0000] {processor.py:830} INFO - Processing file /home/airflow/.local/lib/python3.12/site-packages/airflow/example_dags/example_bash_decorator.py for tasks to queue
[2024-06-18T15:30:50.810+0000] {logging_mixin.py:188} INFO - [2024-06-18T15:30:50.810+0000] {dagbag.py:545} INFO - Filling up the DagBag from /home/airflow/.local/lib/python3.12/site-packages/airflow/example_dags/example_bash_decorator.py
[2024-06-18T15:30:50.822+0000] {processor.py:840} INFO - DAG(s) 'example_bash_decorator' retrieved from /home/airflow/.local/lib/python3.12/site-packages/airflow/example_dags/example_bash_decorator.py
[2024-06-18T15:30:50.846+0000] {logging_mixin.py:188} INFO - [2024-06-18T15:30:50.846+0000] {dag.py:3096} INFO - Sync 1 DAGs
[2024-06-18T15:30:50.860+0000] {logging_mixin.py:188} INFO - [2024-06-18T15:30:50.860+0000] {dag.py:3954} INFO - Setting next_dagrun for example_bash_decorator to None, run_after=None
[2024-06-18T15:30:50.887+0000] {processor.py:183} INFO - Processing /home/airflow/.local/lib/python3.12/site-packages/airflow/example_dags/example_bash_decorator.py took 0.085 seconds
[2024-06-18T15:31:21.618+0000] {processor.py:161} INFO - Started process (PID=1173) to work on /home/airflow/.local/lib/python3.12/site-packages/airflow/example_dags/example_bash_decorator.py
[2024-06-18T15:31:21.624+0000] {processor.py:830} INFO - Processing file /home/airflow/.local/lib/python3.12/site-packages/airflow/example_dags/example_bash_decorator.py for tasks to queue
[2024-06-18T15:31:21.628+0000] {logging_mixin.py:188} INFO - [2024-06-18T15:31:21.627+0000] {dagbag.py:545} INFO - Filling up the DagBag from /home/airflow/.local/lib/python3.12/site-packages/airflow/example_dags/example_bash_decorator.py
[2024-06-18T15:31:21.648+0000] {processor.py:840} INFO - DAG(s) 'example_bash_decorator' retrieved from /home/airflow/.local/lib/python3.12/site-packages/airflow/example_dags/example_bash_decorator.py
[2024-06-18T15:31:21.671+0000] {logging_mixin.py:188} INFO - [2024-06-18T15:31:21.670+0000] {dag.py:3096} INFO - Sync 1 DAGs
[2024-06-18T15:31:21.691+0000] {logging_mixin.py:188} INFO - [2024-06-18T15:31:21.690+0000] {dag.py:3954} INFO - Setting next_dagrun for example_bash_decorator to None, run_after=None
[2024-06-18T15:31:21.716+0000] {processor.py:183} INFO - Processing /home/airflow/.local/lib/python3.12/site-packages/airflow/example_dags/example_bash_decorator.py took 0.104 seconds
[2024-06-18T15:31:51.833+0000] {processor.py:161} INFO - Started process (PID=1231) to work on /home/airflow/.local/lib/python3.12/site-packages/airflow/example_dags/example_bash_decorator.py
[2024-06-18T15:31:51.835+0000] {processor.py:830} INFO - Processing file /home/airflow/.local/lib/python3.12/site-packages/airflow/example_dags/example_bash_decorator.py for tasks to queue
[2024-06-18T15:31:51.837+0000] {logging_mixin.py:188} INFO - [2024-06-18T15:31:51.837+0000] {dagbag.py:545} INFO - Filling up the DagBag from /home/airflow/.local/lib/python3.12/site-packages/airflow/example_dags/example_bash_decorator.py
[2024-06-18T15:31:51.850+0000] {processor.py:840} INFO - DAG(s) 'example_bash_decorator' retrieved from /home/airflow/.local/lib/python3.12/site-packages/airflow/example_dags/example_bash_decorator.py
[2024-06-18T15:31:51.874+0000] {logging_mixin.py:188} INFO - [2024-06-18T15:31:51.874+0000] {dag.py:3096} INFO - Sync 1 DAGs
[2024-06-18T15:31:51.888+0000] {logging_mixin.py:188} INFO - [2024-06-18T15:31:51.887+0000] {dag.py:3954} INFO - Setting next_dagrun for example_bash_decorator to None, run_after=None
[2024-06-18T15:31:51.907+0000] {processor.py:183} INFO - Processing /home/airflow/.local/lib/python3.12/site-packages/airflow/example_dags/example_bash_decorator.py took 0.081 seconds
[2024-06-18T15:32:22.816+0000] {processor.py:161} INFO - Started process (PID=1289) to work on /home/airflow/.local/lib/python3.12/site-packages/airflow/example_dags/example_bash_decorator.py
[2024-06-18T15:32:22.817+0000] {processor.py:830} INFO - Processing file /home/airflow/.local/lib/python3.12/site-packages/airflow/example_dags/example_bash_decorator.py for tasks to queue
[2024-06-18T15:32:22.819+0000] {logging_mixin.py:188} INFO - [2024-06-18T15:32:22.819+0000] {dagbag.py:545} INFO - Filling up the DagBag from /home/airflow/.local/lib/python3.12/site-packages/airflow/example_dags/example_bash_decorator.py
[2024-06-18T15:32:22.833+0000] {processor.py:840} INFO - DAG(s) 'example_bash_decorator' retrieved from /home/airflow/.local/lib/python3.12/site-packages/airflow/example_dags/example_bash_decorator.py
[2024-06-18T15:32:22.859+0000] {logging_mixin.py:188} INFO - [2024-06-18T15:32:22.858+0000] {dag.py:3096} INFO - Sync 1 DAGs
[2024-06-18T15:32:22.873+0000] {logging_mixin.py:188} INFO - [2024-06-18T15:32:22.872+0000] {dag.py:3954} INFO - Setting next_dagrun for example_bash_decorator to None, run_after=None
[2024-06-18T15:32:22.899+0000] {processor.py:183} INFO - Processing /home/airflow/.local/lib/python3.12/site-packages/airflow/example_dags/example_bash_decorator.py took 0.089 seconds
[2024-06-18T15:32:53.667+0000] {processor.py:161} INFO - Started process (PID=1347) to work on /home/airflow/.local/lib/python3.12/site-packages/airflow/example_dags/example_bash_decorator.py
[2024-06-18T15:32:53.668+0000] {processor.py:830} INFO - Processing file /home/airflow/.local/lib/python3.12/site-packages/airflow/example_dags/example_bash_decorator.py for tasks to queue
[2024-06-18T15:32:53.670+0000] {logging_mixin.py:188} INFO - [2024-06-18T15:32:53.670+0000] {dagbag.py:545} INFO - Filling up the DagBag from /home/airflow/.local/lib/python3.12/site-packages/airflow/example_dags/example_bash_decorator.py
[2024-06-18T15:32:53.682+0000] {processor.py:840} INFO - DAG(s) 'example_bash_decorator' retrieved from /home/airflow/.local/lib/python3.12/site-packages/airflow/example_dags/example_bash_decorator.py
[2024-06-18T15:32:53.707+0000] {logging_mixin.py:188} INFO - [2024-06-18T15:32:53.707+0000] {dag.py:3096} INFO - Sync 1 DAGs
[2024-06-18T15:32:53.721+0000] {logging_mixin.py:188} INFO - [2024-06-18T15:32:53.720+0000] {dag.py:3954} INFO - Setting next_dagrun for example_bash_decorator to None, run_after=None
[2024-06-18T15:32:53.740+0000] {processor.py:183} INFO - Processing /home/airflow/.local/lib/python3.12/site-packages/airflow/example_dags/example_bash_decorator.py took 0.080 seconds
[2024-06-18T15:33:24.821+0000] {processor.py:161} INFO - Started process (PID=1405) to work on /home/airflow/.local/lib/python3.12/site-packages/airflow/example_dags/example_bash_decorator.py
[2024-06-18T15:33:24.823+0000] {processor.py:830} INFO - Processing file /home/airflow/.local/lib/python3.12/site-packages/airflow/example_dags/example_bash_decorator.py for tasks to queue
[2024-06-18T15:33:24.825+0000] {logging_mixin.py:188} INFO - [2024-06-18T15:33:24.825+0000] {dagbag.py:545} INFO - Filling up the DagBag from /home/airflow/.local/lib/python3.12/site-packages/airflow/example_dags/example_bash_decorator.py
[2024-06-18T15:33:24.838+0000] {processor.py:840} INFO - DAG(s) 'example_bash_decorator' retrieved from /home/airflow/.local/lib/python3.12/site-packages/airflow/example_dags/example_bash_decorator.py
[2024-06-18T15:33:24.870+0000] {logging_mixin.py:188} INFO - [2024-06-18T15:33:24.869+0000] {dag.py:3096} INFO - Sync 1 DAGs
[2024-06-18T15:33:24.883+0000] {logging_mixin.py:188} INFO - [2024-06-18T15:33:24.882+0000] {dag.py:3954} INFO - Setting next_dagrun for example_bash_decorator to None, run_after=None
[2024-06-18T15:33:24.904+0000] {processor.py:183} INFO - Processing /home/airflow/.local/lib/python3.12/site-packages/airflow/example_dags/example_bash_decorator.py took 0.089 seconds
[2024-06-18T15:33:55.743+0000] {processor.py:161} INFO - Started process (PID=1463) to work on /home/airflow/.local/lib/python3.12/site-packages/airflow/example_dags/example_bash_decorator.py
[2024-06-18T15:33:55.745+0000] {processor.py:830} INFO - Processing file /home/airflow/.local/lib/python3.12/site-packages/airflow/example_dags/example_bash_decorator.py for tasks to queue
[2024-06-18T15:33:55.749+0000] {logging_mixin.py:188} INFO - [2024-06-18T15:33:55.748+0000] {dagbag.py:545} INFO - Filling up the DagBag from /home/airflow/.local/lib/python3.12/site-packages/airflow/example_dags/example_bash_decorator.py
[2024-06-18T15:33:55.763+0000] {processor.py:840} INFO - DAG(s) 'example_bash_decorator' retrieved from /home/airflow/.local/lib/python3.12/site-packages/airflow/example_dags/example_bash_decorator.py
[2024-06-18T15:33:55.795+0000] {logging_mixin.py:188} INFO - [2024-06-18T15:33:55.795+0000] {dag.py:3096} INFO - Sync 1 DAGs
[2024-06-18T15:33:55.810+0000] {logging_mixin.py:188} INFO - [2024-06-18T15:33:55.810+0000] {dag.py:3954} INFO - Setting next_dagrun for example_bash_decorator to None, run_after=None
[2024-06-18T15:33:55.833+0000] {processor.py:183} INFO - Processing /home/airflow/.local/lib/python3.12/site-packages/airflow/example_dags/example_bash_decorator.py took 0.095 seconds
