[2024-06-18T15:21:38.952+0000] {processor.py:161} INFO - Started process (PID=65) to work on /home/airflow/.local/lib/python3.12/site-packages/airflow/example_dags/example_branch_python_dop_operator_3.py
[2024-06-18T15:21:38.963+0000] {processor.py:830} INFO - Processing file /home/airflow/.local/lib/python3.12/site-packages/airflow/example_dags/example_branch_python_dop_operator_3.py for tasks to queue
[2024-06-18T15:21:38.968+0000] {logging_mixin.py:188} INFO - [2024-06-18T15:21:38.967+0000] {dagbag.py:545} INFO - Filling up the DagBag from /home/airflow/.local/lib/python3.12/site-packages/airflow/example_dags/example_branch_python_dop_operator_3.py
[2024-06-18T15:21:39.037+0000] {processor.py:840} INFO - DAG(s) 'example_branch_dop_operator_v3' retrieved from /home/airflow/.local/lib/python3.12/site-packages/airflow/example_dags/example_branch_python_dop_operator_3.py
[2024-06-18T15:21:39.681+0000] {logging_mixin.py:188} INFO - [2024-06-18T15:21:39.680+0000] {dag.py:3096} INFO - Sync 1 DAGs
[2024-06-18T15:21:39.776+0000] {logging_mixin.py:188} INFO - [2024-06-18T15:21:39.775+0000] {dag.py:3954} INFO - Setting next_dagrun for example_branch_dop_operator_v3 to 2024-06-18 15:20:00+00:00, run_after=2024-06-18 15:21:00+00:00
[2024-06-18T15:21:39.841+0000] {processor.py:183} INFO - Processing /home/airflow/.local/lib/python3.12/site-packages/airflow/example_dags/example_branch_python_dop_operator_3.py took 0.938 seconds
[2024-06-18T15:22:10.078+0000] {processor.py:161} INFO - Started process (PID=123) to work on /home/airflow/.local/lib/python3.12/site-packages/airflow/example_dags/example_branch_python_dop_operator_3.py
[2024-06-18T15:22:10.080+0000] {processor.py:830} INFO - Processing file /home/airflow/.local/lib/python3.12/site-packages/airflow/example_dags/example_branch_python_dop_operator_3.py for tasks to queue
[2024-06-18T15:22:10.084+0000] {logging_mixin.py:188} INFO - [2024-06-18T15:22:10.083+0000] {dagbag.py:545} INFO - Filling up the DagBag from /home/airflow/.local/lib/python3.12/site-packages/airflow/example_dags/example_branch_python_dop_operator_3.py
[2024-06-18T15:22:10.156+0000] {processor.py:840} INFO - DAG(s) 'example_branch_dop_operator_v3' retrieved from /home/airflow/.local/lib/python3.12/site-packages/airflow/example_dags/example_branch_python_dop_operator_3.py
[2024-06-18T15:22:10.253+0000] {logging_mixin.py:188} INFO - [2024-06-18T15:22:10.252+0000] {dag.py:3096} INFO - Sync 1 DAGs
[2024-06-18T15:22:10.321+0000] {logging_mixin.py:188} INFO - [2024-06-18T15:22:10.321+0000] {dag.py:3954} INFO - Setting next_dagrun for example_branch_dop_operator_v3 to 2024-06-18 15:21:00+00:00, run_after=2024-06-18 15:22:00+00:00
[2024-06-18T15:22:10.363+0000] {processor.py:183} INFO - Processing /home/airflow/.local/lib/python3.12/site-packages/airflow/example_dags/example_branch_python_dop_operator_3.py took 0.291 seconds
[2024-06-18T15:22:40.789+0000] {processor.py:161} INFO - Started process (PID=181) to work on /home/airflow/.local/lib/python3.12/site-packages/airflow/example_dags/example_branch_python_dop_operator_3.py
[2024-06-18T15:22:40.790+0000] {processor.py:830} INFO - Processing file /home/airflow/.local/lib/python3.12/site-packages/airflow/example_dags/example_branch_python_dop_operator_3.py for tasks to queue
[2024-06-18T15:22:40.792+0000] {logging_mixin.py:188} INFO - [2024-06-18T15:22:40.792+0000] {dagbag.py:545} INFO - Filling up the DagBag from /home/airflow/.local/lib/python3.12/site-packages/airflow/example_dags/example_branch_python_dop_operator_3.py
[2024-06-18T15:22:40.800+0000] {processor.py:840} INFO - DAG(s) 'example_branch_dop_operator_v3' retrieved from /home/airflow/.local/lib/python3.12/site-packages/airflow/example_dags/example_branch_python_dop_operator_3.py
[2024-06-18T15:22:40.821+0000] {logging_mixin.py:188} INFO - [2024-06-18T15:22:40.821+0000] {dag.py:3096} INFO - Sync 1 DAGs
[2024-06-18T15:22:40.850+0000] {logging_mixin.py:188} INFO - [2024-06-18T15:22:40.850+0000] {dag.py:3954} INFO - Setting next_dagrun for example_branch_dop_operator_v3 to 2024-06-18 15:21:00+00:00, run_after=2024-06-18 15:22:00+00:00
[2024-06-18T15:22:40.870+0000] {processor.py:183} INFO - Processing /home/airflow/.local/lib/python3.12/site-packages/airflow/example_dags/example_branch_python_dop_operator_3.py took 0.087 seconds
[2024-06-18T15:23:11.142+0000] {processor.py:161} INFO - Started process (PID=239) to work on /home/airflow/.local/lib/python3.12/site-packages/airflow/example_dags/example_branch_python_dop_operator_3.py
[2024-06-18T15:23:11.143+0000] {processor.py:830} INFO - Processing file /home/airflow/.local/lib/python3.12/site-packages/airflow/example_dags/example_branch_python_dop_operator_3.py for tasks to queue
[2024-06-18T15:23:11.145+0000] {logging_mixin.py:188} INFO - [2024-06-18T15:23:11.145+0000] {dagbag.py:545} INFO - Filling up the DagBag from /home/airflow/.local/lib/python3.12/site-packages/airflow/example_dags/example_branch_python_dop_operator_3.py
[2024-06-18T15:23:11.153+0000] {processor.py:840} INFO - DAG(s) 'example_branch_dop_operator_v3' retrieved from /home/airflow/.local/lib/python3.12/site-packages/airflow/example_dags/example_branch_python_dop_operator_3.py
[2024-06-18T15:23:11.172+0000] {logging_mixin.py:188} INFO - [2024-06-18T15:23:11.172+0000] {dag.py:3096} INFO - Sync 1 DAGs
[2024-06-18T15:23:11.195+0000] {logging_mixin.py:188} INFO - [2024-06-18T15:23:11.195+0000] {dag.py:3954} INFO - Setting next_dagrun for example_branch_dop_operator_v3 to 2024-06-18 15:22:00+00:00, run_after=2024-06-18 15:23:00+00:00
[2024-06-18T15:23:11.214+0000] {processor.py:183} INFO - Processing /home/airflow/.local/lib/python3.12/site-packages/airflow/example_dags/example_branch_python_dop_operator_3.py took 0.077 seconds
[2024-06-18T15:23:41.283+0000] {processor.py:161} INFO - Started process (PID=297) to work on /home/airflow/.local/lib/python3.12/site-packages/airflow/example_dags/example_branch_python_dop_operator_3.py
[2024-06-18T15:23:41.284+0000] {processor.py:830} INFO - Processing file /home/airflow/.local/lib/python3.12/site-packages/airflow/example_dags/example_branch_python_dop_operator_3.py for tasks to queue
[2024-06-18T15:23:41.286+0000] {logging_mixin.py:188} INFO - [2024-06-18T15:23:41.286+0000] {dagbag.py:545} INFO - Filling up the DagBag from /home/airflow/.local/lib/python3.12/site-packages/airflow/example_dags/example_branch_python_dop_operator_3.py
[2024-06-18T15:23:41.294+0000] {processor.py:840} INFO - DAG(s) 'example_branch_dop_operator_v3' retrieved from /home/airflow/.local/lib/python3.12/site-packages/airflow/example_dags/example_branch_python_dop_operator_3.py
[2024-06-18T15:23:41.314+0000] {logging_mixin.py:188} INFO - [2024-06-18T15:23:41.314+0000] {dag.py:3096} INFO - Sync 1 DAGs
[2024-06-18T15:23:41.339+0000] {logging_mixin.py:188} INFO - [2024-06-18T15:23:41.339+0000] {dag.py:3954} INFO - Setting next_dagrun for example_branch_dop_operator_v3 to 2024-06-18 15:22:00+00:00, run_after=2024-06-18 15:23:00+00:00
[2024-06-18T15:23:41.362+0000] {processor.py:183} INFO - Processing /home/airflow/.local/lib/python3.12/site-packages/airflow/example_dags/example_branch_python_dop_operator_3.py took 0.084 seconds
[2024-06-18T15:24:11.470+0000] {processor.py:161} INFO - Started process (PID=354) to work on /home/airflow/.local/lib/python3.12/site-packages/airflow/example_dags/example_branch_python_dop_operator_3.py
[2024-06-18T15:24:11.471+0000] {processor.py:830} INFO - Processing file /home/airflow/.local/lib/python3.12/site-packages/airflow/example_dags/example_branch_python_dop_operator_3.py for tasks to queue
[2024-06-18T15:24:11.474+0000] {logging_mixin.py:188} INFO - [2024-06-18T15:24:11.473+0000] {dagbag.py:545} INFO - Filling up the DagBag from /home/airflow/.local/lib/python3.12/site-packages/airflow/example_dags/example_branch_python_dop_operator_3.py
[2024-06-18T15:24:11.483+0000] {processor.py:840} INFO - DAG(s) 'example_branch_dop_operator_v3' retrieved from /home/airflow/.local/lib/python3.12/site-packages/airflow/example_dags/example_branch_python_dop_operator_3.py
[2024-06-18T15:24:11.504+0000] {logging_mixin.py:188} INFO - [2024-06-18T15:24:11.504+0000] {dag.py:3096} INFO - Sync 1 DAGs
[2024-06-18T15:24:11.530+0000] {logging_mixin.py:188} INFO - [2024-06-18T15:24:11.530+0000] {dag.py:3954} INFO - Setting next_dagrun for example_branch_dop_operator_v3 to 2024-06-18 15:23:00+00:00, run_after=2024-06-18 15:24:00+00:00
[2024-06-18T15:24:11.552+0000] {processor.py:183} INFO - Processing /home/airflow/.local/lib/python3.12/site-packages/airflow/example_dags/example_branch_python_dop_operator_3.py took 0.089 seconds
[2024-06-18T15:24:42.467+0000] {processor.py:161} INFO - Started process (PID=413) to work on /home/airflow/.local/lib/python3.12/site-packages/airflow/example_dags/example_branch_python_dop_operator_3.py
[2024-06-18T15:24:42.468+0000] {processor.py:830} INFO - Processing file /home/airflow/.local/lib/python3.12/site-packages/airflow/example_dags/example_branch_python_dop_operator_3.py for tasks to queue
[2024-06-18T15:24:42.470+0000] {logging_mixin.py:188} INFO - [2024-06-18T15:24:42.469+0000] {dagbag.py:545} INFO - Filling up the DagBag from /home/airflow/.local/lib/python3.12/site-packages/airflow/example_dags/example_branch_python_dop_operator_3.py
[2024-06-18T15:24:42.478+0000] {processor.py:840} INFO - DAG(s) 'example_branch_dop_operator_v3' retrieved from /home/airflow/.local/lib/python3.12/site-packages/airflow/example_dags/example_branch_python_dop_operator_3.py
[2024-06-18T15:24:42.498+0000] {logging_mixin.py:188} INFO - [2024-06-18T15:24:42.498+0000] {dag.py:3096} INFO - Sync 1 DAGs
[2024-06-18T15:24:42.526+0000] {logging_mixin.py:188} INFO - [2024-06-18T15:24:42.526+0000] {dag.py:3954} INFO - Setting next_dagrun for example_branch_dop_operator_v3 to 2024-06-18 15:23:00+00:00, run_after=2024-06-18 15:24:00+00:00
[2024-06-18T15:24:42.546+0000] {processor.py:183} INFO - Processing /home/airflow/.local/lib/python3.12/site-packages/airflow/example_dags/example_branch_python_dop_operator_3.py took 0.084 seconds
[2024-06-18T15:25:12.875+0000] {processor.py:161} INFO - Started process (PID=471) to work on /home/airflow/.local/lib/python3.12/site-packages/airflow/example_dags/example_branch_python_dop_operator_3.py
[2024-06-18T15:25:12.876+0000] {processor.py:830} INFO - Processing file /home/airflow/.local/lib/python3.12/site-packages/airflow/example_dags/example_branch_python_dop_operator_3.py for tasks to queue
[2024-06-18T15:25:12.879+0000] {logging_mixin.py:188} INFO - [2024-06-18T15:25:12.878+0000] {dagbag.py:545} INFO - Filling up the DagBag from /home/airflow/.local/lib/python3.12/site-packages/airflow/example_dags/example_branch_python_dop_operator_3.py
[2024-06-18T15:25:12.888+0000] {processor.py:840} INFO - DAG(s) 'example_branch_dop_operator_v3' retrieved from /home/airflow/.local/lib/python3.12/site-packages/airflow/example_dags/example_branch_python_dop_operator_3.py
[2024-06-18T15:25:12.909+0000] {logging_mixin.py:188} INFO - [2024-06-18T15:25:12.908+0000] {dag.py:3096} INFO - Sync 1 DAGs
[2024-06-18T15:25:12.933+0000] {logging_mixin.py:188} INFO - [2024-06-18T15:25:12.932+0000] {dag.py:3954} INFO - Setting next_dagrun for example_branch_dop_operator_v3 to 2024-06-18 15:24:00+00:00, run_after=2024-06-18 15:25:00+00:00
[2024-06-18T15:25:12.951+0000] {processor.py:183} INFO - Processing /home/airflow/.local/lib/python3.12/site-packages/airflow/example_dags/example_branch_python_dop_operator_3.py took 0.082 seconds
[2024-06-18T15:25:43.034+0000] {processor.py:161} INFO - Started process (PID=529) to work on /home/airflow/.local/lib/python3.12/site-packages/airflow/example_dags/example_branch_python_dop_operator_3.py
[2024-06-18T15:25:43.035+0000] {processor.py:830} INFO - Processing file /home/airflow/.local/lib/python3.12/site-packages/airflow/example_dags/example_branch_python_dop_operator_3.py for tasks to queue
[2024-06-18T15:25:43.036+0000] {logging_mixin.py:188} INFO - [2024-06-18T15:25:43.036+0000] {dagbag.py:545} INFO - Filling up the DagBag from /home/airflow/.local/lib/python3.12/site-packages/airflow/example_dags/example_branch_python_dop_operator_3.py
[2024-06-18T15:25:43.044+0000] {processor.py:840} INFO - DAG(s) 'example_branch_dop_operator_v3' retrieved from /home/airflow/.local/lib/python3.12/site-packages/airflow/example_dags/example_branch_python_dop_operator_3.py
[2024-06-18T15:25:43.065+0000] {logging_mixin.py:188} INFO - [2024-06-18T15:25:43.064+0000] {dag.py:3096} INFO - Sync 1 DAGs
[2024-06-18T15:25:43.087+0000] {logging_mixin.py:188} INFO - [2024-06-18T15:25:43.087+0000] {dag.py:3954} INFO - Setting next_dagrun for example_branch_dop_operator_v3 to 2024-06-18 15:24:00+00:00, run_after=2024-06-18 15:25:00+00:00
[2024-06-18T15:25:43.108+0000] {processor.py:183} INFO - Processing /home/airflow/.local/lib/python3.12/site-packages/airflow/example_dags/example_branch_python_dop_operator_3.py took 0.080 seconds
[2024-06-18T15:26:13.498+0000] {processor.py:161} INFO - Started process (PID=587) to work on /home/airflow/.local/lib/python3.12/site-packages/airflow/example_dags/example_branch_python_dop_operator_3.py
[2024-06-18T15:26:13.499+0000] {processor.py:830} INFO - Processing file /home/airflow/.local/lib/python3.12/site-packages/airflow/example_dags/example_branch_python_dop_operator_3.py for tasks to queue
[2024-06-18T15:26:13.501+0000] {logging_mixin.py:188} INFO - [2024-06-18T15:26:13.501+0000] {dagbag.py:545} INFO - Filling up the DagBag from /home/airflow/.local/lib/python3.12/site-packages/airflow/example_dags/example_branch_python_dop_operator_3.py
[2024-06-18T15:26:13.509+0000] {processor.py:840} INFO - DAG(s) 'example_branch_dop_operator_v3' retrieved from /home/airflow/.local/lib/python3.12/site-packages/airflow/example_dags/example_branch_python_dop_operator_3.py
[2024-06-18T15:26:13.530+0000] {logging_mixin.py:188} INFO - [2024-06-18T15:26:13.530+0000] {dag.py:3096} INFO - Sync 1 DAGs
[2024-06-18T15:26:13.556+0000] {logging_mixin.py:188} INFO - [2024-06-18T15:26:13.555+0000] {dag.py:3954} INFO - Setting next_dagrun for example_branch_dop_operator_v3 to 2024-06-18 15:25:00+00:00, run_after=2024-06-18 15:26:00+00:00
[2024-06-18T15:26:13.576+0000] {processor.py:183} INFO - Processing /home/airflow/.local/lib/python3.12/site-packages/airflow/example_dags/example_branch_python_dop_operator_3.py took 0.084 seconds
[2024-06-18T15:26:44.046+0000] {processor.py:161} INFO - Started process (PID=645) to work on /home/airflow/.local/lib/python3.12/site-packages/airflow/example_dags/example_branch_python_dop_operator_3.py
[2024-06-18T15:26:44.047+0000] {processor.py:830} INFO - Processing file /home/airflow/.local/lib/python3.12/site-packages/airflow/example_dags/example_branch_python_dop_operator_3.py for tasks to queue
[2024-06-18T15:26:44.048+0000] {logging_mixin.py:188} INFO - [2024-06-18T15:26:44.048+0000] {dagbag.py:545} INFO - Filling up the DagBag from /home/airflow/.local/lib/python3.12/site-packages/airflow/example_dags/example_branch_python_dop_operator_3.py
[2024-06-18T15:26:44.056+0000] {processor.py:840} INFO - DAG(s) 'example_branch_dop_operator_v3' retrieved from /home/airflow/.local/lib/python3.12/site-packages/airflow/example_dags/example_branch_python_dop_operator_3.py
[2024-06-18T15:26:44.076+0000] {logging_mixin.py:188} INFO - [2024-06-18T15:26:44.076+0000] {dag.py:3096} INFO - Sync 1 DAGs
[2024-06-18T15:26:44.100+0000] {logging_mixin.py:188} INFO - [2024-06-18T15:26:44.100+0000] {dag.py:3954} INFO - Setting next_dagrun for example_branch_dop_operator_v3 to 2024-06-18 15:25:00+00:00, run_after=2024-06-18 15:26:00+00:00
[2024-06-18T15:26:44.117+0000] {processor.py:183} INFO - Processing /home/airflow/.local/lib/python3.12/site-packages/airflow/example_dags/example_branch_python_dop_operator_3.py took 0.076 seconds
[2024-06-18T15:27:14.356+0000] {processor.py:161} INFO - Started process (PID=703) to work on /home/airflow/.local/lib/python3.12/site-packages/airflow/example_dags/example_branch_python_dop_operator_3.py
[2024-06-18T15:27:14.358+0000] {processor.py:830} INFO - Processing file /home/airflow/.local/lib/python3.12/site-packages/airflow/example_dags/example_branch_python_dop_operator_3.py for tasks to queue
[2024-06-18T15:27:14.359+0000] {logging_mixin.py:188} INFO - [2024-06-18T15:27:14.359+0000] {dagbag.py:545} INFO - Filling up the DagBag from /home/airflow/.local/lib/python3.12/site-packages/airflow/example_dags/example_branch_python_dop_operator_3.py
[2024-06-18T15:27:14.367+0000] {processor.py:840} INFO - DAG(s) 'example_branch_dop_operator_v3' retrieved from /home/airflow/.local/lib/python3.12/site-packages/airflow/example_dags/example_branch_python_dop_operator_3.py
[2024-06-18T15:27:14.387+0000] {logging_mixin.py:188} INFO - [2024-06-18T15:27:14.387+0000] {dag.py:3096} INFO - Sync 1 DAGs
[2024-06-18T15:27:14.413+0000] {logging_mixin.py:188} INFO - [2024-06-18T15:27:14.413+0000] {dag.py:3954} INFO - Setting next_dagrun for example_branch_dop_operator_v3 to 2024-06-18 15:26:00+00:00, run_after=2024-06-18 15:27:00+00:00
[2024-06-18T15:27:14.437+0000] {processor.py:183} INFO - Processing /home/airflow/.local/lib/python3.12/site-packages/airflow/example_dags/example_branch_python_dop_operator_3.py took 0.086 seconds
[2024-06-18T15:27:44.544+0000] {processor.py:161} INFO - Started process (PID=760) to work on /home/airflow/.local/lib/python3.12/site-packages/airflow/example_dags/example_branch_python_dop_operator_3.py
[2024-06-18T15:27:44.545+0000] {processor.py:830} INFO - Processing file /home/airflow/.local/lib/python3.12/site-packages/airflow/example_dags/example_branch_python_dop_operator_3.py for tasks to queue
[2024-06-18T15:27:44.547+0000] {logging_mixin.py:188} INFO - [2024-06-18T15:27:44.547+0000] {dagbag.py:545} INFO - Filling up the DagBag from /home/airflow/.local/lib/python3.12/site-packages/airflow/example_dags/example_branch_python_dop_operator_3.py
[2024-06-18T15:27:44.555+0000] {processor.py:840} INFO - DAG(s) 'example_branch_dop_operator_v3' retrieved from /home/airflow/.local/lib/python3.12/site-packages/airflow/example_dags/example_branch_python_dop_operator_3.py
[2024-06-18T15:27:44.574+0000] {logging_mixin.py:188} INFO - [2024-06-18T15:27:44.574+0000] {dag.py:3096} INFO - Sync 1 DAGs
[2024-06-18T15:27:44.595+0000] {logging_mixin.py:188} INFO - [2024-06-18T15:27:44.595+0000] {dag.py:3954} INFO - Setting next_dagrun for example_branch_dop_operator_v3 to 2024-06-18 15:26:00+00:00, run_after=2024-06-18 15:27:00+00:00
[2024-06-18T15:27:44.616+0000] {processor.py:183} INFO - Processing /home/airflow/.local/lib/python3.12/site-packages/airflow/example_dags/example_branch_python_dop_operator_3.py took 0.078 seconds
[2024-06-18T15:28:14.781+0000] {processor.py:161} INFO - Started process (PID=818) to work on /home/airflow/.local/lib/python3.12/site-packages/airflow/example_dags/example_branch_python_dop_operator_3.py
[2024-06-18T15:28:14.782+0000] {processor.py:830} INFO - Processing file /home/airflow/.local/lib/python3.12/site-packages/airflow/example_dags/example_branch_python_dop_operator_3.py for tasks to queue
[2024-06-18T15:28:14.784+0000] {logging_mixin.py:188} INFO - [2024-06-18T15:28:14.783+0000] {dagbag.py:545} INFO - Filling up the DagBag from /home/airflow/.local/lib/python3.12/site-packages/airflow/example_dags/example_branch_python_dop_operator_3.py
[2024-06-18T15:28:14.792+0000] {processor.py:840} INFO - DAG(s) 'example_branch_dop_operator_v3' retrieved from /home/airflow/.local/lib/python3.12/site-packages/airflow/example_dags/example_branch_python_dop_operator_3.py
[2024-06-18T15:28:14.813+0000] {logging_mixin.py:188} INFO - [2024-06-18T15:28:14.813+0000] {dag.py:3096} INFO - Sync 1 DAGs
[2024-06-18T15:28:14.841+0000] {logging_mixin.py:188} INFO - [2024-06-18T15:28:14.841+0000] {dag.py:3954} INFO - Setting next_dagrun for example_branch_dop_operator_v3 to 2024-06-18 15:27:00+00:00, run_after=2024-06-18 15:28:00+00:00
[2024-06-18T15:28:14.861+0000] {processor.py:183} INFO - Processing /home/airflow/.local/lib/python3.12/site-packages/airflow/example_dags/example_branch_python_dop_operator_3.py took 0.086 seconds
[2024-06-18T15:28:45.119+0000] {processor.py:161} INFO - Started process (PID=876) to work on /home/airflow/.local/lib/python3.12/site-packages/airflow/example_dags/example_branch_python_dop_operator_3.py
[2024-06-18T15:28:45.123+0000] {processor.py:830} INFO - Processing file /home/airflow/.local/lib/python3.12/site-packages/airflow/example_dags/example_branch_python_dop_operator_3.py for tasks to queue
[2024-06-18T15:28:45.128+0000] {logging_mixin.py:188} INFO - [2024-06-18T15:28:45.127+0000] {dagbag.py:545} INFO - Filling up the DagBag from /home/airflow/.local/lib/python3.12/site-packages/airflow/example_dags/example_branch_python_dop_operator_3.py
[2024-06-18T15:28:45.141+0000] {processor.py:840} INFO - DAG(s) 'example_branch_dop_operator_v3' retrieved from /home/airflow/.local/lib/python3.12/site-packages/airflow/example_dags/example_branch_python_dop_operator_3.py
[2024-06-18T15:28:45.172+0000] {logging_mixin.py:188} INFO - [2024-06-18T15:28:45.172+0000] {dag.py:3096} INFO - Sync 1 DAGs
[2024-06-18T15:28:45.205+0000] {logging_mixin.py:188} INFO - [2024-06-18T15:28:45.205+0000] {dag.py:3954} INFO - Setting next_dagrun for example_branch_dop_operator_v3 to 2024-06-18 15:27:00+00:00, run_after=2024-06-18 15:28:00+00:00
[2024-06-18T15:28:45.221+0000] {processor.py:183} INFO - Processing /home/airflow/.local/lib/python3.12/site-packages/airflow/example_dags/example_branch_python_dop_operator_3.py took 0.114 seconds
[2024-06-18T15:29:15.695+0000] {processor.py:161} INFO - Started process (PID=934) to work on /home/airflow/.local/lib/python3.12/site-packages/airflow/example_dags/example_branch_python_dop_operator_3.py
[2024-06-18T15:29:15.697+0000] {processor.py:830} INFO - Processing file /home/airflow/.local/lib/python3.12/site-packages/airflow/example_dags/example_branch_python_dop_operator_3.py for tasks to queue
[2024-06-18T15:29:15.699+0000] {logging_mixin.py:188} INFO - [2024-06-18T15:29:15.699+0000] {dagbag.py:545} INFO - Filling up the DagBag from /home/airflow/.local/lib/python3.12/site-packages/airflow/example_dags/example_branch_python_dop_operator_3.py
[2024-06-18T15:29:15.709+0000] {processor.py:840} INFO - DAG(s) 'example_branch_dop_operator_v3' retrieved from /home/airflow/.local/lib/python3.12/site-packages/airflow/example_dags/example_branch_python_dop_operator_3.py
[2024-06-18T15:29:15.730+0000] {logging_mixin.py:188} INFO - [2024-06-18T15:29:15.730+0000] {dag.py:3096} INFO - Sync 1 DAGs
[2024-06-18T15:29:15.766+0000] {logging_mixin.py:188} INFO - [2024-06-18T15:29:15.766+0000] {dag.py:3954} INFO - Setting next_dagrun for example_branch_dop_operator_v3 to 2024-06-18 15:28:00+00:00, run_after=2024-06-18 15:29:00+00:00
[2024-06-18T15:29:15.783+0000] {processor.py:183} INFO - Processing /home/airflow/.local/lib/python3.12/site-packages/airflow/example_dags/example_branch_python_dop_operator_3.py took 0.100 seconds
[2024-06-18T15:29:46.211+0000] {processor.py:161} INFO - Started process (PID=992) to work on /home/airflow/.local/lib/python3.12/site-packages/airflow/example_dags/example_branch_python_dop_operator_3.py
[2024-06-18T15:29:46.213+0000] {processor.py:830} INFO - Processing file /home/airflow/.local/lib/python3.12/site-packages/airflow/example_dags/example_branch_python_dop_operator_3.py for tasks to queue
[2024-06-18T15:29:46.216+0000] {logging_mixin.py:188} INFO - [2024-06-18T15:29:46.215+0000] {dagbag.py:545} INFO - Filling up the DagBag from /home/airflow/.local/lib/python3.12/site-packages/airflow/example_dags/example_branch_python_dop_operator_3.py
[2024-06-18T15:29:46.226+0000] {processor.py:840} INFO - DAG(s) 'example_branch_dop_operator_v3' retrieved from /home/airflow/.local/lib/python3.12/site-packages/airflow/example_dags/example_branch_python_dop_operator_3.py
[2024-06-18T15:29:46.249+0000] {logging_mixin.py:188} INFO - [2024-06-18T15:29:46.249+0000] {dag.py:3096} INFO - Sync 1 DAGs
[2024-06-18T15:29:46.274+0000] {logging_mixin.py:188} INFO - [2024-06-18T15:29:46.274+0000] {dag.py:3954} INFO - Setting next_dagrun for example_branch_dop_operator_v3 to 2024-06-18 15:28:00+00:00, run_after=2024-06-18 15:29:00+00:00
[2024-06-18T15:29:46.295+0000] {processor.py:183} INFO - Processing /home/airflow/.local/lib/python3.12/site-packages/airflow/example_dags/example_branch_python_dop_operator_3.py took 0.092 seconds
[2024-06-18T15:30:16.750+0000] {processor.py:161} INFO - Started process (PID=1050) to work on /home/airflow/.local/lib/python3.12/site-packages/airflow/example_dags/example_branch_python_dop_operator_3.py
[2024-06-18T15:30:16.751+0000] {processor.py:830} INFO - Processing file /home/airflow/.local/lib/python3.12/site-packages/airflow/example_dags/example_branch_python_dop_operator_3.py for tasks to queue
[2024-06-18T15:30:16.754+0000] {logging_mixin.py:188} INFO - [2024-06-18T15:30:16.753+0000] {dagbag.py:545} INFO - Filling up the DagBag from /home/airflow/.local/lib/python3.12/site-packages/airflow/example_dags/example_branch_python_dop_operator_3.py
[2024-06-18T15:30:16.762+0000] {processor.py:840} INFO - DAG(s) 'example_branch_dop_operator_v3' retrieved from /home/airflow/.local/lib/python3.12/site-packages/airflow/example_dags/example_branch_python_dop_operator_3.py
[2024-06-18T15:30:16.782+0000] {logging_mixin.py:188} INFO - [2024-06-18T15:30:16.781+0000] {dag.py:3096} INFO - Sync 1 DAGs
[2024-06-18T15:30:16.809+0000] {logging_mixin.py:188} INFO - [2024-06-18T15:30:16.809+0000] {dag.py:3954} INFO - Setting next_dagrun for example_branch_dop_operator_v3 to 2024-06-18 15:29:00+00:00, run_after=2024-06-18 15:30:00+00:00
[2024-06-18T15:30:16.831+0000] {processor.py:183} INFO - Processing /home/airflow/.local/lib/python3.12/site-packages/airflow/example_dags/example_branch_python_dop_operator_3.py took 0.089 seconds
[2024-06-18T15:30:47.368+0000] {processor.py:161} INFO - Started process (PID=1108) to work on /home/airflow/.local/lib/python3.12/site-packages/airflow/example_dags/example_branch_python_dop_operator_3.py
[2024-06-18T15:30:47.370+0000] {processor.py:830} INFO - Processing file /home/airflow/.local/lib/python3.12/site-packages/airflow/example_dags/example_branch_python_dop_operator_3.py for tasks to queue
[2024-06-18T15:30:47.373+0000] {logging_mixin.py:188} INFO - [2024-06-18T15:30:47.372+0000] {dagbag.py:545} INFO - Filling up the DagBag from /home/airflow/.local/lib/python3.12/site-packages/airflow/example_dags/example_branch_python_dop_operator_3.py
[2024-06-18T15:30:47.383+0000] {processor.py:840} INFO - DAG(s) 'example_branch_dop_operator_v3' retrieved from /home/airflow/.local/lib/python3.12/site-packages/airflow/example_dags/example_branch_python_dop_operator_3.py
[2024-06-18T15:30:47.405+0000] {logging_mixin.py:188} INFO - [2024-06-18T15:30:47.405+0000] {dag.py:3096} INFO - Sync 1 DAGs
[2024-06-18T15:30:47.435+0000] {logging_mixin.py:188} INFO - [2024-06-18T15:30:47.434+0000] {dag.py:3954} INFO - Setting next_dagrun for example_branch_dop_operator_v3 to 2024-06-18 15:29:00+00:00, run_after=2024-06-18 15:30:00+00:00
[2024-06-18T15:30:47.453+0000] {processor.py:183} INFO - Processing /home/airflow/.local/lib/python3.12/site-packages/airflow/example_dags/example_branch_python_dop_operator_3.py took 0.094 seconds
[2024-06-18T15:31:18.319+0000] {processor.py:161} INFO - Started process (PID=1166) to work on /home/airflow/.local/lib/python3.12/site-packages/airflow/example_dags/example_branch_python_dop_operator_3.py
[2024-06-18T15:31:18.324+0000] {processor.py:830} INFO - Processing file /home/airflow/.local/lib/python3.12/site-packages/airflow/example_dags/example_branch_python_dop_operator_3.py for tasks to queue
[2024-06-18T15:31:18.327+0000] {logging_mixin.py:188} INFO - [2024-06-18T15:31:18.326+0000] {dagbag.py:545} INFO - Filling up the DagBag from /home/airflow/.local/lib/python3.12/site-packages/airflow/example_dags/example_branch_python_dop_operator_3.py
[2024-06-18T15:31:18.343+0000] {processor.py:840} INFO - DAG(s) 'example_branch_dop_operator_v3' retrieved from /home/airflow/.local/lib/python3.12/site-packages/airflow/example_dags/example_branch_python_dop_operator_3.py
[2024-06-18T15:31:18.381+0000] {logging_mixin.py:188} INFO - [2024-06-18T15:31:18.381+0000] {dag.py:3096} INFO - Sync 1 DAGs
[2024-06-18T15:31:18.418+0000] {logging_mixin.py:188} INFO - [2024-06-18T15:31:18.418+0000] {dag.py:3954} INFO - Setting next_dagrun for example_branch_dop_operator_v3 to 2024-06-18 15:30:00+00:00, run_after=2024-06-18 15:31:00+00:00
[2024-06-18T15:31:18.672+0000] {processor.py:183} INFO - Processing /home/airflow/.local/lib/python3.12/site-packages/airflow/example_dags/example_branch_python_dop_operator_3.py took 0.375 seconds
[2024-06-18T15:31:48.993+0000] {processor.py:161} INFO - Started process (PID=1224) to work on /home/airflow/.local/lib/python3.12/site-packages/airflow/example_dags/example_branch_python_dop_operator_3.py
[2024-06-18T15:31:48.994+0000] {processor.py:830} INFO - Processing file /home/airflow/.local/lib/python3.12/site-packages/airflow/example_dags/example_branch_python_dop_operator_3.py for tasks to queue
[2024-06-18T15:31:48.997+0000] {logging_mixin.py:188} INFO - [2024-06-18T15:31:48.996+0000] {dagbag.py:545} INFO - Filling up the DagBag from /home/airflow/.local/lib/python3.12/site-packages/airflow/example_dags/example_branch_python_dop_operator_3.py
[2024-06-18T15:31:49.005+0000] {processor.py:840} INFO - DAG(s) 'example_branch_dop_operator_v3' retrieved from /home/airflow/.local/lib/python3.12/site-packages/airflow/example_dags/example_branch_python_dop_operator_3.py
[2024-06-18T15:31:49.025+0000] {logging_mixin.py:188} INFO - [2024-06-18T15:31:49.024+0000] {dag.py:3096} INFO - Sync 1 DAGs
[2024-06-18T15:31:49.049+0000] {logging_mixin.py:188} INFO - [2024-06-18T15:31:49.049+0000] {dag.py:3954} INFO - Setting next_dagrun for example_branch_dop_operator_v3 to 2024-06-18 15:30:00+00:00, run_after=2024-06-18 15:31:00+00:00
[2024-06-18T15:31:49.068+0000] {processor.py:183} INFO - Processing /home/airflow/.local/lib/python3.12/site-packages/airflow/example_dags/example_branch_python_dop_operator_3.py took 0.081 seconds
[2024-06-18T15:32:19.362+0000] {processor.py:161} INFO - Started process (PID=1282) to work on /home/airflow/.local/lib/python3.12/site-packages/airflow/example_dags/example_branch_python_dop_operator_3.py
[2024-06-18T15:32:19.363+0000] {processor.py:830} INFO - Processing file /home/airflow/.local/lib/python3.12/site-packages/airflow/example_dags/example_branch_python_dop_operator_3.py for tasks to queue
[2024-06-18T15:32:19.365+0000] {logging_mixin.py:188} INFO - [2024-06-18T15:32:19.365+0000] {dagbag.py:545} INFO - Filling up the DagBag from /home/airflow/.local/lib/python3.12/site-packages/airflow/example_dags/example_branch_python_dop_operator_3.py
[2024-06-18T15:32:19.374+0000] {processor.py:840} INFO - DAG(s) 'example_branch_dop_operator_v3' retrieved from /home/airflow/.local/lib/python3.12/site-packages/airflow/example_dags/example_branch_python_dop_operator_3.py
[2024-06-18T15:32:19.395+0000] {logging_mixin.py:188} INFO - [2024-06-18T15:32:19.395+0000] {dag.py:3096} INFO - Sync 1 DAGs
[2024-06-18T15:32:19.418+0000] {logging_mixin.py:188} INFO - [2024-06-18T15:32:19.418+0000] {dag.py:3954} INFO - Setting next_dagrun for example_branch_dop_operator_v3 to 2024-06-18 15:31:00+00:00, run_after=2024-06-18 15:32:00+00:00
[2024-06-18T15:32:19.436+0000] {processor.py:183} INFO - Processing /home/airflow/.local/lib/python3.12/site-packages/airflow/example_dags/example_branch_python_dop_operator_3.py took 0.081 seconds
[2024-06-18T15:32:50.091+0000] {processor.py:161} INFO - Started process (PID=1340) to work on /home/airflow/.local/lib/python3.12/site-packages/airflow/example_dags/example_branch_python_dop_operator_3.py
[2024-06-18T15:32:50.092+0000] {processor.py:830} INFO - Processing file /home/airflow/.local/lib/python3.12/site-packages/airflow/example_dags/example_branch_python_dop_operator_3.py for tasks to queue
[2024-06-18T15:32:50.094+0000] {logging_mixin.py:188} INFO - [2024-06-18T15:32:50.094+0000] {dagbag.py:545} INFO - Filling up the DagBag from /home/airflow/.local/lib/python3.12/site-packages/airflow/example_dags/example_branch_python_dop_operator_3.py
[2024-06-18T15:32:50.104+0000] {processor.py:840} INFO - DAG(s) 'example_branch_dop_operator_v3' retrieved from /home/airflow/.local/lib/python3.12/site-packages/airflow/example_dags/example_branch_python_dop_operator_3.py
[2024-06-18T15:32:50.125+0000] {logging_mixin.py:188} INFO - [2024-06-18T15:32:50.124+0000] {dag.py:3096} INFO - Sync 1 DAGs
[2024-06-18T15:32:50.155+0000] {logging_mixin.py:188} INFO - [2024-06-18T15:32:50.155+0000] {dag.py:3954} INFO - Setting next_dagrun for example_branch_dop_operator_v3 to 2024-06-18 15:31:00+00:00, run_after=2024-06-18 15:32:00+00:00
[2024-06-18T15:32:50.176+0000] {processor.py:183} INFO - Processing /home/airflow/.local/lib/python3.12/site-packages/airflow/example_dags/example_branch_python_dop_operator_3.py took 0.094 seconds
[2024-06-18T15:33:20.266+0000] {processor.py:161} INFO - Started process (PID=1398) to work on /home/airflow/.local/lib/python3.12/site-packages/airflow/example_dags/example_branch_python_dop_operator_3.py
[2024-06-18T15:33:20.267+0000] {processor.py:830} INFO - Processing file /home/airflow/.local/lib/python3.12/site-packages/airflow/example_dags/example_branch_python_dop_operator_3.py for tasks to queue
[2024-06-18T15:33:20.271+0000] {logging_mixin.py:188} INFO - [2024-06-18T15:33:20.270+0000] {dagbag.py:545} INFO - Filling up the DagBag from /home/airflow/.local/lib/python3.12/site-packages/airflow/example_dags/example_branch_python_dop_operator_3.py
[2024-06-18T15:33:20.279+0000] {processor.py:840} INFO - DAG(s) 'example_branch_dop_operator_v3' retrieved from /home/airflow/.local/lib/python3.12/site-packages/airflow/example_dags/example_branch_python_dop_operator_3.py
[2024-06-18T15:33:20.300+0000] {logging_mixin.py:188} INFO - [2024-06-18T15:33:20.299+0000] {dag.py:3096} INFO - Sync 1 DAGs
[2024-06-18T15:33:20.325+0000] {logging_mixin.py:188} INFO - [2024-06-18T15:33:20.324+0000] {dag.py:3954} INFO - Setting next_dagrun for example_branch_dop_operator_v3 to 2024-06-18 15:32:00+00:00, run_after=2024-06-18 15:33:00+00:00
[2024-06-18T15:33:20.345+0000] {processor.py:183} INFO - Processing /home/airflow/.local/lib/python3.12/site-packages/airflow/example_dags/example_branch_python_dop_operator_3.py took 0.086 seconds
[2024-06-18T15:33:51.151+0000] {processor.py:161} INFO - Started process (PID=1456) to work on /home/airflow/.local/lib/python3.12/site-packages/airflow/example_dags/example_branch_python_dop_operator_3.py
[2024-06-18T15:33:51.153+0000] {processor.py:830} INFO - Processing file /home/airflow/.local/lib/python3.12/site-packages/airflow/example_dags/example_branch_python_dop_operator_3.py for tasks to queue
[2024-06-18T15:33:51.155+0000] {logging_mixin.py:188} INFO - [2024-06-18T15:33:51.155+0000] {dagbag.py:545} INFO - Filling up the DagBag from /home/airflow/.local/lib/python3.12/site-packages/airflow/example_dags/example_branch_python_dop_operator_3.py
[2024-06-18T15:33:51.163+0000] {processor.py:840} INFO - DAG(s) 'example_branch_dop_operator_v3' retrieved from /home/airflow/.local/lib/python3.12/site-packages/airflow/example_dags/example_branch_python_dop_operator_3.py
[2024-06-18T15:33:51.188+0000] {logging_mixin.py:188} INFO - [2024-06-18T15:33:51.187+0000] {dag.py:3096} INFO - Sync 1 DAGs
[2024-06-18T15:33:51.221+0000] {logging_mixin.py:188} INFO - [2024-06-18T15:33:51.221+0000] {dag.py:3954} INFO - Setting next_dagrun for example_branch_dop_operator_v3 to 2024-06-18 15:32:00+00:00, run_after=2024-06-18 15:33:00+00:00
[2024-06-18T15:33:51.251+0000] {processor.py:183} INFO - Processing /home/airflow/.local/lib/python3.12/site-packages/airflow/example_dags/example_branch_python_dop_operator_3.py took 0.105 seconds
