[2024-06-21T02:03:21.743+0000] {local_task_job_runner.py:120} INFO - ::group::Pre task execution logs
[2024-06-21T02:03:21.781+0000] {taskinstance.py:2076} INFO - Dependencies all met for dep_context=non-requeueable deps ti=<TaskInstance: gic_main_dag.extract manual__2024-06-21T02:02:38+00:00 [queued]>
[2024-06-21T02:03:21.801+0000] {taskinstance.py:2076} INFO - Dependencies all met for dep_context=requeueable deps ti=<TaskInstance: gic_main_dag.extract manual__2024-06-21T02:02:38+00:00 [queued]>
[2024-06-21T02:03:21.802+0000] {taskinstance.py:2306} INFO - Starting attempt 1 of 2
[2024-06-21T02:03:21.832+0000] {taskinstance.py:2330} INFO - Executing <Task(PythonOperator): extract> on 2024-06-21 02:02:38+00:00
[2024-06-21T02:03:21.847+0000] {warnings.py:112} WARNING - /home/***/.local/lib/python3.12/site-packages/***/task/task_runner/standard_task_runner.py:61: DeprecationWarning: This process (pid=630) is multi-threaded, use of fork() may lead to deadlocks in the child.
  pid = os.fork()

[2024-06-21T02:03:21.849+0000] {standard_task_runner.py:63} INFO - Started process 632 to run task
[2024-06-21T02:03:21.849+0000] {standard_task_runner.py:90} INFO - Running: ['***', 'tasks', 'run', 'gic_main_dag', 'extract', 'manual__2024-06-21T02:02:38+00:00', '--job-id', '199', '--raw', '--subdir', 'DAGS_FOLDER/main_dag.py', '--cfg-path', '/tmp/tmpwngs1cr3']
[2024-06-21T02:03:21.851+0000] {standard_task_runner.py:91} INFO - Job 199: Subtask extract
[2024-06-21T02:03:21.996+0000] {task_command.py:426} INFO - Running <TaskInstance: gic_main_dag.extract manual__2024-06-21T02:02:38+00:00 [running]> on host 39e4faefdcb7
[2024-06-21T02:03:22.117+0000] {taskinstance.py:2648} INFO - Exporting env vars: AIRFLOW_CTX_DAG_EMAIL='***@example.com' AIRFLOW_CTX_DAG_OWNER='***' AIRFLOW_CTX_DAG_ID='gic_main_dag' AIRFLOW_CTX_TASK_ID='extract' AIRFLOW_CTX_EXECUTION_DATE='2024-06-21T02:02:38+00:00' AIRFLOW_CTX_TRY_NUMBER='1' AIRFLOW_CTX_DAG_RUN_ID='manual__2024-06-21T02:02:38+00:00'
[2024-06-21T02:03:22.120+0000] {taskinstance.py:430} INFO - ::endgroup::
[2024-06-21T02:03:22.201+0000] {python.py:237} INFO - Done. Returned value was:                                 filename  ...              hash_uid
0     Applebead.28-02-2023 breakdown.csv  ...  15927552555544992142
1     Applebead.30-04-2023 breakdown.csv  ...   4979438236043376246
2     Applebead.30-06-2023 breakdown.csv  ...   9263042977595081532
3     Applebead.30-09-2022 breakdown.csv  ...  17125742785846751837
4     Applebead.30-11-2022 breakdown.csv  ...   2664908771975239409
..                                   ...  ...                   ...
125  Virtous.08-31-2023 - securities.csv  ...  16976407720206848802
126  Virtous.09-30-2022 - securities.csv  ...   6536799051644928039
127  Virtous.10-31-2022 - securities.csv  ...  13950058484466802736
128  Virtous.11-30-2022 - securities.csv  ...  17425288285421431673
129  Virtous.12-31-2022 - securities.csv  ...   3382210811258892728

[130 rows x 7 columns]
[2024-06-21T02:03:22.232+0000] {taskinstance.py:441} INFO - ::group::Post task execution logs
[2024-06-21T02:03:22.341+0000] {taskinstance.py:1206} INFO - Marking task as SUCCESS. dag_id=gic_main_dag, task_id=extract, run_id=manual__2024-06-21T02:02:38+00:00, execution_date=20240621T020238, start_date=20240621T020321, end_date=20240621T020322
[2024-06-21T02:03:22.391+0000] {local_task_job_runner.py:240} INFO - Task exited with return code 0
[2024-06-21T02:03:22.431+0000] {taskinstance.py:3503} INFO - 1 downstream tasks scheduled from follow-on schedule check
[2024-06-21T02:03:22.433+0000] {local_task_job_runner.py:222} INFO - ::endgroup::
