[2024-06-21T04:10:44.083+0000] {local_task_job_runner.py:120} INFO - ::group::Pre task execution logs
[2024-06-21T04:10:44.236+0000] {taskinstance.py:2076} INFO - Dependencies all met for dep_context=non-requeueable deps ti=<TaskInstance: gic_main_dag.extract manual__2024-06-21T04:10:05+00:00 [queued]>
[2024-06-21T04:10:44.257+0000] {taskinstance.py:2076} INFO - Dependencies all met for dep_context=requeueable deps ti=<TaskInstance: gic_main_dag.extract manual__2024-06-21T04:10:05+00:00 [queued]>
[2024-06-21T04:10:44.259+0000] {taskinstance.py:2306} INFO - Starting attempt 1 of 2
[2024-06-21T04:10:44.288+0000] {taskinstance.py:2330} INFO - Executing <Task(PythonOperator): extract> on 2024-06-21 04:10:05+00:00
[2024-06-21T04:10:44.334+0000] {warnings.py:112} WARNING - /home/***/.local/lib/python3.12/site-packages/***/task/task_runner/standard_task_runner.py:61: DeprecationWarning: This process (pid=2296) is multi-threaded, use of fork() may lead to deadlocks in the child.
  pid = os.fork()

[2024-06-21T04:10:44.336+0000] {standard_task_runner.py:63} INFO - Started process 2298 to run task
[2024-06-21T04:10:44.336+0000] {standard_task_runner.py:90} INFO - Running: ['***', 'tasks', 'run', 'gic_main_dag', 'extract', 'manual__2024-06-21T04:10:05+00:00', '--job-id', '231', '--raw', '--subdir', 'DAGS_FOLDER/main_dag.py', '--cfg-path', '/tmp/tmpi5a7y0s_']
[2024-06-21T04:10:44.340+0000] {standard_task_runner.py:91} INFO - Job 231: Subtask extract
[2024-06-21T04:10:44.428+0000] {task_command.py:426} INFO - Running <TaskInstance: gic_main_dag.extract manual__2024-06-21T04:10:05+00:00 [running]> on host 39e4faefdcb7
[2024-06-21T04:10:44.661+0000] {taskinstance.py:2648} INFO - Exporting env vars: AIRFLOW_CTX_DAG_EMAIL='***@example.com' AIRFLOW_CTX_DAG_OWNER='***' AIRFLOW_CTX_DAG_ID='gic_main_dag' AIRFLOW_CTX_TASK_ID='extract' AIRFLOW_CTX_EXECUTION_DATE='2024-06-21T04:10:05+00:00' AIRFLOW_CTX_TRY_NUMBER='1' AIRFLOW_CTX_DAG_RUN_ID='manual__2024-06-21T04:10:05+00:00'
[2024-06-21T04:10:44.665+0000] {taskinstance.py:430} INFO - ::endgroup::
[2024-06-21T04:10:44.853+0000] {python.py:237} INFO - Done. Returned value was:                                 filename  ...              hash_uid
0     Applebead.28-02-2023 breakdown.csv  ...   7021619326435923636
1     Applebead.30-04-2023 breakdown.csv  ...  17486086926794445692
2     Applebead.30-06-2023 breakdown.csv  ...  12478518763798361942
3     Applebead.30-09-2022 breakdown.csv  ...   4560532342261204899
4     Applebead.30-11-2022 breakdown.csv  ...   4527470139409708183
..                                   ...  ...                   ...
125  Virtous.08-31-2023 - securities.csv  ...  12106678645920186344
126  Virtous.09-30-2022 - securities.csv  ...   1521868620953486401
127  Virtous.10-31-2022 - securities.csv  ...  14918706838485809642
128  Virtous.11-30-2022 - securities.csv  ...   7851337714533478031
129  Virtous.12-31-2022 - securities.csv  ...   1932902369866701106

[130 rows x 7 columns]
[2024-06-21T04:10:44.899+0000] {taskinstance.py:441} INFO - ::group::Post task execution logs
[2024-06-21T04:10:45.203+0000] {taskinstance.py:1206} INFO - Marking task as SUCCESS. dag_id=gic_main_dag, task_id=extract, run_id=manual__2024-06-21T04:10:05+00:00, execution_date=20240621T041005, start_date=20240621T041044, end_date=20240621T041045
[2024-06-21T04:10:45.280+0000] {local_task_job_runner.py:240} INFO - Task exited with return code 0
[2024-06-21T04:10:45.332+0000] {taskinstance.py:3503} INFO - 0 downstream tasks scheduled from follow-on schedule check
[2024-06-21T04:10:45.336+0000] {local_task_job_runner.py:222} INFO - ::endgroup::
