[2024-06-21T06:29:33.204+0000] {local_task_job_runner.py:120} INFO - ::group::Pre task execution logs
[2024-06-21T06:29:33.227+0000] {taskinstance.py:2076} INFO - Dependencies all met for dep_context=non-requeueable deps ti=<TaskInstance: gic_main_dag.transform manual__2024-06-21T06:29:07+00:00 [queued]>
[2024-06-21T06:29:33.235+0000] {taskinstance.py:2076} INFO - Dependencies all met for dep_context=requeueable deps ti=<TaskInstance: gic_main_dag.transform manual__2024-06-21T06:29:07+00:00 [queued]>
[2024-06-21T06:29:33.236+0000] {taskinstance.py:2306} INFO - Starting attempt 1 of 2
[2024-06-21T06:29:33.251+0000] {taskinstance.py:2330} INFO - Executing <Task(PythonOperator): transform> on 2024-06-21 06:29:07+00:00
[2024-06-21T06:29:33.264+0000] {warnings.py:112} WARNING - /home/***/.local/lib/python3.12/site-packages/***/task/task_runner/standard_task_runner.py:61: DeprecationWarning: This process (pid=4029) is multi-threaded, use of fork() may lead to deadlocks in the child.
  pid = os.fork()

[2024-06-21T06:29:33.266+0000] {standard_task_runner.py:63} INFO - Started process 4031 to run task
[2024-06-21T06:29:33.266+0000] {standard_task_runner.py:90} INFO - Running: ['***', 'tasks', 'run', 'gic_main_dag', 'transform', 'manual__2024-06-21T06:29:07+00:00', '--job-id', '251', '--raw', '--subdir', 'DAGS_FOLDER/main_dag.py', '--cfg-path', '/tmp/tmpu5mlil6t']
[2024-06-21T06:29:33.268+0000] {standard_task_runner.py:91} INFO - Job 251: Subtask transform
[2024-06-21T06:29:33.332+0000] {task_command.py:426} INFO - Running <TaskInstance: gic_main_dag.transform manual__2024-06-21T06:29:07+00:00 [running]> on host 39e4faefdcb7
[2024-06-21T06:29:33.424+0000] {taskinstance.py:2648} INFO - Exporting env vars: AIRFLOW_CTX_DAG_EMAIL='***@example.com' AIRFLOW_CTX_DAG_OWNER='***' AIRFLOW_CTX_DAG_ID='gic_main_dag' AIRFLOW_CTX_TASK_ID='transform' AIRFLOW_CTX_EXECUTION_DATE='2024-06-21T06:29:07+00:00' AIRFLOW_CTX_TRY_NUMBER='1' AIRFLOW_CTX_DAG_RUN_ID='manual__2024-06-21T06:29:07+00:00'
[2024-06-21T06:29:33.426+0000] {taskinstance.py:430} INFO - ::endgroup::
[2024-06-21T06:29:33.443+0000] {logging_mixin.py:188} INFO - File No. 0. Initiating load for Applebead, extract date 28-02-2023 /n Filename: /opt/***/data/external-funds/external-funds/Applebead.28-02-2023 breakdown.csv
[2024-06-21T06:29:33.470+0000] {logging_mixin.py:188} INFO - File No. 1. Initiating load for Applebead, extract date 30-04-2023 /n Filename: /opt/***/data/external-funds/external-funds/Applebead.30-04-2023 breakdown.csv
[2024-06-21T06:29:33.488+0000] {logging_mixin.py:188} INFO - File No. 2. Initiating load for Applebead, extract date 30-06-2023 /n Filename: /opt/***/data/external-funds/external-funds/Applebead.30-06-2023 breakdown.csv
[2024-06-21T06:29:33.504+0000] {logging_mixin.py:188} INFO - File No. 3. Initiating load for Applebead, extract date 30-09-2022 /n Filename: /opt/***/data/external-funds/external-funds/Applebead.30-09-2022 breakdown.csv
[2024-06-21T06:29:33.524+0000] {logging_mixin.py:188} INFO - File No. 4. Initiating load for Applebead, extract date 30-11-2022 /n Filename: /opt/***/data/external-funds/external-funds/Applebead.30-11-2022 breakdown.csv
[2024-06-21T06:29:33.540+0000] {logging_mixin.py:188} INFO - File No. 5. Initiating load for Applebead, extract date 31-01-2023 /n Filename: /opt/***/data/external-funds/external-funds/Applebead.31-01-2023 breakdown.csv
[2024-06-21T06:29:33.555+0000] {logging_mixin.py:188} INFO - File No. 6. Initiating load for Applebead, extract date 31-03-2023 /n Filename: /opt/***/data/external-funds/external-funds/Applebead.31-03-2023 breakdown.csv
[2024-06-21T06:29:33.569+0000] {logging_mixin.py:188} INFO - File No. 7. Initiating load for Applebead, extract date 31-05-2023 /n Filename: /opt/***/data/external-funds/external-funds/Applebead.31-05-2023 breakdown.csv
[2024-06-21T06:29:33.584+0000] {logging_mixin.py:188} INFO - File No. 8. Initiating load for Applebead, extract date 31-07-2023 /n Filename: /opt/***/data/external-funds/external-funds/Applebead.31-07-2023 breakdown.csv
[2024-06-21T06:29:33.599+0000] {logging_mixin.py:188} INFO - File No. 9. Initiating load for Applebead, extract date 31-08-2022 /n Filename: /opt/***/data/external-funds/external-funds/Applebead.31-08-2022 breakdown.csv
[2024-06-21T06:29:33.613+0000] {logging_mixin.py:188} INFO - File No. 10. Initiating load for Applebead, extract date 31-08-2023 /n Filename: /opt/***/data/external-funds/external-funds/Applebead.31-08-2023 breakdown.csv
[2024-06-21T06:29:33.629+0000] {logging_mixin.py:188} INFO - File No. 11. Initiating load for Applebead, extract date 31-10-2022 /n Filename: /opt/***/data/external-funds/external-funds/Applebead.31-10-2022 breakdown.csv
[2024-06-21T06:29:33.643+0000] {logging_mixin.py:188} INFO - File No. 12. Initiating load for Applebead, extract date 31-12-2022 /n Filename: /opt/***/data/external-funds/external-funds/Applebead.31-12-2022 breakdown.csv
[2024-06-21T06:29:33.658+0000] {logging_mixin.py:188} INFO - File No. 13. Initiating load for Belaware, extract date 28-02-2023 /n Filename: /opt/***/data/external-funds/external-funds/Belaware.28_02_2023.csv
[2024-06-21T06:29:33.673+0000] {logging_mixin.py:188} INFO - File No. 14. Initiating load for Belaware, extract date 30-04-2023 /n Filename: /opt/***/data/external-funds/external-funds/Belaware.30_04_2023.csv
[2024-06-21T06:29:33.688+0000] {logging_mixin.py:188} INFO - File No. 15. Initiating load for Belaware, extract date 30-06-2023 /n Filename: /opt/***/data/external-funds/external-funds/Belaware.30_06_2023.csv
[2024-06-21T06:29:33.704+0000] {logging_mixin.py:188} INFO - File No. 16. Initiating load for Belaware, extract date 30-09-2022 /n Filename: /opt/***/data/external-funds/external-funds/Belaware.30_09_2022.csv
[2024-06-21T06:29:33.721+0000] {logging_mixin.py:188} INFO - File No. 17. Initiating load for Belaware, extract date 30-11-2022 /n Filename: /opt/***/data/external-funds/external-funds/Belaware.30_11_2022.csv
[2024-06-21T06:29:33.737+0000] {logging_mixin.py:188} INFO - File No. 18. Initiating load for Belaware, extract date 31-01-2023 /n Filename: /opt/***/data/external-funds/external-funds/Belaware.31_01_2023.csv
[2024-06-21T06:29:33.758+0000] {logging_mixin.py:188} INFO - File No. 19. Initiating load for Belaware, extract date 31-03-2023 /n Filename: /opt/***/data/external-funds/external-funds/Belaware.31_03_2023.csv
[2024-06-21T06:29:33.781+0000] {logging_mixin.py:188} INFO - File No. 20. Initiating load for Belaware, extract date 31-05-2023 /n Filename: /opt/***/data/external-funds/external-funds/Belaware.31_05_2023.csv
[2024-06-21T06:29:33.803+0000] {logging_mixin.py:188} INFO - File No. 21. Initiating load for Belaware, extract date 31-07-2023 /n Filename: /opt/***/data/external-funds/external-funds/Belaware.31_07_2023.csv
[2024-06-21T06:29:33.826+0000] {logging_mixin.py:188} INFO - File No. 22. Initiating load for Belaware, extract date 31-08-2022 /n Filename: /opt/***/data/external-funds/external-funds/Belaware.31_08_2022.csv
[2024-06-21T06:29:33.842+0000] {logging_mixin.py:188} INFO - File No. 23. Initiating load for Belaware, extract date 31-08-2023 /n Filename: /opt/***/data/external-funds/external-funds/Belaware.31_08_2023.csv
[2024-06-21T06:29:33.859+0000] {logging_mixin.py:188} INFO - File No. 24. Initiating load for Belaware, extract date 31-10-2022 /n Filename: /opt/***/data/external-funds/external-funds/Belaware.31_10_2022.csv
[2024-06-21T06:29:33.873+0000] {logging_mixin.py:188} INFO - File No. 25. Initiating load for Belaware, extract date 31-12-2022 /n Filename: /opt/***/data/external-funds/external-funds/Belaware.31_12_2022.csv
[2024-06-21T06:29:33.888+0000] {logging_mixin.py:188} INFO - File No. 26. Initiating load for Whitestone, extract date 28-02-2023 /n Filename: /opt/***/data/external-funds/external-funds/Fund Whitestone.28-02-2023 - details.csv
[2024-06-21T06:29:33.909+0000] {logging_mixin.py:188} INFO - File No. 27. Initiating load for Whitestone, extract date 30-04-2023 /n Filename: /opt/***/data/external-funds/external-funds/Fund Whitestone.30-04-2023 - details.csv
[2024-06-21T06:29:33.924+0000] {logging_mixin.py:188} INFO - File No. 28. Initiating load for Whitestone, extract date 30-06-2023 /n Filename: /opt/***/data/external-funds/external-funds/Fund Whitestone.30-06-2023 - details.csv
[2024-06-21T06:29:33.938+0000] {logging_mixin.py:188} INFO - File No. 29. Initiating load for Whitestone, extract date 30-09-2022 /n Filename: /opt/***/data/external-funds/external-funds/Fund Whitestone.30-09-2022 - details.csv
[2024-06-21T06:29:33.951+0000] {logging_mixin.py:188} INFO - File No. 30. Initiating load for Whitestone, extract date 30-11-2022 /n Filename: /opt/***/data/external-funds/external-funds/Fund Whitestone.30-11-2022 - details.csv
[2024-06-21T06:29:33.964+0000] {logging_mixin.py:188} INFO - File No. 31. Initiating load for Whitestone, extract date 31-01-2023 /n Filename: /opt/***/data/external-funds/external-funds/Fund Whitestone.31-01-2023 - details.csv
[2024-06-21T06:29:33.980+0000] {logging_mixin.py:188} INFO - File No. 32. Initiating load for Whitestone, extract date 31-03-2023 /n Filename: /opt/***/data/external-funds/external-funds/Fund Whitestone.31-03-2023 - details.csv
[2024-06-21T06:29:33.993+0000] {logging_mixin.py:188} INFO - File No. 33. Initiating load for Whitestone, extract date 31-05-2023 /n Filename: /opt/***/data/external-funds/external-funds/Fund Whitestone.31-05-2023 - details.csv
[2024-06-21T06:29:34.007+0000] {logging_mixin.py:188} INFO - File No. 34. Initiating load for Whitestone, extract date 31-07-2023 /n Filename: /opt/***/data/external-funds/external-funds/Fund Whitestone.31-07-2023 - details.csv
[2024-06-21T06:29:34.024+0000] {logging_mixin.py:188} INFO - File No. 35. Initiating load for Whitestone, extract date 31-08-2022 /n Filename: /opt/***/data/external-funds/external-funds/Fund Whitestone.31-08-2022 - details.csv
[2024-06-21T06:29:34.038+0000] {logging_mixin.py:188} INFO - File No. 36. Initiating load for Whitestone, extract date 31-08-2023 /n Filename: /opt/***/data/external-funds/external-funds/Fund Whitestone.31-08-2023 - details.csv
[2024-06-21T06:29:34.054+0000] {logging_mixin.py:188} INFO - File No. 37. Initiating load for Whitestone, extract date 31-10-2022 /n Filename: /opt/***/data/external-funds/external-funds/Fund Whitestone.31-10-2022 - details.csv
[2024-06-21T06:29:34.068+0000] {logging_mixin.py:188} INFO - File No. 38. Initiating load for Whitestone, extract date 31-12-2022 /n Filename: /opt/***/data/external-funds/external-funds/Fund Whitestone.31-12-2022 - details.csv
[2024-06-21T06:29:34.083+0000] {logging_mixin.py:188} INFO - File No. 39. Initiating load for Leeder, extract date 01-31-2023 /n Filename: /opt/***/data/external-funds/external-funds/Leeder.01_31_2023.csv
[2024-06-21T06:29:34.101+0000] {logging_mixin.py:188} INFO - File No. 40. Initiating load for Leeder, extract date 02-28-2023 /n Filename: /opt/***/data/external-funds/external-funds/Leeder.02_28_2023.csv
[2024-06-21T06:29:34.116+0000] {logging_mixin.py:188} INFO - File No. 41. Initiating load for Leeder, extract date 03-31-2023 /n Filename: /opt/***/data/external-funds/external-funds/Leeder.03_31_2023.csv
[2024-06-21T06:29:34.130+0000] {logging_mixin.py:188} INFO - File No. 42. Initiating load for Leeder, extract date 04-30-2023 /n Filename: /opt/***/data/external-funds/external-funds/Leeder.04_30_2023.csv
[2024-06-21T06:29:34.145+0000] {logging_mixin.py:188} INFO - File No. 43. Initiating load for Leeder, extract date 05-31-2023 /n Filename: /opt/***/data/external-funds/external-funds/Leeder.05_31_2023.csv
[2024-06-21T06:29:34.161+0000] {logging_mixin.py:188} INFO - File No. 44. Initiating load for Leeder, extract date 06-30-2023 /n Filename: /opt/***/data/external-funds/external-funds/Leeder.06_30_2023.csv
[2024-06-21T06:29:34.177+0000] {logging_mixin.py:188} INFO - File No. 45. Initiating load for Leeder, extract date 07-31-2023 /n Filename: /opt/***/data/external-funds/external-funds/Leeder.07_31_2023.csv
[2024-06-21T06:29:34.192+0000] {logging_mixin.py:188} INFO - File No. 46. Initiating load for Leeder, extract date 08-31-2022 /n Filename: /opt/***/data/external-funds/external-funds/Leeder.08_31_2022.csv
[2024-06-21T06:29:34.207+0000] {logging_mixin.py:188} INFO - File No. 47. Initiating load for Leeder, extract date 08-31-2023 /n Filename: /opt/***/data/external-funds/external-funds/Leeder.08_31_2023.csv
[2024-06-21T06:29:34.222+0000] {logging_mixin.py:188} INFO - File No. 48. Initiating load for Leeder, extract date 09-30-2022 /n Filename: /opt/***/data/external-funds/external-funds/Leeder.09_30_2022.csv
[2024-06-21T06:29:34.237+0000] {logging_mixin.py:188} INFO - File No. 49. Initiating load for Leeder, extract date 10-31-2022 /n Filename: /opt/***/data/external-funds/external-funds/Leeder.10_31_2022.csv
[2024-06-21T06:29:34.253+0000] {logging_mixin.py:188} INFO - File No. 50. Initiating load for Leeder, extract date 11-30-2022 /n Filename: /opt/***/data/external-funds/external-funds/Leeder.11_30_2022.csv
[2024-06-21T06:29:34.267+0000] {logging_mixin.py:188} INFO - File No. 51. Initiating load for Leeder, extract date 12-31-2022 /n Filename: /opt/***/data/external-funds/external-funds/Leeder.12_31_2022.csv
[2024-06-21T06:29:34.281+0000] {logging_mixin.py:188} INFO - File No. 52. Initiating load for Magnum, extract date 28-02-2023 /n Filename: /opt/***/data/external-funds/external-funds/Magnum.28-02-2023.csv
[2024-06-21T06:29:34.297+0000] {logging_mixin.py:188} INFO - File No. 53. Initiating load for Magnum, extract date 30-04-2023 /n Filename: /opt/***/data/external-funds/external-funds/Magnum.30-04-2023.csv
[2024-06-21T06:29:34.311+0000] {logging_mixin.py:188} INFO - File No. 54. Initiating load for Magnum, extract date 30-06-2023 /n Filename: /opt/***/data/external-funds/external-funds/Magnum.30-06-2023.csv
[2024-06-21T06:29:34.327+0000] {logging_mixin.py:188} INFO - File No. 55. Initiating load for Magnum, extract date 30-09-2022 /n Filename: /opt/***/data/external-funds/external-funds/Magnum.30-09-2022.csv
[2024-06-21T06:29:34.342+0000] {logging_mixin.py:188} INFO - File No. 56. Initiating load for Magnum, extract date 30-11-2022 /n Filename: /opt/***/data/external-funds/external-funds/Magnum.30-11-2022.csv
[2024-06-21T06:29:34.359+0000] {logging_mixin.py:188} INFO - File No. 57. Initiating load for Magnum, extract date 31-01-2023 /n Filename: /opt/***/data/external-funds/external-funds/Magnum.31-01-2023.csv
[2024-06-21T06:29:34.374+0000] {logging_mixin.py:188} INFO - File No. 58. Initiating load for Magnum, extract date 31-03-2023 /n Filename: /opt/***/data/external-funds/external-funds/Magnum.31-03-2023.csv
[2024-06-21T06:29:34.389+0000] {logging_mixin.py:188} INFO - File No. 59. Initiating load for Magnum, extract date 31-05-2023 /n Filename: /opt/***/data/external-funds/external-funds/Magnum.31-05-2023.csv
[2024-06-21T06:29:34.404+0000] {logging_mixin.py:188} INFO - File No. 60. Initiating load for Magnum, extract date 31-07-2023 /n Filename: /opt/***/data/external-funds/external-funds/Magnum.31-07-2023.csv
[2024-06-21T06:29:34.420+0000] {logging_mixin.py:188} INFO - File No. 61. Initiating load for Magnum, extract date 31-08-2022 /n Filename: /opt/***/data/external-funds/external-funds/Magnum.31-08-2022.csv
[2024-06-21T06:29:34.434+0000] {logging_mixin.py:188} INFO - File No. 62. Initiating load for Magnum, extract date 31-08-2023 /n Filename: /opt/***/data/external-funds/external-funds/Magnum.31-08-2023.csv
[2024-06-21T06:29:34.447+0000] {logging_mixin.py:188} INFO - File No. 63. Initiating load for Magnum, extract date 31-10-2022 /n Filename: /opt/***/data/external-funds/external-funds/Magnum.31-10-2022.csv
[2024-06-21T06:29:34.461+0000] {logging_mixin.py:188} INFO - File No. 64. Initiating load for Magnum, extract date 31-12-2022 /n Filename: /opt/***/data/external-funds/external-funds/Magnum.31-12-2022.csv
[2024-06-21T06:29:34.476+0000] {logging_mixin.py:188} INFO - File No. 65. Initiating load for Wallington, extract date 28-02-2023 /n Filename: /opt/***/data/external-funds/external-funds/mend-report Wallington.28_02_2023.csv
[2024-06-21T06:29:34.491+0000] {logging_mixin.py:188} INFO - File No. 66. Initiating load for Wallington, extract date 30-04-2023 /n Filename: /opt/***/data/external-funds/external-funds/mend-report Wallington.30_04_2023.csv
[2024-06-21T06:29:34.505+0000] {logging_mixin.py:188} INFO - File No. 67. Initiating load for Wallington, extract date 30-06-2023 /n Filename: /opt/***/data/external-funds/external-funds/mend-report Wallington.30_06_2023.csv
[2024-06-21T06:29:34.519+0000] {logging_mixin.py:188} INFO - File No. 68. Initiating load for Wallington, extract date 30-09-2022 /n Filename: /opt/***/data/external-funds/external-funds/mend-report Wallington.30_09_2022.csv
[2024-06-21T06:29:34.532+0000] {logging_mixin.py:188} INFO - File No. 69. Initiating load for Wallington, extract date 30-11-2022 /n Filename: /opt/***/data/external-funds/external-funds/mend-report Wallington.30_11_2022.csv
[2024-06-21T06:29:34.545+0000] {logging_mixin.py:188} INFO - File No. 70. Initiating load for Wallington, extract date 31-01-2023 /n Filename: /opt/***/data/external-funds/external-funds/mend-report Wallington.31_01_2023.csv
[2024-06-21T06:29:34.559+0000] {logging_mixin.py:188} INFO - File No. 71. Initiating load for Wallington, extract date 31-03-2023 /n Filename: /opt/***/data/external-funds/external-funds/mend-report Wallington.31_03_2023.csv
[2024-06-21T06:29:34.575+0000] {logging_mixin.py:188} INFO - File No. 72. Initiating load for Wallington, extract date 31-05-2023 /n Filename: /opt/***/data/external-funds/external-funds/mend-report Wallington.31_05_2023.csv
[2024-06-21T06:29:34.588+0000] {logging_mixin.py:188} INFO - File No. 73. Initiating load for Wallington, extract date 31-07-2023 /n Filename: /opt/***/data/external-funds/external-funds/mend-report Wallington.31_07_2023.csv
[2024-06-21T06:29:34.603+0000] {logging_mixin.py:188} INFO - File No. 74. Initiating load for Wallington, extract date 31-08-2022 /n Filename: /opt/***/data/external-funds/external-funds/mend-report Wallington.31_08_2022.csv
[2024-06-21T06:29:34.617+0000] {logging_mixin.py:188} INFO - File No. 75. Initiating load for Wallington, extract date 31-08-2023 /n Filename: /opt/***/data/external-funds/external-funds/mend-report Wallington.31_08_2023.csv
[2024-06-21T06:29:34.631+0000] {logging_mixin.py:188} INFO - File No. 76. Initiating load for Wallington, extract date 31-10-2022 /n Filename: /opt/***/data/external-funds/external-funds/mend-report Wallington.31_10_2022.csv
[2024-06-21T06:29:34.645+0000] {logging_mixin.py:188} INFO - File No. 77. Initiating load for Wallington, extract date 31-12-2022 /n Filename: /opt/***/data/external-funds/external-funds/mend-report Wallington.31_12_2022.csv
[2024-06-21T06:29:34.660+0000] {logging_mixin.py:188} INFO - File No. 78. Initiating load for Gohen, extract date 01-31-2023 /n Filename: /opt/***/data/external-funds/external-funds/Report-of-Gohen.01-31-2023.csv
[2024-06-21T06:29:34.676+0000] {logging_mixin.py:188} INFO - File No. 79. Initiating load for Gohen, extract date 02-28-2023 /n Filename: /opt/***/data/external-funds/external-funds/Report-of-Gohen.02-28-2023.csv
[2024-06-21T06:29:34.691+0000] {logging_mixin.py:188} INFO - File No. 80. Initiating load for Gohen, extract date 03-31-2023 /n Filename: /opt/***/data/external-funds/external-funds/Report-of-Gohen.03-31-2023.csv
[2024-06-21T06:29:34.703+0000] {logging_mixin.py:188} INFO - File No. 81. Initiating load for Gohen, extract date 04-30-2023 /n Filename: /opt/***/data/external-funds/external-funds/Report-of-Gohen.04-30-2023.csv
[2024-06-21T06:29:34.718+0000] {logging_mixin.py:188} INFO - File No. 82. Initiating load for Gohen, extract date 05-31-2023 /n Filename: /opt/***/data/external-funds/external-funds/Report-of-Gohen.05-31-2023.csv
[2024-06-21T06:29:34.732+0000] {logging_mixin.py:188} INFO - File No. 83. Initiating load for Gohen, extract date 06-30-2023 /n Filename: /opt/***/data/external-funds/external-funds/Report-of-Gohen.06-30-2023.csv
[2024-06-21T06:29:34.747+0000] {logging_mixin.py:188} INFO - File No. 84. Initiating load for Gohen, extract date 07-31-2023 /n Filename: /opt/***/data/external-funds/external-funds/Report-of-Gohen.07-31-2023.csv
[2024-06-21T06:29:34.761+0000] {logging_mixin.py:188} INFO - File No. 85. Initiating load for Gohen, extract date 08-31-2022 /n Filename: /opt/***/data/external-funds/external-funds/Report-of-Gohen.08-31-2022.csv
[2024-06-21T06:29:34.776+0000] {logging_mixin.py:188} INFO - File No. 86. Initiating load for Gohen, extract date 08-31-2023 /n Filename: /opt/***/data/external-funds/external-funds/Report-of-Gohen.08-31-2023.csv
[2024-06-21T06:29:34.790+0000] {logging_mixin.py:188} INFO - File No. 87. Initiating load for Gohen, extract date 09-30-2022 /n Filename: /opt/***/data/external-funds/external-funds/Report-of-Gohen.09-30-2022.csv
[2024-06-21T06:29:34.804+0000] {logging_mixin.py:188} INFO - File No. 88. Initiating load for Gohen, extract date 10-31-2022 /n Filename: /opt/***/data/external-funds/external-funds/Report-of-Gohen.10-31-2022.csv
[2024-06-21T06:29:34.817+0000] {logging_mixin.py:188} INFO - File No. 89. Initiating load for Gohen, extract date 11-30-2022 /n Filename: /opt/***/data/external-funds/external-funds/Report-of-Gohen.11-30-2022.csv
[2024-06-21T06:29:34.831+0000] {logging_mixin.py:188} INFO - File No. 90. Initiating load for Gohen, extract date 12-31-2022 /n Filename: /opt/***/data/external-funds/external-funds/Report-of-Gohen.12-31-2022.csv
[2024-06-21T06:29:34.847+0000] {logging_mixin.py:188} INFO - File No. 91. Initiating load for Catalysm, extract date 2022-08-31 /n Filename: /opt/***/data/external-funds/external-funds/rpt-Catalysm.2022-08-31.csv
[2024-06-21T06:29:34.860+0000] {logging_mixin.py:188} INFO - File No. 92. Initiating load for Catalysm, extract date 2022-09-30 /n Filename: /opt/***/data/external-funds/external-funds/rpt-Catalysm.2022-09-30.csv
[2024-06-21T06:29:34.874+0000] {logging_mixin.py:188} INFO - File No. 93. Initiating load for Catalysm, extract date 2022-10-31 /n Filename: /opt/***/data/external-funds/external-funds/rpt-Catalysm.2022-10-31.csv
[2024-06-21T06:29:34.895+0000] {logging_mixin.py:188} INFO - File No. 94. Initiating load for Catalysm, extract date 2022-11-30 /n Filename: /opt/***/data/external-funds/external-funds/rpt-Catalysm.2022-11-30.csv
[2024-06-21T06:29:34.916+0000] {logging_mixin.py:188} INFO - File No. 95. Initiating load for Catalysm, extract date 2022-12-31 /n Filename: /opt/***/data/external-funds/external-funds/rpt-Catalysm.2022-12-31.csv
[2024-06-21T06:29:34.937+0000] {logging_mixin.py:188} INFO - File No. 96. Initiating load for Catalysm, extract date 2023-01-31 /n Filename: /opt/***/data/external-funds/external-funds/rpt-Catalysm.2023-01-31.csv
[2024-06-21T06:29:34.952+0000] {logging_mixin.py:188} INFO - File No. 97. Initiating load for Catalysm, extract date 2023-02-28 /n Filename: /opt/***/data/external-funds/external-funds/rpt-Catalysm.2023-02-28.csv
[2024-06-21T06:29:34.966+0000] {logging_mixin.py:188} INFO - File No. 98. Initiating load for Catalysm, extract date 2023-03-31 /n Filename: /opt/***/data/external-funds/external-funds/rpt-Catalysm.2023-03-31.csv
[2024-06-21T06:29:34.984+0000] {logging_mixin.py:188} INFO - File No. 99. Initiating load for Catalysm, extract date 2023-04-30 /n Filename: /opt/***/data/external-funds/external-funds/rpt-Catalysm.2023-04-30.csv
[2024-06-21T06:29:34.998+0000] {logging_mixin.py:188} INFO - File No. 100. Initiating load for Catalysm, extract date 2023-05-31 /n Filename: /opt/***/data/external-funds/external-funds/rpt-Catalysm.2023-05-31.csv
[2024-06-21T06:29:35.012+0000] {logging_mixin.py:188} INFO - File No. 101. Initiating load for Catalysm, extract date 2023-06-30 /n Filename: /opt/***/data/external-funds/external-funds/rpt-Catalysm.2023-06-30.csv
[2024-06-21T06:29:35.026+0000] {logging_mixin.py:188} INFO - File No. 102. Initiating load for Catalysm, extract date 2023-07-31 /n Filename: /opt/***/data/external-funds/external-funds/rpt-Catalysm.2023-07-31.csv
[2024-06-21T06:29:35.041+0000] {logging_mixin.py:188} INFO - File No. 103. Initiating load for Catalysm, extract date 2023-08-31 /n Filename: /opt/***/data/external-funds/external-funds/rpt-Catalysm.2023-08-31.csv
[2024-06-21T06:29:35.055+0000] {logging_mixin.py:188} INFO - File No. 104. Initiating load for Trustmind, extract date 20220831 /n Filename: /opt/***/data/external-funds/external-funds/TT_monthly_Trustmind.20220831.csv
[2024-06-21T06:29:35.069+0000] {logging_mixin.py:188} INFO - File No. 105. Initiating load for Trustmind, extract date 20220930 /n Filename: /opt/***/data/external-funds/external-funds/TT_monthly_Trustmind.20220930.csv
[2024-06-21T06:29:35.084+0000] {logging_mixin.py:188} INFO - File No. 106. Initiating load for Trustmind, extract date 20221031 /n Filename: /opt/***/data/external-funds/external-funds/TT_monthly_Trustmind.20221031.csv
[2024-06-21T06:29:35.098+0000] {logging_mixin.py:188} INFO - File No. 107. Initiating load for Trustmind, extract date 20221130 /n Filename: /opt/***/data/external-funds/external-funds/TT_monthly_Trustmind.20221130.csv
[2024-06-21T06:29:35.114+0000] {logging_mixin.py:188} INFO - File No. 108. Initiating load for Trustmind, extract date 20221231 /n Filename: /opt/***/data/external-funds/external-funds/TT_monthly_Trustmind.20221231.csv
[2024-06-21T06:29:35.129+0000] {logging_mixin.py:188} INFO - File No. 109. Initiating load for Trustmind, extract date 20230131 /n Filename: /opt/***/data/external-funds/external-funds/TT_monthly_Trustmind.20230131.csv
[2024-06-21T06:29:35.145+0000] {logging_mixin.py:188} INFO - File No. 110. Initiating load for Trustmind, extract date 20230228 /n Filename: /opt/***/data/external-funds/external-funds/TT_monthly_Trustmind.20230228.csv
[2024-06-21T06:29:35.160+0000] {logging_mixin.py:188} INFO - File No. 111. Initiating load for Trustmind, extract date 20230331 /n Filename: /opt/***/data/external-funds/external-funds/TT_monthly_Trustmind.20230331.csv
[2024-06-21T06:29:35.178+0000] {logging_mixin.py:188} INFO - File No. 112. Initiating load for Trustmind, extract date 20230430 /n Filename: /opt/***/data/external-funds/external-funds/TT_monthly_Trustmind.20230430.csv
[2024-06-21T06:29:35.193+0000] {logging_mixin.py:188} INFO - File No. 113. Initiating load for Trustmind, extract date 20230531 /n Filename: /opt/***/data/external-funds/external-funds/TT_monthly_Trustmind.20230531.csv
[2024-06-21T06:29:35.212+0000] {logging_mixin.py:188} INFO - File No. 114. Initiating load for Trustmind, extract date 20230630 /n Filename: /opt/***/data/external-funds/external-funds/TT_monthly_Trustmind.20230630.csv
[2024-06-21T06:29:35.225+0000] {logging_mixin.py:188} INFO - File No. 115. Initiating load for Trustmind, extract date 20230731 /n Filename: /opt/***/data/external-funds/external-funds/TT_monthly_Trustmind.20230731.csv
[2024-06-21T06:29:35.239+0000] {logging_mixin.py:188} INFO - File No. 116. Initiating load for Trustmind, extract date 20230831 /n Filename: /opt/***/data/external-funds/external-funds/TT_monthly_Trustmind.20230831.csv
[2024-06-21T06:29:35.253+0000] {logging_mixin.py:188} INFO - File No. 117. Initiating load for Virtous, extract date 01-31-2023 /n Filename: /opt/***/data/external-funds/external-funds/Virtous.01-31-2023 - securities.csv
[2024-06-21T06:29:35.270+0000] {logging_mixin.py:188} INFO - File No. 118. Initiating load for Virtous, extract date 02-28-2023 /n Filename: /opt/***/data/external-funds/external-funds/Virtous.02-28-2023 - securities.csv
[2024-06-21T06:29:35.284+0000] {logging_mixin.py:188} INFO - File No. 119. Initiating load for Virtous, extract date 03-31-2023 /n Filename: /opt/***/data/external-funds/external-funds/Virtous.03-31-2023 - securities.csv
[2024-06-21T06:29:35.300+0000] {logging_mixin.py:188} INFO - File No. 120. Initiating load for Virtous, extract date 04-30-2023 /n Filename: /opt/***/data/external-funds/external-funds/Virtous.04-30-2023 - securities.csv
[2024-06-21T06:29:35.314+0000] {logging_mixin.py:188} INFO - File No. 121. Initiating load for Virtous, extract date 05-31-2023 /n Filename: /opt/***/data/external-funds/external-funds/Virtous.05-31-2023 - securities.csv
[2024-06-21T06:29:35.328+0000] {logging_mixin.py:188} INFO - File No. 122. Initiating load for Virtous, extract date 06-30-2023 /n Filename: /opt/***/data/external-funds/external-funds/Virtous.06-30-2023 - securities.csv
[2024-06-21T06:29:35.344+0000] {logging_mixin.py:188} INFO - File No. 123. Initiating load for Virtous, extract date 07-31-2023 /n Filename: /opt/***/data/external-funds/external-funds/Virtous.07-31-2023 - securities.csv
[2024-06-21T06:29:35.358+0000] {logging_mixin.py:188} INFO - File No. 124. Initiating load for Virtous, extract date 08-31-2022 /n Filename: /opt/***/data/external-funds/external-funds/Virtous.08-31-2022 - securities.csv
[2024-06-21T06:29:35.371+0000] {logging_mixin.py:188} INFO - File No. 125. Initiating load for Virtous, extract date 08-31-2023 /n Filename: /opt/***/data/external-funds/external-funds/Virtous.08-31-2023 - securities.csv
[2024-06-21T06:29:35.385+0000] {logging_mixin.py:188} INFO - File No. 126. Initiating load for Virtous, extract date 09-30-2022 /n Filename: /opt/***/data/external-funds/external-funds/Virtous.09-30-2022 - securities.csv
[2024-06-21T06:29:35.398+0000] {logging_mixin.py:188} INFO - File No. 127. Initiating load for Virtous, extract date 10-31-2022 /n Filename: /opt/***/data/external-funds/external-funds/Virtous.10-31-2022 - securities.csv
[2024-06-21T06:29:35.422+0000] {logging_mixin.py:188} INFO - File No. 128. Initiating load for Virtous, extract date 11-30-2022 /n Filename: /opt/***/data/external-funds/external-funds/Virtous.11-30-2022 - securities.csv
[2024-06-21T06:29:35.442+0000] {logging_mixin.py:188} INFO - File No. 129. Initiating load for Virtous, extract date 12-31-2022 /n Filename: /opt/***/data/external-funds/external-funds/Virtous.12-31-2022 - securities.csv
[2024-06-21T06:29:35.604+0000] {python.py:237} INFO - Done. Returned value was: (     financial_type        symbol  ...             hash_uid          isin
0          Equities           TJX  ...  1866651733322347112           NaN
1          Equities           SYY  ...  1866651733322347112           NaN
2          Equities           PNR  ...  1866651733322347112           NaN
3          Equities           AXP  ...  1866651733322347112           NaN
4          Equities           COP  ...  1866651733322347112           NaN
..              ...           ...  ...                  ...           ...
66  Government Bond  GB00BN65R313  ...  9049873714778686918  GB00BN65R313
67  Government Bond  CA135087K940  ...  9049873714778686918  CA135087K940
68  Government Bond  US912828Z377  ...  9049873714778686918  US912828Z377
69  Government Bond  CND100047QT4  ...  9049873714778686918  CND100047QT4
70             CASH       USDCURR  ...  9049873714778686918           NaN

[10309 rows x 12 columns], '/opt/***/data/output/landing_file_1718951335456540000.csv')
[2024-06-21T06:29:35.627+0000] {taskinstance.py:441} INFO - ::group::Post task execution logs
[2024-06-21T06:29:35.744+0000] {taskinstance.py:1206} INFO - Marking task as SUCCESS. dag_id=gic_main_dag, task_id=transform, run_id=manual__2024-06-21T06:29:07+00:00, execution_date=20240621T062907, start_date=20240621T062933, end_date=20240621T062935
[2024-06-21T06:29:35.772+0000] {local_task_job_runner.py:240} INFO - Task exited with return code 0
[2024-06-21T06:29:35.794+0000] {taskinstance.py:3503} INFO - 1 downstream tasks scheduled from follow-on schedule check
[2024-06-21T06:29:35.797+0000] {local_task_job_runner.py:222} INFO - ::endgroup::
