[2024-06-21T06:34:03.683+0000] {local_task_job_runner.py:120} INFO - ::group::Pre task execution logs
[2024-06-21T06:34:03.742+0000] {taskinstance.py:2076} INFO - Dependencies all met for dep_context=non-requeueable deps ti=<TaskInstance: gic_main_dag.extract manual__2024-06-21T06:33:41+00:00 [queued]>
[2024-06-21T06:34:03.762+0000] {taskinstance.py:2076} INFO - Dependencies all met for dep_context=requeueable deps ti=<TaskInstance: gic_main_dag.extract manual__2024-06-21T06:33:41+00:00 [queued]>
[2024-06-21T06:34:03.764+0000] {taskinstance.py:2306} INFO - Starting attempt 1 of 2
[2024-06-21T06:34:03.793+0000] {taskinstance.py:2330} INFO - Executing <Task(PythonOperator): extract> on 2024-06-21 06:33:41+00:00
[2024-06-21T06:34:03.805+0000] {warnings.py:112} WARNING - /home/***/.local/lib/python3.12/site-packages/***/task/task_runner/standard_task_runner.py:61: DeprecationWarning: This process (pid=4102) is multi-threaded, use of fork() may lead to deadlocks in the child.
  pid = os.fork()

[2024-06-21T06:34:03.807+0000] {standard_task_runner.py:63} INFO - Started process 4104 to run task
[2024-06-21T06:34:03.807+0000] {standard_task_runner.py:90} INFO - Running: ['***', 'tasks', 'run', 'gic_main_dag', 'extract', 'manual__2024-06-21T06:33:41+00:00', '--job-id', '255', '--raw', '--subdir', 'DAGS_FOLDER/main_dag.py', '--cfg-path', '/tmp/tmpr6hwqx92']
[2024-06-21T06:34:03.809+0000] {standard_task_runner.py:91} INFO - Job 255: Subtask extract
[2024-06-21T06:34:03.855+0000] {task_command.py:426} INFO - Running <TaskInstance: gic_main_dag.extract manual__2024-06-21T06:33:41+00:00 [running]> on host 39e4faefdcb7
[2024-06-21T06:34:03.945+0000] {taskinstance.py:2648} INFO - Exporting env vars: AIRFLOW_CTX_DAG_EMAIL='***@example.com' AIRFLOW_CTX_DAG_OWNER='***' AIRFLOW_CTX_DAG_ID='gic_main_dag' AIRFLOW_CTX_TASK_ID='extract' AIRFLOW_CTX_EXECUTION_DATE='2024-06-21T06:33:41+00:00' AIRFLOW_CTX_TRY_NUMBER='1' AIRFLOW_CTX_DAG_RUN_ID='manual__2024-06-21T06:33:41+00:00'
[2024-06-21T06:34:03.947+0000] {taskinstance.py:430} INFO - ::endgroup::
[2024-06-21T06:34:04.024+0000] {python.py:237} INFO - Done. Returned value was:                                 filename  ...              hash_uid
0     Applebead.28-02-2023 breakdown.csv  ...   6111859956073953656
1     Applebead.30-04-2023 breakdown.csv  ...   5042057093756470872
2     Applebead.30-06-2023 breakdown.csv  ...  10818379266103601770
3     Applebead.30-09-2022 breakdown.csv  ...   3016800261315366591
4     Applebead.30-11-2022 breakdown.csv  ...   5811349312492622475
..                                   ...  ...                   ...
125  Virtous.08-31-2023 - securities.csv  ...  10266242546745458404
126  Virtous.09-30-2022 - securities.csv  ...   2444014502019815141
127  Virtous.10-31-2022 - securities.csv  ...   6640835605403563966
128  Virtous.11-30-2022 - securities.csv  ...  18421117442167685859
129  Virtous.12-31-2022 - securities.csv  ...  15413856088936762294

[130 rows x 7 columns]
[2024-06-21T06:34:04.056+0000] {taskinstance.py:441} INFO - ::group::Post task execution logs
[2024-06-21T06:34:04.183+0000] {taskinstance.py:1206} INFO - Marking task as SUCCESS. dag_id=gic_main_dag, task_id=extract, run_id=manual__2024-06-21T06:33:41+00:00, execution_date=20240621T063341, start_date=20240621T063403, end_date=20240621T063404
[2024-06-21T06:34:04.223+0000] {local_task_job_runner.py:240} INFO - Task exited with return code 0
[2024-06-21T06:34:04.255+0000] {taskinstance.py:3503} INFO - 0 downstream tasks scheduled from follow-on schedule check
[2024-06-21T06:34:04.259+0000] {local_task_job_runner.py:222} INFO - ::endgroup::
