[2024-06-21T03:11:08.715+0000] {local_task_job_runner.py:120} INFO - ::group::Pre task execution logs
[2024-06-21T03:11:08.749+0000] {taskinstance.py:2076} INFO - Dependencies all met for dep_context=non-requeueable deps ti=<TaskInstance: gic_main_dag.extract manual__2024-06-21T03:10:34+00:00 [queued]>
[2024-06-21T03:11:08.764+0000] {taskinstance.py:2076} INFO - Dependencies all met for dep_context=requeueable deps ti=<TaskInstance: gic_main_dag.extract manual__2024-06-21T03:10:34+00:00 [queued]>
[2024-06-21T03:11:08.765+0000] {taskinstance.py:2306} INFO - Starting attempt 1 of 2
[2024-06-21T03:11:08.790+0000] {taskinstance.py:2330} INFO - Executing <Task(PythonOperator): extract> on 2024-06-21 03:10:34+00:00
[2024-06-21T03:11:08.800+0000] {warnings.py:112} WARNING - /home/***/.local/lib/python3.12/site-packages/***/task/task_runner/standard_task_runner.py:61: DeprecationWarning: This process (pid=1460) is multi-threaded, use of fork() may lead to deadlocks in the child.
  pid = os.fork()

[2024-06-21T03:11:08.803+0000] {standard_task_runner.py:63} INFO - Started process 1469 to run task
[2024-06-21T03:11:08.803+0000] {standard_task_runner.py:90} INFO - Running: ['***', 'tasks', 'run', 'gic_main_dag', 'extract', 'manual__2024-06-21T03:10:34+00:00', '--job-id', '208', '--raw', '--subdir', 'DAGS_FOLDER/main_dag.py', '--cfg-path', '/tmp/tmp5x8_uumq']
[2024-06-21T03:11:08.805+0000] {standard_task_runner.py:91} INFO - Job 208: Subtask extract
[2024-06-21T03:11:08.863+0000] {task_command.py:426} INFO - Running <TaskInstance: gic_main_dag.extract manual__2024-06-21T03:10:34+00:00 [running]> on host 39e4faefdcb7
[2024-06-21T03:11:08.971+0000] {taskinstance.py:2648} INFO - Exporting env vars: AIRFLOW_CTX_DAG_EMAIL='***@example.com' AIRFLOW_CTX_DAG_OWNER='***' AIRFLOW_CTX_DAG_ID='gic_main_dag' AIRFLOW_CTX_TASK_ID='extract' AIRFLOW_CTX_EXECUTION_DATE='2024-06-21T03:10:34+00:00' AIRFLOW_CTX_TRY_NUMBER='1' AIRFLOW_CTX_DAG_RUN_ID='manual__2024-06-21T03:10:34+00:00'
[2024-06-21T03:11:08.974+0000] {taskinstance.py:430} INFO - ::endgroup::
[2024-06-21T03:11:09.106+0000] {python.py:237} INFO - Done. Returned value was:                                 filename  ...              hash_uid
0     Applebead.28-02-2023 breakdown.csv  ...    452205935595111387
1     Applebead.30-04-2023 breakdown.csv  ...  18304069973760460891
2     Applebead.30-06-2023 breakdown.csv  ...   8232293037445984029
3     Applebead.30-09-2022 breakdown.csv  ...   5347719291814260348
4     Applebead.30-11-2022 breakdown.csv  ...   2356730675276665744
..                                   ...  ...                   ...
125  Virtous.08-31-2023 - securities.csv  ...   2754919047411609487
126  Virtous.09-30-2022 - securities.csv  ...  14687033403277309314
127  Virtous.10-31-2022 - securities.csv  ...  16330440585969738449
128  Virtous.11-30-2022 - securities.csv  ...   6640400858348841096
129  Virtous.12-31-2022 - securities.csv  ...   7791500709709158521

[130 rows x 7 columns]
[2024-06-21T03:11:09.161+0000] {taskinstance.py:441} INFO - ::group::Post task execution logs
[2024-06-21T03:11:09.358+0000] {taskinstance.py:1206} INFO - Marking task as SUCCESS. dag_id=gic_main_dag, task_id=extract, run_id=manual__2024-06-21T03:10:34+00:00, execution_date=20240621T031034, start_date=20240621T031108, end_date=20240621T031109
[2024-06-21T03:11:09.421+0000] {local_task_job_runner.py:240} INFO - Task exited with return code 0
[2024-06-21T03:11:09.451+0000] {taskinstance.py:3503} INFO - 1 downstream tasks scheduled from follow-on schedule check
[2024-06-21T03:11:09.454+0000] {local_task_job_runner.py:222} INFO - ::endgroup::
